2025-08-11 10:18:17,501 INFO  org.apache.flink.runtime.taskexecutor.TaskManagerRunner      [] - --------------------------------------------------------------------------------
2025-08-11 10:18:17,503 INFO  org.apache.flink.runtime.taskexecutor.TaskManagerRunner      [] -  Preconfiguration: 
2025-08-11 10:18:17,503 INFO  org.apache.flink.runtime.taskexecutor.TaskManagerRunner      [] - 


RESOURCE_PARAMS extraction logs:
jvm_params: -Xmx1664299798 -Xms1664299798 -XX:MaxDirectMemorySize=493921243 -XX:MaxMetaspaceSize=268435456
dynamic_configs: -D taskmanager.memory.network.min=359703515b -D taskmanager.cpu.cores=4.0 -D taskmanager.memory.task.off-heap.size=0b -D taskmanager.memory.jvm-metaspace.size=268435456b -D external-resources=none -D taskmanager.memory.jvm-overhead.min=429496736b -D taskmanager.memory.framework.off-heap.size=134217728b -D taskmanager.memory.network.max=359703515b -D taskmanager.memory.framework.heap.size=134217728b -D taskmanager.memory.managed.size=1438814063b -D taskmanager.memory.task.heap.size=1530082070b -D taskmanager.numberOfTaskSlots=4 -D taskmanager.memory.jvm-overhead.max=429496736b
logs: WARNING: sun.reflect.Reflection.getCallerClass is not supported. This will impact performance.
INFO  [] - Loading configuration property: taskmanager.memory.process.size, 4096m
INFO  [] - Loading configuration property: env.java.opts.jobmanager, -Dfile.encoding=UTF-8 -Dsun.jnu.encoding=UTF-8
INFO  [] - Loading configuration property: taskmanager.bind-host, localhost
INFO  [] - Loading configuration property: env.java.opts, -Dfile.encoding=UTF-8 -Dsun.jnu.encoding=UTF-8
INFO  [] - Loading configuration property: jobmanager.rpc.address, localhost
INFO  [] - Loading configuration property: jobmanager.memory.process.size, 2048m
INFO  [] - Loading configuration property: jobmanager.rpc.port, 6123
INFO  [] - Loading configuration property: rest.bind-address, 0.0.0.0
INFO  [] - Loading configuration property: rest.port, 8081
INFO  [] - Loading configuration property: execution.checkpointing.interval, 30s
INFO  [] - Loading configuration property: jobmanager.bind-host, localhost
INFO  [] - Loading configuration property: parallelism.default, 1
INFO  [] - Loading configuration property: taskmanager.numberOfTaskSlots, 4
INFO  [] - Loading configuration property: taskmanager.memory.managed.fraction, 0.4
INFO  [] - Loading configuration property: rest.address, 0.0.0.0
INFO  [] - Loading configuration property: cluster.evenly-spread-out-slots, true
INFO  [] - Loading configuration property: state.backend, filesystem
INFO  [] - Loading configuration property: execution.checkpointing.min-pause, 5s
INFO  [] - Loading configuration property: jobmanager.memory.jvm-metaspace.size, 256m
INFO  [] - Loading configuration property: env.java.opts.taskmanager, -Dfile.encoding=UTF-8 -Dsun.jnu.encoding=UTF-8
INFO  [] - Loading configuration property: state.checkpoints.dir, file:///workspace/logs/flink-checkpoints
INFO  [] - Final TaskExecutor Memory configuration:
INFO  [] -   Total Process Memory:          4.000gb (4294967296 bytes)
INFO  [] -     Total Flink Memory:          3.350gb (3597035104 bytes)
INFO  [] -       Total JVM Heap Memory:     1.550gb (1664299798 bytes)
INFO  [] -         Framework:               128.000mb (134217728 bytes)
INFO  [] -         Task:                    1.425gb (1530082070 bytes)
INFO  [] -       Total Off-heap Memory:     1.800gb (1932735306 bytes)
INFO  [] -         Managed:                 1.340gb (1438814063 bytes)
INFO  [] -         Total JVM Direct Memory: 471.040mb (493921243 bytes)
INFO  [] -           Framework:             128.000mb (134217728 bytes)
INFO  [] -           Task:                  0 bytes
INFO  [] -           Network:               343.040mb (359703515 bytes)
INFO  [] -     JVM Metaspace:               256.000mb (268435456 bytes)
INFO  [] -     JVM Overhead:                409.600mb (429496736 bytes)

2025-08-11 10:18:17,503 INFO  org.apache.flink.runtime.taskexecutor.TaskManagerRunner      [] - --------------------------------------------------------------------------------
2025-08-11 10:18:17,503 INFO  org.apache.flink.runtime.taskexecutor.TaskManagerRunner      [] -  Starting TaskManager (Version: 1.17.0, Scala: 2.12, Rev:69ecda0, Date:2023-03-17T10:30:06+01:00)
2025-08-11 10:18:17,504 INFO  org.apache.flink.runtime.taskexecutor.TaskManagerRunner      [] -  OS current user: root
2025-08-11 10:18:17,504 INFO  org.apache.flink.runtime.taskexecutor.TaskManagerRunner      [] -  Current Hadoop/Kerberos user: <no hadoop dependency found>
2025-08-11 10:18:17,504 INFO  org.apache.flink.runtime.taskexecutor.TaskManagerRunner      [] -  JVM: OpenJDK 64-Bit Server VM - Ubuntu - 11/11.0.28+6-post-Ubuntu-1ubuntu122.04.1
2025-08-11 10:18:17,504 INFO  org.apache.flink.runtime.taskexecutor.TaskManagerRunner      [] -  Arch: amd64
2025-08-11 10:18:17,504 INFO  org.apache.flink.runtime.taskexecutor.TaskManagerRunner      [] -  Maximum heap size: 1588 MiBytes
2025-08-11 10:18:17,504 INFO  org.apache.flink.runtime.taskexecutor.TaskManagerRunner      [] -  JAVA_HOME: /usr/lib/jvm/java-11-openjdk-amd64
2025-08-11 10:18:17,504 INFO  org.apache.flink.runtime.taskexecutor.TaskManagerRunner      [] -  No Hadoop Dependency available
2025-08-11 10:18:17,504 INFO  org.apache.flink.runtime.taskexecutor.TaskManagerRunner      [] -  JVM Options:
2025-08-11 10:18:17,504 INFO  org.apache.flink.runtime.taskexecutor.TaskManagerRunner      [] -     -Xmx1664299798
2025-08-11 10:18:17,504 INFO  org.apache.flink.runtime.taskexecutor.TaskManagerRunner      [] -     -Xms1664299798
2025-08-11 10:18:17,504 INFO  org.apache.flink.runtime.taskexecutor.TaskManagerRunner      [] -     -XX:MaxDirectMemorySize=493921243
2025-08-11 10:18:17,504 INFO  org.apache.flink.runtime.taskexecutor.TaskManagerRunner      [] -     -XX:MaxMetaspaceSize=268435456
2025-08-11 10:18:17,504 INFO  org.apache.flink.runtime.taskexecutor.TaskManagerRunner      [] -     -Dfile.encoding=UTF-8
2025-08-11 10:18:17,504 INFO  org.apache.flink.runtime.taskexecutor.TaskManagerRunner      [] -     -Dsun.jnu.encoding=UTF-8
2025-08-11 10:18:17,504 INFO  org.apache.flink.runtime.taskexecutor.TaskManagerRunner      [] -     -Dfile.encoding=UTF-8
2025-08-11 10:18:17,504 INFO  org.apache.flink.runtime.taskexecutor.TaskManagerRunner      [] -     -Dsun.jnu.encoding=UTF-8
2025-08-11 10:18:17,505 INFO  org.apache.flink.runtime.taskexecutor.TaskManagerRunner      [] -     -Dlog.file=/workspace/flink-setup/flink/log/flink--taskexecutor-0-gpu02.log
2025-08-11 10:18:17,505 INFO  org.apache.flink.runtime.taskexecutor.TaskManagerRunner      [] -     -Dlog4j.configuration=file:/workspace/flink-setup/flink/conf/log4j.properties
2025-08-11 10:18:17,505 INFO  org.apache.flink.runtime.taskexecutor.TaskManagerRunner      [] -     -Dlog4j.configurationFile=file:/workspace/flink-setup/flink/conf/log4j.properties
2025-08-11 10:18:17,505 INFO  org.apache.flink.runtime.taskexecutor.TaskManagerRunner      [] -     -Dlogback.configurationFile=file:/workspace/flink-setup/flink/conf/logback.xml
2025-08-11 10:18:17,505 INFO  org.apache.flink.runtime.taskexecutor.TaskManagerRunner      [] -  Program Arguments:
2025-08-11 10:18:17,506 INFO  org.apache.flink.runtime.taskexecutor.TaskManagerRunner      [] -     --configDir
2025-08-11 10:18:17,506 INFO  org.apache.flink.runtime.taskexecutor.TaskManagerRunner      [] -     /workspace/flink-setup/flink/conf
2025-08-11 10:18:17,506 INFO  org.apache.flink.runtime.taskexecutor.TaskManagerRunner      [] -     -D
2025-08-11 10:18:17,506 INFO  org.apache.flink.runtime.taskexecutor.TaskManagerRunner      [] -     taskmanager.memory.network.min=359703515b
2025-08-11 10:18:17,506 INFO  org.apache.flink.runtime.taskexecutor.TaskManagerRunner      [] -     -D
2025-08-11 10:18:17,506 INFO  org.apache.flink.runtime.taskexecutor.TaskManagerRunner      [] -     taskmanager.cpu.cores=4.0
2025-08-11 10:18:17,506 INFO  org.apache.flink.runtime.taskexecutor.TaskManagerRunner      [] -     -D
2025-08-11 10:18:17,506 INFO  org.apache.flink.runtime.taskexecutor.TaskManagerRunner      [] -     taskmanager.memory.task.off-heap.size=0b
2025-08-11 10:18:17,507 INFO  org.apache.flink.runtime.taskexecutor.TaskManagerRunner      [] -     -D
2025-08-11 10:18:17,507 INFO  org.apache.flink.runtime.taskexecutor.TaskManagerRunner      [] -     taskmanager.memory.jvm-metaspace.size=268435456b
2025-08-11 10:18:17,507 INFO  org.apache.flink.runtime.taskexecutor.TaskManagerRunner      [] -     -D
2025-08-11 10:18:17,507 INFO  org.apache.flink.runtime.taskexecutor.TaskManagerRunner      [] -     external-resources=none
2025-08-11 10:18:17,507 INFO  org.apache.flink.runtime.taskexecutor.TaskManagerRunner      [] -     -D
2025-08-11 10:18:17,507 INFO  org.apache.flink.runtime.taskexecutor.TaskManagerRunner      [] -     taskmanager.memory.jvm-overhead.min=429496736b
2025-08-11 10:18:17,507 INFO  org.apache.flink.runtime.taskexecutor.TaskManagerRunner      [] -     -D
2025-08-11 10:18:17,507 INFO  org.apache.flink.runtime.taskexecutor.TaskManagerRunner      [] -     taskmanager.memory.framework.off-heap.size=134217728b
2025-08-11 10:18:17,507 INFO  org.apache.flink.runtime.taskexecutor.TaskManagerRunner      [] -     -D
2025-08-11 10:18:17,507 INFO  org.apache.flink.runtime.taskexecutor.TaskManagerRunner      [] -     taskmanager.memory.network.max=359703515b
2025-08-11 10:18:17,507 INFO  org.apache.flink.runtime.taskexecutor.TaskManagerRunner      [] -     -D
2025-08-11 10:18:17,507 INFO  org.apache.flink.runtime.taskexecutor.TaskManagerRunner      [] -     taskmanager.memory.framework.heap.size=134217728b
2025-08-11 10:18:17,507 INFO  org.apache.flink.runtime.taskexecutor.TaskManagerRunner      [] -     -D
2025-08-11 10:18:17,507 INFO  org.apache.flink.runtime.taskexecutor.TaskManagerRunner      [] -     taskmanager.memory.managed.size=1438814063b
2025-08-11 10:18:17,507 INFO  org.apache.flink.runtime.taskexecutor.TaskManagerRunner      [] -     -D
2025-08-11 10:18:17,507 INFO  org.apache.flink.runtime.taskexecutor.TaskManagerRunner      [] -     taskmanager.memory.task.heap.size=1530082070b
2025-08-11 10:18:17,508 INFO  org.apache.flink.runtime.taskexecutor.TaskManagerRunner      [] -     -D
2025-08-11 10:18:17,508 INFO  org.apache.flink.runtime.taskexecutor.TaskManagerRunner      [] -     taskmanager.numberOfTaskSlots=4
2025-08-11 10:18:17,508 INFO  org.apache.flink.runtime.taskexecutor.TaskManagerRunner      [] -     -D
2025-08-11 10:18:17,508 INFO  org.apache.flink.runtime.taskexecutor.TaskManagerRunner      [] -     taskmanager.memory.jvm-overhead.max=429496736b
2025-08-11 10:18:17,508 INFO  org.apache.flink.runtime.taskexecutor.TaskManagerRunner      [] -  Classpath: /workspace/flink-setup/flink/lib/flink-cep-1.17.0.jar:/workspace/flink-setup/flink/lib/flink-connector-files-1.17.0.jar:/workspace/flink-setup/flink/lib/flink-csv-1.17.0.jar:/workspace/flink-setup/flink/lib/flink-json-1.17.0.jar:/workspace/flink-setup/flink/lib/flink-scala_2.12-1.17.0.jar:/workspace/flink-setup/flink/lib/flink-table-api-java-uber-1.17.0.jar:/workspace/flink-setup/flink/lib/flink-table-planner-loader-1.17.0.jar:/workspace/flink-setup/flink/lib/flink-table-runtime-1.17.0.jar:/workspace/flink-setup/flink/lib/log4j-1.2-api-2.17.1.jar:/workspace/flink-setup/flink/lib/log4j-api-2.17.1.jar:/workspace/flink-setup/flink/lib/log4j-core-2.17.1.jar:/workspace/flink-setup/flink/lib/log4j-slf4j-impl-2.17.1.jar:/workspace/flink-setup/flink/lib/flink-dist-1.17.0.jar::::
2025-08-11 10:18:17,508 INFO  org.apache.flink.runtime.taskexecutor.TaskManagerRunner      [] - --------------------------------------------------------------------------------
2025-08-11 10:18:17,509 INFO  org.apache.flink.runtime.taskexecutor.TaskManagerRunner      [] - Registered UNIX signal handlers for [TERM, HUP, INT]
2025-08-11 10:18:17,512 INFO  org.apache.flink.runtime.taskexecutor.TaskManagerRunner      [] - Maximum number of open file descriptors is 1048576.
2025-08-11 10:18:17,519 INFO  org.apache.flink.configuration.GlobalConfiguration           [] - Loading configuration property: taskmanager.memory.process.size, 4096m
2025-08-11 10:18:17,519 INFO  org.apache.flink.configuration.GlobalConfiguration           [] - Loading configuration property: env.java.opts.jobmanager, -Dfile.encoding=UTF-8 -Dsun.jnu.encoding=UTF-8
2025-08-11 10:18:17,519 INFO  org.apache.flink.configuration.GlobalConfiguration           [] - Loading configuration property: taskmanager.bind-host, localhost
2025-08-11 10:18:17,519 INFO  org.apache.flink.configuration.GlobalConfiguration           [] - Loading configuration property: env.java.opts, -Dfile.encoding=UTF-8 -Dsun.jnu.encoding=UTF-8
2025-08-11 10:18:17,519 INFO  org.apache.flink.configuration.GlobalConfiguration           [] - Loading configuration property: jobmanager.rpc.address, localhost
2025-08-11 10:18:17,520 INFO  org.apache.flink.configuration.GlobalConfiguration           [] - Loading configuration property: jobmanager.memory.process.size, 2048m
2025-08-11 10:18:17,520 INFO  org.apache.flink.configuration.GlobalConfiguration           [] - Loading configuration property: jobmanager.rpc.port, 6123
2025-08-11 10:18:17,520 INFO  org.apache.flink.configuration.GlobalConfiguration           [] - Loading configuration property: rest.bind-address, 0.0.0.0
2025-08-11 10:18:17,520 INFO  org.apache.flink.configuration.GlobalConfiguration           [] - Loading configuration property: rest.port, 8081
2025-08-11 10:18:17,520 INFO  org.apache.flink.configuration.GlobalConfiguration           [] - Loading configuration property: execution.checkpointing.interval, 30s
2025-08-11 10:18:17,520 INFO  org.apache.flink.configuration.GlobalConfiguration           [] - Loading configuration property: jobmanager.bind-host, localhost
2025-08-11 10:18:17,521 INFO  org.apache.flink.configuration.GlobalConfiguration           [] - Loading configuration property: parallelism.default, 1
2025-08-11 10:18:17,521 INFO  org.apache.flink.configuration.GlobalConfiguration           [] - Loading configuration property: taskmanager.numberOfTaskSlots, 4
2025-08-11 10:18:17,521 INFO  org.apache.flink.configuration.GlobalConfiguration           [] - Loading configuration property: taskmanager.memory.managed.fraction, 0.4
2025-08-11 10:18:17,521 INFO  org.apache.flink.configuration.GlobalConfiguration           [] - Loading configuration property: rest.address, 0.0.0.0
2025-08-11 10:18:17,521 INFO  org.apache.flink.configuration.GlobalConfiguration           [] - Loading configuration property: cluster.evenly-spread-out-slots, true
2025-08-11 10:18:17,521 INFO  org.apache.flink.configuration.GlobalConfiguration           [] - Loading configuration property: state.backend, filesystem
2025-08-11 10:18:17,521 INFO  org.apache.flink.configuration.GlobalConfiguration           [] - Loading configuration property: execution.checkpointing.min-pause, 5s
2025-08-11 10:18:17,521 INFO  org.apache.flink.configuration.GlobalConfiguration           [] - Loading configuration property: jobmanager.memory.jvm-metaspace.size, 256m
2025-08-11 10:18:17,521 INFO  org.apache.flink.configuration.GlobalConfiguration           [] - Loading configuration property: env.java.opts.taskmanager, -Dfile.encoding=UTF-8 -Dsun.jnu.encoding=UTF-8
2025-08-11 10:18:17,521 INFO  org.apache.flink.configuration.GlobalConfiguration           [] - Loading configuration property: state.checkpoints.dir, file:///workspace/logs/flink-checkpoints
2025-08-11 10:18:17,521 INFO  org.apache.flink.configuration.GlobalConfiguration           [] - Loading dynamic configuration property: taskmanager.memory.network.min, 359703515b
2025-08-11 10:18:17,521 INFO  org.apache.flink.configuration.GlobalConfiguration           [] - Loading dynamic configuration property: taskmanager.memory.jvm-metaspace.size, 268435456b
2025-08-11 10:18:17,521 INFO  org.apache.flink.configuration.GlobalConfiguration           [] - Loading dynamic configuration property: taskmanager.memory.task.off-heap.size, 0b
2025-08-11 10:18:17,521 INFO  org.apache.flink.configuration.GlobalConfiguration           [] - Loading dynamic configuration property: taskmanager.cpu.cores, 4.0
2025-08-11 10:18:17,521 INFO  org.apache.flink.configuration.GlobalConfiguration           [] - Loading dynamic configuration property: external-resources, none
2025-08-11 10:18:17,522 INFO  org.apache.flink.configuration.GlobalConfiguration           [] - Loading dynamic configuration property: taskmanager.memory.jvm-overhead.min, 429496736b
2025-08-11 10:18:17,522 INFO  org.apache.flink.configuration.GlobalConfiguration           [] - Loading dynamic configuration property: taskmanager.memory.framework.off-heap.size, 134217728b
2025-08-11 10:18:17,522 INFO  org.apache.flink.configuration.GlobalConfiguration           [] - Loading dynamic configuration property: taskmanager.memory.network.max, 359703515b
2025-08-11 10:18:17,522 INFO  org.apache.flink.configuration.GlobalConfiguration           [] - Loading dynamic configuration property: taskmanager.memory.framework.heap.size, 134217728b
2025-08-11 10:18:17,522 INFO  org.apache.flink.configuration.GlobalConfiguration           [] - Loading dynamic configuration property: taskmanager.memory.managed.size, 1438814063b
2025-08-11 10:18:17,522 INFO  org.apache.flink.configuration.GlobalConfiguration           [] - Loading dynamic configuration property: taskmanager.memory.task.heap.size, 1530082070b
2025-08-11 10:18:17,522 INFO  org.apache.flink.configuration.GlobalConfiguration           [] - Loading dynamic configuration property: taskmanager.numberOfTaskSlots, 4
2025-08-11 10:18:17,523 INFO  org.apache.flink.configuration.GlobalConfiguration           [] - Loading dynamic configuration property: taskmanager.memory.jvm-overhead.max, 429496736b
2025-08-11 10:18:17,558 INFO  org.apache.flink.core.fs.FileSystem                          [] - Hadoop is not in the classpath/dependencies. The extended set of supported File Systems via Hadoop is not available.
2025-08-11 10:18:17,572 INFO  org.apache.flink.core.plugin.DefaultPluginManager            [] - Plugin loader with ID not found, creating it: metrics-prometheus
2025-08-11 10:18:17,579 INFO  org.apache.flink.core.plugin.DefaultPluginManager            [] - Plugin loader with ID not found, creating it: metrics-slf4j
2025-08-11 10:18:17,579 INFO  org.apache.flink.core.plugin.DefaultPluginManager            [] - Plugin loader with ID not found, creating it: metrics-influx
2025-08-11 10:18:17,579 INFO  org.apache.flink.core.plugin.DefaultPluginManager            [] - Plugin loader with ID not found, creating it: metrics-datadog
2025-08-11 10:18:17,579 INFO  org.apache.flink.core.plugin.DefaultPluginManager            [] - Plugin loader with ID not found, creating it: external-resource-gpu
2025-08-11 10:18:17,580 INFO  org.apache.flink.core.plugin.DefaultPluginManager            [] - Plugin loader with ID not found, creating it: metrics-graphite
2025-08-11 10:18:17,580 INFO  org.apache.flink.core.plugin.DefaultPluginManager            [] - Plugin loader with ID not found, creating it: metrics-statsd
2025-08-11 10:18:17,580 INFO  org.apache.flink.core.plugin.DefaultPluginManager            [] - Plugin loader with ID not found, creating it: metrics-jmx
2025-08-11 10:18:17,601 INFO  org.apache.flink.runtime.state.changelog.StateChangelogStorageLoader [] - StateChangelogStorageLoader initialized with shortcut names {memory,filesystem}.
2025-08-11 10:18:17,601 INFO  org.apache.flink.core.plugin.DefaultPluginManager            [] - Plugin loader with ID found, reusing it: metrics-prometheus
2025-08-11 10:18:17,601 INFO  org.apache.flink.core.plugin.DefaultPluginManager            [] - Plugin loader with ID found, reusing it: metrics-slf4j
2025-08-11 10:18:17,601 INFO  org.apache.flink.core.plugin.DefaultPluginManager            [] - Plugin loader with ID found, reusing it: metrics-influx
2025-08-11 10:18:17,601 INFO  org.apache.flink.core.plugin.DefaultPluginManager            [] - Plugin loader with ID found, reusing it: metrics-datadog
2025-08-11 10:18:17,601 INFO  org.apache.flink.core.plugin.DefaultPluginManager            [] - Plugin loader with ID found, reusing it: external-resource-gpu
2025-08-11 10:18:17,601 INFO  org.apache.flink.core.plugin.DefaultPluginManager            [] - Plugin loader with ID found, reusing it: metrics-graphite
2025-08-11 10:18:17,601 INFO  org.apache.flink.core.plugin.DefaultPluginManager            [] - Plugin loader with ID found, reusing it: metrics-statsd
2025-08-11 10:18:17,601 INFO  org.apache.flink.core.plugin.DefaultPluginManager            [] - Plugin loader with ID found, reusing it: metrics-jmx
2025-08-11 10:18:17,603 INFO  org.apache.flink.runtime.state.changelog.StateChangelogStorageLoader [] - StateChangelogStorageLoader initialized with shortcut names {memory,filesystem}.
2025-08-11 10:18:17,618 INFO  org.apache.flink.runtime.security.modules.HadoopModuleFactory [] - Cannot create Hadoop Security Module because Hadoop cannot be found in the Classpath.
2025-08-11 10:18:17,631 INFO  org.apache.flink.runtime.security.modules.JaasModule         [] - Jaas file will be created as /tmp/jaas-16666296464796118154.conf.
2025-08-11 10:18:17,636 INFO  org.apache.flink.runtime.security.contexts.HadoopSecurityContextFactory [] - Cannot install HadoopSecurityContext because Hadoop cannot be found in the Classpath.
2025-08-11 10:18:17,978 INFO  org.apache.flink.runtime.util.LeaderRetrievalUtils           [] - Trying to select the network interface and address to use by connecting to the leading JobManager.
2025-08-11 10:18:17,978 INFO  org.apache.flink.runtime.util.LeaderRetrievalUtils           [] - TaskManager will try to connect for PT10S before falling back to heuristics
2025-08-11 10:18:18,213 INFO  org.apache.flink.runtime.taskexecutor.TaskManagerRunner      [] - TaskManager will use hostname/address 'gpu02' (127.0.0.1) for communication.
2025-08-11 10:18:18,247 INFO  org.apache.flink.runtime.rpc.akka.AkkaRpcServiceUtils        [] - Trying to start actor system, external address 127.0.0.1:0, bind address localhost:0.
2025-08-11 10:18:18,768 INFO  akka.event.slf4j.Slf4jLogger                                 [] - Slf4jLogger started
2025-08-11 10:18:18,805 INFO  akka.remote.RemoteActorRefProvider                           [] - Akka Cluster not in use - enabling unsafe features anyway because `akka.remote.use-unsafe-remote-features-outside-cluster` has been enabled.
2025-08-11 10:18:18,806 INFO  akka.remote.Remoting                                         [] - Starting remoting
2025-08-11 10:18:18,959 INFO  akka.remote.Remoting                                         [] - Remoting started; listening on addresses :[akka.tcp://flink@127.0.0.1:30107]
2025-08-11 10:18:19,067 INFO  org.apache.flink.runtime.rpc.akka.AkkaRpcServiceUtils        [] - Actor system started at akka.tcp://flink@127.0.0.1:30107
2025-08-11 10:18:19,083 INFO  org.apache.flink.runtime.taskexecutor.TaskManagerRunner      [] - Using working directory: WorkingDirectory(/tmp/tm_127.0.0.1:30107-6b66f5)
2025-08-11 10:18:19,091 INFO  org.apache.flink.runtime.metrics.MetricRegistryImpl          [] - No metrics reporter configured, no metrics will be exposed/reported.
2025-08-11 10:18:19,094 INFO  org.apache.flink.runtime.rpc.akka.AkkaRpcServiceUtils        [] - Trying to start actor system, external address 127.0.0.1:0, bind address localhost:0.
2025-08-11 10:18:19,110 INFO  akka.event.slf4j.Slf4jLogger                                 [] - Slf4jLogger started
2025-08-11 10:18:19,114 INFO  akka.remote.RemoteActorRefProvider                           [] - Akka Cluster not in use - enabling unsafe features anyway because `akka.remote.use-unsafe-remote-features-outside-cluster` has been enabled.
2025-08-11 10:18:19,115 INFO  akka.remote.Remoting                                         [] - Starting remoting
2025-08-11 10:18:19,129 INFO  akka.remote.Remoting                                         [] - Remoting started; listening on addresses :[akka.tcp://flink-metrics@127.0.0.1:2709]
2025-08-11 10:18:19,138 INFO  org.apache.flink.runtime.rpc.akka.AkkaRpcServiceUtils        [] - Actor system started at akka.tcp://flink-metrics@127.0.0.1:2709
2025-08-11 10:18:19,153 INFO  org.apache.flink.runtime.rpc.akka.AkkaRpcService             [] - Starting RPC endpoint for org.apache.flink.runtime.metrics.dump.MetricQueryService at akka://flink-metrics/user/rpc/MetricQueryService_127.0.0.1:30107-6b66f5 .
2025-08-11 10:18:19,166 INFO  org.apache.flink.runtime.blob.PermanentBlobCache             [] - Created BLOB cache storage directory /tmp/tm_127.0.0.1:30107-6b66f5/blobStorage
2025-08-11 10:18:19,171 INFO  org.apache.flink.runtime.blob.TransientBlobCache             [] - Created BLOB cache storage directory /tmp/tm_127.0.0.1:30107-6b66f5/blobStorage
2025-08-11 10:18:19,174 INFO  org.apache.flink.runtime.externalresource.ExternalResourceUtils [] - Enabled external resources: []
2025-08-11 10:18:19,175 INFO  org.apache.flink.runtime.security.token.DelegationTokenReceiverRepository [] - Loading delegation token receivers
2025-08-11 10:18:19,178 INFO  org.apache.flink.runtime.security.token.DelegationTokenReceiverRepository [] - Delegation token receiver hadoopfs loaded and initialized
2025-08-11 10:18:19,179 INFO  org.apache.flink.runtime.security.token.DelegationTokenReceiverRepository [] - Delegation token receiver hbase loaded and initialized
2025-08-11 10:18:19,179 INFO  org.apache.flink.core.plugin.DefaultPluginManager            [] - Plugin loader with ID found, reusing it: metrics-prometheus
2025-08-11 10:18:19,179 INFO  org.apache.flink.core.plugin.DefaultPluginManager            [] - Plugin loader with ID found, reusing it: metrics-slf4j
2025-08-11 10:18:19,179 INFO  org.apache.flink.core.plugin.DefaultPluginManager            [] - Plugin loader with ID found, reusing it: metrics-influx
2025-08-11 10:18:19,179 INFO  org.apache.flink.core.plugin.DefaultPluginManager            [] - Plugin loader with ID found, reusing it: metrics-datadog
2025-08-11 10:18:19,179 INFO  org.apache.flink.core.plugin.DefaultPluginManager            [] - Plugin loader with ID found, reusing it: external-resource-gpu
2025-08-11 10:18:19,179 INFO  org.apache.flink.core.plugin.DefaultPluginManager            [] - Plugin loader with ID found, reusing it: metrics-graphite
2025-08-11 10:18:19,179 INFO  org.apache.flink.core.plugin.DefaultPluginManager            [] - Plugin loader with ID found, reusing it: metrics-statsd
2025-08-11 10:18:19,179 INFO  org.apache.flink.core.plugin.DefaultPluginManager            [] - Plugin loader with ID found, reusing it: metrics-jmx
2025-08-11 10:18:19,179 INFO  org.apache.flink.runtime.security.token.DelegationTokenReceiverRepository [] - Delegation token receivers loaded successfully
2025-08-11 10:18:19,179 INFO  org.apache.flink.runtime.taskexecutor.TaskManagerRunner      [] - Starting TaskManager with ResourceID: 127.0.0.1:30107-6b66f5
2025-08-11 10:18:19,198 INFO  org.apache.flink.runtime.taskexecutor.TaskManagerServices    [] - Temporary file directory '/tmp': total 1758 GB, usable 31 GB (1.76% usable)
2025-08-11 10:18:19,201 INFO  org.apache.flink.runtime.io.disk.iomanager.IOManager         [] - Created a new FileChannelManager for spilling of task related data to disk (joins, sorting, ...). Used directories:
	/tmp/flink-io-47099ce2-c662-4fad-baf8-4ac302225deb
2025-08-11 10:18:19,207 INFO  org.apache.flink.runtime.io.network.netty.NettyConfig        [] - NettyConfig [server address: localhost/127.0.0.1, server port: 0, ssl enabled: false, memory segment size (bytes): 32768, transport type: AUTO, number of server threads: 4 (manual), number of client threads: 4 (manual), server connect backlog: 0 (use Netty's default), client connect timeout (sec): 120, send/receive buffer size (bytes): 0 (use Netty's default)]
2025-08-11 10:18:19,261 INFO  org.apache.flink.runtime.io.network.NettyShuffleServiceFactory [] - Created a new FileChannelManager for storing result partitions of BLOCKING shuffles. Used directories:
	/tmp/flink-netty-shuffle-9ee09f3a-5a79-4d4d-afda-4754f50d041c
2025-08-11 10:18:19,460 INFO  org.apache.flink.runtime.io.network.buffer.NetworkBufferPool [] - Allocated 343 MB for network buffer pool (number of memory segments: 10977, bytes per segment: 32768).
2025-08-11 10:18:19,473 INFO  org.apache.flink.runtime.io.network.NettyShuffleEnvironment  [] - Starting the network environment and its components.
2025-08-11 10:18:19,522 INFO  org.apache.flink.runtime.io.network.netty.NettyClient        [] - Transport type 'auto': using EPOLL.
2025-08-11 10:18:19,523 INFO  org.apache.flink.runtime.io.network.netty.NettyClient        [] - Successful initialization (took 50 ms).
2025-08-11 10:18:19,528 INFO  org.apache.flink.runtime.io.network.netty.NettyServer        [] - Transport type 'auto': using EPOLL.
2025-08-11 10:18:19,594 INFO  org.apache.flink.runtime.io.network.netty.NettyServer        [] - Successful initialization (took 69 ms). Listening on SocketAddress /127.0.0.1:3243.
2025-08-11 10:18:19,595 INFO  org.apache.flink.runtime.taskexecutor.KvStateService         [] - Starting the kvState service and its components.
2025-08-11 10:18:19,618 INFO  org.apache.flink.runtime.rpc.akka.AkkaRpcService             [] - Starting RPC endpoint for org.apache.flink.runtime.taskexecutor.TaskExecutor at akka://flink/user/rpc/taskmanager_0 .
2025-08-11 10:18:19,633 INFO  org.apache.flink.runtime.taskexecutor.DefaultJobLeaderService [] - Start job leader service.
2025-08-11 10:18:19,635 INFO  org.apache.flink.runtime.filecache.FileCache                 [] - User file cache uses directory /tmp/flink-dist-cache-958931a0-3271-43de-8052-c5543dbca02a
2025-08-11 10:18:19,638 INFO  org.apache.flink.runtime.taskexecutor.TaskExecutor           [] - Connecting to ResourceManager akka.tcp://flink@localhost:6123/user/rpc/resourcemanager_*(00000000000000000000000000000000).
2025-08-11 10:18:19,832 INFO  org.apache.flink.runtime.taskexecutor.TaskExecutor           [] - Resolved ResourceManager address, beginning registration
2025-08-11 10:18:19,928 INFO  org.apache.flink.runtime.taskexecutor.TaskExecutor           [] - Successful registration at resource manager akka.tcp://flink@localhost:6123/user/rpc/resourcemanager_* under registration id 996d182f32d9d5618593f4a001d148d4.
2025-08-11 10:18:27,129 INFO  org.apache.flink.runtime.taskexecutor.TaskExecutor           [] - Receive slot request 7f021ea5e5ae19d1769006425adea0dd for job ef9ecb16950bf4ce0457012a4ea27409 from resource manager with leader id 00000000000000000000000000000000.
2025-08-11 10:18:27,134 INFO  org.apache.flink.runtime.taskexecutor.TaskExecutor           [] - Allocated slot for 7f021ea5e5ae19d1769006425adea0dd.
2025-08-11 10:18:27,135 INFO  org.apache.flink.runtime.taskexecutor.DefaultJobLeaderService [] - Add job ef9ecb16950bf4ce0457012a4ea27409 for job leader monitoring.
2025-08-11 10:18:27,137 INFO  org.apache.flink.runtime.taskexecutor.DefaultJobLeaderService [] - Try to register at job manager akka.tcp://flink@localhost:6123/user/rpc/jobmanager_2 with leader id 00000000-0000-0000-0000-000000000000.
2025-08-11 10:18:27,161 INFO  org.apache.flink.runtime.taskexecutor.DefaultJobLeaderService [] - Resolved JobManager address, beginning registration
2025-08-11 10:18:27,190 INFO  org.apache.flink.runtime.taskexecutor.DefaultJobLeaderService [] - Successful registration at job manager akka.tcp://flink@localhost:6123/user/rpc/jobmanager_2 for job ef9ecb16950bf4ce0457012a4ea27409.
2025-08-11 10:18:27,191 INFO  org.apache.flink.runtime.taskexecutor.TaskExecutor           [] - Establish JobManager connection for job ef9ecb16950bf4ce0457012a4ea27409.
2025-08-11 10:18:27,193 INFO  org.apache.flink.runtime.taskexecutor.TaskExecutor           [] - Offer reserved slots to the leader of job ef9ecb16950bf4ce0457012a4ea27409.
2025-08-11 10:18:27,233 INFO  org.apache.flink.runtime.taskexecutor.slot.TaskSlotTableImpl [] - Activate slot 7f021ea5e5ae19d1769006425adea0dd.
2025-08-11 10:18:27,254 INFO  org.apache.flink.runtime.state.changelog.StateChangelogStorageLoader [] - Creating a changelog storage with name 'memory'.
2025-08-11 10:18:27,262 INFO  org.apache.flink.runtime.state.TaskExecutorChannelStateExecutorFactoryManager [] - Creating the channel state executor factory for job id ef9ecb16950bf4ce0457012a4ea27409
2025-08-11 10:18:27,267 INFO  org.apache.flink.runtime.taskexecutor.TaskExecutor           [] - Received task Source: Request Source -> Multi-GPU Inference Processor -> Sink: Multi-GPU Monitor Sink (1/1)#0 (4ca5629e0b907c29efae1708a3338519_cbc357ccb763df2852fee8c4fc7d55f2_0_0), deploy into slot with allocation id 7f021ea5e5ae19d1769006425adea0dd.
2025-08-11 10:18:27,268 INFO  org.apache.flink.runtime.taskmanager.Task                    [] - Source: Request Source -> Multi-GPU Inference Processor -> Sink: Multi-GPU Monitor Sink (1/1)#0 (4ca5629e0b907c29efae1708a3338519_cbc357ccb763df2852fee8c4fc7d55f2_0_0) switched from CREATED to DEPLOYING.
2025-08-11 10:18:27,271 INFO  org.apache.flink.runtime.taskexecutor.slot.TaskSlotTableImpl [] - Activate slot 7f021ea5e5ae19d1769006425adea0dd.
2025-08-11 10:18:27,275 INFO  org.apache.flink.runtime.taskmanager.Task                    [] - Loading JAR files for task Source: Request Source -> Multi-GPU Inference Processor -> Sink: Multi-GPU Monitor Sink (1/1)#0 (4ca5629e0b907c29efae1708a3338519_cbc357ccb763df2852fee8c4fc7d55f2_0_0) [DEPLOYING].
2025-08-11 10:18:27,278 INFO  org.apache.flink.runtime.blob.BlobClient                     [] - Downloading ef9ecb16950bf4ce0457012a4ea27409/p-852e79a2203bf91614e1f281bd3edb9ce87a2509-82af4ca3d85ee0c274242312495b2ec5 from localhost/127.0.0.1:14719
2025-08-11 10:18:27,336 INFO  org.apache.flink.streaming.runtime.tasks.StreamTask          [] - Using job/cluster config to configure application-defined state backend: org.apache.flink.runtime.state.hashmap.HashMapStateBackend@43bdb4f6
2025-08-11 10:18:27,337 INFO  org.apache.flink.streaming.runtime.tasks.StreamTask          [] - Using application-defined state backend: org.apache.flink.runtime.state.hashmap.HashMapStateBackend@19d80311
2025-08-11 10:18:27,337 INFO  org.apache.flink.runtime.state.StateBackendLoader            [] - State backend loader loads the state backend as HashMapStateBackend
2025-08-11 10:18:27,342 INFO  org.apache.flink.streaming.runtime.tasks.StreamTask          [] - Using job/cluster config to configure application-defined checkpoint storage: org.apache.flink.runtime.state.storage.FileSystemCheckpointStorage@200dd9d5
2025-08-11 10:18:27,353 INFO  org.apache.flink.runtime.taskmanager.Task                    [] - Source: Request Source -> Multi-GPU Inference Processor -> Sink: Multi-GPU Monitor Sink (1/1)#0 (4ca5629e0b907c29efae1708a3338519_cbc357ccb763df2852fee8c4fc7d55f2_0_0) switched from DEPLOYING to INITIALIZING.
2025-08-11 10:18:27,459 INFO  com.infertuner.processors.GPUInferenceProcessor              [] - Task 0 启动，绑定到 GPU 0
2025-08-11 10:18:27,556 INFO  com.infertuner.processors.GPUInferenceProcessor              [] - 启动 GPU 0 推理服务...
2025-08-11 10:18:27,562 INFO  com.infertuner.processors.GPUInferenceProcessor              [] - 等待 GPU 0 服务初始化...
2025-08-11 10:18:35,563 INFO  com.infertuner.processors.GPUInferenceProcessor              [] - ✅ GPU 0 推理服务启动成功
2025-08-11 10:18:35,564 INFO  com.infertuner.processors.GPUInferenceProcessor              [] - GPU 0 推理服务启动完成
2025-08-11 10:18:35,568 INFO  org.apache.flink.runtime.taskmanager.Task                    [] - Source: Request Source -> Multi-GPU Inference Processor -> Sink: Multi-GPU Monitor Sink (1/1)#0 (4ca5629e0b907c29efae1708a3338519_cbc357ccb763df2852fee8c4fc7d55f2_0_0) switched from INITIALIZING to RUNNING.
2025-08-11 10:18:35,575 INFO  com.infertuner.sources.BasicRequestSource                    [] - 开始生成 50 个测试请求，间隔 500ms
2025-08-11 10:18:36,968 INFO  com.infertuner.sinks.GPUMonitorSink                          [] - 结果 #1: GPU-0 | ✅ | 1328.0ms | 深度学习是一种机器学习技术，它的基本原理是模拟人脑神经元的工作方式，通过构建多层非线性神经网络来实现自动特征提取、模式识...
2025-08-11 10:18:36,968 INFO  com.infertuner.sources.BasicRequestSource                    [] - 生成请求 1/50: req_000
2025-08-11 10:18:38,046 INFO  com.infertuner.sinks.GPUMonitorSink                          [] - 结果 #2: GPU-0 | ✅ | 574.3ms | 为了优化模型性能，可以采取以下几种方法：

1. 数据清洗：首先，需要对原始数据进行预处理和清洗，包括去除无效值、异常值...
2025-08-11 10:18:38,046 INFO  com.infertuner.sources.BasicRequestSource                    [] - 生成请求 2/50: req_001
2025-08-11 10:18:39,707 INFO  com.infertuner.sinks.GPUMonitorSink                          [] - 结果 #3: GPU-0 | ✅ | 1157.6ms | 优化模型性能的方法有很多，以下是一些常见的方法：

1. 数据预处理：数据预处理是模型训练的第一步。这包括清洗、归一化和...
2025-08-11 10:18:39,707 INFO  com.infertuner.sources.BasicRequestSource                    [] - 生成请求 3/50: req_002
2025-08-11 10:18:40,884 INFO  com.infertuner.sinks.GPUMonitorSink                          [] - 结果 #4: GPU-0 | ✅ | 674.4ms | 深度学习是一种机器学习技术，其基本原理是通过构建多层神经网络来模仿人脑的神经元和连接方式，从而实现对复杂数据的自动处理和...
2025-08-11 10:18:40,884 INFO  com.infertuner.sources.BasicRequestSource                    [] - 生成请求 4/50: req_003
2025-08-11 10:18:42,356 INFO  com.infertuner.sinks.GPUMonitorSink                          [] - 结果 #5: GPU-0 | ✅ | 969.3ms | 机器学习是一种人工智能技术，它允许计算机从数据中自动学习模式和规律，从而实现自动化决策、预测和分析。它的主要目标是使计算...
2025-08-11 10:18:42,357 INFO  com.infertuner.sources.BasicRequestSource                    [] - 生成请求 5/50: req_004
2025-08-11 10:18:44,131 INFO  com.infertuner.sources.BasicRequestSource                    [] - 生成请求 6/50: req_005
2025-08-11 10:18:45,779 INFO  com.infertuner.sources.BasicRequestSource                    [] - 生成请求 7/50: req_006
2025-08-11 10:18:47,628 INFO  com.infertuner.sources.BasicRequestSource                    [] - 生成请求 8/50: req_007
2025-08-11 10:18:49,596 INFO  com.infertuner.sources.BasicRequestSource                    [] - 生成请求 9/50: req_008
2025-08-11 10:18:51,419 INFO  com.infertuner.sinks.GPUMonitorSink                          [] - === 整体统计 ===
2025-08-11 10:18:51,420 INFO  com.infertuner.sinks.GPUMonitorSink                          [] - 总请求: 10 | 成功: 10 (100.0%) | 平均延迟: 1124.5ms | 吞吐量: 0.39 req/s
2025-08-11 10:18:51,420 INFO  com.infertuner.sinks.GPUMonitorSink                          [] - === GPU分布统计 ===
2025-08-11 10:18:51,420 INFO  com.infertuner.sinks.GPUMonitorSink                          [] - GPU-0: 请求=10 | 成功率=100.0% | 平均延迟=1124.5ms | 吞吐量=0.39 req/s
2025-08-11 10:18:51,420 INFO  com.infertuner.sinks.GPUMonitorSink                          [] - ========================
2025-08-11 10:18:51,421 INFO  com.infertuner.sources.BasicRequestSource                    [] - 生成请求 10/50: req_009
2025-08-11 10:18:53,293 INFO  com.infertuner.sources.BasicRequestSource                    [] - 生成请求 11/50: req_010
2025-08-11 10:18:54,737 INFO  com.infertuner.sources.BasicRequestSource                    [] - 生成请求 12/50: req_011
2025-08-11 10:18:56,583 INFO  com.infertuner.sources.BasicRequestSource                    [] - 生成请求 13/50: req_012
2025-08-11 10:18:58,555 INFO  com.infertuner.sources.BasicRequestSource                    [] - 生成请求 14/50: req_013
2025-08-11 10:19:00,094 INFO  com.infertuner.sources.BasicRequestSource                    [] - 生成请求 15/50: req_014
2025-08-11 10:19:01,112 INFO  com.infertuner.sources.BasicRequestSource                    [] - 生成请求 16/50: req_015
2025-08-11 10:19:02,494 INFO  com.infertuner.sources.BasicRequestSource                    [] - 生成请求 17/50: req_016
2025-08-11 10:19:03,787 INFO  com.infertuner.sources.BasicRequestSource                    [] - 生成请求 18/50: req_017
2025-08-11 10:19:05,428 INFO  com.infertuner.sources.BasicRequestSource                    [] - 生成请求 19/50: req_018
2025-08-11 10:19:07,303 INFO  com.infertuner.sinks.GPUMonitorSink                          [] - === 整体统计 ===
2025-08-11 10:19:07,304 INFO  com.infertuner.sinks.GPUMonitorSink                          [] - 总请求: 20 | 成功: 20 (100.0%) | 平均延迟: 1104.9ms | 吞吐量: 0.48 req/s
2025-08-11 10:19:07,304 INFO  com.infertuner.sinks.GPUMonitorSink                          [] - === GPU分布统计 ===
2025-08-11 10:19:07,304 INFO  com.infertuner.sinks.GPUMonitorSink                          [] - GPU-0: 请求=20 | 成功率=100.0% | 平均延迟=1104.9ms | 吞吐量=0.48 req/s
2025-08-11 10:19:07,304 INFO  com.infertuner.sinks.GPUMonitorSink                          [] - ========================
2025-08-11 10:19:07,304 INFO  com.infertuner.sinks.GPUMonitorSink                          [] - 结果 #20: GPU-0 | ✅ | 1372.6ms | 神经网络是一种基于人工智能技术的复杂系统，它由大量可训练的数据（称为“输入”）和一系列权重参数组成。当给定一组数据时，神...
2025-08-11 10:19:07,305 INFO  com.infertuner.sources.BasicRequestSource                    [] - 生成请求 20/50: req_019
2025-08-11 10:19:09,288 INFO  com.infertuner.sources.BasicRequestSource                    [] - 生成请求 21/50: req_020
2025-08-11 10:19:10,461 INFO  com.infertuner.sources.BasicRequestSource                    [] - 生成请求 22/50: req_021
2025-08-11 10:19:11,605 INFO  com.infertuner.sources.BasicRequestSource                    [] - 生成请求 23/50: req_022
2025-08-11 10:19:12,677 INFO  com.infertuner.sources.BasicRequestSource                    [] - 生成请求 24/50: req_023
2025-08-11 10:19:13,778 INFO  com.infertuner.sources.BasicRequestSource                    [] - 生成请求 25/50: req_024
2025-08-11 10:19:15,086 INFO  com.infertuner.sources.BasicRequestSource                    [] - 生成请求 26/50: req_025
2025-08-11 10:19:16,727 INFO  com.infertuner.sources.BasicRequestSource                    [] - 生成请求 27/50: req_026
2025-08-11 10:19:18,626 INFO  com.infertuner.sources.BasicRequestSource                    [] - 生成请求 28/50: req_027
2025-08-11 10:19:20,524 INFO  com.infertuner.sources.BasicRequestSource                    [] - 生成请求 29/50: req_028
2025-08-11 10:19:21,853 INFO  com.infertuner.sinks.GPUMonitorSink                          [] - === 整体统计 ===
2025-08-11 10:19:21,853 INFO  com.infertuner.sinks.GPUMonitorSink                          [] - 总请求: 30 | 成功: 30 (100.0%) | 平均延迟: 1054.0ms | 吞吐量: 0.54 req/s
2025-08-11 10:19:21,853 INFO  com.infertuner.sinks.GPUMonitorSink                          [] - === GPU分布统计 ===
2025-08-11 10:19:21,854 INFO  com.infertuner.sinks.GPUMonitorSink                          [] - GPU-0: 请求=30 | 成功率=100.0% | 平均延迟=1054.0ms | 吞吐量=0.54 req/s
2025-08-11 10:19:21,854 INFO  com.infertuner.sinks.GPUMonitorSink                          [] - ========================
2025-08-11 10:19:21,854 INFO  com.infertuner.sources.BasicRequestSource                    [] - 生成请求 30/50: req_029
2025-08-11 10:19:23,590 INFO  com.infertuner.sources.BasicRequestSource                    [] - 生成请求 31/50: req_030
2025-08-11 10:19:25,097 INFO  com.infertuner.sources.BasicRequestSource                    [] - 生成请求 32/50: req_031
2025-08-11 10:19:26,641 INFO  com.infertuner.sources.BasicRequestSource                    [] - 生成请求 33/50: req_032
2025-08-11 10:19:27,835 INFO  com.infertuner.sources.BasicRequestSource                    [] - 生成请求 34/50: req_033
2025-08-11 10:19:29,377 INFO  com.infertuner.sources.BasicRequestSource                    [] - 生成请求 35/50: req_034
2025-08-11 10:19:31,108 INFO  com.infertuner.sources.BasicRequestSource                    [] - 生成请求 36/50: req_035
2025-08-11 10:19:32,548 INFO  com.infertuner.sources.BasicRequestSource                    [] - 生成请求 37/50: req_036
2025-08-11 10:19:34,473 INFO  com.infertuner.sources.BasicRequestSource                    [] - 生成请求 38/50: req_037
2025-08-11 10:19:36,560 INFO  com.infertuner.sources.BasicRequestSource                    [] - 生成请求 39/50: req_038
2025-08-11 10:19:37,939 INFO  com.infertuner.sinks.GPUMonitorSink                          [] - === 整体统计 ===
2025-08-11 10:19:37,940 INFO  com.infertuner.sinks.GPUMonitorSink                          [] - 总请求: 40 | 成功: 40 (100.0%) | 平均延迟: 1066.9ms | 吞吐量: 0.56 req/s
2025-08-11 10:19:37,940 INFO  com.infertuner.sinks.GPUMonitorSink                          [] - === GPU分布统计 ===
2025-08-11 10:19:37,940 INFO  com.infertuner.sinks.GPUMonitorSink                          [] - GPU-0: 请求=40 | 成功率=100.0% | 平均延迟=1066.9ms | 吞吐量=0.56 req/s
2025-08-11 10:19:37,940 INFO  com.infertuner.sinks.GPUMonitorSink                          [] - ========================
2025-08-11 10:19:37,941 INFO  com.infertuner.sinks.GPUMonitorSink                          [] - 结果 #40: GPU-0 | ✅ | 876.5ms | 在机器学习中，过拟合是指模型在训练数据上表现良好，但在新、未见过的数据上表现不佳的现象。简而言之，过度拟合是一种模式对数...
2025-08-11 10:19:37,941 INFO  com.infertuner.sources.BasicRequestSource                    [] - 生成请求 40/50: req_039
2025-08-11 10:19:39,320 INFO  com.infertuner.sources.BasicRequestSource                    [] - 生成请求 41/50: req_040
2025-08-11 10:19:40,424 INFO  com.infertuner.sources.BasicRequestSource                    [] - 生成请求 42/50: req_041
2025-08-11 10:19:42,020 INFO  com.infertuner.sources.BasicRequestSource                    [] - 生成请求 43/50: req_042
2025-08-11 10:19:43,307 INFO  com.infertuner.sources.BasicRequestSource                    [] - 生成请求 44/50: req_043
2025-08-11 10:19:44,584 INFO  com.infertuner.sinks.GPUMonitorSink                          [] - ✅ 多GPU性能报告已保存到 multi_gpu_performance.csv
2025-08-11 10:19:44,585 INFO  com.infertuner.sources.BasicRequestSource                    [] - 生成请求 45/50: req_044
2025-08-11 10:19:46,413 INFO  com.infertuner.sinks.GPUMonitorSink                          [] - ✅ 多GPU性能报告已保存到 multi_gpu_performance.csv
2025-08-11 10:19:46,413 INFO  com.infertuner.sources.BasicRequestSource                    [] - 生成请求 46/50: req_045
2025-08-11 10:19:48,037 INFO  com.infertuner.sinks.GPUMonitorSink                          [] - ✅ 多GPU性能报告已保存到 multi_gpu_performance.csv
2025-08-11 10:19:48,037 INFO  com.infertuner.sources.BasicRequestSource                    [] - 生成请求 47/50: req_046
2025-08-11 10:19:49,681 INFO  com.infertuner.sinks.GPUMonitorSink                          [] - ✅ 多GPU性能报告已保存到 multi_gpu_performance.csv
2025-08-11 10:19:49,682 INFO  com.infertuner.sources.BasicRequestSource                    [] - 生成请求 48/50: req_047
2025-08-11 10:19:51,150 INFO  com.infertuner.sinks.GPUMonitorSink                          [] - ✅ 多GPU性能报告已保存到 multi_gpu_performance.csv
2025-08-11 10:19:51,151 INFO  com.infertuner.sources.BasicRequestSource                    [] - 生成请求 49/50: req_048
2025-08-11 10:19:53,165 INFO  com.infertuner.sinks.GPUMonitorSink                          [] - === 整体统计 ===
2025-08-11 10:19:53,165 INFO  com.infertuner.sinks.GPUMonitorSink                          [] - 总请求: 50 | 成功: 50 (100.0%) | 平均延迟: 1057.4ms | 吞吐量: 0.57 req/s
2025-08-11 10:19:53,165 INFO  com.infertuner.sinks.GPUMonitorSink                          [] - === GPU分布统计 ===
2025-08-11 10:19:53,166 INFO  com.infertuner.sinks.GPUMonitorSink                          [] - GPU-0: 请求=50 | 成功率=100.0% | 平均延迟=1057.4ms | 吞吐量=0.57 req/s
2025-08-11 10:19:53,166 INFO  com.infertuner.sinks.GPUMonitorSink                          [] - ========================
2025-08-11 10:19:53,166 INFO  com.infertuner.sinks.GPUMonitorSink                          [] - ✅ 多GPU性能报告已保存到 multi_gpu_performance.csv
2025-08-11 10:19:53,167 INFO  com.infertuner.sources.BasicRequestSource                    [] - 生成请求 50/50: req_049
2025-08-11 10:19:53,167 INFO  com.infertuner.sources.BasicRequestSource                    [] - 请求生成完成，共 50 个
2025-08-11 10:20:21,102 INFO  com.infertuner.processors.GPUInferenceProcessor              [] - 关闭 GPU 0 推理服务...
2025-08-11 10:20:22,106 INFO  com.infertuner.processors.GPUInferenceProcessor              [] - ✅ GPU 0 推理服务已关闭
2025-08-11 10:20:22,109 INFO  org.apache.flink.runtime.taskmanager.Task                    [] - Source: Request Source -> Multi-GPU Inference Processor -> Sink: Multi-GPU Monitor Sink (1/1)#0 (4ca5629e0b907c29efae1708a3338519_cbc357ccb763df2852fee8c4fc7d55f2_0_0) switched from RUNNING to FINISHED.
2025-08-11 10:20:22,110 INFO  org.apache.flink.runtime.taskmanager.Task                    [] - Freeing task resources for Source: Request Source -> Multi-GPU Inference Processor -> Sink: Multi-GPU Monitor Sink (1/1)#0 (4ca5629e0b907c29efae1708a3338519_cbc357ccb763df2852fee8c4fc7d55f2_0_0).
2025-08-11 10:20:22,112 INFO  org.apache.flink.runtime.taskexecutor.TaskExecutor           [] - Un-registering task and sending final execution state FINISHED to JobManager for task Source: Request Source -> Multi-GPU Inference Processor -> Sink: Multi-GPU Monitor Sink (1/1)#0 4ca5629e0b907c29efae1708a3338519_cbc357ccb763df2852fee8c4fc7d55f2_0_0.
2025-08-11 10:20:22,173 INFO  org.apache.flink.runtime.taskexecutor.slot.TaskSlotTableImpl [] - Free slot TaskSlot(index:0, state:ACTIVE, resource profile: ResourceProfile{cpuCores=1, taskHeapMemory=364.800mb (382520517 bytes), taskOffHeapMemory=0 bytes, managedMemory=343.040mb (359703515 bytes), networkMemory=85.760mb (89925878 bytes)}, allocationId: 7f021ea5e5ae19d1769006425adea0dd, jobId: ef9ecb16950bf4ce0457012a4ea27409).
2025-08-11 10:20:22,176 INFO  org.apache.flink.runtime.taskexecutor.DefaultJobLeaderService [] - Remove job ef9ecb16950bf4ce0457012a4ea27409 from job leader monitoring.
2025-08-11 10:20:22,177 INFO  org.apache.flink.runtime.taskexecutor.TaskExecutor           [] - Close JobManager connection for job ef9ecb16950bf4ce0457012a4ea27409.
