2025-08-11 08:49:10,630 INFO  org.apache.flink.runtime.taskexecutor.TaskManagerRunner      [] - --------------------------------------------------------------------------------
2025-08-11 08:49:10,632 INFO  org.apache.flink.runtime.taskexecutor.TaskManagerRunner      [] -  Preconfiguration: 
2025-08-11 08:49:10,632 INFO  org.apache.flink.runtime.taskexecutor.TaskManagerRunner      [] - 


RESOURCE_PARAMS extraction logs:
jvm_params: -Xmx1664299798 -Xms1664299798 -XX:MaxDirectMemorySize=493921243 -XX:MaxMetaspaceSize=268435456
dynamic_configs: -D taskmanager.memory.network.min=359703515b -D taskmanager.cpu.cores=4.0 -D taskmanager.memory.task.off-heap.size=0b -D taskmanager.memory.jvm-metaspace.size=268435456b -D external-resources=none -D taskmanager.memory.jvm-overhead.min=429496736b -D taskmanager.memory.framework.off-heap.size=134217728b -D taskmanager.memory.network.max=359703515b -D taskmanager.memory.framework.heap.size=134217728b -D taskmanager.memory.managed.size=1438814063b -D taskmanager.memory.task.heap.size=1530082070b -D taskmanager.numberOfTaskSlots=4 -D taskmanager.memory.jvm-overhead.max=429496736b
logs: WARNING: sun.reflect.Reflection.getCallerClass is not supported. This will impact performance.
INFO  [] - Loading configuration property: taskmanager.memory.process.size, 4096m
INFO  [] - Loading configuration property: env.java.opts.jobmanager, -Dfile.encoding=UTF-8 -Dsun.jnu.encoding=UTF-8
INFO  [] - Loading configuration property: taskmanager.bind-host, localhost
INFO  [] - Loading configuration property: env.java.opts, -Dfile.encoding=UTF-8 -Dsun.jnu.encoding=UTF-8
INFO  [] - Loading configuration property: jobmanager.rpc.address, localhost
INFO  [] - Loading configuration property: jobmanager.memory.process.size, 2048m
INFO  [] - Loading configuration property: jobmanager.rpc.port, 6123
INFO  [] - Loading configuration property: rest.bind-address, 0.0.0.0
INFO  [] - Loading configuration property: rest.port, 8081
INFO  [] - Loading configuration property: execution.checkpointing.interval, 30s
INFO  [] - Loading configuration property: jobmanager.bind-host, localhost
INFO  [] - Loading configuration property: parallelism.default, 1
INFO  [] - Loading configuration property: taskmanager.numberOfTaskSlots, 4
INFO  [] - Loading configuration property: taskmanager.memory.managed.fraction, 0.4
INFO  [] - Loading configuration property: rest.address, 0.0.0.0
INFO  [] - Loading configuration property: cluster.evenly-spread-out-slots, true
INFO  [] - Loading configuration property: state.backend, filesystem
INFO  [] - Loading configuration property: execution.checkpointing.min-pause, 5s
INFO  [] - Loading configuration property: jobmanager.memory.jvm-metaspace.size, 256m
INFO  [] - Loading configuration property: env.java.opts.taskmanager, -Dfile.encoding=UTF-8 -Dsun.jnu.encoding=UTF-8
INFO  [] - Loading configuration property: state.checkpoints.dir, file:///workspace/logs/flink-checkpoints
INFO  [] - Final TaskExecutor Memory configuration:
INFO  [] -   Total Process Memory:          4.000gb (4294967296 bytes)
INFO  [] -     Total Flink Memory:          3.350gb (3597035104 bytes)
INFO  [] -       Total JVM Heap Memory:     1.550gb (1664299798 bytes)
INFO  [] -         Framework:               128.000mb (134217728 bytes)
INFO  [] -         Task:                    1.425gb (1530082070 bytes)
INFO  [] -       Total Off-heap Memory:     1.800gb (1932735306 bytes)
INFO  [] -         Managed:                 1.340gb (1438814063 bytes)
INFO  [] -         Total JVM Direct Memory: 471.040mb (493921243 bytes)
INFO  [] -           Framework:             128.000mb (134217728 bytes)
INFO  [] -           Task:                  0 bytes
INFO  [] -           Network:               343.040mb (359703515 bytes)
INFO  [] -     JVM Metaspace:               256.000mb (268435456 bytes)
INFO  [] -     JVM Overhead:                409.600mb (429496736 bytes)

2025-08-11 08:49:10,632 INFO  org.apache.flink.runtime.taskexecutor.TaskManagerRunner      [] - --------------------------------------------------------------------------------
2025-08-11 08:49:10,632 INFO  org.apache.flink.runtime.taskexecutor.TaskManagerRunner      [] -  Starting TaskManager (Version: 1.17.0, Scala: 2.12, Rev:69ecda0, Date:2023-03-17T10:30:06+01:00)
2025-08-11 08:49:10,632 INFO  org.apache.flink.runtime.taskexecutor.TaskManagerRunner      [] -  OS current user: root
2025-08-11 08:49:10,632 INFO  org.apache.flink.runtime.taskexecutor.TaskManagerRunner      [] -  Current Hadoop/Kerberos user: <no hadoop dependency found>
2025-08-11 08:49:10,632 INFO  org.apache.flink.runtime.taskexecutor.TaskManagerRunner      [] -  JVM: OpenJDK 64-Bit Server VM - Ubuntu - 11/11.0.28+6-post-Ubuntu-1ubuntu122.04.1
2025-08-11 08:49:10,632 INFO  org.apache.flink.runtime.taskexecutor.TaskManagerRunner      [] -  Arch: amd64
2025-08-11 08:49:10,633 INFO  org.apache.flink.runtime.taskexecutor.TaskManagerRunner      [] -  Maximum heap size: 1588 MiBytes
2025-08-11 08:49:10,633 INFO  org.apache.flink.runtime.taskexecutor.TaskManagerRunner      [] -  JAVA_HOME: /usr/lib/jvm/java-11-openjdk-amd64
2025-08-11 08:49:10,633 INFO  org.apache.flink.runtime.taskexecutor.TaskManagerRunner      [] -  No Hadoop Dependency available
2025-08-11 08:49:10,633 INFO  org.apache.flink.runtime.taskexecutor.TaskManagerRunner      [] -  JVM Options:
2025-08-11 08:49:10,633 INFO  org.apache.flink.runtime.taskexecutor.TaskManagerRunner      [] -     -Xmx1664299798
2025-08-11 08:49:10,633 INFO  org.apache.flink.runtime.taskexecutor.TaskManagerRunner      [] -     -Xms1664299798
2025-08-11 08:49:10,633 INFO  org.apache.flink.runtime.taskexecutor.TaskManagerRunner      [] -     -XX:MaxDirectMemorySize=493921243
2025-08-11 08:49:10,633 INFO  org.apache.flink.runtime.taskexecutor.TaskManagerRunner      [] -     -XX:MaxMetaspaceSize=268435456
2025-08-11 08:49:10,633 INFO  org.apache.flink.runtime.taskexecutor.TaskManagerRunner      [] -     -Dfile.encoding=UTF-8
2025-08-11 08:49:10,633 INFO  org.apache.flink.runtime.taskexecutor.TaskManagerRunner      [] -     -Dsun.jnu.encoding=UTF-8
2025-08-11 08:49:10,633 INFO  org.apache.flink.runtime.taskexecutor.TaskManagerRunner      [] -     -Dfile.encoding=UTF-8
2025-08-11 08:49:10,633 INFO  org.apache.flink.runtime.taskexecutor.TaskManagerRunner      [] -     -Dsun.jnu.encoding=UTF-8
2025-08-11 08:49:10,633 INFO  org.apache.flink.runtime.taskexecutor.TaskManagerRunner      [] -     -Dlog.file=/workspace/flink-setup/flink/log/flink--taskexecutor-0-gpu02.log
2025-08-11 08:49:10,633 INFO  org.apache.flink.runtime.taskexecutor.TaskManagerRunner      [] -     -Dlog4j.configuration=file:/workspace/flink-setup/flink/conf/log4j.properties
2025-08-11 08:49:10,633 INFO  org.apache.flink.runtime.taskexecutor.TaskManagerRunner      [] -     -Dlog4j.configurationFile=file:/workspace/flink-setup/flink/conf/log4j.properties
2025-08-11 08:49:10,633 INFO  org.apache.flink.runtime.taskexecutor.TaskManagerRunner      [] -     -Dlogback.configurationFile=file:/workspace/flink-setup/flink/conf/logback.xml
2025-08-11 08:49:10,634 INFO  org.apache.flink.runtime.taskexecutor.TaskManagerRunner      [] -  Program Arguments:
2025-08-11 08:49:10,635 INFO  org.apache.flink.runtime.taskexecutor.TaskManagerRunner      [] -     --configDir
2025-08-11 08:49:10,635 INFO  org.apache.flink.runtime.taskexecutor.TaskManagerRunner      [] -     /workspace/flink-setup/flink/conf
2025-08-11 08:49:10,635 INFO  org.apache.flink.runtime.taskexecutor.TaskManagerRunner      [] -     -D
2025-08-11 08:49:10,635 INFO  org.apache.flink.runtime.taskexecutor.TaskManagerRunner      [] -     taskmanager.memory.network.min=359703515b
2025-08-11 08:49:10,635 INFO  org.apache.flink.runtime.taskexecutor.TaskManagerRunner      [] -     -D
2025-08-11 08:49:10,635 INFO  org.apache.flink.runtime.taskexecutor.TaskManagerRunner      [] -     taskmanager.cpu.cores=4.0
2025-08-11 08:49:10,635 INFO  org.apache.flink.runtime.taskexecutor.TaskManagerRunner      [] -     -D
2025-08-11 08:49:10,635 INFO  org.apache.flink.runtime.taskexecutor.TaskManagerRunner      [] -     taskmanager.memory.task.off-heap.size=0b
2025-08-11 08:49:10,635 INFO  org.apache.flink.runtime.taskexecutor.TaskManagerRunner      [] -     -D
2025-08-11 08:49:10,635 INFO  org.apache.flink.runtime.taskexecutor.TaskManagerRunner      [] -     taskmanager.memory.jvm-metaspace.size=268435456b
2025-08-11 08:49:10,635 INFO  org.apache.flink.runtime.taskexecutor.TaskManagerRunner      [] -     -D
2025-08-11 08:49:10,635 INFO  org.apache.flink.runtime.taskexecutor.TaskManagerRunner      [] -     external-resources=none
2025-08-11 08:49:10,635 INFO  org.apache.flink.runtime.taskexecutor.TaskManagerRunner      [] -     -D
2025-08-11 08:49:10,635 INFO  org.apache.flink.runtime.taskexecutor.TaskManagerRunner      [] -     taskmanager.memory.jvm-overhead.min=429496736b
2025-08-11 08:49:10,635 INFO  org.apache.flink.runtime.taskexecutor.TaskManagerRunner      [] -     -D
2025-08-11 08:49:10,636 INFO  org.apache.flink.runtime.taskexecutor.TaskManagerRunner      [] -     taskmanager.memory.framework.off-heap.size=134217728b
2025-08-11 08:49:10,636 INFO  org.apache.flink.runtime.taskexecutor.TaskManagerRunner      [] -     -D
2025-08-11 08:49:10,636 INFO  org.apache.flink.runtime.taskexecutor.TaskManagerRunner      [] -     taskmanager.memory.network.max=359703515b
2025-08-11 08:49:10,636 INFO  org.apache.flink.runtime.taskexecutor.TaskManagerRunner      [] -     -D
2025-08-11 08:49:10,636 INFO  org.apache.flink.runtime.taskexecutor.TaskManagerRunner      [] -     taskmanager.memory.framework.heap.size=134217728b
2025-08-11 08:49:10,636 INFO  org.apache.flink.runtime.taskexecutor.TaskManagerRunner      [] -     -D
2025-08-11 08:49:10,636 INFO  org.apache.flink.runtime.taskexecutor.TaskManagerRunner      [] -     taskmanager.memory.managed.size=1438814063b
2025-08-11 08:49:10,636 INFO  org.apache.flink.runtime.taskexecutor.TaskManagerRunner      [] -     -D
2025-08-11 08:49:10,636 INFO  org.apache.flink.runtime.taskexecutor.TaskManagerRunner      [] -     taskmanager.memory.task.heap.size=1530082070b
2025-08-11 08:49:10,636 INFO  org.apache.flink.runtime.taskexecutor.TaskManagerRunner      [] -     -D
2025-08-11 08:49:10,636 INFO  org.apache.flink.runtime.taskexecutor.TaskManagerRunner      [] -     taskmanager.numberOfTaskSlots=4
2025-08-11 08:49:10,636 INFO  org.apache.flink.runtime.taskexecutor.TaskManagerRunner      [] -     -D
2025-08-11 08:49:10,636 INFO  org.apache.flink.runtime.taskexecutor.TaskManagerRunner      [] -     taskmanager.memory.jvm-overhead.max=429496736b
2025-08-11 08:49:10,637 INFO  org.apache.flink.runtime.taskexecutor.TaskManagerRunner      [] -  Classpath: /workspace/flink-setup/flink/lib/flink-cep-1.17.0.jar:/workspace/flink-setup/flink/lib/flink-connector-files-1.17.0.jar:/workspace/flink-setup/flink/lib/flink-csv-1.17.0.jar:/workspace/flink-setup/flink/lib/flink-json-1.17.0.jar:/workspace/flink-setup/flink/lib/flink-scala_2.12-1.17.0.jar:/workspace/flink-setup/flink/lib/flink-table-api-java-uber-1.17.0.jar:/workspace/flink-setup/flink/lib/flink-table-planner-loader-1.17.0.jar:/workspace/flink-setup/flink/lib/flink-table-runtime-1.17.0.jar:/workspace/flink-setup/flink/lib/log4j-1.2-api-2.17.1.jar:/workspace/flink-setup/flink/lib/log4j-api-2.17.1.jar:/workspace/flink-setup/flink/lib/log4j-core-2.17.1.jar:/workspace/flink-setup/flink/lib/log4j-slf4j-impl-2.17.1.jar:/workspace/flink-setup/flink/lib/flink-dist-1.17.0.jar::::
2025-08-11 08:49:10,637 INFO  org.apache.flink.runtime.taskexecutor.TaskManagerRunner      [] - --------------------------------------------------------------------------------
2025-08-11 08:49:10,637 INFO  org.apache.flink.runtime.taskexecutor.TaskManagerRunner      [] - Registered UNIX signal handlers for [TERM, HUP, INT]
2025-08-11 08:49:10,640 INFO  org.apache.flink.runtime.taskexecutor.TaskManagerRunner      [] - Maximum number of open file descriptors is 1048576.
2025-08-11 08:49:10,646 INFO  org.apache.flink.configuration.GlobalConfiguration           [] - Loading configuration property: taskmanager.memory.process.size, 4096m
2025-08-11 08:49:10,646 INFO  org.apache.flink.configuration.GlobalConfiguration           [] - Loading configuration property: env.java.opts.jobmanager, -Dfile.encoding=UTF-8 -Dsun.jnu.encoding=UTF-8
2025-08-11 08:49:10,646 INFO  org.apache.flink.configuration.GlobalConfiguration           [] - Loading configuration property: taskmanager.bind-host, localhost
2025-08-11 08:49:10,646 INFO  org.apache.flink.configuration.GlobalConfiguration           [] - Loading configuration property: env.java.opts, -Dfile.encoding=UTF-8 -Dsun.jnu.encoding=UTF-8
2025-08-11 08:49:10,647 INFO  org.apache.flink.configuration.GlobalConfiguration           [] - Loading configuration property: jobmanager.rpc.address, localhost
2025-08-11 08:49:10,647 INFO  org.apache.flink.configuration.GlobalConfiguration           [] - Loading configuration property: jobmanager.memory.process.size, 2048m
2025-08-11 08:49:10,648 INFO  org.apache.flink.configuration.GlobalConfiguration           [] - Loading configuration property: jobmanager.rpc.port, 6123
2025-08-11 08:49:10,648 INFO  org.apache.flink.configuration.GlobalConfiguration           [] - Loading configuration property: rest.bind-address, 0.0.0.0
2025-08-11 08:49:10,648 INFO  org.apache.flink.configuration.GlobalConfiguration           [] - Loading configuration property: rest.port, 8081
2025-08-11 08:49:10,648 INFO  org.apache.flink.configuration.GlobalConfiguration           [] - Loading configuration property: execution.checkpointing.interval, 30s
2025-08-11 08:49:10,648 INFO  org.apache.flink.configuration.GlobalConfiguration           [] - Loading configuration property: jobmanager.bind-host, localhost
2025-08-11 08:49:10,649 INFO  org.apache.flink.configuration.GlobalConfiguration           [] - Loading configuration property: parallelism.default, 1
2025-08-11 08:49:10,649 INFO  org.apache.flink.configuration.GlobalConfiguration           [] - Loading configuration property: taskmanager.numberOfTaskSlots, 4
2025-08-11 08:49:10,649 INFO  org.apache.flink.configuration.GlobalConfiguration           [] - Loading configuration property: taskmanager.memory.managed.fraction, 0.4
2025-08-11 08:49:10,649 INFO  org.apache.flink.configuration.GlobalConfiguration           [] - Loading configuration property: rest.address, 0.0.0.0
2025-08-11 08:49:10,649 INFO  org.apache.flink.configuration.GlobalConfiguration           [] - Loading configuration property: cluster.evenly-spread-out-slots, true
2025-08-11 08:49:10,649 INFO  org.apache.flink.configuration.GlobalConfiguration           [] - Loading configuration property: state.backend, filesystem
2025-08-11 08:49:10,649 INFO  org.apache.flink.configuration.GlobalConfiguration           [] - Loading configuration property: execution.checkpointing.min-pause, 5s
2025-08-11 08:49:10,649 INFO  org.apache.flink.configuration.GlobalConfiguration           [] - Loading configuration property: jobmanager.memory.jvm-metaspace.size, 256m
2025-08-11 08:49:10,649 INFO  org.apache.flink.configuration.GlobalConfiguration           [] - Loading configuration property: env.java.opts.taskmanager, -Dfile.encoding=UTF-8 -Dsun.jnu.encoding=UTF-8
2025-08-11 08:49:10,649 INFO  org.apache.flink.configuration.GlobalConfiguration           [] - Loading configuration property: state.checkpoints.dir, file:///workspace/logs/flink-checkpoints
2025-08-11 08:49:10,649 INFO  org.apache.flink.configuration.GlobalConfiguration           [] - Loading dynamic configuration property: taskmanager.memory.network.min, 359703515b
2025-08-11 08:49:10,649 INFO  org.apache.flink.configuration.GlobalConfiguration           [] - Loading dynamic configuration property: taskmanager.memory.jvm-metaspace.size, 268435456b
2025-08-11 08:49:10,649 INFO  org.apache.flink.configuration.GlobalConfiguration           [] - Loading dynamic configuration property: taskmanager.memory.task.off-heap.size, 0b
2025-08-11 08:49:10,649 INFO  org.apache.flink.configuration.GlobalConfiguration           [] - Loading dynamic configuration property: taskmanager.cpu.cores, 4.0
2025-08-11 08:49:10,649 INFO  org.apache.flink.configuration.GlobalConfiguration           [] - Loading dynamic configuration property: external-resources, none
2025-08-11 08:49:10,649 INFO  org.apache.flink.configuration.GlobalConfiguration           [] - Loading dynamic configuration property: taskmanager.memory.jvm-overhead.min, 429496736b
2025-08-11 08:49:10,649 INFO  org.apache.flink.configuration.GlobalConfiguration           [] - Loading dynamic configuration property: taskmanager.memory.framework.off-heap.size, 134217728b
2025-08-11 08:49:10,650 INFO  org.apache.flink.configuration.GlobalConfiguration           [] - Loading dynamic configuration property: taskmanager.memory.network.max, 359703515b
2025-08-11 08:49:10,650 INFO  org.apache.flink.configuration.GlobalConfiguration           [] - Loading dynamic configuration property: taskmanager.memory.framework.heap.size, 134217728b
2025-08-11 08:49:10,650 INFO  org.apache.flink.configuration.GlobalConfiguration           [] - Loading dynamic configuration property: taskmanager.memory.managed.size, 1438814063b
2025-08-11 08:49:10,650 INFO  org.apache.flink.configuration.GlobalConfiguration           [] - Loading dynamic configuration property: taskmanager.memory.task.heap.size, 1530082070b
2025-08-11 08:49:10,650 INFO  org.apache.flink.configuration.GlobalConfiguration           [] - Loading dynamic configuration property: taskmanager.numberOfTaskSlots, 4
2025-08-11 08:49:10,650 INFO  org.apache.flink.configuration.GlobalConfiguration           [] - Loading dynamic configuration property: taskmanager.memory.jvm-overhead.max, 429496736b
2025-08-11 08:49:10,682 INFO  org.apache.flink.core.fs.FileSystem                          [] - Hadoop is not in the classpath/dependencies. The extended set of supported File Systems via Hadoop is not available.
2025-08-11 08:49:10,695 INFO  org.apache.flink.core.plugin.DefaultPluginManager            [] - Plugin loader with ID not found, creating it: metrics-prometheus
2025-08-11 08:49:10,699 INFO  org.apache.flink.core.plugin.DefaultPluginManager            [] - Plugin loader with ID not found, creating it: metrics-slf4j
2025-08-11 08:49:10,699 INFO  org.apache.flink.core.plugin.DefaultPluginManager            [] - Plugin loader with ID not found, creating it: metrics-influx
2025-08-11 08:49:10,699 INFO  org.apache.flink.core.plugin.DefaultPluginManager            [] - Plugin loader with ID not found, creating it: metrics-datadog
2025-08-11 08:49:10,699 INFO  org.apache.flink.core.plugin.DefaultPluginManager            [] - Plugin loader with ID not found, creating it: external-resource-gpu
2025-08-11 08:49:10,700 INFO  org.apache.flink.core.plugin.DefaultPluginManager            [] - Plugin loader with ID not found, creating it: metrics-graphite
2025-08-11 08:49:10,700 INFO  org.apache.flink.core.plugin.DefaultPluginManager            [] - Plugin loader with ID not found, creating it: metrics-statsd
2025-08-11 08:49:10,700 INFO  org.apache.flink.core.plugin.DefaultPluginManager            [] - Plugin loader with ID not found, creating it: metrics-jmx
2025-08-11 08:49:10,716 INFO  org.apache.flink.runtime.state.changelog.StateChangelogStorageLoader [] - StateChangelogStorageLoader initialized with shortcut names {memory,filesystem}.
2025-08-11 08:49:10,717 INFO  org.apache.flink.core.plugin.DefaultPluginManager            [] - Plugin loader with ID found, reusing it: metrics-prometheus
2025-08-11 08:49:10,717 INFO  org.apache.flink.core.plugin.DefaultPluginManager            [] - Plugin loader with ID found, reusing it: metrics-slf4j
2025-08-11 08:49:10,717 INFO  org.apache.flink.core.plugin.DefaultPluginManager            [] - Plugin loader with ID found, reusing it: metrics-influx
2025-08-11 08:49:10,717 INFO  org.apache.flink.core.plugin.DefaultPluginManager            [] - Plugin loader with ID found, reusing it: metrics-datadog
2025-08-11 08:49:10,717 INFO  org.apache.flink.core.plugin.DefaultPluginManager            [] - Plugin loader with ID found, reusing it: external-resource-gpu
2025-08-11 08:49:10,717 INFO  org.apache.flink.core.plugin.DefaultPluginManager            [] - Plugin loader with ID found, reusing it: metrics-graphite
2025-08-11 08:49:10,717 INFO  org.apache.flink.core.plugin.DefaultPluginManager            [] - Plugin loader with ID found, reusing it: metrics-statsd
2025-08-11 08:49:10,717 INFO  org.apache.flink.core.plugin.DefaultPluginManager            [] - Plugin loader with ID found, reusing it: metrics-jmx
2025-08-11 08:49:10,718 INFO  org.apache.flink.runtime.state.changelog.StateChangelogStorageLoader [] - StateChangelogStorageLoader initialized with shortcut names {memory,filesystem}.
2025-08-11 08:49:10,732 INFO  org.apache.flink.runtime.security.modules.HadoopModuleFactory [] - Cannot create Hadoop Security Module because Hadoop cannot be found in the Classpath.
2025-08-11 08:49:10,745 INFO  org.apache.flink.runtime.security.modules.JaasModule         [] - Jaas file will be created as /tmp/jaas-18224833074344132742.conf.
2025-08-11 08:49:10,750 INFO  org.apache.flink.runtime.security.contexts.HadoopSecurityContextFactory [] - Cannot install HadoopSecurityContext because Hadoop cannot be found in the Classpath.
2025-08-11 08:49:11,088 INFO  org.apache.flink.runtime.util.LeaderRetrievalUtils           [] - Trying to select the network interface and address to use by connecting to the leading JobManager.
2025-08-11 08:49:11,089 INFO  org.apache.flink.runtime.util.LeaderRetrievalUtils           [] - TaskManager will try to connect for PT10S before falling back to heuristics
2025-08-11 08:49:11,254 INFO  org.apache.flink.runtime.taskexecutor.TaskManagerRunner      [] - TaskManager will use hostname/address 'gpu02' (127.0.0.1) for communication.
2025-08-11 08:49:11,278 INFO  org.apache.flink.runtime.rpc.akka.AkkaRpcServiceUtils        [] - Trying to start actor system, external address 127.0.0.1:0, bind address localhost:0.
2025-08-11 08:49:11,612 INFO  akka.event.slf4j.Slf4jLogger                                 [] - Slf4jLogger started
2025-08-11 08:49:11,632 INFO  akka.remote.RemoteActorRefProvider                           [] - Akka Cluster not in use - enabling unsafe features anyway because `akka.remote.use-unsafe-remote-features-outside-cluster` has been enabled.
2025-08-11 08:49:11,632 INFO  akka.remote.Remoting                                         [] - Starting remoting
2025-08-11 08:49:11,759 INFO  akka.remote.Remoting                                         [] - Remoting started; listening on addresses :[akka.tcp://flink@127.0.0.1:31799]
2025-08-11 08:49:11,855 INFO  org.apache.flink.runtime.rpc.akka.AkkaRpcServiceUtils        [] - Actor system started at akka.tcp://flink@127.0.0.1:31799
2025-08-11 08:49:11,870 INFO  org.apache.flink.runtime.taskexecutor.TaskManagerRunner      [] - Using working directory: WorkingDirectory(/tmp/tm_127.0.0.1:31799-30ac9c)
2025-08-11 08:49:11,877 INFO  org.apache.flink.runtime.metrics.MetricRegistryImpl          [] - No metrics reporter configured, no metrics will be exposed/reported.
2025-08-11 08:49:11,880 INFO  org.apache.flink.runtime.rpc.akka.AkkaRpcServiceUtils        [] - Trying to start actor system, external address 127.0.0.1:0, bind address localhost:0.
2025-08-11 08:49:11,898 INFO  akka.event.slf4j.Slf4jLogger                                 [] - Slf4jLogger started
2025-08-11 08:49:11,902 INFO  akka.remote.RemoteActorRefProvider                           [] - Akka Cluster not in use - enabling unsafe features anyway because `akka.remote.use-unsafe-remote-features-outside-cluster` has been enabled.
2025-08-11 08:49:11,902 INFO  akka.remote.Remoting                                         [] - Starting remoting
2025-08-11 08:49:11,915 INFO  akka.remote.Remoting                                         [] - Remoting started; listening on addresses :[akka.tcp://flink-metrics@127.0.0.1:22479]
2025-08-11 08:49:11,923 INFO  org.apache.flink.runtime.rpc.akka.AkkaRpcServiceUtils        [] - Actor system started at akka.tcp://flink-metrics@127.0.0.1:22479
2025-08-11 08:49:11,937 INFO  org.apache.flink.runtime.rpc.akka.AkkaRpcService             [] - Starting RPC endpoint for org.apache.flink.runtime.metrics.dump.MetricQueryService at akka://flink-metrics/user/rpc/MetricQueryService_127.0.0.1:31799-30ac9c .
2025-08-11 08:49:11,950 INFO  org.apache.flink.runtime.blob.PermanentBlobCache             [] - Created BLOB cache storage directory /tmp/tm_127.0.0.1:31799-30ac9c/blobStorage
2025-08-11 08:49:11,955 INFO  org.apache.flink.runtime.blob.TransientBlobCache             [] - Created BLOB cache storage directory /tmp/tm_127.0.0.1:31799-30ac9c/blobStorage
2025-08-11 08:49:11,958 INFO  org.apache.flink.runtime.externalresource.ExternalResourceUtils [] - Enabled external resources: []
2025-08-11 08:49:11,959 INFO  org.apache.flink.runtime.security.token.DelegationTokenReceiverRepository [] - Loading delegation token receivers
2025-08-11 08:49:11,963 INFO  org.apache.flink.runtime.security.token.DelegationTokenReceiverRepository [] - Delegation token receiver hadoopfs loaded and initialized
2025-08-11 08:49:11,963 INFO  org.apache.flink.runtime.security.token.DelegationTokenReceiverRepository [] - Delegation token receiver hbase loaded and initialized
2025-08-11 08:49:11,963 INFO  org.apache.flink.core.plugin.DefaultPluginManager            [] - Plugin loader with ID found, reusing it: metrics-prometheus
2025-08-11 08:49:11,963 INFO  org.apache.flink.core.plugin.DefaultPluginManager            [] - Plugin loader with ID found, reusing it: metrics-slf4j
2025-08-11 08:49:11,963 INFO  org.apache.flink.core.plugin.DefaultPluginManager            [] - Plugin loader with ID found, reusing it: metrics-influx
2025-08-11 08:49:11,963 INFO  org.apache.flink.core.plugin.DefaultPluginManager            [] - Plugin loader with ID found, reusing it: metrics-datadog
2025-08-11 08:49:11,963 INFO  org.apache.flink.core.plugin.DefaultPluginManager            [] - Plugin loader with ID found, reusing it: external-resource-gpu
2025-08-11 08:49:11,964 INFO  org.apache.flink.core.plugin.DefaultPluginManager            [] - Plugin loader with ID found, reusing it: metrics-graphite
2025-08-11 08:49:11,964 INFO  org.apache.flink.core.plugin.DefaultPluginManager            [] - Plugin loader with ID found, reusing it: metrics-statsd
2025-08-11 08:49:11,964 INFO  org.apache.flink.core.plugin.DefaultPluginManager            [] - Plugin loader with ID found, reusing it: metrics-jmx
2025-08-11 08:49:11,964 INFO  org.apache.flink.runtime.security.token.DelegationTokenReceiverRepository [] - Delegation token receivers loaded successfully
2025-08-11 08:49:11,964 INFO  org.apache.flink.runtime.taskexecutor.TaskManagerRunner      [] - Starting TaskManager with ResourceID: 127.0.0.1:31799-30ac9c
2025-08-11 08:49:11,980 INFO  org.apache.flink.runtime.taskexecutor.TaskManagerServices    [] - Temporary file directory '/tmp': total 1758 GB, usable 31 GB (1.76% usable)
2025-08-11 08:49:11,983 INFO  org.apache.flink.runtime.io.disk.iomanager.IOManager         [] - Created a new FileChannelManager for spilling of task related data to disk (joins, sorting, ...). Used directories:
	/tmp/flink-io-7c990ba6-222b-49a9-a364-9778cd32ddd5
2025-08-11 08:49:11,989 INFO  org.apache.flink.runtime.io.network.netty.NettyConfig        [] - NettyConfig [server address: localhost/127.0.0.1, server port: 0, ssl enabled: false, memory segment size (bytes): 32768, transport type: AUTO, number of server threads: 4 (manual), number of client threads: 4 (manual), server connect backlog: 0 (use Netty's default), client connect timeout (sec): 120, send/receive buffer size (bytes): 0 (use Netty's default)]
2025-08-11 08:49:12,043 INFO  org.apache.flink.runtime.io.network.NettyShuffleServiceFactory [] - Created a new FileChannelManager for storing result partitions of BLOCKING shuffles. Used directories:
	/tmp/flink-netty-shuffle-7a296667-45fc-4efc-a313-29e5efa60143
2025-08-11 08:49:12,248 INFO  org.apache.flink.runtime.io.network.buffer.NetworkBufferPool [] - Allocated 343 MB for network buffer pool (number of memory segments: 10977, bytes per segment: 32768).
2025-08-11 08:49:12,259 INFO  org.apache.flink.runtime.io.network.NettyShuffleEnvironment  [] - Starting the network environment and its components.
2025-08-11 08:49:12,308 INFO  org.apache.flink.runtime.io.network.netty.NettyClient        [] - Transport type 'auto': using EPOLL.
2025-08-11 08:49:12,310 INFO  org.apache.flink.runtime.io.network.netty.NettyClient        [] - Successful initialization (took 50 ms).
2025-08-11 08:49:12,314 INFO  org.apache.flink.runtime.io.network.netty.NettyServer        [] - Transport type 'auto': using EPOLL.
2025-08-11 08:49:12,375 INFO  org.apache.flink.runtime.io.network.netty.NettyServer        [] - Successful initialization (took 63 ms). Listening on SocketAddress /127.0.0.1:18089.
2025-08-11 08:49:12,376 INFO  org.apache.flink.runtime.taskexecutor.KvStateService         [] - Starting the kvState service and its components.
2025-08-11 08:49:12,401 INFO  org.apache.flink.runtime.rpc.akka.AkkaRpcService             [] - Starting RPC endpoint for org.apache.flink.runtime.taskexecutor.TaskExecutor at akka://flink/user/rpc/taskmanager_0 .
2025-08-11 08:49:12,418 INFO  org.apache.flink.runtime.taskexecutor.DefaultJobLeaderService [] - Start job leader service.
2025-08-11 08:49:12,420 INFO  org.apache.flink.runtime.filecache.FileCache                 [] - User file cache uses directory /tmp/flink-dist-cache-6cff6517-f97a-4a2a-9a63-4dc9ac7fab8f
2025-08-11 08:49:12,423 INFO  org.apache.flink.runtime.taskexecutor.TaskExecutor           [] - Connecting to ResourceManager akka.tcp://flink@localhost:6123/user/rpc/resourcemanager_*(00000000000000000000000000000000).
2025-08-11 08:49:12,640 INFO  org.apache.flink.runtime.taskexecutor.TaskExecutor           [] - Resolved ResourceManager address, beginning registration
2025-08-11 08:49:12,758 INFO  org.apache.flink.runtime.taskexecutor.TaskExecutor           [] - Successful registration at resource manager akka.tcp://flink@localhost:6123/user/rpc/resourcemanager_* under registration id 255a2c6d0c4e45f449a7c6b6634f94eb.
2025-08-11 08:49:19,865 INFO  org.apache.flink.runtime.taskexecutor.TaskExecutor           [] - Receive slot request 748a3ca7e9e0e3bf0b467893be5bc88e for job f22ba73c19e297afd240dfb7cffadd2a from resource manager with leader id 00000000000000000000000000000000.
2025-08-11 08:49:19,869 INFO  org.apache.flink.runtime.taskexecutor.TaskExecutor           [] - Allocated slot for 748a3ca7e9e0e3bf0b467893be5bc88e.
2025-08-11 08:49:19,870 INFO  org.apache.flink.runtime.taskexecutor.DefaultJobLeaderService [] - Add job f22ba73c19e297afd240dfb7cffadd2a for job leader monitoring.
2025-08-11 08:49:19,871 INFO  org.apache.flink.runtime.taskexecutor.DefaultJobLeaderService [] - Try to register at job manager akka.tcp://flink@localhost:6123/user/rpc/jobmanager_2 with leader id 00000000-0000-0000-0000-000000000000.
2025-08-11 08:49:19,877 INFO  org.apache.flink.runtime.taskexecutor.TaskExecutor           [] - Receive slot request 894c699286534bf6c47052398f5cfe47 for job f22ba73c19e297afd240dfb7cffadd2a from resource manager with leader id 00000000000000000000000000000000.
2025-08-11 08:49:19,877 INFO  org.apache.flink.runtime.taskexecutor.TaskExecutor           [] - Allocated slot for 894c699286534bf6c47052398f5cfe47.
2025-08-11 08:49:19,890 INFO  org.apache.flink.runtime.taskexecutor.DefaultJobLeaderService [] - Resolved JobManager address, beginning registration
2025-08-11 08:49:19,919 INFO  org.apache.flink.runtime.taskexecutor.DefaultJobLeaderService [] - Successful registration at job manager akka.tcp://flink@localhost:6123/user/rpc/jobmanager_2 for job f22ba73c19e297afd240dfb7cffadd2a.
2025-08-11 08:49:19,920 INFO  org.apache.flink.runtime.taskexecutor.TaskExecutor           [] - Establish JobManager connection for job f22ba73c19e297afd240dfb7cffadd2a.
2025-08-11 08:49:19,921 INFO  org.apache.flink.runtime.taskexecutor.TaskExecutor           [] - Offer reserved slots to the leader of job f22ba73c19e297afd240dfb7cffadd2a.
2025-08-11 08:49:19,967 INFO  org.apache.flink.runtime.taskexecutor.slot.TaskSlotTableImpl [] - Activate slot 748a3ca7e9e0e3bf0b467893be5bc88e.
2025-08-11 08:49:19,986 INFO  org.apache.flink.runtime.state.changelog.StateChangelogStorageLoader [] - Creating a changelog storage with name 'memory'.
2025-08-11 08:49:19,993 INFO  org.apache.flink.runtime.state.TaskExecutorChannelStateExecutorFactoryManager [] - Creating the channel state executor factory for job id f22ba73c19e297afd240dfb7cffadd2a
2025-08-11 08:49:20,002 INFO  org.apache.flink.runtime.taskexecutor.TaskExecutor           [] - Received task Source: Request Source (1/1)#0 (b0f868e4fe74834859e03597148e437f_bc764cd8ddf7a0cff126f51c16239658_0_0), deploy into slot with allocation id 748a3ca7e9e0e3bf0b467893be5bc88e.
2025-08-11 08:49:20,003 INFO  org.apache.flink.runtime.taskmanager.Task                    [] - Source: Request Source (1/1)#0 (b0f868e4fe74834859e03597148e437f_bc764cd8ddf7a0cff126f51c16239658_0_0) switched from CREATED to DEPLOYING.
2025-08-11 08:49:20,004 INFO  org.apache.flink.runtime.taskexecutor.slot.TaskSlotTableImpl [] - Activate slot 748a3ca7e9e0e3bf0b467893be5bc88e.
2025-08-11 08:49:20,009 INFO  org.apache.flink.runtime.taskmanager.Task                    [] - Loading JAR files for task Source: Request Source (1/1)#0 (b0f868e4fe74834859e03597148e437f_bc764cd8ddf7a0cff126f51c16239658_0_0) [DEPLOYING].
2025-08-11 08:49:20,014 INFO  org.apache.flink.runtime.blob.BlobClient                     [] - Downloading f22ba73c19e297afd240dfb7cffadd2a/p-94722ad655cd8c35374203f466a2c8e86903fe4c-702c3731035f5d6a1d91982d604011ee from localhost/127.0.0.1:12269
2025-08-11 08:49:20,027 INFO  org.apache.flink.runtime.taskexecutor.TaskExecutor           [] - Received task Multi-GPU Inference Processor -> Sink: Multi-GPU Monitor Sink (1/2)#0 (b0f868e4fe74834859e03597148e437f_20ba6b65f97481d5570070de90e4e791_0_0), deploy into slot with allocation id 748a3ca7e9e0e3bf0b467893be5bc88e.
2025-08-11 08:49:20,029 INFO  org.apache.flink.runtime.taskexecutor.slot.TaskSlotTableImpl [] - Activate slot 894c699286534bf6c47052398f5cfe47.
2025-08-11 08:49:20,029 INFO  org.apache.flink.runtime.taskmanager.Task                    [] - Multi-GPU Inference Processor -> Sink: Multi-GPU Monitor Sink (1/2)#0 (b0f868e4fe74834859e03597148e437f_20ba6b65f97481d5570070de90e4e791_0_0) switched from CREATED to DEPLOYING.
2025-08-11 08:49:20,030 INFO  org.apache.flink.runtime.taskmanager.Task                    [] - Loading JAR files for task Multi-GPU Inference Processor -> Sink: Multi-GPU Monitor Sink (1/2)#0 (b0f868e4fe74834859e03597148e437f_20ba6b65f97481d5570070de90e4e791_0_0) [DEPLOYING].
2025-08-11 08:49:20,036 INFO  org.apache.flink.runtime.taskexecutor.TaskExecutor           [] - Received task Multi-GPU Inference Processor -> Sink: Multi-GPU Monitor Sink (2/2)#0 (b0f868e4fe74834859e03597148e437f_20ba6b65f97481d5570070de90e4e791_1_0), deploy into slot with allocation id 894c699286534bf6c47052398f5cfe47.
2025-08-11 08:49:20,037 INFO  org.apache.flink.runtime.taskexecutor.slot.TaskSlotTableImpl [] - Activate slot 894c699286534bf6c47052398f5cfe47.
2025-08-11 08:49:20,037 INFO  org.apache.flink.runtime.taskexecutor.slot.TaskSlotTableImpl [] - Activate slot 748a3ca7e9e0e3bf0b467893be5bc88e.
2025-08-11 08:49:20,037 INFO  org.apache.flink.runtime.taskmanager.Task                    [] - Multi-GPU Inference Processor -> Sink: Multi-GPU Monitor Sink (2/2)#0 (b0f868e4fe74834859e03597148e437f_20ba6b65f97481d5570070de90e4e791_1_0) switched from CREATED to DEPLOYING.
2025-08-11 08:49:20,039 INFO  org.apache.flink.runtime.taskmanager.Task                    [] - Loading JAR files for task Multi-GPU Inference Processor -> Sink: Multi-GPU Monitor Sink (2/2)#0 (b0f868e4fe74834859e03597148e437f_20ba6b65f97481d5570070de90e4e791_1_0) [DEPLOYING].
2025-08-11 08:49:20,096 INFO  org.apache.flink.streaming.runtime.tasks.StreamTask          [] - Using job/cluster config to configure application-defined state backend: org.apache.flink.runtime.state.hashmap.HashMapStateBackend@7bdc9b69
2025-08-11 08:49:20,096 INFO  org.apache.flink.streaming.runtime.tasks.StreamTask          [] - Using job/cluster config to configure application-defined state backend: org.apache.flink.runtime.state.hashmap.HashMapStateBackend@44146e97
2025-08-11 08:49:20,096 INFO  org.apache.flink.streaming.runtime.tasks.StreamTask          [] - Using job/cluster config to configure application-defined state backend: org.apache.flink.runtime.state.hashmap.HashMapStateBackend@6159331c
2025-08-11 08:49:20,097 INFO  org.apache.flink.streaming.runtime.tasks.StreamTask          [] - Using application-defined state backend: org.apache.flink.runtime.state.hashmap.HashMapStateBackend@379a8b52
2025-08-11 08:49:20,097 INFO  org.apache.flink.streaming.runtime.tasks.StreamTask          [] - Using application-defined state backend: org.apache.flink.runtime.state.hashmap.HashMapStateBackend@68afff16
2025-08-11 08:49:20,097 INFO  org.apache.flink.runtime.state.StateBackendLoader            [] - State backend loader loads the state backend as HashMapStateBackend
2025-08-11 08:49:20,097 INFO  org.apache.flink.runtime.state.StateBackendLoader            [] - State backend loader loads the state backend as HashMapStateBackend
2025-08-11 08:49:20,097 INFO  org.apache.flink.streaming.runtime.tasks.StreamTask          [] - Using application-defined state backend: org.apache.flink.runtime.state.hashmap.HashMapStateBackend@7a355f1
2025-08-11 08:49:20,097 INFO  org.apache.flink.runtime.state.StateBackendLoader            [] - State backend loader loads the state backend as HashMapStateBackend
2025-08-11 08:49:20,109 INFO  org.apache.flink.streaming.runtime.tasks.StreamTask          [] - Using job/cluster config to configure application-defined checkpoint storage: org.apache.flink.runtime.state.storage.FileSystemCheckpointStorage@200dd9d5
2025-08-11 08:49:20,109 INFO  org.apache.flink.streaming.runtime.tasks.StreamTask          [] - Using job/cluster config to configure application-defined checkpoint storage: org.apache.flink.runtime.state.storage.FileSystemCheckpointStorage@200dd9d5
2025-08-11 08:49:20,109 INFO  org.apache.flink.streaming.runtime.tasks.StreamTask          [] - Using job/cluster config to configure application-defined checkpoint storage: org.apache.flink.runtime.state.storage.FileSystemCheckpointStorage@200dd9d5
2025-08-11 08:49:20,122 INFO  org.apache.flink.runtime.taskmanager.Task                    [] - Multi-GPU Inference Processor -> Sink: Multi-GPU Monitor Sink (2/2)#0 (b0f868e4fe74834859e03597148e437f_20ba6b65f97481d5570070de90e4e791_1_0) switched from DEPLOYING to INITIALIZING.
2025-08-11 08:49:20,122 INFO  org.apache.flink.runtime.taskmanager.Task                    [] - Multi-GPU Inference Processor -> Sink: Multi-GPU Monitor Sink (1/2)#0 (b0f868e4fe74834859e03597148e437f_20ba6b65f97481d5570070de90e4e791_0_0) switched from DEPLOYING to INITIALIZING.
2025-08-11 08:49:20,123 INFO  org.apache.flink.runtime.taskmanager.Task                    [] - Source: Request Source (1/1)#0 (b0f868e4fe74834859e03597148e437f_bc764cd8ddf7a0cff126f51c16239658_0_0) switched from DEPLOYING to INITIALIZING.
2025-08-11 08:49:20,218 INFO  org.apache.flink.runtime.taskmanager.Task                    [] - Source: Request Source (1/1)#0 (b0f868e4fe74834859e03597148e437f_bc764cd8ddf7a0cff126f51c16239658_0_0) switched from INITIALIZING to RUNNING.
2025-08-11 08:49:20,219 INFO  com.infertuner.processors.GPUInferenceProcessor              [] - Task 1 启动，绑定到 GPU 1
2025-08-11 08:49:20,219 INFO  com.infertuner.processors.GPUInferenceProcessor              [] - Task 0 启动，绑定到 GPU 0
2025-08-11 08:49:20,224 INFO  com.infertuner.sources.BasicRequestSource                    [] - 开始生成 50 个测试请求，间隔 500ms
2025-08-11 08:49:20,228 INFO  com.infertuner.sources.BasicRequestSource                    [] - 生成请求 1/50: req_000
2025-08-11 08:49:20,319 INFO  com.infertuner.processors.GPUInferenceProcessor              [] - 启动 GPU 0 推理服务...
2025-08-11 08:49:20,319 INFO  com.infertuner.processors.GPUInferenceProcessor              [] - 启动 GPU 1 推理服务...
2025-08-11 08:49:20,325 INFO  com.infertuner.processors.GPUInferenceProcessor              [] - 等待 GPU 0 服务初始化...
2025-08-11 08:49:20,326 INFO  com.infertuner.processors.GPUInferenceProcessor              [] - 等待 GPU 1 服务初始化...
2025-08-11 08:49:20,729 INFO  com.infertuner.sources.BasicRequestSource                    [] - 生成请求 2/50: req_001
2025-08-11 08:49:21,230 INFO  com.infertuner.sources.BasicRequestSource                    [] - 生成请求 3/50: req_002
2025-08-11 08:49:21,732 INFO  com.infertuner.sources.BasicRequestSource                    [] - 生成请求 4/50: req_003
2025-08-11 08:49:22,233 INFO  com.infertuner.sources.BasicRequestSource                    [] - 生成请求 5/50: req_004
2025-08-11 08:49:22,733 INFO  com.infertuner.sources.BasicRequestSource                    [] - 生成请求 6/50: req_005
2025-08-11 08:49:23,234 INFO  com.infertuner.sources.BasicRequestSource                    [] - 生成请求 7/50: req_006
2025-08-11 08:49:23,735 INFO  com.infertuner.sources.BasicRequestSource                    [] - 生成请求 8/50: req_007
2025-08-11 08:49:24,235 INFO  com.infertuner.sources.BasicRequestSource                    [] - 生成请求 9/50: req_008
2025-08-11 08:49:24,736 INFO  com.infertuner.sources.BasicRequestSource                    [] - 生成请求 10/50: req_009
2025-08-11 08:49:25,237 INFO  com.infertuner.sources.BasicRequestSource                    [] - 生成请求 11/50: req_010
2025-08-11 08:49:25,738 INFO  com.infertuner.sources.BasicRequestSource                    [] - 生成请求 12/50: req_011
2025-08-11 08:49:26,238 INFO  com.infertuner.sources.BasicRequestSource                    [] - 生成请求 13/50: req_012
2025-08-11 08:49:26,739 INFO  com.infertuner.sources.BasicRequestSource                    [] - 生成请求 14/50: req_013
2025-08-11 08:49:27,240 INFO  com.infertuner.sources.BasicRequestSource                    [] - 生成请求 15/50: req_014
2025-08-11 08:49:27,741 INFO  com.infertuner.sources.BasicRequestSource                    [] - 生成请求 16/50: req_015
2025-08-11 08:49:28,242 INFO  com.infertuner.sources.BasicRequestSource                    [] - 生成请求 17/50: req_016
2025-08-11 08:49:28,326 INFO  com.infertuner.processors.GPUInferenceProcessor              [] - ✅ GPU 0 推理服务启动成功
2025-08-11 08:49:28,326 INFO  com.infertuner.processors.GPUInferenceProcessor              [] - GPU 0 推理服务启动完成
2025-08-11 08:49:28,327 INFO  com.infertuner.processors.GPUInferenceProcessor              [] - ✅ GPU 1 推理服务启动成功
2025-08-11 08:49:28,327 INFO  com.infertuner.processors.GPUInferenceProcessor              [] - GPU 1 推理服务启动完成
2025-08-11 08:49:28,335 INFO  org.apache.flink.runtime.taskmanager.Task                    [] - Multi-GPU Inference Processor -> Sink: Multi-GPU Monitor Sink (2/2)#0 (b0f868e4fe74834859e03597148e437f_20ba6b65f97481d5570070de90e4e791_1_0) switched from INITIALIZING to RUNNING.
2025-08-11 08:49:28,335 INFO  org.apache.flink.runtime.taskmanager.Task                    [] - Multi-GPU Inference Processor -> Sink: Multi-GPU Monitor Sink (1/2)#0 (b0f868e4fe74834859e03597148e437f_20ba6b65f97481d5570070de90e4e791_0_0) switched from INITIALIZING to RUNNING.
2025-08-11 08:49:28,743 INFO  com.infertuner.sources.BasicRequestSource                    [] - 生成请求 18/50: req_017
2025-08-11 08:49:29,244 INFO  com.infertuner.sources.BasicRequestSource                    [] - 生成请求 19/50: req_018
2025-08-11 08:49:29,693 INFO  com.infertuner.sinks.GPUMonitorSink                          [] - 结果 #1: GPU-0 | ✅ | 1308.3ms | 过拟合（Overfitting）是指模型在训练数据上表现很好，但在测试数据上表现不佳的现象。当模型在训练集上的表现过于优...
2025-08-11 08:49:29,745 INFO  com.infertuner.sources.BasicRequestSource                    [] - 生成请求 20/50: req_019
2025-08-11 08:49:30,134 INFO  com.infertuner.sinks.GPUMonitorSink                          [] - 结果 #1: GPU-0 | ✅ | 1764.2ms | 优化模型性能可以从以下几个方面进行：

1. 数据预处理：对输入数据进行清洗、归一化、标准化等操作，使其更适合模型的训练...
2025-08-11 08:49:30,236 INFO  com.infertuner.sinks.GPUMonitorSink                          [] - 结果 #2: GPU-0 | ✅ | 541.0ms | 过拟合（Overfitting）是指在训练模型时，模型过于复杂或者参数过多，以至于它过度适应了训练数据中的噪声和特征的组...
2025-08-11 08:49:30,245 INFO  com.infertuner.sources.BasicRequestSource                    [] - 生成请求 21/50: req_020
2025-08-11 08:49:30,746 INFO  com.infertuner.sources.BasicRequestSource                    [] - 生成请求 22/50: req_021
2025-08-11 08:49:31,083 INFO  com.infertuner.sinks.GPUMonitorSink                          [] - 结果 #3: GPU-0 | ✅ | 845.2ms | 过拟合是指在训练模型时，模型过度地学习了输入数据的噪声和特征之间的关系，导致在新数据上的预测性能较差的现象。简单来说，当...
2025-08-11 08:49:31,247 INFO  com.infertuner.sources.BasicRequestSource                    [] - 生成请求 23/50: req_022
2025-08-11 08:49:31,307 INFO  com.infertuner.sinks.GPUMonitorSink                          [] - 结果 #2: GPU-0 | ✅ | 1171.5ms | 机器学习是一种人工智能技术，它通过从数据中自动学习规律和模式，以实现自动化决策或预测。它的目标是让计算机能够自动识别、理...
2025-08-11 08:49:31,747 INFO  com.infertuner.sources.BasicRequestSource                    [] - 生成请求 24/50: req_023
2025-08-11 08:49:32,167 INFO  com.infertuner.sinks.GPUMonitorSink                          [] - 结果 #4: GPU-0 | ✅ | 1080.8ms | 神经网络是一种基于人工智能技术的机器学习模型，它由一系列相互连接的节点（也称为“神经元”或“单元”）组成。每个节点都有一...
2025-08-11 08:49:32,248 INFO  com.infertuner.sources.BasicRequestSource                    [] - 生成请求 25/50: req_024
2025-08-11 08:49:32,497 INFO  com.infertuner.sinks.GPUMonitorSink                          [] - 结果 #3: GPU-0 | ✅ | 1187.8ms | 机器学习是一种人工智能技术，它允许计算机系统从数据中自动学习和改进其性能。它的主要目标是让计算机能够通过分析、学习和优化...
2025-08-11 08:49:32,718 INFO  com.infertuner.sinks.GPUMonitorSink                          [] - 结果 #5: GPU-0 | ✅ | 548.8ms | 机器学习是一种人工智能技术，它通过构建和训练模型，让计算机从数据中自动发现规律、模式和趋势，并从中提取知识。简单来说，机...
2025-08-11 08:49:32,749 INFO  com.infertuner.sources.BasicRequestSource                    [] - 生成请求 26/50: req_025
2025-08-11 08:49:33,250 INFO  com.infertuner.sources.BasicRequestSource                    [] - 生成请求 27/50: req_026
2025-08-11 08:49:33,568 INFO  com.infertuner.sinks.GPUMonitorSink                          [] - 结果 #4: GPU-0 | ✅ | 1069.4ms | 过拟合是指模型在训练数据集上表现良好，但在测试数据集上表现较差的现象。简单来说，当一个模型过于复杂或参数过多，以至于无法...
2025-08-11 08:49:33,751 INFO  com.infertuner.sources.BasicRequestSource                    [] - 生成请求 28/50: req_027
2025-08-11 08:49:34,251 INFO  com.infertuner.sources.BasicRequestSource                    [] - 生成请求 29/50: req_028
2025-08-11 08:49:34,380 INFO  com.infertuner.sinks.GPUMonitorSink                          [] - 结果 #5: GPU-0 | ✅ | 809.8ms | 优化模型性能通常涉及以下几个步骤：

1. 数据预处理：对原始数据进行清洗、归一化和标准化，以便于模型的训练。这包括去除...
2025-08-11 08:49:34,752 INFO  com.infertuner.sources.BasicRequestSource                    [] - 生成请求 30/50: req_029
2025-08-11 08:49:35,253 INFO  com.infertuner.sources.BasicRequestSource                    [] - 生成请求 31/50: req_030
2025-08-11 08:49:35,754 INFO  com.infertuner.sources.BasicRequestSource                    [] - 生成请求 32/50: req_031
2025-08-11 08:49:36,254 INFO  com.infertuner.sources.BasicRequestSource                    [] - 生成请求 33/50: req_032
2025-08-11 08:49:36,755 INFO  com.infertuner.sources.BasicRequestSource                    [] - 生成请求 34/50: req_033
2025-08-11 08:49:36,872 INFO  com.infertuner.sinks.GPUMonitorSink                          [] - === 整体统计 ===
2025-08-11 08:49:36,872 INFO  com.infertuner.sinks.GPUMonitorSink                          [] - 总请求: 10 | 成功: 10 (100.0%) | 平均延迟: 846.3ms | 吞吐量: 0.55 req/s
2025-08-11 08:49:36,872 INFO  com.infertuner.sinks.GPUMonitorSink                          [] - === GPU分布统计 ===
2025-08-11 08:49:36,872 INFO  com.infertuner.sinks.GPUMonitorSink                          [] - GPU-0: 请求=10 | 成功率=100.0% | 平均延迟=846.3ms | 吞吐量=0.55 req/s
2025-08-11 08:49:36,872 INFO  com.infertuner.sinks.GPUMonitorSink                          [] - ========================
2025-08-11 08:49:37,256 INFO  com.infertuner.sources.BasicRequestSource                    [] - 生成请求 35/50: req_034
2025-08-11 08:49:37,756 INFO  com.infertuner.sources.BasicRequestSource                    [] - 生成请求 36/50: req_035
2025-08-11 08:49:38,257 INFO  com.infertuner.sources.BasicRequestSource                    [] - 生成请求 37/50: req_036
2025-08-11 08:49:38,758 INFO  com.infertuner.sources.BasicRequestSource                    [] - 生成请求 38/50: req_037
2025-08-11 08:49:39,258 INFO  com.infertuner.sources.BasicRequestSource                    [] - 生成请求 39/50: req_038
2025-08-11 08:49:39,325 INFO  com.infertuner.sinks.GPUMonitorSink                          [] - === 整体统计 ===
2025-08-11 08:49:39,325 INFO  com.infertuner.sinks.GPUMonitorSink                          [] - 总请求: 10 | 成功: 10 (100.0%) | 平均延迟: 1093.3ms | 吞吐量: 0.49 req/s
2025-08-11 08:49:39,325 INFO  com.infertuner.sinks.GPUMonitorSink                          [] - === GPU分布统计 ===
2025-08-11 08:49:39,326 INFO  com.infertuner.sinks.GPUMonitorSink                          [] - GPU-0: 请求=10 | 成功率=100.0% | 平均延迟=1093.3ms | 吞吐量=0.49 req/s
2025-08-11 08:49:39,326 INFO  com.infertuner.sinks.GPUMonitorSink                          [] - ========================
2025-08-11 08:49:39,759 INFO  com.infertuner.sources.BasicRequestSource                    [] - 生成请求 40/50: req_039
2025-08-11 08:49:40,259 INFO  com.infertuner.sources.BasicRequestSource                    [] - 生成请求 41/50: req_040
2025-08-11 08:49:40,760 INFO  com.infertuner.sources.BasicRequestSource                    [] - 生成请求 42/50: req_041
2025-08-11 08:49:41,261 INFO  com.infertuner.sources.BasicRequestSource                    [] - 生成请求 43/50: req_042
2025-08-11 08:49:41,762 INFO  com.infertuner.sources.BasicRequestSource                    [] - 生成请求 44/50: req_043
2025-08-11 08:49:42,262 INFO  com.infertuner.sources.BasicRequestSource                    [] - 生成请求 45/50: req_044
2025-08-11 08:49:42,763 INFO  com.infertuner.sources.BasicRequestSource                    [] - 生成请求 46/50: req_045
2025-08-11 08:49:43,264 INFO  com.infertuner.sources.BasicRequestSource                    [] - 生成请求 47/50: req_046
2025-08-11 08:49:43,764 INFO  com.infertuner.sources.BasicRequestSource                    [] - 生成请求 48/50: req_047
2025-08-11 08:49:44,265 INFO  com.infertuner.sources.BasicRequestSource                    [] - 生成请求 49/50: req_048
2025-08-11 08:49:44,765 INFO  com.infertuner.sources.BasicRequestSource                    [] - 生成请求 50/50: req_049
2025-08-11 08:49:44,765 INFO  com.infertuner.sources.BasicRequestSource                    [] - 请求生成完成，共 50 个
2025-08-11 08:49:47,060 INFO  com.infertuner.sinks.GPUMonitorSink                          [] - === 整体统计 ===
2025-08-11 08:49:47,061 INFO  com.infertuner.sinks.GPUMonitorSink                          [] - 总请求: 20 | 成功: 20 (100.0%) | 平均延迟: 931.6ms | 吞吐量: 0.71 req/s
2025-08-11 08:49:47,061 INFO  com.infertuner.sinks.GPUMonitorSink                          [] - === GPU分布统计 ===
2025-08-11 08:49:47,061 INFO  com.infertuner.sinks.GPUMonitorSink                          [] - GPU-0: 请求=20 | 成功率=100.0% | 平均延迟=931.6ms | 吞吐量=0.71 req/s
2025-08-11 08:49:47,061 INFO  com.infertuner.sinks.GPUMonitorSink                          [] - ========================
2025-08-11 08:49:47,061 INFO  com.infertuner.sinks.GPUMonitorSink                          [] - 结果 #20: GPU-0 | ✅ | 1380.6ms | 优化模型性能通常需要以下几个步骤：

1. 数据预处理：在训练模型之前，我们需要对数据进行清洗、归一化、标准化等预处理操...
2025-08-11 08:49:49,983 INFO  com.infertuner.sinks.GPUMonitorSink                          [] - === 整体统计 ===
2025-08-11 08:49:49,983 INFO  com.infertuner.sinks.GPUMonitorSink                          [] - 总请求: 20 | 成功: 20 (100.0%) | 平均延迟: 1078.5ms | 吞吐量: 0.64 req/s
2025-08-11 08:49:49,983 INFO  com.infertuner.sinks.GPUMonitorSink                          [] - === GPU分布统计 ===
2025-08-11 08:49:49,984 INFO  com.infertuner.sinks.GPUMonitorSink                          [] - GPU-0: 请求=20 | 成功率=100.0% | 平均延迟=1078.5ms | 吞吐量=0.64 req/s
2025-08-11 08:49:49,984 INFO  com.infertuner.sinks.GPUMonitorSink                          [] - ========================
2025-08-11 08:49:49,984 INFO  com.infertuner.sinks.GPUMonitorSink                          [] - 结果 #20: GPU-0 | ✅ | 1317.9ms | 过拟合（Overfitting）是指机器学习模型在训练集上表现良好，但在测试集或新数据上表现较差的现象。过拟合通常发生在...
2025-08-11 08:50:10,959 INFO  org.apache.flink.runtime.taskmanager.Task                    [] - Source: Request Source (1/1)#0 (b0f868e4fe74834859e03597148e437f_bc764cd8ddf7a0cff126f51c16239658_0_0) switched from RUNNING to FINISHED.
2025-08-11 08:50:10,959 INFO  org.apache.flink.runtime.taskmanager.Task                    [] - Freeing task resources for Source: Request Source (1/1)#0 (b0f868e4fe74834859e03597148e437f_bc764cd8ddf7a0cff126f51c16239658_0_0).
2025-08-11 08:50:10,962 INFO  org.apache.flink.runtime.taskexecutor.TaskExecutor           [] - Un-registering task and sending final execution state FINISHED to JobManager for task Source: Request Source (1/1)#0 b0f868e4fe74834859e03597148e437f_bc764cd8ddf7a0cff126f51c16239658_0_0.
2025-08-11 08:50:10,962 INFO  com.infertuner.processors.GPUInferenceProcessor              [] - 关闭 GPU 0 推理服务...
2025-08-11 08:50:10,962 INFO  com.infertuner.processors.GPUInferenceProcessor              [] - 关闭 GPU 1 推理服务...
2025-08-11 08:50:11,891 INFO  com.infertuner.processors.GPUInferenceProcessor              [] - ✅ GPU 1 推理服务已关闭
2025-08-11 08:50:11,893 INFO  org.apache.flink.runtime.taskmanager.Task                    [] - Multi-GPU Inference Processor -> Sink: Multi-GPU Monitor Sink (2/2)#0 (b0f868e4fe74834859e03597148e437f_20ba6b65f97481d5570070de90e4e791_1_0) switched from RUNNING to FINISHED.
2025-08-11 08:50:11,893 INFO  org.apache.flink.runtime.taskmanager.Task                    [] - Freeing task resources for Multi-GPU Inference Processor -> Sink: Multi-GPU Monitor Sink (2/2)#0 (b0f868e4fe74834859e03597148e437f_20ba6b65f97481d5570070de90e4e791_1_0).
2025-08-11 08:50:11,895 INFO  org.apache.flink.runtime.taskexecutor.TaskExecutor           [] - Un-registering task and sending final execution state FINISHED to JobManager for task Multi-GPU Inference Processor -> Sink: Multi-GPU Monitor Sink (2/2)#0 b0f868e4fe74834859e03597148e437f_20ba6b65f97481d5570070de90e4e791_1_0.
2025-08-11 08:50:11,978 INFO  com.infertuner.processors.GPUInferenceProcessor              [] - ✅ GPU 0 推理服务已关闭
2025-08-11 08:50:11,979 INFO  org.apache.flink.runtime.taskmanager.Task                    [] - Multi-GPU Inference Processor -> Sink: Multi-GPU Monitor Sink (1/2)#0 (b0f868e4fe74834859e03597148e437f_20ba6b65f97481d5570070de90e4e791_0_0) switched from RUNNING to FINISHED.
2025-08-11 08:50:11,979 INFO  org.apache.flink.runtime.taskmanager.Task                    [] - Freeing task resources for Multi-GPU Inference Processor -> Sink: Multi-GPU Monitor Sink (1/2)#0 (b0f868e4fe74834859e03597148e437f_20ba6b65f97481d5570070de90e4e791_0_0).
2025-08-11 08:50:11,982 INFO  org.apache.flink.runtime.taskexecutor.TaskExecutor           [] - Un-registering task and sending final execution state FINISHED to JobManager for task Multi-GPU Inference Processor -> Sink: Multi-GPU Monitor Sink (1/2)#0 b0f868e4fe74834859e03597148e437f_20ba6b65f97481d5570070de90e4e791_0_0.
2025-08-11 08:50:12,032 INFO  org.apache.flink.runtime.taskexecutor.slot.TaskSlotTableImpl [] - Free slot TaskSlot(index:0, state:ACTIVE, resource profile: ResourceProfile{cpuCores=1, taskHeapMemory=364.800mb (382520517 bytes), taskOffHeapMemory=0 bytes, managedMemory=343.040mb (359703515 bytes), networkMemory=85.760mb (89925878 bytes)}, allocationId: 748a3ca7e9e0e3bf0b467893be5bc88e, jobId: f22ba73c19e297afd240dfb7cffadd2a).
2025-08-11 08:50:12,036 INFO  org.apache.flink.runtime.taskexecutor.slot.TaskSlotTableImpl [] - Free slot TaskSlot(index:1, state:ACTIVE, resource profile: ResourceProfile{cpuCores=1, taskHeapMemory=364.800mb (382520517 bytes), taskOffHeapMemory=0 bytes, managedMemory=343.040mb (359703515 bytes), networkMemory=85.760mb (89925878 bytes)}, allocationId: 894c699286534bf6c47052398f5cfe47, jobId: f22ba73c19e297afd240dfb7cffadd2a).
2025-08-11 08:50:12,036 INFO  org.apache.flink.runtime.taskexecutor.DefaultJobLeaderService [] - Remove job f22ba73c19e297afd240dfb7cffadd2a from job leader monitoring.
2025-08-11 08:50:12,037 INFO  org.apache.flink.runtime.taskexecutor.TaskExecutor           [] - Close JobManager connection for job f22ba73c19e297afd240dfb7cffadd2a.
