2025-08-11 08:50:32,918 INFO  org.apache.flink.runtime.taskexecutor.TaskManagerRunner      [] - --------------------------------------------------------------------------------
2025-08-11 08:50:32,920 INFO  org.apache.flink.runtime.taskexecutor.TaskManagerRunner      [] -  Preconfiguration: 
2025-08-11 08:50:32,920 INFO  org.apache.flink.runtime.taskexecutor.TaskManagerRunner      [] - 


RESOURCE_PARAMS extraction logs:
jvm_params: -Xmx1664299798 -Xms1664299798 -XX:MaxDirectMemorySize=493921243 -XX:MaxMetaspaceSize=268435456
dynamic_configs: -D taskmanager.memory.network.min=359703515b -D taskmanager.cpu.cores=4.0 -D taskmanager.memory.task.off-heap.size=0b -D taskmanager.memory.jvm-metaspace.size=268435456b -D external-resources=none -D taskmanager.memory.jvm-overhead.min=429496736b -D taskmanager.memory.framework.off-heap.size=134217728b -D taskmanager.memory.network.max=359703515b -D taskmanager.memory.framework.heap.size=134217728b -D taskmanager.memory.managed.size=1438814063b -D taskmanager.memory.task.heap.size=1530082070b -D taskmanager.numberOfTaskSlots=4 -D taskmanager.memory.jvm-overhead.max=429496736b
logs: WARNING: sun.reflect.Reflection.getCallerClass is not supported. This will impact performance.
INFO  [] - Loading configuration property: taskmanager.memory.process.size, 4096m
INFO  [] - Loading configuration property: env.java.opts.jobmanager, -Dfile.encoding=UTF-8 -Dsun.jnu.encoding=UTF-8
INFO  [] - Loading configuration property: taskmanager.bind-host, localhost
INFO  [] - Loading configuration property: env.java.opts, -Dfile.encoding=UTF-8 -Dsun.jnu.encoding=UTF-8
INFO  [] - Loading configuration property: jobmanager.rpc.address, localhost
INFO  [] - Loading configuration property: jobmanager.memory.process.size, 2048m
INFO  [] - Loading configuration property: jobmanager.rpc.port, 6123
INFO  [] - Loading configuration property: rest.bind-address, 0.0.0.0
INFO  [] - Loading configuration property: rest.port, 8081
INFO  [] - Loading configuration property: execution.checkpointing.interval, 30s
INFO  [] - Loading configuration property: jobmanager.bind-host, localhost
INFO  [] - Loading configuration property: parallelism.default, 1
INFO  [] - Loading configuration property: taskmanager.numberOfTaskSlots, 4
INFO  [] - Loading configuration property: taskmanager.memory.managed.fraction, 0.4
INFO  [] - Loading configuration property: rest.address, 0.0.0.0
INFO  [] - Loading configuration property: cluster.evenly-spread-out-slots, true
INFO  [] - Loading configuration property: state.backend, filesystem
INFO  [] - Loading configuration property: execution.checkpointing.min-pause, 5s
INFO  [] - Loading configuration property: jobmanager.memory.jvm-metaspace.size, 256m
INFO  [] - Loading configuration property: env.java.opts.taskmanager, -Dfile.encoding=UTF-8 -Dsun.jnu.encoding=UTF-8
INFO  [] - Loading configuration property: state.checkpoints.dir, file:///workspace/logs/flink-checkpoints
INFO  [] - Final TaskExecutor Memory configuration:
INFO  [] -   Total Process Memory:          4.000gb (4294967296 bytes)
INFO  [] -     Total Flink Memory:          3.350gb (3597035104 bytes)
INFO  [] -       Total JVM Heap Memory:     1.550gb (1664299798 bytes)
INFO  [] -         Framework:               128.000mb (134217728 bytes)
INFO  [] -         Task:                    1.425gb (1530082070 bytes)
INFO  [] -       Total Off-heap Memory:     1.800gb (1932735306 bytes)
INFO  [] -         Managed:                 1.340gb (1438814063 bytes)
INFO  [] -         Total JVM Direct Memory: 471.040mb (493921243 bytes)
INFO  [] -           Framework:             128.000mb (134217728 bytes)
INFO  [] -           Task:                  0 bytes
INFO  [] -           Network:               343.040mb (359703515 bytes)
INFO  [] -     JVM Metaspace:               256.000mb (268435456 bytes)
INFO  [] -     JVM Overhead:                409.600mb (429496736 bytes)

2025-08-11 08:50:32,920 INFO  org.apache.flink.runtime.taskexecutor.TaskManagerRunner      [] - --------------------------------------------------------------------------------
2025-08-11 08:50:32,921 INFO  org.apache.flink.runtime.taskexecutor.TaskManagerRunner      [] -  Starting TaskManager (Version: 1.17.0, Scala: 2.12, Rev:69ecda0, Date:2023-03-17T10:30:06+01:00)
2025-08-11 08:50:32,921 INFO  org.apache.flink.runtime.taskexecutor.TaskManagerRunner      [] -  OS current user: root
2025-08-11 08:50:32,921 INFO  org.apache.flink.runtime.taskexecutor.TaskManagerRunner      [] -  Current Hadoop/Kerberos user: <no hadoop dependency found>
2025-08-11 08:50:32,921 INFO  org.apache.flink.runtime.taskexecutor.TaskManagerRunner      [] -  JVM: OpenJDK 64-Bit Server VM - Ubuntu - 11/11.0.28+6-post-Ubuntu-1ubuntu122.04.1
2025-08-11 08:50:32,921 INFO  org.apache.flink.runtime.taskexecutor.TaskManagerRunner      [] -  Arch: amd64
2025-08-11 08:50:32,921 INFO  org.apache.flink.runtime.taskexecutor.TaskManagerRunner      [] -  Maximum heap size: 1588 MiBytes
2025-08-11 08:50:32,921 INFO  org.apache.flink.runtime.taskexecutor.TaskManagerRunner      [] -  JAVA_HOME: /usr/lib/jvm/java-11-openjdk-amd64
2025-08-11 08:50:32,921 INFO  org.apache.flink.runtime.taskexecutor.TaskManagerRunner      [] -  No Hadoop Dependency available
2025-08-11 08:50:32,921 INFO  org.apache.flink.runtime.taskexecutor.TaskManagerRunner      [] -  JVM Options:
2025-08-11 08:50:32,921 INFO  org.apache.flink.runtime.taskexecutor.TaskManagerRunner      [] -     -Xmx1664299798
2025-08-11 08:50:32,921 INFO  org.apache.flink.runtime.taskexecutor.TaskManagerRunner      [] -     -Xms1664299798
2025-08-11 08:50:32,921 INFO  org.apache.flink.runtime.taskexecutor.TaskManagerRunner      [] -     -XX:MaxDirectMemorySize=493921243
2025-08-11 08:50:32,921 INFO  org.apache.flink.runtime.taskexecutor.TaskManagerRunner      [] -     -XX:MaxMetaspaceSize=268435456
2025-08-11 08:50:32,921 INFO  org.apache.flink.runtime.taskexecutor.TaskManagerRunner      [] -     -Dfile.encoding=UTF-8
2025-08-11 08:50:32,922 INFO  org.apache.flink.runtime.taskexecutor.TaskManagerRunner      [] -     -Dsun.jnu.encoding=UTF-8
2025-08-11 08:50:32,922 INFO  org.apache.flink.runtime.taskexecutor.TaskManagerRunner      [] -     -Dfile.encoding=UTF-8
2025-08-11 08:50:32,922 INFO  org.apache.flink.runtime.taskexecutor.TaskManagerRunner      [] -     -Dsun.jnu.encoding=UTF-8
2025-08-11 08:50:32,922 INFO  org.apache.flink.runtime.taskexecutor.TaskManagerRunner      [] -     -Dlog.file=/workspace/flink-setup/flink/log/flink--taskexecutor-0-gpu02.log
2025-08-11 08:50:32,922 INFO  org.apache.flink.runtime.taskexecutor.TaskManagerRunner      [] -     -Dlog4j.configuration=file:/workspace/flink-setup/flink/conf/log4j.properties
2025-08-11 08:50:32,922 INFO  org.apache.flink.runtime.taskexecutor.TaskManagerRunner      [] -     -Dlog4j.configurationFile=file:/workspace/flink-setup/flink/conf/log4j.properties
2025-08-11 08:50:32,922 INFO  org.apache.flink.runtime.taskexecutor.TaskManagerRunner      [] -     -Dlogback.configurationFile=file:/workspace/flink-setup/flink/conf/logback.xml
2025-08-11 08:50:32,922 INFO  org.apache.flink.runtime.taskexecutor.TaskManagerRunner      [] -  Program Arguments:
2025-08-11 08:50:32,923 INFO  org.apache.flink.runtime.taskexecutor.TaskManagerRunner      [] -     --configDir
2025-08-11 08:50:32,923 INFO  org.apache.flink.runtime.taskexecutor.TaskManagerRunner      [] -     /workspace/flink-setup/flink/conf
2025-08-11 08:50:32,923 INFO  org.apache.flink.runtime.taskexecutor.TaskManagerRunner      [] -     -D
2025-08-11 08:50:32,923 INFO  org.apache.flink.runtime.taskexecutor.TaskManagerRunner      [] -     taskmanager.memory.network.min=359703515b
2025-08-11 08:50:32,923 INFO  org.apache.flink.runtime.taskexecutor.TaskManagerRunner      [] -     -D
2025-08-11 08:50:32,923 INFO  org.apache.flink.runtime.taskexecutor.TaskManagerRunner      [] -     taskmanager.cpu.cores=4.0
2025-08-11 08:50:32,924 INFO  org.apache.flink.runtime.taskexecutor.TaskManagerRunner      [] -     -D
2025-08-11 08:50:32,924 INFO  org.apache.flink.runtime.taskexecutor.TaskManagerRunner      [] -     taskmanager.memory.task.off-heap.size=0b
2025-08-11 08:50:32,924 INFO  org.apache.flink.runtime.taskexecutor.TaskManagerRunner      [] -     -D
2025-08-11 08:50:32,924 INFO  org.apache.flink.runtime.taskexecutor.TaskManagerRunner      [] -     taskmanager.memory.jvm-metaspace.size=268435456b
2025-08-11 08:50:32,924 INFO  org.apache.flink.runtime.taskexecutor.TaskManagerRunner      [] -     -D
2025-08-11 08:50:32,924 INFO  org.apache.flink.runtime.taskexecutor.TaskManagerRunner      [] -     external-resources=none
2025-08-11 08:50:32,924 INFO  org.apache.flink.runtime.taskexecutor.TaskManagerRunner      [] -     -D
2025-08-11 08:50:32,924 INFO  org.apache.flink.runtime.taskexecutor.TaskManagerRunner      [] -     taskmanager.memory.jvm-overhead.min=429496736b
2025-08-11 08:50:32,924 INFO  org.apache.flink.runtime.taskexecutor.TaskManagerRunner      [] -     -D
2025-08-11 08:50:32,924 INFO  org.apache.flink.runtime.taskexecutor.TaskManagerRunner      [] -     taskmanager.memory.framework.off-heap.size=134217728b
2025-08-11 08:50:32,925 INFO  org.apache.flink.runtime.taskexecutor.TaskManagerRunner      [] -     -D
2025-08-11 08:50:32,925 INFO  org.apache.flink.runtime.taskexecutor.TaskManagerRunner      [] -     taskmanager.memory.network.max=359703515b
2025-08-11 08:50:32,925 INFO  org.apache.flink.runtime.taskexecutor.TaskManagerRunner      [] -     -D
2025-08-11 08:50:32,925 INFO  org.apache.flink.runtime.taskexecutor.TaskManagerRunner      [] -     taskmanager.memory.framework.heap.size=134217728b
2025-08-11 08:50:32,925 INFO  org.apache.flink.runtime.taskexecutor.TaskManagerRunner      [] -     -D
2025-08-11 08:50:32,925 INFO  org.apache.flink.runtime.taskexecutor.TaskManagerRunner      [] -     taskmanager.memory.managed.size=1438814063b
2025-08-11 08:50:32,925 INFO  org.apache.flink.runtime.taskexecutor.TaskManagerRunner      [] -     -D
2025-08-11 08:50:32,925 INFO  org.apache.flink.runtime.taskexecutor.TaskManagerRunner      [] -     taskmanager.memory.task.heap.size=1530082070b
2025-08-11 08:50:32,925 INFO  org.apache.flink.runtime.taskexecutor.TaskManagerRunner      [] -     -D
2025-08-11 08:50:32,925 INFO  org.apache.flink.runtime.taskexecutor.TaskManagerRunner      [] -     taskmanager.numberOfTaskSlots=4
2025-08-11 08:50:32,926 INFO  org.apache.flink.runtime.taskexecutor.TaskManagerRunner      [] -     -D
2025-08-11 08:50:32,926 INFO  org.apache.flink.runtime.taskexecutor.TaskManagerRunner      [] -     taskmanager.memory.jvm-overhead.max=429496736b
2025-08-11 08:50:32,926 INFO  org.apache.flink.runtime.taskexecutor.TaskManagerRunner      [] -  Classpath: /workspace/flink-setup/flink/lib/flink-cep-1.17.0.jar:/workspace/flink-setup/flink/lib/flink-connector-files-1.17.0.jar:/workspace/flink-setup/flink/lib/flink-csv-1.17.0.jar:/workspace/flink-setup/flink/lib/flink-json-1.17.0.jar:/workspace/flink-setup/flink/lib/flink-scala_2.12-1.17.0.jar:/workspace/flink-setup/flink/lib/flink-table-api-java-uber-1.17.0.jar:/workspace/flink-setup/flink/lib/flink-table-planner-loader-1.17.0.jar:/workspace/flink-setup/flink/lib/flink-table-runtime-1.17.0.jar:/workspace/flink-setup/flink/lib/log4j-1.2-api-2.17.1.jar:/workspace/flink-setup/flink/lib/log4j-api-2.17.1.jar:/workspace/flink-setup/flink/lib/log4j-core-2.17.1.jar:/workspace/flink-setup/flink/lib/log4j-slf4j-impl-2.17.1.jar:/workspace/flink-setup/flink/lib/flink-dist-1.17.0.jar::::
2025-08-11 08:50:32,926 INFO  org.apache.flink.runtime.taskexecutor.TaskManagerRunner      [] - --------------------------------------------------------------------------------
2025-08-11 08:50:32,927 INFO  org.apache.flink.runtime.taskexecutor.TaskManagerRunner      [] - Registered UNIX signal handlers for [TERM, HUP, INT]
2025-08-11 08:50:32,929 INFO  org.apache.flink.runtime.taskexecutor.TaskManagerRunner      [] - Maximum number of open file descriptors is 1048576.
2025-08-11 08:50:32,937 INFO  org.apache.flink.configuration.GlobalConfiguration           [] - Loading configuration property: taskmanager.memory.process.size, 4096m
2025-08-11 08:50:32,937 INFO  org.apache.flink.configuration.GlobalConfiguration           [] - Loading configuration property: env.java.opts.jobmanager, -Dfile.encoding=UTF-8 -Dsun.jnu.encoding=UTF-8
2025-08-11 08:50:32,937 INFO  org.apache.flink.configuration.GlobalConfiguration           [] - Loading configuration property: taskmanager.bind-host, localhost
2025-08-11 08:50:32,937 INFO  org.apache.flink.configuration.GlobalConfiguration           [] - Loading configuration property: env.java.opts, -Dfile.encoding=UTF-8 -Dsun.jnu.encoding=UTF-8
2025-08-11 08:50:32,937 INFO  org.apache.flink.configuration.GlobalConfiguration           [] - Loading configuration property: jobmanager.rpc.address, localhost
2025-08-11 08:50:32,937 INFO  org.apache.flink.configuration.GlobalConfiguration           [] - Loading configuration property: jobmanager.memory.process.size, 2048m
2025-08-11 08:50:32,937 INFO  org.apache.flink.configuration.GlobalConfiguration           [] - Loading configuration property: jobmanager.rpc.port, 6123
2025-08-11 08:50:32,937 INFO  org.apache.flink.configuration.GlobalConfiguration           [] - Loading configuration property: rest.bind-address, 0.0.0.0
2025-08-11 08:50:32,937 INFO  org.apache.flink.configuration.GlobalConfiguration           [] - Loading configuration property: rest.port, 8081
2025-08-11 08:50:32,937 INFO  org.apache.flink.configuration.GlobalConfiguration           [] - Loading configuration property: execution.checkpointing.interval, 30s
2025-08-11 08:50:32,938 INFO  org.apache.flink.configuration.GlobalConfiguration           [] - Loading configuration property: jobmanager.bind-host, localhost
2025-08-11 08:50:32,938 INFO  org.apache.flink.configuration.GlobalConfiguration           [] - Loading configuration property: parallelism.default, 1
2025-08-11 08:50:32,938 INFO  org.apache.flink.configuration.GlobalConfiguration           [] - Loading configuration property: taskmanager.numberOfTaskSlots, 4
2025-08-11 08:50:32,939 INFO  org.apache.flink.configuration.GlobalConfiguration           [] - Loading configuration property: taskmanager.memory.managed.fraction, 0.4
2025-08-11 08:50:32,939 INFO  org.apache.flink.configuration.GlobalConfiguration           [] - Loading configuration property: rest.address, 0.0.0.0
2025-08-11 08:50:32,939 INFO  org.apache.flink.configuration.GlobalConfiguration           [] - Loading configuration property: cluster.evenly-spread-out-slots, true
2025-08-11 08:50:32,939 INFO  org.apache.flink.configuration.GlobalConfiguration           [] - Loading configuration property: state.backend, filesystem
2025-08-11 08:50:32,939 INFO  org.apache.flink.configuration.GlobalConfiguration           [] - Loading configuration property: execution.checkpointing.min-pause, 5s
2025-08-11 08:50:32,939 INFO  org.apache.flink.configuration.GlobalConfiguration           [] - Loading configuration property: jobmanager.memory.jvm-metaspace.size, 256m
2025-08-11 08:50:32,939 INFO  org.apache.flink.configuration.GlobalConfiguration           [] - Loading configuration property: env.java.opts.taskmanager, -Dfile.encoding=UTF-8 -Dsun.jnu.encoding=UTF-8
2025-08-11 08:50:32,939 INFO  org.apache.flink.configuration.GlobalConfiguration           [] - Loading configuration property: state.checkpoints.dir, file:///workspace/logs/flink-checkpoints
2025-08-11 08:50:32,939 INFO  org.apache.flink.configuration.GlobalConfiguration           [] - Loading dynamic configuration property: taskmanager.memory.network.min, 359703515b
2025-08-11 08:50:32,939 INFO  org.apache.flink.configuration.GlobalConfiguration           [] - Loading dynamic configuration property: taskmanager.memory.jvm-metaspace.size, 268435456b
2025-08-11 08:50:32,939 INFO  org.apache.flink.configuration.GlobalConfiguration           [] - Loading dynamic configuration property: taskmanager.memory.task.off-heap.size, 0b
2025-08-11 08:50:32,939 INFO  org.apache.flink.configuration.GlobalConfiguration           [] - Loading dynamic configuration property: taskmanager.cpu.cores, 4.0
2025-08-11 08:50:32,939 INFO  org.apache.flink.configuration.GlobalConfiguration           [] - Loading dynamic configuration property: external-resources, none
2025-08-11 08:50:32,939 INFO  org.apache.flink.configuration.GlobalConfiguration           [] - Loading dynamic configuration property: taskmanager.memory.jvm-overhead.min, 429496736b
2025-08-11 08:50:32,939 INFO  org.apache.flink.configuration.GlobalConfiguration           [] - Loading dynamic configuration property: taskmanager.memory.framework.off-heap.size, 134217728b
2025-08-11 08:50:32,940 INFO  org.apache.flink.configuration.GlobalConfiguration           [] - Loading dynamic configuration property: taskmanager.memory.network.max, 359703515b
2025-08-11 08:50:32,941 INFO  org.apache.flink.configuration.GlobalConfiguration           [] - Loading dynamic configuration property: taskmanager.memory.framework.heap.size, 134217728b
2025-08-11 08:50:32,941 INFO  org.apache.flink.configuration.GlobalConfiguration           [] - Loading dynamic configuration property: taskmanager.memory.managed.size, 1438814063b
2025-08-11 08:50:32,941 INFO  org.apache.flink.configuration.GlobalConfiguration           [] - Loading dynamic configuration property: taskmanager.memory.task.heap.size, 1530082070b
2025-08-11 08:50:32,941 INFO  org.apache.flink.configuration.GlobalConfiguration           [] - Loading dynamic configuration property: taskmanager.numberOfTaskSlots, 4
2025-08-11 08:50:32,941 INFO  org.apache.flink.configuration.GlobalConfiguration           [] - Loading dynamic configuration property: taskmanager.memory.jvm-overhead.max, 429496736b
2025-08-11 08:50:32,977 INFO  org.apache.flink.core.fs.FileSystem                          [] - Hadoop is not in the classpath/dependencies. The extended set of supported File Systems via Hadoop is not available.
2025-08-11 08:50:32,991 INFO  org.apache.flink.core.plugin.DefaultPluginManager            [] - Plugin loader with ID not found, creating it: metrics-prometheus
2025-08-11 08:50:32,997 INFO  org.apache.flink.core.plugin.DefaultPluginManager            [] - Plugin loader with ID not found, creating it: metrics-slf4j
2025-08-11 08:50:32,997 INFO  org.apache.flink.core.plugin.DefaultPluginManager            [] - Plugin loader with ID not found, creating it: metrics-influx
2025-08-11 08:50:32,997 INFO  org.apache.flink.core.plugin.DefaultPluginManager            [] - Plugin loader with ID not found, creating it: metrics-datadog
2025-08-11 08:50:32,997 INFO  org.apache.flink.core.plugin.DefaultPluginManager            [] - Plugin loader with ID not found, creating it: external-resource-gpu
2025-08-11 08:50:32,997 INFO  org.apache.flink.core.plugin.DefaultPluginManager            [] - Plugin loader with ID not found, creating it: metrics-graphite
2025-08-11 08:50:32,997 INFO  org.apache.flink.core.plugin.DefaultPluginManager            [] - Plugin loader with ID not found, creating it: metrics-statsd
2025-08-11 08:50:32,997 INFO  org.apache.flink.core.plugin.DefaultPluginManager            [] - Plugin loader with ID not found, creating it: metrics-jmx
2025-08-11 08:50:33,016 INFO  org.apache.flink.runtime.state.changelog.StateChangelogStorageLoader [] - StateChangelogStorageLoader initialized with shortcut names {memory,filesystem}.
2025-08-11 08:50:33,016 INFO  org.apache.flink.core.plugin.DefaultPluginManager            [] - Plugin loader with ID found, reusing it: metrics-prometheus
2025-08-11 08:50:33,016 INFO  org.apache.flink.core.plugin.DefaultPluginManager            [] - Plugin loader with ID found, reusing it: metrics-slf4j
2025-08-11 08:50:33,016 INFO  org.apache.flink.core.plugin.DefaultPluginManager            [] - Plugin loader with ID found, reusing it: metrics-influx
2025-08-11 08:50:33,017 INFO  org.apache.flink.core.plugin.DefaultPluginManager            [] - Plugin loader with ID found, reusing it: metrics-datadog
2025-08-11 08:50:33,017 INFO  org.apache.flink.core.plugin.DefaultPluginManager            [] - Plugin loader with ID found, reusing it: external-resource-gpu
2025-08-11 08:50:33,017 INFO  org.apache.flink.core.plugin.DefaultPluginManager            [] - Plugin loader with ID found, reusing it: metrics-graphite
2025-08-11 08:50:33,017 INFO  org.apache.flink.core.plugin.DefaultPluginManager            [] - Plugin loader with ID found, reusing it: metrics-statsd
2025-08-11 08:50:33,017 INFO  org.apache.flink.core.plugin.DefaultPluginManager            [] - Plugin loader with ID found, reusing it: metrics-jmx
2025-08-11 08:50:33,018 INFO  org.apache.flink.runtime.state.changelog.StateChangelogStorageLoader [] - StateChangelogStorageLoader initialized with shortcut names {memory,filesystem}.
2025-08-11 08:50:33,033 INFO  org.apache.flink.runtime.security.modules.HadoopModuleFactory [] - Cannot create Hadoop Security Module because Hadoop cannot be found in the Classpath.
2025-08-11 08:50:33,047 INFO  org.apache.flink.runtime.security.modules.JaasModule         [] - Jaas file will be created as /tmp/jaas-5916133893505849879.conf.
2025-08-11 08:50:33,052 INFO  org.apache.flink.runtime.security.contexts.HadoopSecurityContextFactory [] - Cannot install HadoopSecurityContext because Hadoop cannot be found in the Classpath.
2025-08-11 08:50:33,401 INFO  org.apache.flink.runtime.util.LeaderRetrievalUtils           [] - Trying to select the network interface and address to use by connecting to the leading JobManager.
2025-08-11 08:50:33,402 INFO  org.apache.flink.runtime.util.LeaderRetrievalUtils           [] - TaskManager will try to connect for PT10S before falling back to heuristics
2025-08-11 08:50:33,639 INFO  org.apache.flink.runtime.taskexecutor.TaskManagerRunner      [] - TaskManager will use hostname/address 'gpu02' (127.0.0.1) for communication.
2025-08-11 08:50:33,674 INFO  org.apache.flink.runtime.rpc.akka.AkkaRpcServiceUtils        [] - Trying to start actor system, external address 127.0.0.1:0, bind address localhost:0.
2025-08-11 08:50:34,199 INFO  akka.event.slf4j.Slf4jLogger                                 [] - Slf4jLogger started
2025-08-11 08:50:34,230 INFO  akka.remote.RemoteActorRefProvider                           [] - Akka Cluster not in use - enabling unsafe features anyway because `akka.remote.use-unsafe-remote-features-outside-cluster` has been enabled.
2025-08-11 08:50:34,231 INFO  akka.remote.Remoting                                         [] - Starting remoting
2025-08-11 08:50:34,390 INFO  akka.remote.Remoting                                         [] - Remoting started; listening on addresses :[akka.tcp://flink@127.0.0.1:3489]
2025-08-11 08:50:34,509 INFO  org.apache.flink.runtime.rpc.akka.AkkaRpcServiceUtils        [] - Actor system started at akka.tcp://flink@127.0.0.1:3489
2025-08-11 08:50:34,526 INFO  org.apache.flink.runtime.taskexecutor.TaskManagerRunner      [] - Using working directory: WorkingDirectory(/tmp/tm_127.0.0.1:3489-e3ad55)
2025-08-11 08:50:34,533 INFO  org.apache.flink.runtime.metrics.MetricRegistryImpl          [] - No metrics reporter configured, no metrics will be exposed/reported.
2025-08-11 08:50:34,537 INFO  org.apache.flink.runtime.rpc.akka.AkkaRpcServiceUtils        [] - Trying to start actor system, external address 127.0.0.1:0, bind address localhost:0.
2025-08-11 08:50:34,558 INFO  akka.event.slf4j.Slf4jLogger                                 [] - Slf4jLogger started
2025-08-11 08:50:34,564 INFO  akka.remote.RemoteActorRefProvider                           [] - Akka Cluster not in use - enabling unsafe features anyway because `akka.remote.use-unsafe-remote-features-outside-cluster` has been enabled.
2025-08-11 08:50:34,567 INFO  akka.remote.Remoting                                         [] - Starting remoting
2025-08-11 08:50:34,587 INFO  akka.remote.Remoting                                         [] - Remoting started; listening on addresses :[akka.tcp://flink-metrics@127.0.0.1:10997]
2025-08-11 08:50:34,600 INFO  org.apache.flink.runtime.rpc.akka.AkkaRpcServiceUtils        [] - Actor system started at akka.tcp://flink-metrics@127.0.0.1:10997
2025-08-11 08:50:34,613 INFO  org.apache.flink.runtime.rpc.akka.AkkaRpcService             [] - Starting RPC endpoint for org.apache.flink.runtime.metrics.dump.MetricQueryService at akka://flink-metrics/user/rpc/MetricQueryService_127.0.0.1:3489-e3ad55 .
2025-08-11 08:50:34,627 INFO  org.apache.flink.runtime.blob.PermanentBlobCache             [] - Created BLOB cache storage directory /tmp/tm_127.0.0.1:3489-e3ad55/blobStorage
2025-08-11 08:50:34,632 INFO  org.apache.flink.runtime.blob.TransientBlobCache             [] - Created BLOB cache storage directory /tmp/tm_127.0.0.1:3489-e3ad55/blobStorage
2025-08-11 08:50:34,635 INFO  org.apache.flink.runtime.externalresource.ExternalResourceUtils [] - Enabled external resources: []
2025-08-11 08:50:34,636 INFO  org.apache.flink.runtime.security.token.DelegationTokenReceiverRepository [] - Loading delegation token receivers
2025-08-11 08:50:34,640 INFO  org.apache.flink.runtime.security.token.DelegationTokenReceiverRepository [] - Delegation token receiver hadoopfs loaded and initialized
2025-08-11 08:50:34,640 INFO  org.apache.flink.runtime.security.token.DelegationTokenReceiverRepository [] - Delegation token receiver hbase loaded and initialized
2025-08-11 08:50:34,640 INFO  org.apache.flink.core.plugin.DefaultPluginManager            [] - Plugin loader with ID found, reusing it: metrics-prometheus
2025-08-11 08:50:34,640 INFO  org.apache.flink.core.plugin.DefaultPluginManager            [] - Plugin loader with ID found, reusing it: metrics-slf4j
2025-08-11 08:50:34,640 INFO  org.apache.flink.core.plugin.DefaultPluginManager            [] - Plugin loader with ID found, reusing it: metrics-influx
2025-08-11 08:50:34,640 INFO  org.apache.flink.core.plugin.DefaultPluginManager            [] - Plugin loader with ID found, reusing it: metrics-datadog
2025-08-11 08:50:34,641 INFO  org.apache.flink.core.plugin.DefaultPluginManager            [] - Plugin loader with ID found, reusing it: external-resource-gpu
2025-08-11 08:50:34,641 INFO  org.apache.flink.core.plugin.DefaultPluginManager            [] - Plugin loader with ID found, reusing it: metrics-graphite
2025-08-11 08:50:34,641 INFO  org.apache.flink.core.plugin.DefaultPluginManager            [] - Plugin loader with ID found, reusing it: metrics-statsd
2025-08-11 08:50:34,642 INFO  org.apache.flink.core.plugin.DefaultPluginManager            [] - Plugin loader with ID found, reusing it: metrics-jmx
2025-08-11 08:50:34,642 INFO  org.apache.flink.runtime.security.token.DelegationTokenReceiverRepository [] - Delegation token receivers loaded successfully
2025-08-11 08:50:34,642 INFO  org.apache.flink.runtime.taskexecutor.TaskManagerRunner      [] - Starting TaskManager with ResourceID: 127.0.0.1:3489-e3ad55
2025-08-11 08:50:34,659 INFO  org.apache.flink.runtime.taskexecutor.TaskManagerServices    [] - Temporary file directory '/tmp': total 1758 GB, usable 31 GB (1.76% usable)
2025-08-11 08:50:34,662 INFO  org.apache.flink.runtime.io.disk.iomanager.IOManager         [] - Created a new FileChannelManager for spilling of task related data to disk (joins, sorting, ...). Used directories:
	/tmp/flink-io-a6cfbb3c-45ab-4daa-8f0a-992d00b0f648
2025-08-11 08:50:34,668 INFO  org.apache.flink.runtime.io.network.netty.NettyConfig        [] - NettyConfig [server address: localhost/127.0.0.1, server port: 0, ssl enabled: false, memory segment size (bytes): 32768, transport type: AUTO, number of server threads: 4 (manual), number of client threads: 4 (manual), server connect backlog: 0 (use Netty's default), client connect timeout (sec): 120, send/receive buffer size (bytes): 0 (use Netty's default)]
2025-08-11 08:50:34,723 INFO  org.apache.flink.runtime.io.network.NettyShuffleServiceFactory [] - Created a new FileChannelManager for storing result partitions of BLOCKING shuffles. Used directories:
	/tmp/flink-netty-shuffle-a1b34de4-dff1-482c-8cc2-65ec64b7f44b
2025-08-11 08:50:34,938 INFO  org.apache.flink.runtime.io.network.buffer.NetworkBufferPool [] - Allocated 343 MB for network buffer pool (number of memory segments: 10977, bytes per segment: 32768).
2025-08-11 08:50:34,949 INFO  org.apache.flink.runtime.io.network.NettyShuffleEnvironment  [] - Starting the network environment and its components.
2025-08-11 08:50:34,998 INFO  org.apache.flink.runtime.io.network.netty.NettyClient        [] - Transport type 'auto': using EPOLL.
2025-08-11 08:50:35,000 INFO  org.apache.flink.runtime.io.network.netty.NettyClient        [] - Successful initialization (took 50 ms).
2025-08-11 08:50:35,004 INFO  org.apache.flink.runtime.io.network.netty.NettyServer        [] - Transport type 'auto': using EPOLL.
2025-08-11 08:50:35,079 INFO  org.apache.flink.runtime.io.network.netty.NettyServer        [] - Successful initialization (took 76 ms). Listening on SocketAddress /127.0.0.1:5183.
2025-08-11 08:50:35,083 INFO  org.apache.flink.runtime.taskexecutor.KvStateService         [] - Starting the kvState service and its components.
2025-08-11 08:50:35,108 INFO  org.apache.flink.runtime.rpc.akka.AkkaRpcService             [] - Starting RPC endpoint for org.apache.flink.runtime.taskexecutor.TaskExecutor at akka://flink/user/rpc/taskmanager_0 .
2025-08-11 08:50:35,125 INFO  org.apache.flink.runtime.taskexecutor.DefaultJobLeaderService [] - Start job leader service.
2025-08-11 08:50:35,128 INFO  org.apache.flink.runtime.filecache.FileCache                 [] - User file cache uses directory /tmp/flink-dist-cache-16b38fb9-f621-4ac8-a1d1-eeeb319dd812
2025-08-11 08:50:35,131 INFO  org.apache.flink.runtime.taskexecutor.TaskExecutor           [] - Connecting to ResourceManager akka.tcp://flink@localhost:6123/user/rpc/resourcemanager_*(00000000000000000000000000000000).
2025-08-11 08:50:35,353 INFO  org.apache.flink.runtime.taskexecutor.TaskExecutor           [] - Resolved ResourceManager address, beginning registration
2025-08-11 08:50:35,468 INFO  org.apache.flink.runtime.taskexecutor.TaskExecutor           [] - Successful registration at resource manager akka.tcp://flink@localhost:6123/user/rpc/resourcemanager_* under registration id 8dbaebbcd5f2bb4509aa765c5b754423.
2025-08-11 08:50:42,924 INFO  org.apache.flink.runtime.taskexecutor.TaskExecutor           [] - Receive slot request c3b9403d1e58f9d982d71c65e0467fe7 for job 295d30d9679eebe03ecaedf29a482971 from resource manager with leader id 00000000000000000000000000000000.
2025-08-11 08:50:42,931 INFO  org.apache.flink.runtime.taskexecutor.TaskExecutor           [] - Allocated slot for c3b9403d1e58f9d982d71c65e0467fe7.
2025-08-11 08:50:42,932 INFO  org.apache.flink.runtime.taskexecutor.DefaultJobLeaderService [] - Add job 295d30d9679eebe03ecaedf29a482971 for job leader monitoring.
2025-08-11 08:50:42,933 INFO  org.apache.flink.runtime.taskexecutor.DefaultJobLeaderService [] - Try to register at job manager akka.tcp://flink@localhost:6123/user/rpc/jobmanager_2 with leader id 00000000-0000-0000-0000-000000000000.
2025-08-11 08:50:42,942 INFO  org.apache.flink.runtime.taskexecutor.TaskExecutor           [] - Receive slot request af4f94cf9c05b7edd47c8f9dc40393e6 for job 295d30d9679eebe03ecaedf29a482971 from resource manager with leader id 00000000000000000000000000000000.
2025-08-11 08:50:42,943 INFO  org.apache.flink.runtime.taskexecutor.TaskExecutor           [] - Allocated slot for af4f94cf9c05b7edd47c8f9dc40393e6.
2025-08-11 08:50:42,943 INFO  org.apache.flink.runtime.taskexecutor.TaskExecutor           [] - Receive slot request 89ac49855f4fcb20553ba45b5679bd8d for job 295d30d9679eebe03ecaedf29a482971 from resource manager with leader id 00000000000000000000000000000000.
2025-08-11 08:50:42,943 INFO  org.apache.flink.runtime.taskexecutor.TaskExecutor           [] - Allocated slot for 89ac49855f4fcb20553ba45b5679bd8d.
2025-08-11 08:50:42,943 INFO  org.apache.flink.runtime.taskexecutor.TaskExecutor           [] - Receive slot request 002e06a70116fa89094fbe9ec620114d for job 295d30d9679eebe03ecaedf29a482971 from resource manager with leader id 00000000000000000000000000000000.
2025-08-11 08:50:42,944 INFO  org.apache.flink.runtime.taskexecutor.TaskExecutor           [] - Allocated slot for 002e06a70116fa89094fbe9ec620114d.
2025-08-11 08:50:42,960 INFO  org.apache.flink.runtime.taskexecutor.DefaultJobLeaderService [] - Resolved JobManager address, beginning registration
2025-08-11 08:50:43,004 INFO  org.apache.flink.runtime.taskexecutor.DefaultJobLeaderService [] - Successful registration at job manager akka.tcp://flink@localhost:6123/user/rpc/jobmanager_2 for job 295d30d9679eebe03ecaedf29a482971.
2025-08-11 08:50:43,006 INFO  org.apache.flink.runtime.taskexecutor.TaskExecutor           [] - Establish JobManager connection for job 295d30d9679eebe03ecaedf29a482971.
2025-08-11 08:50:43,008 INFO  org.apache.flink.runtime.taskexecutor.TaskExecutor           [] - Offer reserved slots to the leader of job 295d30d9679eebe03ecaedf29a482971.
2025-08-11 08:50:43,069 INFO  org.apache.flink.runtime.taskexecutor.slot.TaskSlotTableImpl [] - Activate slot c3b9403d1e58f9d982d71c65e0467fe7.
2025-08-11 08:50:43,091 INFO  org.apache.flink.runtime.state.changelog.StateChangelogStorageLoader [] - Creating a changelog storage with name 'memory'.
2025-08-11 08:50:43,099 INFO  org.apache.flink.runtime.state.TaskExecutorChannelStateExecutorFactoryManager [] - Creating the channel state executor factory for job id 295d30d9679eebe03ecaedf29a482971
2025-08-11 08:50:43,109 INFO  org.apache.flink.runtime.taskexecutor.TaskExecutor           [] - Received task Source: Request Source (1/1)#0 (3b3c2af3eb3842107c90bc6489741a24_bc764cd8ddf7a0cff126f51c16239658_0_0), deploy into slot with allocation id c3b9403d1e58f9d982d71c65e0467fe7.
2025-08-11 08:50:43,110 INFO  org.apache.flink.runtime.taskmanager.Task                    [] - Source: Request Source (1/1)#0 (3b3c2af3eb3842107c90bc6489741a24_bc764cd8ddf7a0cff126f51c16239658_0_0) switched from CREATED to DEPLOYING.
2025-08-11 08:50:43,111 INFO  org.apache.flink.runtime.taskexecutor.slot.TaskSlotTableImpl [] - Activate slot c3b9403d1e58f9d982d71c65e0467fe7.
2025-08-11 08:50:43,118 INFO  org.apache.flink.runtime.taskmanager.Task                    [] - Loading JAR files for task Source: Request Source (1/1)#0 (3b3c2af3eb3842107c90bc6489741a24_bc764cd8ddf7a0cff126f51c16239658_0_0) [DEPLOYING].
2025-08-11 08:50:43,122 INFO  org.apache.flink.runtime.blob.BlobClient                     [] - Downloading 295d30d9679eebe03ecaedf29a482971/p-4d8e7d3c8458fc837201e09e7eb6ceeb358fe268-98e145c2e625e46629d82f45b3bfa499 from localhost/127.0.0.1:30635
2025-08-11 08:50:43,131 INFO  org.apache.flink.runtime.taskexecutor.TaskExecutor           [] - Received task Multi-GPU Inference Processor -> Sink: Multi-GPU Monitor Sink (1/4)#0 (3b3c2af3eb3842107c90bc6489741a24_20ba6b65f97481d5570070de90e4e791_0_0), deploy into slot with allocation id c3b9403d1e58f9d982d71c65e0467fe7.
2025-08-11 08:50:43,132 INFO  org.apache.flink.runtime.taskexecutor.slot.TaskSlotTableImpl [] - Activate slot af4f94cf9c05b7edd47c8f9dc40393e6.
2025-08-11 08:50:43,133 INFO  org.apache.flink.runtime.taskmanager.Task                    [] - Multi-GPU Inference Processor -> Sink: Multi-GPU Monitor Sink (1/4)#0 (3b3c2af3eb3842107c90bc6489741a24_20ba6b65f97481d5570070de90e4e791_0_0) switched from CREATED to DEPLOYING.
2025-08-11 08:50:43,135 INFO  org.apache.flink.runtime.taskmanager.Task                    [] - Loading JAR files for task Multi-GPU Inference Processor -> Sink: Multi-GPU Monitor Sink (1/4)#0 (3b3c2af3eb3842107c90bc6489741a24_20ba6b65f97481d5570070de90e4e791_0_0) [DEPLOYING].
2025-08-11 08:50:43,137 INFO  org.apache.flink.runtime.taskexecutor.TaskExecutor           [] - Received task Multi-GPU Inference Processor -> Sink: Multi-GPU Monitor Sink (2/4)#0 (3b3c2af3eb3842107c90bc6489741a24_20ba6b65f97481d5570070de90e4e791_1_0), deploy into slot with allocation id af4f94cf9c05b7edd47c8f9dc40393e6.
2025-08-11 08:50:43,138 INFO  org.apache.flink.runtime.taskexecutor.slot.TaskSlotTableImpl [] - Activate slot 89ac49855f4fcb20553ba45b5679bd8d.
2025-08-11 08:50:43,138 INFO  org.apache.flink.runtime.taskmanager.Task                    [] - Multi-GPU Inference Processor -> Sink: Multi-GPU Monitor Sink (2/4)#0 (3b3c2af3eb3842107c90bc6489741a24_20ba6b65f97481d5570070de90e4e791_1_0) switched from CREATED to DEPLOYING.
2025-08-11 08:50:43,139 INFO  org.apache.flink.runtime.taskmanager.Task                    [] - Loading JAR files for task Multi-GPU Inference Processor -> Sink: Multi-GPU Monitor Sink (2/4)#0 (3b3c2af3eb3842107c90bc6489741a24_20ba6b65f97481d5570070de90e4e791_1_0) [DEPLOYING].
2025-08-11 08:50:43,141 INFO  org.apache.flink.runtime.taskexecutor.TaskExecutor           [] - Received task Multi-GPU Inference Processor -> Sink: Multi-GPU Monitor Sink (3/4)#0 (3b3c2af3eb3842107c90bc6489741a24_20ba6b65f97481d5570070de90e4e791_2_0), deploy into slot with allocation id 89ac49855f4fcb20553ba45b5679bd8d.
2025-08-11 08:50:43,142 INFO  org.apache.flink.runtime.taskexecutor.slot.TaskSlotTableImpl [] - Activate slot 002e06a70116fa89094fbe9ec620114d.
2025-08-11 08:50:43,142 INFO  org.apache.flink.runtime.taskmanager.Task                    [] - Multi-GPU Inference Processor -> Sink: Multi-GPU Monitor Sink (3/4)#0 (3b3c2af3eb3842107c90bc6489741a24_20ba6b65f97481d5570070de90e4e791_2_0) switched from CREATED to DEPLOYING.
2025-08-11 08:50:43,143 INFO  org.apache.flink.runtime.taskmanager.Task                    [] - Loading JAR files for task Multi-GPU Inference Processor -> Sink: Multi-GPU Monitor Sink (3/4)#0 (3b3c2af3eb3842107c90bc6489741a24_20ba6b65f97481d5570070de90e4e791_2_0) [DEPLOYING].
2025-08-11 08:50:43,144 INFO  org.apache.flink.runtime.taskexecutor.TaskExecutor           [] - Received task Multi-GPU Inference Processor -> Sink: Multi-GPU Monitor Sink (4/4)#0 (3b3c2af3eb3842107c90bc6489741a24_20ba6b65f97481d5570070de90e4e791_3_0), deploy into slot with allocation id 002e06a70116fa89094fbe9ec620114d.
2025-08-11 08:50:43,145 INFO  org.apache.flink.runtime.taskexecutor.slot.TaskSlotTableImpl [] - Activate slot 89ac49855f4fcb20553ba45b5679bd8d.
2025-08-11 08:50:43,146 INFO  org.apache.flink.runtime.taskexecutor.slot.TaskSlotTableImpl [] - Activate slot 002e06a70116fa89094fbe9ec620114d.
2025-08-11 08:50:43,146 INFO  org.apache.flink.runtime.taskexecutor.slot.TaskSlotTableImpl [] - Activate slot af4f94cf9c05b7edd47c8f9dc40393e6.
2025-08-11 08:50:43,146 INFO  org.apache.flink.runtime.taskexecutor.slot.TaskSlotTableImpl [] - Activate slot c3b9403d1e58f9d982d71c65e0467fe7.
2025-08-11 08:50:43,145 INFO  org.apache.flink.runtime.taskmanager.Task                    [] - Multi-GPU Inference Processor -> Sink: Multi-GPU Monitor Sink (4/4)#0 (3b3c2af3eb3842107c90bc6489741a24_20ba6b65f97481d5570070de90e4e791_3_0) switched from CREATED to DEPLOYING.
2025-08-11 08:50:43,146 INFO  org.apache.flink.runtime.taskmanager.Task                    [] - Loading JAR files for task Multi-GPU Inference Processor -> Sink: Multi-GPU Monitor Sink (4/4)#0 (3b3c2af3eb3842107c90bc6489741a24_20ba6b65f97481d5570070de90e4e791_3_0) [DEPLOYING].
2025-08-11 08:50:43,220 INFO  org.apache.flink.streaming.runtime.tasks.StreamTask          [] - Using job/cluster config to configure application-defined state backend: org.apache.flink.runtime.state.hashmap.HashMapStateBackend@3b866308
2025-08-11 08:50:43,220 INFO  org.apache.flink.streaming.runtime.tasks.StreamTask          [] - Using job/cluster config to configure application-defined state backend: org.apache.flink.runtime.state.hashmap.HashMapStateBackend@69641d1d
2025-08-11 08:50:43,220 INFO  org.apache.flink.streaming.runtime.tasks.StreamTask          [] - Using job/cluster config to configure application-defined state backend: org.apache.flink.runtime.state.hashmap.HashMapStateBackend@28db5765
2025-08-11 08:50:43,220 INFO  org.apache.flink.streaming.runtime.tasks.StreamTask          [] - Using job/cluster config to configure application-defined state backend: org.apache.flink.runtime.state.hashmap.HashMapStateBackend@37ecdd86
2025-08-11 08:50:43,220 INFO  org.apache.flink.streaming.runtime.tasks.StreamTask          [] - Using job/cluster config to configure application-defined state backend: org.apache.flink.runtime.state.hashmap.HashMapStateBackend@7bf1e025
2025-08-11 08:50:43,221 INFO  org.apache.flink.streaming.runtime.tasks.StreamTask          [] - Using application-defined state backend: org.apache.flink.runtime.state.hashmap.HashMapStateBackend@24a7b0ae
2025-08-11 08:50:43,221 INFO  org.apache.flink.streaming.runtime.tasks.StreamTask          [] - Using application-defined state backend: org.apache.flink.runtime.state.hashmap.HashMapStateBackend@183bdf5f
2025-08-11 08:50:43,221 INFO  org.apache.flink.streaming.runtime.tasks.StreamTask          [] - Using application-defined state backend: org.apache.flink.runtime.state.hashmap.HashMapStateBackend@229e5d45
2025-08-11 08:50:43,221 INFO  org.apache.flink.streaming.runtime.tasks.StreamTask          [] - Using application-defined state backend: org.apache.flink.runtime.state.hashmap.HashMapStateBackend@7f2a1041
2025-08-11 08:50:43,221 INFO  org.apache.flink.runtime.state.StateBackendLoader            [] - State backend loader loads the state backend as HashMapStateBackend
2025-08-11 08:50:43,221 INFO  org.apache.flink.streaming.runtime.tasks.StreamTask          [] - Using application-defined state backend: org.apache.flink.runtime.state.hashmap.HashMapStateBackend@1f4c5531
2025-08-11 08:50:43,221 INFO  org.apache.flink.runtime.state.StateBackendLoader            [] - State backend loader loads the state backend as HashMapStateBackend
2025-08-11 08:50:43,222 INFO  org.apache.flink.runtime.state.StateBackendLoader            [] - State backend loader loads the state backend as HashMapStateBackend
2025-08-11 08:50:43,222 INFO  org.apache.flink.runtime.state.StateBackendLoader            [] - State backend loader loads the state backend as HashMapStateBackend
2025-08-11 08:50:43,221 INFO  org.apache.flink.runtime.state.StateBackendLoader            [] - State backend loader loads the state backend as HashMapStateBackend
2025-08-11 08:50:43,234 INFO  org.apache.flink.streaming.runtime.tasks.StreamTask          [] - Using job/cluster config to configure application-defined checkpoint storage: org.apache.flink.runtime.state.storage.FileSystemCheckpointStorage@200dd9d5
2025-08-11 08:50:43,234 INFO  org.apache.flink.streaming.runtime.tasks.StreamTask          [] - Using job/cluster config to configure application-defined checkpoint storage: org.apache.flink.runtime.state.storage.FileSystemCheckpointStorage@200dd9d5
2025-08-11 08:50:43,234 INFO  org.apache.flink.streaming.runtime.tasks.StreamTask          [] - Using job/cluster config to configure application-defined checkpoint storage: org.apache.flink.runtime.state.storage.FileSystemCheckpointStorage@200dd9d5
2025-08-11 08:50:43,234 INFO  org.apache.flink.streaming.runtime.tasks.StreamTask          [] - Using job/cluster config to configure application-defined checkpoint storage: org.apache.flink.runtime.state.storage.FileSystemCheckpointStorage@200dd9d5
2025-08-11 08:50:43,235 INFO  org.apache.flink.streaming.runtime.tasks.StreamTask          [] - Using job/cluster config to configure application-defined checkpoint storage: org.apache.flink.runtime.state.storage.FileSystemCheckpointStorage@200dd9d5
2025-08-11 08:50:43,247 INFO  org.apache.flink.runtime.taskmanager.Task                    [] - Multi-GPU Inference Processor -> Sink: Multi-GPU Monitor Sink (1/4)#0 (3b3c2af3eb3842107c90bc6489741a24_20ba6b65f97481d5570070de90e4e791_0_0) switched from DEPLOYING to INITIALIZING.
2025-08-11 08:50:43,247 INFO  org.apache.flink.runtime.taskmanager.Task                    [] - Multi-GPU Inference Processor -> Sink: Multi-GPU Monitor Sink (4/4)#0 (3b3c2af3eb3842107c90bc6489741a24_20ba6b65f97481d5570070de90e4e791_3_0) switched from DEPLOYING to INITIALIZING.
2025-08-11 08:50:43,247 INFO  org.apache.flink.runtime.taskmanager.Task                    [] - Multi-GPU Inference Processor -> Sink: Multi-GPU Monitor Sink (2/4)#0 (3b3c2af3eb3842107c90bc6489741a24_20ba6b65f97481d5570070de90e4e791_1_0) switched from DEPLOYING to INITIALIZING.
2025-08-11 08:50:43,247 INFO  org.apache.flink.runtime.taskmanager.Task                    [] - Multi-GPU Inference Processor -> Sink: Multi-GPU Monitor Sink (3/4)#0 (3b3c2af3eb3842107c90bc6489741a24_20ba6b65f97481d5570070de90e4e791_2_0) switched from DEPLOYING to INITIALIZING.
2025-08-11 08:50:43,248 INFO  org.apache.flink.runtime.taskmanager.Task                    [] - Source: Request Source (1/1)#0 (3b3c2af3eb3842107c90bc6489741a24_bc764cd8ddf7a0cff126f51c16239658_0_0) switched from DEPLOYING to INITIALIZING.
2025-08-11 08:50:43,347 INFO  org.apache.flink.runtime.taskmanager.Task                    [] - Source: Request Source (1/1)#0 (3b3c2af3eb3842107c90bc6489741a24_bc764cd8ddf7a0cff126f51c16239658_0_0) switched from INITIALIZING to RUNNING.
2025-08-11 08:50:43,353 INFO  com.infertuner.sources.BasicRequestSource                    [] - 开始生成 50 个测试请求，间隔 500ms
2025-08-11 08:50:43,356 INFO  com.infertuner.sources.BasicRequestSource                    [] - 生成请求 1/50: req_000
2025-08-11 08:50:43,359 INFO  com.infertuner.processors.GPUInferenceProcessor              [] - Task 1 启动，绑定到 GPU 1
2025-08-11 08:50:43,359 INFO  com.infertuner.processors.GPUInferenceProcessor              [] - Task 3 启动，绑定到 GPU 3
2025-08-11 08:50:43,359 INFO  com.infertuner.processors.GPUInferenceProcessor              [] - Task 0 启动，绑定到 GPU 0
2025-08-11 08:50:43,360 INFO  com.infertuner.processors.GPUInferenceProcessor              [] - Task 2 启动，绑定到 GPU 2
2025-08-11 08:50:43,454 INFO  com.infertuner.processors.GPUInferenceProcessor              [] - 启动 GPU 1 推理服务...
2025-08-11 08:50:43,454 INFO  com.infertuner.processors.GPUInferenceProcessor              [] - 启动 GPU 3 推理服务...
2025-08-11 08:50:43,454 INFO  com.infertuner.processors.GPUInferenceProcessor              [] - 启动 GPU 0 推理服务...
2025-08-11 08:50:43,454 INFO  com.infertuner.processors.GPUInferenceProcessor              [] - 启动 GPU 2 推理服务...
2025-08-11 08:50:43,461 INFO  com.infertuner.processors.GPUInferenceProcessor              [] - 等待 GPU 3 服务初始化...
2025-08-11 08:50:43,461 INFO  com.infertuner.processors.GPUInferenceProcessor              [] - 等待 GPU 2 服务初始化...
2025-08-11 08:50:43,461 INFO  com.infertuner.processors.GPUInferenceProcessor              [] - 等待 GPU 1 服务初始化...
2025-08-11 08:50:43,462 INFO  com.infertuner.processors.GPUInferenceProcessor              [] - 等待 GPU 0 服务初始化...
2025-08-11 08:50:43,857 INFO  com.infertuner.sources.BasicRequestSource                    [] - 生成请求 2/50: req_001
2025-08-11 08:50:44,358 INFO  com.infertuner.sources.BasicRequestSource                    [] - 生成请求 3/50: req_002
2025-08-11 08:50:44,859 INFO  com.infertuner.sources.BasicRequestSource                    [] - 生成请求 4/50: req_003
2025-08-11 08:50:45,361 INFO  com.infertuner.sources.BasicRequestSource                    [] - 生成请求 5/50: req_004
2025-08-11 08:50:45,862 INFO  com.infertuner.sources.BasicRequestSource                    [] - 生成请求 6/50: req_005
2025-08-11 08:50:46,362 INFO  com.infertuner.sources.BasicRequestSource                    [] - 生成请求 7/50: req_006
2025-08-11 08:50:46,863 INFO  com.infertuner.sources.BasicRequestSource                    [] - 生成请求 8/50: req_007
2025-08-11 08:50:47,363 INFO  com.infertuner.sources.BasicRequestSource                    [] - 生成请求 9/50: req_008
2025-08-11 08:50:47,864 INFO  com.infertuner.sources.BasicRequestSource                    [] - 生成请求 10/50: req_009
2025-08-11 08:50:48,365 INFO  com.infertuner.sources.BasicRequestSource                    [] - 生成请求 11/50: req_010
2025-08-11 08:50:48,867 INFO  com.infertuner.sources.BasicRequestSource                    [] - 生成请求 12/50: req_011
2025-08-11 08:50:49,368 INFO  com.infertuner.sources.BasicRequestSource                    [] - 生成请求 13/50: req_012
2025-08-11 08:50:49,869 INFO  com.infertuner.sources.BasicRequestSource                    [] - 生成请求 14/50: req_013
2025-08-11 08:50:50,370 INFO  com.infertuner.sources.BasicRequestSource                    [] - 生成请求 15/50: req_014
2025-08-11 08:50:50,871 INFO  com.infertuner.sources.BasicRequestSource                    [] - 生成请求 16/50: req_015
2025-08-11 08:50:51,372 INFO  com.infertuner.sources.BasicRequestSource                    [] - 生成请求 17/50: req_016
2025-08-11 08:50:51,461 INFO  com.infertuner.processors.GPUInferenceProcessor              [] - ✅ GPU 2 推理服务启动成功
2025-08-11 08:50:51,461 INFO  com.infertuner.processors.GPUInferenceProcessor              [] - ✅ GPU 3 推理服务启动成功
2025-08-11 08:50:51,461 INFO  com.infertuner.processors.GPUInferenceProcessor              [] - GPU 2 推理服务启动完成
2025-08-11 08:50:51,461 INFO  com.infertuner.processors.GPUInferenceProcessor              [] - GPU 3 推理服务启动完成
2025-08-11 08:50:51,461 INFO  com.infertuner.processors.GPUInferenceProcessor              [] - ✅ GPU 1 推理服务启动成功
2025-08-11 08:50:51,462 INFO  com.infertuner.processors.GPUInferenceProcessor              [] - GPU 1 推理服务启动完成
2025-08-11 08:50:51,464 INFO  com.infertuner.processors.GPUInferenceProcessor              [] - ✅ GPU 0 推理服务启动成功
2025-08-11 08:50:51,464 INFO  com.infertuner.processors.GPUInferenceProcessor              [] - GPU 0 推理服务启动完成
2025-08-11 08:50:51,470 INFO  org.apache.flink.runtime.taskmanager.Task                    [] - Multi-GPU Inference Processor -> Sink: Multi-GPU Monitor Sink (2/4)#0 (3b3c2af3eb3842107c90bc6489741a24_20ba6b65f97481d5570070de90e4e791_1_0) switched from INITIALIZING to RUNNING.
2025-08-11 08:50:51,470 INFO  org.apache.flink.runtime.taskmanager.Task                    [] - Multi-GPU Inference Processor -> Sink: Multi-GPU Monitor Sink (3/4)#0 (3b3c2af3eb3842107c90bc6489741a24_20ba6b65f97481d5570070de90e4e791_2_0) switched from INITIALIZING to RUNNING.
2025-08-11 08:50:51,470 INFO  org.apache.flink.runtime.taskmanager.Task                    [] - Multi-GPU Inference Processor -> Sink: Multi-GPU Monitor Sink (1/4)#0 (3b3c2af3eb3842107c90bc6489741a24_20ba6b65f97481d5570070de90e4e791_0_0) switched from INITIALIZING to RUNNING.
2025-08-11 08:50:51,470 INFO  org.apache.flink.runtime.taskmanager.Task                    [] - Multi-GPU Inference Processor -> Sink: Multi-GPU Monitor Sink (4/4)#0 (3b3c2af3eb3842107c90bc6489741a24_20ba6b65f97481d5570070de90e4e791_3_0) switched from INITIALIZING to RUNNING.
2025-08-11 08:50:51,872 INFO  com.infertuner.sources.BasicRequestSource                    [] - 生成请求 18/50: req_017
2025-08-11 08:50:52,373 INFO  com.infertuner.sources.BasicRequestSource                    [] - 生成请求 19/50: req_018
2025-08-11 08:50:52,614 INFO  com.infertuner.sinks.GPUMonitorSink                          [] - 结果 #1: GPU-0 | ✅ | 1077.6ms | 为了优化模型性能，可以采取以下几种方法：

1. 数据预处理：数据预处理是提高模型性能的关键步骤。这包括清洗、归一化和转...
2025-08-11 08:50:52,787 INFO  com.infertuner.sinks.GPUMonitorSink                          [] - 结果 #1: GPU-0 | ✅ | 1270.3ms | 深度学习是一种机器学习方法，其基本原理包括以下几个方面：

1. 层次化：深度学习模型由多个层次组成，每个层次都包含一系...
2025-08-11 08:50:52,831 INFO  com.infertuner.sinks.GPUMonitorSink                          [] - 结果 #1: GPU-0 | ✅ | 1315.3ms | 深度学习是一种机器学习技术，其基本原理是模仿人脑神经网络的结构和工作方式，通过构建多层非线性变换和大量数据训练来实现对复...
2025-08-11 08:50:52,874 INFO  com.infertuner.sources.BasicRequestSource                    [] - 生成请求 20/50: req_019
2025-08-11 08:50:52,951 INFO  com.infertuner.sinks.GPUMonitorSink                          [] - 结果 #1: GPU-0 | ✅ | 1435.4ms | 机器学习是一种人工智能技术，它允许计算机从数据中自动学习模式和规律，并通过这些模式和规律来解决实际问题。机器学习的基本原...
2025-08-11 08:50:53,375 INFO  com.infertuner.sources.BasicRequestSource                    [] - 生成请求 21/50: req_020
2025-08-11 08:50:53,602 INFO  com.infertuner.sinks.GPUMonitorSink                          [] - 结果 #2: GPU-0 | ✅ | 648.7ms | 神经网络是一种由多层非线性变换和连接节点构成的计算模型，用于解决复杂的模式识别、分类、回归等任务。它的基本工作原理如下：...
2025-08-11 08:50:53,700 INFO  com.infertuner.sinks.GPUMonitorSink                          [] - 结果 #2: GPU-0 | ✅ | 866.6ms | 过拟合（Overfitting）是指机器学习模型在训练集上表现良好，但在测试集上的表现较差的现象。过拟合通常发生在当模型...
2025-08-11 08:50:53,770 INFO  com.infertuner.sinks.GPUMonitorSink                          [] - 结果 #2: GPU-0 | ✅ | 1153.4ms | 优化模型性能有很多方法，以下是其中一些常用的方法：

1. 数据预处理：数据预处理是将原始数据转换为模型可以接受的格式的...
2025-08-11 08:50:53,875 INFO  com.infertuner.sources.BasicRequestSource                    [] - 生成请求 22/50: req_021
2025-08-11 08:50:54,058 INFO  com.infertuner.sinks.GPUMonitorSink                          [] - 结果 #2: GPU-0 | ✅ | 1268.2ms | 机器学习是一种人工智能的分支，它使用算法和统计模型来让计算机自动从数据中学习规律，并通过自我改进以实现更准确、高效和智能...
2025-08-11 08:50:54,376 INFO  com.infertuner.sources.BasicRequestSource                    [] - 生成请求 23/50: req_022
2025-08-11 08:50:54,528 INFO  com.infertuner.sinks.GPUMonitorSink                          [] - 结果 #3: GPU-0 | ✅ | 826.7ms | 优化模型性能需要根据具体的应用场景和数据集的特点，采取以下几种策略：

1. 数据预处理：对原始数据进行清洗、归一化、标...
2025-08-11 08:50:54,877 INFO  com.infertuner.sources.BasicRequestSource                    [] - 生成请求 24/50: req_023
2025-08-11 08:50:54,900 INFO  com.infertuner.sinks.GPUMonitorSink                          [] - 结果 #3: GPU-0 | ✅ | 840.1ms | 过拟合（Overfitting）是指机器学习模型在训练数据集上表现良好，但在未见过的测试数据集上的表现较差的现象。简单来...
2025-08-11 08:50:54,927 INFO  com.infertuner.sinks.GPUMonitorSink                          [] - 结果 #3: GPU-0 | ✅ | 1155.7ms | 深度学习是一种机器学习技术，其基本原理是通过构建多层神经网络模型，从输入数据中提取特征，并利用这些特征进行模式识别和预测...
2025-08-11 08:50:55,147 INFO  com.infertuner.sinks.GPUMonitorSink                          [] - 结果 #3: GPU-0 | ✅ | 1543.2ms | 机器学习是一种人工智能技术，它让计算机系统可以从数据中自动学习和改进，从而实现特定任务的自动化。它的目标是利用算法来识别...
2025-08-11 08:50:55,377 INFO  com.infertuner.sources.BasicRequestSource                    [] - 生成请求 25/50: req_024
2025-08-11 08:50:55,666 INFO  com.infertuner.sinks.GPUMonitorSink                          [] - 结果 #4: GPU-0 | ✅ | 1135.6ms | 过拟合（Overfitting）是机器学习中一种常见的现象，它指的是在训练数据集上表现良好，但在新数据集上的性能急剧下降...
2025-08-11 08:50:55,878 INFO  com.infertuner.sources.BasicRequestSource                    [] - 生成请求 26/50: req_025
2025-08-11 08:50:56,101 INFO  com.infertuner.sinks.GPUMonitorSink                          [] - 结果 #4: GPU-0 | ✅ | 1199.6ms | 过拟合（Overfitting）是指在训练模型时，模型过于复杂，以至于它过度适应了训练数据中的噪声和细节，而忽略了整体的...
2025-08-11 08:50:56,379 INFO  com.infertuner.sources.BasicRequestSource                    [] - 生成请求 27/50: req_026
2025-08-11 08:50:56,469 INFO  com.infertuner.sinks.GPUMonitorSink                          [] - 结果 #4: GPU-0 | ✅ | 1319.3ms | 深度学习是一种机器学习技术，它使用多层神经网络来模拟人脑的复杂思维过程。其基本原理主要包括以下几点：

1. 数据预处理...
2025-08-11 08:50:56,620 INFO  com.infertuner.sinks.GPUMonitorSink                          [] - 结果 #5: GPU-0 | ✅ | 950.6ms | 机器学习是一种人工智能的分支，它利用算法和统计模型使计算机系统能够自动从数据中学习模式、规律，并根据这些模式和规律做出预...
2025-08-11 08:50:56,650 INFO  com.infertuner.sinks.GPUMonitorSink                          [] - 结果 #4: GPU-0 | ✅ | 1720.7ms | 过拟合（Overfitting）是指在训练机器学习模型时，模型过度地适应了训练数据集中的噪声和异常值，而对新数据的预测能...
2025-08-11 08:50:56,821 INFO  com.infertuner.sinks.GPUMonitorSink                          [] - 结果 #5: GPU-0 | ✅ | 718.7ms | 要优化模型性能，您可以采取以下几种方法：

1. 数据预处理：对数据进行清洗、归一化和标准化等预处理操作，以提高特征的适...
2025-08-11 08:50:56,879 INFO  com.infertuner.sources.BasicRequestSource                    [] - 生成请求 28/50: req_027
2025-08-11 08:50:57,380 INFO  com.infertuner.sources.BasicRequestSource                    [] - 生成请求 29/50: req_028
2025-08-11 08:50:57,426 INFO  com.infertuner.sinks.GPUMonitorSink                          [] - 结果 #5: GPU-0 | ✅ | 953.9ms | 深度学习是一种机器学习技术，它使用多层神经网络（MLP）和反向传播算法来模拟人脑的高级认知过程。它的基本原理可以归纳为以...
2025-08-11 08:50:57,880 INFO  com.infertuner.sources.BasicRequestSource                    [] - 生成请求 30/50: req_029
2025-08-11 08:50:58,162 INFO  com.infertuner.sinks.GPUMonitorSink                          [] - 结果 #5: GPU-0 | ✅ | 1510.5ms | 机器学习是一种人工智能技术，它允许计算机系统通过从数据中学习和改进性能，而无需明确编程。它使用统计学、概率论、算法和数学...
2025-08-11 08:50:58,381 INFO  com.infertuner.sources.BasicRequestSource                    [] - 生成请求 31/50: req_030
2025-08-11 08:50:58,881 INFO  com.infertuner.sources.BasicRequestSource                    [] - 生成请求 32/50: req_031
2025-08-11 08:50:59,382 INFO  com.infertuner.sources.BasicRequestSource                    [] - 生成请求 33/50: req_032
2025-08-11 08:50:59,883 INFO  com.infertuner.sources.BasicRequestSource                    [] - 生成请求 34/50: req_033
2025-08-11 08:51:00,384 INFO  com.infertuner.sources.BasicRequestSource                    [] - 生成请求 35/50: req_034
2025-08-11 08:51:00,884 INFO  com.infertuner.sources.BasicRequestSource                    [] - 生成请求 36/50: req_035
2025-08-11 08:51:01,385 INFO  com.infertuner.sources.BasicRequestSource                    [] - 生成请求 37/50: req_036
2025-08-11 08:51:01,885 INFO  com.infertuner.sources.BasicRequestSource                    [] - 生成请求 38/50: req_037
2025-08-11 08:51:02,386 INFO  com.infertuner.sources.BasicRequestSource                    [] - 生成请求 39/50: req_038
2025-08-11 08:51:02,886 INFO  com.infertuner.sources.BasicRequestSource                    [] - 生成请求 40/50: req_039
2025-08-11 08:51:02,954 INFO  com.infertuner.sinks.GPUMonitorSink                          [] - === 整体统计 ===
2025-08-11 08:51:02,954 INFO  com.infertuner.sinks.GPUMonitorSink                          [] - 总请求: 10 | 成功: 10 (100.0%) | 平均延迟: 1076.1ms | 吞吐量: 0.47 req/s
2025-08-11 08:51:02,954 INFO  com.infertuner.sinks.GPUMonitorSink                          [] - === GPU分布统计 ===
2025-08-11 08:51:02,955 INFO  com.infertuner.sinks.GPUMonitorSink                          [] - GPU-0: 请求=10 | 成功率=100.0% | 平均延迟=1076.1ms | 吞吐量=0.47 req/s
2025-08-11 08:51:02,955 INFO  com.infertuner.sinks.GPUMonitorSink                          [] - ========================
2025-08-11 08:51:03,387 INFO  com.infertuner.sources.BasicRequestSource                    [] - 生成请求 41/50: req_040
2025-08-11 08:51:03,543 INFO  com.infertuner.sinks.GPUMonitorSink                          [] - === 整体统计 ===
2025-08-11 08:51:03,543 INFO  com.infertuner.sinks.GPUMonitorSink                          [] - 总请求: 10 | 成功: 10 (100.0%) | 平均延迟: 1198.2ms | 吞吐量: 0.46 req/s
2025-08-11 08:51:03,543 INFO  com.infertuner.sinks.GPUMonitorSink                          [] - === GPU分布统计 ===
2025-08-11 08:51:03,543 INFO  com.infertuner.sinks.GPUMonitorSink                          [] - GPU-0: 请求=10 | 成功率=100.0% | 平均延迟=1198.2ms | 吞吐量=0.46 req/s
2025-08-11 08:51:03,543 INFO  com.infertuner.sinks.GPUMonitorSink                          [] - ========================
2025-08-11 08:51:03,880 INFO  com.infertuner.sinks.GPUMonitorSink                          [] - === 整体统计 ===
2025-08-11 08:51:03,880 INFO  com.infertuner.sinks.GPUMonitorSink                          [] - 总请求: 10 | 成功: 10 (100.0%) | 平均延迟: 1093.9ms | 吞吐量: 0.45 req/s
2025-08-11 08:51:03,880 INFO  com.infertuner.sinks.GPUMonitorSink                          [] - === GPU分布统计 ===
2025-08-11 08:51:03,880 INFO  com.infertuner.sinks.GPUMonitorSink                          [] - GPU-0: 请求=10 | 成功率=100.0% | 平均延迟=1093.9ms | 吞吐量=0.45 req/s
2025-08-11 08:51:03,881 INFO  com.infertuner.sinks.GPUMonitorSink                          [] - ========================
2025-08-11 08:51:03,883 INFO  com.infertuner.sinks.GPUMonitorSink                          [] - === 整体统计 ===
2025-08-11 08:51:03,884 INFO  com.infertuner.sinks.GPUMonitorSink                          [] - 总请求: 10 | 成功: 10 (100.0%) | 平均延迟: 1138.0ms | 吞吐量: 0.45 req/s
2025-08-11 08:51:03,884 INFO  com.infertuner.sinks.GPUMonitorSink                          [] - === GPU分布统计 ===
2025-08-11 08:51:03,884 INFO  com.infertuner.sinks.GPUMonitorSink                          [] - GPU-0: 请求=10 | 成功率=100.0% | 平均延迟=1138.0ms | 吞吐量=0.45 req/s
2025-08-11 08:51:03,884 INFO  com.infertuner.sinks.GPUMonitorSink                          [] - ========================
2025-08-11 08:51:03,887 INFO  com.infertuner.sources.BasicRequestSource                    [] - 生成请求 42/50: req_041
2025-08-11 08:51:04,388 INFO  com.infertuner.sources.BasicRequestSource                    [] - 生成请求 43/50: req_042
2025-08-11 08:51:04,889 INFO  com.infertuner.sources.BasicRequestSource                    [] - 生成请求 44/50: req_043
2025-08-11 08:51:05,389 INFO  com.infertuner.sources.BasicRequestSource                    [] - 生成请求 45/50: req_044
2025-08-11 08:51:05,890 INFO  com.infertuner.sources.BasicRequestSource                    [] - 生成请求 46/50: req_045
2025-08-11 08:51:06,390 INFO  com.infertuner.sources.BasicRequestSource                    [] - 生成请求 47/50: req_046
2025-08-11 08:51:06,891 INFO  com.infertuner.sources.BasicRequestSource                    [] - 生成请求 48/50: req_047
2025-08-11 08:51:07,392 INFO  com.infertuner.sources.BasicRequestSource                    [] - 生成请求 49/50: req_048
2025-08-11 08:51:07,892 INFO  com.infertuner.sources.BasicRequestSource                    [] - 生成请求 50/50: req_049
2025-08-11 08:51:07,893 INFO  com.infertuner.sources.BasicRequestSource                    [] - 请求生成完成，共 50 个
2025-08-11 08:51:28,852 INFO  org.apache.flink.runtime.taskmanager.Task                    [] - Source: Request Source (1/1)#0 (3b3c2af3eb3842107c90bc6489741a24_bc764cd8ddf7a0cff126f51c16239658_0_0) switched from RUNNING to FINISHED.
2025-08-11 08:51:28,854 INFO  com.infertuner.processors.GPUInferenceProcessor              [] - 关闭 GPU 1 推理服务...
2025-08-11 08:51:28,855 INFO  com.infertuner.processors.GPUInferenceProcessor              [] - 关闭 GPU 2 推理服务...
2025-08-11 08:51:28,855 INFO  com.infertuner.processors.GPUInferenceProcessor              [] - 关闭 GPU 3 推理服务...
2025-08-11 08:51:28,854 INFO  org.apache.flink.runtime.taskmanager.Task                    [] - Freeing task resources for Source: Request Source (1/1)#0 (3b3c2af3eb3842107c90bc6489741a24_bc764cd8ddf7a0cff126f51c16239658_0_0).
2025-08-11 08:51:28,855 INFO  com.infertuner.processors.GPUInferenceProcessor              [] - 关闭 GPU 0 推理服务...
2025-08-11 08:51:28,860 INFO  org.apache.flink.runtime.taskexecutor.TaskExecutor           [] - Un-registering task and sending final execution state FINISHED to JobManager for task Source: Request Source (1/1)#0 3b3c2af3eb3842107c90bc6489741a24_bc764cd8ddf7a0cff126f51c16239658_0_0.
2025-08-11 08:51:29,888 INFO  com.infertuner.processors.GPUInferenceProcessor              [] - ✅ GPU 1 推理服务已关闭
2025-08-11 08:51:29,891 INFO  org.apache.flink.runtime.taskmanager.Task                    [] - Multi-GPU Inference Processor -> Sink: Multi-GPU Monitor Sink (2/4)#0 (3b3c2af3eb3842107c90bc6489741a24_20ba6b65f97481d5570070de90e4e791_1_0) switched from RUNNING to FINISHED.
2025-08-11 08:51:29,891 INFO  org.apache.flink.runtime.taskmanager.Task                    [] - Freeing task resources for Multi-GPU Inference Processor -> Sink: Multi-GPU Monitor Sink (2/4)#0 (3b3c2af3eb3842107c90bc6489741a24_20ba6b65f97481d5570070de90e4e791_1_0).
2025-08-11 08:51:29,894 INFO  org.apache.flink.runtime.taskexecutor.TaskExecutor           [] - Un-registering task and sending final execution state FINISHED to JobManager for task Multi-GPU Inference Processor -> Sink: Multi-GPU Monitor Sink (2/4)#0 3b3c2af3eb3842107c90bc6489741a24_20ba6b65f97481d5570070de90e4e791_1_0.
2025-08-11 08:51:29,921 INFO  com.infertuner.processors.GPUInferenceProcessor              [] - ✅ GPU 3 推理服务已关闭
2025-08-11 08:51:29,923 INFO  org.apache.flink.runtime.taskmanager.Task                    [] - Multi-GPU Inference Processor -> Sink: Multi-GPU Monitor Sink (4/4)#0 (3b3c2af3eb3842107c90bc6489741a24_20ba6b65f97481d5570070de90e4e791_3_0) switched from RUNNING to FINISHED.
2025-08-11 08:51:29,923 INFO  org.apache.flink.runtime.taskmanager.Task                    [] - Freeing task resources for Multi-GPU Inference Processor -> Sink: Multi-GPU Monitor Sink (4/4)#0 (3b3c2af3eb3842107c90bc6489741a24_20ba6b65f97481d5570070de90e4e791_3_0).
2025-08-11 08:51:29,925 INFO  org.apache.flink.runtime.taskexecutor.TaskExecutor           [] - Un-registering task and sending final execution state FINISHED to JobManager for task Multi-GPU Inference Processor -> Sink: Multi-GPU Monitor Sink (4/4)#0 3b3c2af3eb3842107c90bc6489741a24_20ba6b65f97481d5570070de90e4e791_3_0.
2025-08-11 08:51:29,975 INFO  com.infertuner.processors.GPUInferenceProcessor              [] - ✅ GPU 0 推理服务已关闭
2025-08-11 08:51:29,977 INFO  org.apache.flink.runtime.taskmanager.Task                    [] - Multi-GPU Inference Processor -> Sink: Multi-GPU Monitor Sink (1/4)#0 (3b3c2af3eb3842107c90bc6489741a24_20ba6b65f97481d5570070de90e4e791_0_0) switched from RUNNING to FINISHED.
2025-08-11 08:51:29,977 INFO  org.apache.flink.runtime.taskmanager.Task                    [] - Freeing task resources for Multi-GPU Inference Processor -> Sink: Multi-GPU Monitor Sink (1/4)#0 (3b3c2af3eb3842107c90bc6489741a24_20ba6b65f97481d5570070de90e4e791_0_0).
2025-08-11 08:51:29,978 INFO  org.apache.flink.runtime.taskexecutor.TaskExecutor           [] - Un-registering task and sending final execution state FINISHED to JobManager for task Multi-GPU Inference Processor -> Sink: Multi-GPU Monitor Sink (1/4)#0 3b3c2af3eb3842107c90bc6489741a24_20ba6b65f97481d5570070de90e4e791_0_0.
2025-08-11 08:51:30,039 INFO  com.infertuner.processors.GPUInferenceProcessor              [] - ✅ GPU 2 推理服务已关闭
2025-08-11 08:51:30,040 INFO  org.apache.flink.runtime.taskmanager.Task                    [] - Multi-GPU Inference Processor -> Sink: Multi-GPU Monitor Sink (3/4)#0 (3b3c2af3eb3842107c90bc6489741a24_20ba6b65f97481d5570070de90e4e791_2_0) switched from RUNNING to FINISHED.
2025-08-11 08:51:30,041 INFO  org.apache.flink.runtime.taskmanager.Task                    [] - Freeing task resources for Multi-GPU Inference Processor -> Sink: Multi-GPU Monitor Sink (3/4)#0 (3b3c2af3eb3842107c90bc6489741a24_20ba6b65f97481d5570070de90e4e791_2_0).
2025-08-11 08:51:30,041 INFO  org.apache.flink.runtime.taskexecutor.TaskExecutor           [] - Un-registering task and sending final execution state FINISHED to JobManager for task Multi-GPU Inference Processor -> Sink: Multi-GPU Monitor Sink (3/4)#0 3b3c2af3eb3842107c90bc6489741a24_20ba6b65f97481d5570070de90e4e791_2_0.
2025-08-11 08:51:30,095 INFO  org.apache.flink.runtime.taskexecutor.slot.TaskSlotTableImpl [] - Free slot TaskSlot(index:2, state:ACTIVE, resource profile: ResourceProfile{cpuCores=1, taskHeapMemory=364.800mb (382520517 bytes), taskOffHeapMemory=0 bytes, managedMemory=343.040mb (359703515 bytes), networkMemory=85.760mb (89925878 bytes)}, allocationId: 89ac49855f4fcb20553ba45b5679bd8d, jobId: 295d30d9679eebe03ecaedf29a482971).
2025-08-11 08:51:30,097 INFO  org.apache.flink.runtime.taskexecutor.slot.TaskSlotTableImpl [] - Free slot TaskSlot(index:0, state:ACTIVE, resource profile: ResourceProfile{cpuCores=1, taskHeapMemory=364.800mb (382520517 bytes), taskOffHeapMemory=0 bytes, managedMemory=343.040mb (359703515 bytes), networkMemory=85.760mb (89925878 bytes)}, allocationId: c3b9403d1e58f9d982d71c65e0467fe7, jobId: 295d30d9679eebe03ecaedf29a482971).
2025-08-11 08:51:30,098 INFO  org.apache.flink.runtime.taskexecutor.slot.TaskSlotTableImpl [] - Free slot TaskSlot(index:3, state:ACTIVE, resource profile: ResourceProfile{cpuCores=1, taskHeapMemory=364.800mb (382520517 bytes), taskOffHeapMemory=0 bytes, managedMemory=343.040mb (359703515 bytes), networkMemory=85.760mb (89925878 bytes)}, allocationId: 002e06a70116fa89094fbe9ec620114d, jobId: 295d30d9679eebe03ecaedf29a482971).
2025-08-11 08:51:30,099 INFO  org.apache.flink.runtime.taskexecutor.slot.TaskSlotTableImpl [] - Free slot TaskSlot(index:1, state:ACTIVE, resource profile: ResourceProfile{cpuCores=1, taskHeapMemory=364.800mb (382520517 bytes), taskOffHeapMemory=0 bytes, managedMemory=343.040mb (359703515 bytes), networkMemory=85.760mb (89925878 bytes)}, allocationId: af4f94cf9c05b7edd47c8f9dc40393e6, jobId: 295d30d9679eebe03ecaedf29a482971).
2025-08-11 08:51:30,100 INFO  org.apache.flink.runtime.taskexecutor.DefaultJobLeaderService [] - Remove job 295d30d9679eebe03ecaedf29a482971 from job leader monitoring.
2025-08-11 08:51:30,100 INFO  org.apache.flink.runtime.taskexecutor.TaskExecutor           [] - Close JobManager connection for job 295d30d9679eebe03ecaedf29a482971.
