2025-08-11 08:46:47,600 INFO  org.apache.flink.runtime.taskexecutor.TaskManagerRunner      [] - --------------------------------------------------------------------------------
2025-08-11 08:46:47,602 INFO  org.apache.flink.runtime.taskexecutor.TaskManagerRunner      [] -  Preconfiguration: 
2025-08-11 08:46:47,602 INFO  org.apache.flink.runtime.taskexecutor.TaskManagerRunner      [] - 


RESOURCE_PARAMS extraction logs:
jvm_params: -Xmx1664299798 -Xms1664299798 -XX:MaxDirectMemorySize=493921243 -XX:MaxMetaspaceSize=268435456
dynamic_configs: -D taskmanager.memory.network.min=359703515b -D taskmanager.cpu.cores=4.0 -D taskmanager.memory.task.off-heap.size=0b -D taskmanager.memory.jvm-metaspace.size=268435456b -D external-resources=none -D taskmanager.memory.jvm-overhead.min=429496736b -D taskmanager.memory.framework.off-heap.size=134217728b -D taskmanager.memory.network.max=359703515b -D taskmanager.memory.framework.heap.size=134217728b -D taskmanager.memory.managed.size=1438814063b -D taskmanager.memory.task.heap.size=1530082070b -D taskmanager.numberOfTaskSlots=4 -D taskmanager.memory.jvm-overhead.max=429496736b
logs: WARNING: sun.reflect.Reflection.getCallerClass is not supported. This will impact performance.
INFO  [] - Loading configuration property: taskmanager.memory.process.size, 4096m
INFO  [] - Loading configuration property: env.java.opts.jobmanager, -Dfile.encoding=UTF-8 -Dsun.jnu.encoding=UTF-8
INFO  [] - Loading configuration property: taskmanager.bind-host, localhost
INFO  [] - Loading configuration property: env.java.opts, -Dfile.encoding=UTF-8 -Dsun.jnu.encoding=UTF-8
INFO  [] - Loading configuration property: jobmanager.rpc.address, localhost
INFO  [] - Loading configuration property: jobmanager.memory.process.size, 2048m
INFO  [] - Loading configuration property: jobmanager.rpc.port, 6123
INFO  [] - Loading configuration property: rest.bind-address, 0.0.0.0
INFO  [] - Loading configuration property: rest.port, 8081
INFO  [] - Loading configuration property: execution.checkpointing.interval, 30s
INFO  [] - Loading configuration property: jobmanager.bind-host, localhost
INFO  [] - Loading configuration property: parallelism.default, 1
INFO  [] - Loading configuration property: taskmanager.numberOfTaskSlots, 4
INFO  [] - Loading configuration property: taskmanager.memory.managed.fraction, 0.4
INFO  [] - Loading configuration property: rest.address, 0.0.0.0
INFO  [] - Loading configuration property: cluster.evenly-spread-out-slots, true
INFO  [] - Loading configuration property: state.backend, filesystem
INFO  [] - Loading configuration property: execution.checkpointing.min-pause, 5s
INFO  [] - Loading configuration property: jobmanager.memory.jvm-metaspace.size, 256m
INFO  [] - Loading configuration property: env.java.opts.taskmanager, -Dfile.encoding=UTF-8 -Dsun.jnu.encoding=UTF-8
INFO  [] - Loading configuration property: state.checkpoints.dir, file:///workspace/logs/flink-checkpoints
INFO  [] - Final TaskExecutor Memory configuration:
INFO  [] -   Total Process Memory:          4.000gb (4294967296 bytes)
INFO  [] -     Total Flink Memory:          3.350gb (3597035104 bytes)
INFO  [] -       Total JVM Heap Memory:     1.550gb (1664299798 bytes)
INFO  [] -         Framework:               128.000mb (134217728 bytes)
INFO  [] -         Task:                    1.425gb (1530082070 bytes)
INFO  [] -       Total Off-heap Memory:     1.800gb (1932735306 bytes)
INFO  [] -         Managed:                 1.340gb (1438814063 bytes)
INFO  [] -         Total JVM Direct Memory: 471.040mb (493921243 bytes)
INFO  [] -           Framework:             128.000mb (134217728 bytes)
INFO  [] -           Task:                  0 bytes
INFO  [] -           Network:               343.040mb (359703515 bytes)
INFO  [] -     JVM Metaspace:               256.000mb (268435456 bytes)
INFO  [] -     JVM Overhead:                409.600mb (429496736 bytes)

2025-08-11 08:46:47,602 INFO  org.apache.flink.runtime.taskexecutor.TaskManagerRunner      [] - --------------------------------------------------------------------------------
2025-08-11 08:46:47,602 INFO  org.apache.flink.runtime.taskexecutor.TaskManagerRunner      [] -  Starting TaskManager (Version: 1.17.0, Scala: 2.12, Rev:69ecda0, Date:2023-03-17T10:30:06+01:00)
2025-08-11 08:46:47,602 INFO  org.apache.flink.runtime.taskexecutor.TaskManagerRunner      [] -  OS current user: root
2025-08-11 08:46:47,602 INFO  org.apache.flink.runtime.taskexecutor.TaskManagerRunner      [] -  Current Hadoop/Kerberos user: <no hadoop dependency found>
2025-08-11 08:46:47,602 INFO  org.apache.flink.runtime.taskexecutor.TaskManagerRunner      [] -  JVM: OpenJDK 64-Bit Server VM - Ubuntu - 11/11.0.28+6-post-Ubuntu-1ubuntu122.04.1
2025-08-11 08:46:47,602 INFO  org.apache.flink.runtime.taskexecutor.TaskManagerRunner      [] -  Arch: amd64
2025-08-11 08:46:47,602 INFO  org.apache.flink.runtime.taskexecutor.TaskManagerRunner      [] -  Maximum heap size: 1588 MiBytes
2025-08-11 08:46:47,602 INFO  org.apache.flink.runtime.taskexecutor.TaskManagerRunner      [] -  JAVA_HOME: /usr/lib/jvm/java-11-openjdk-amd64
2025-08-11 08:46:47,602 INFO  org.apache.flink.runtime.taskexecutor.TaskManagerRunner      [] -  No Hadoop Dependency available
2025-08-11 08:46:47,603 INFO  org.apache.flink.runtime.taskexecutor.TaskManagerRunner      [] -  JVM Options:
2025-08-11 08:46:47,603 INFO  org.apache.flink.runtime.taskexecutor.TaskManagerRunner      [] -     -Xmx1664299798
2025-08-11 08:46:47,603 INFO  org.apache.flink.runtime.taskexecutor.TaskManagerRunner      [] -     -Xms1664299798
2025-08-11 08:46:47,603 INFO  org.apache.flink.runtime.taskexecutor.TaskManagerRunner      [] -     -XX:MaxDirectMemorySize=493921243
2025-08-11 08:46:47,603 INFO  org.apache.flink.runtime.taskexecutor.TaskManagerRunner      [] -     -XX:MaxMetaspaceSize=268435456
2025-08-11 08:46:47,603 INFO  org.apache.flink.runtime.taskexecutor.TaskManagerRunner      [] -     -Dfile.encoding=UTF-8
2025-08-11 08:46:47,603 INFO  org.apache.flink.runtime.taskexecutor.TaskManagerRunner      [] -     -Dsun.jnu.encoding=UTF-8
2025-08-11 08:46:47,603 INFO  org.apache.flink.runtime.taskexecutor.TaskManagerRunner      [] -     -Dfile.encoding=UTF-8
2025-08-11 08:46:47,603 INFO  org.apache.flink.runtime.taskexecutor.TaskManagerRunner      [] -     -Dsun.jnu.encoding=UTF-8
2025-08-11 08:46:47,603 INFO  org.apache.flink.runtime.taskexecutor.TaskManagerRunner      [] -     -Dlog.file=/workspace/flink-setup/flink/log/flink--taskexecutor-0-gpu02.log
2025-08-11 08:46:47,603 INFO  org.apache.flink.runtime.taskexecutor.TaskManagerRunner      [] -     -Dlog4j.configuration=file:/workspace/flink-setup/flink/conf/log4j.properties
2025-08-11 08:46:47,603 INFO  org.apache.flink.runtime.taskexecutor.TaskManagerRunner      [] -     -Dlog4j.configurationFile=file:/workspace/flink-setup/flink/conf/log4j.properties
2025-08-11 08:46:47,603 INFO  org.apache.flink.runtime.taskexecutor.TaskManagerRunner      [] -     -Dlogback.configurationFile=file:/workspace/flink-setup/flink/conf/logback.xml
2025-08-11 08:46:47,603 INFO  org.apache.flink.runtime.taskexecutor.TaskManagerRunner      [] -  Program Arguments:
2025-08-11 08:46:47,604 INFO  org.apache.flink.runtime.taskexecutor.TaskManagerRunner      [] -     --configDir
2025-08-11 08:46:47,604 INFO  org.apache.flink.runtime.taskexecutor.TaskManagerRunner      [] -     /workspace/flink-setup/flink/conf
2025-08-11 08:46:47,604 INFO  org.apache.flink.runtime.taskexecutor.TaskManagerRunner      [] -     -D
2025-08-11 08:46:47,604 INFO  org.apache.flink.runtime.taskexecutor.TaskManagerRunner      [] -     taskmanager.memory.network.min=359703515b
2025-08-11 08:46:47,604 INFO  org.apache.flink.runtime.taskexecutor.TaskManagerRunner      [] -     -D
2025-08-11 08:46:47,605 INFO  org.apache.flink.runtime.taskexecutor.TaskManagerRunner      [] -     taskmanager.cpu.cores=4.0
2025-08-11 08:46:47,605 INFO  org.apache.flink.runtime.taskexecutor.TaskManagerRunner      [] -     -D
2025-08-11 08:46:47,605 INFO  org.apache.flink.runtime.taskexecutor.TaskManagerRunner      [] -     taskmanager.memory.task.off-heap.size=0b
2025-08-11 08:46:47,605 INFO  org.apache.flink.runtime.taskexecutor.TaskManagerRunner      [] -     -D
2025-08-11 08:46:47,605 INFO  org.apache.flink.runtime.taskexecutor.TaskManagerRunner      [] -     taskmanager.memory.jvm-metaspace.size=268435456b
2025-08-11 08:46:47,605 INFO  org.apache.flink.runtime.taskexecutor.TaskManagerRunner      [] -     -D
2025-08-11 08:46:47,605 INFO  org.apache.flink.runtime.taskexecutor.TaskManagerRunner      [] -     external-resources=none
2025-08-11 08:46:47,605 INFO  org.apache.flink.runtime.taskexecutor.TaskManagerRunner      [] -     -D
2025-08-11 08:46:47,605 INFO  org.apache.flink.runtime.taskexecutor.TaskManagerRunner      [] -     taskmanager.memory.jvm-overhead.min=429496736b
2025-08-11 08:46:47,605 INFO  org.apache.flink.runtime.taskexecutor.TaskManagerRunner      [] -     -D
2025-08-11 08:46:47,605 INFO  org.apache.flink.runtime.taskexecutor.TaskManagerRunner      [] -     taskmanager.memory.framework.off-heap.size=134217728b
2025-08-11 08:46:47,605 INFO  org.apache.flink.runtime.taskexecutor.TaskManagerRunner      [] -     -D
2025-08-11 08:46:47,605 INFO  org.apache.flink.runtime.taskexecutor.TaskManagerRunner      [] -     taskmanager.memory.network.max=359703515b
2025-08-11 08:46:47,606 INFO  org.apache.flink.runtime.taskexecutor.TaskManagerRunner      [] -     -D
2025-08-11 08:46:47,606 INFO  org.apache.flink.runtime.taskexecutor.TaskManagerRunner      [] -     taskmanager.memory.framework.heap.size=134217728b
2025-08-11 08:46:47,606 INFO  org.apache.flink.runtime.taskexecutor.TaskManagerRunner      [] -     -D
2025-08-11 08:46:47,606 INFO  org.apache.flink.runtime.taskexecutor.TaskManagerRunner      [] -     taskmanager.memory.managed.size=1438814063b
2025-08-11 08:46:47,606 INFO  org.apache.flink.runtime.taskexecutor.TaskManagerRunner      [] -     -D
2025-08-11 08:46:47,606 INFO  org.apache.flink.runtime.taskexecutor.TaskManagerRunner      [] -     taskmanager.memory.task.heap.size=1530082070b
2025-08-11 08:46:47,606 INFO  org.apache.flink.runtime.taskexecutor.TaskManagerRunner      [] -     -D
2025-08-11 08:46:47,606 INFO  org.apache.flink.runtime.taskexecutor.TaskManagerRunner      [] -     taskmanager.numberOfTaskSlots=4
2025-08-11 08:46:47,606 INFO  org.apache.flink.runtime.taskexecutor.TaskManagerRunner      [] -     -D
2025-08-11 08:46:47,606 INFO  org.apache.flink.runtime.taskexecutor.TaskManagerRunner      [] -     taskmanager.memory.jvm-overhead.max=429496736b
2025-08-11 08:46:47,606 INFO  org.apache.flink.runtime.taskexecutor.TaskManagerRunner      [] -  Classpath: /workspace/flink-setup/flink/lib/flink-cep-1.17.0.jar:/workspace/flink-setup/flink/lib/flink-connector-files-1.17.0.jar:/workspace/flink-setup/flink/lib/flink-csv-1.17.0.jar:/workspace/flink-setup/flink/lib/flink-json-1.17.0.jar:/workspace/flink-setup/flink/lib/flink-scala_2.12-1.17.0.jar:/workspace/flink-setup/flink/lib/flink-table-api-java-uber-1.17.0.jar:/workspace/flink-setup/flink/lib/flink-table-planner-loader-1.17.0.jar:/workspace/flink-setup/flink/lib/flink-table-runtime-1.17.0.jar:/workspace/flink-setup/flink/lib/log4j-1.2-api-2.17.1.jar:/workspace/flink-setup/flink/lib/log4j-api-2.17.1.jar:/workspace/flink-setup/flink/lib/log4j-core-2.17.1.jar:/workspace/flink-setup/flink/lib/log4j-slf4j-impl-2.17.1.jar:/workspace/flink-setup/flink/lib/flink-dist-1.17.0.jar::::
2025-08-11 08:46:47,606 INFO  org.apache.flink.runtime.taskexecutor.TaskManagerRunner      [] - --------------------------------------------------------------------------------
2025-08-11 08:46:47,607 INFO  org.apache.flink.runtime.taskexecutor.TaskManagerRunner      [] - Registered UNIX signal handlers for [TERM, HUP, INT]
2025-08-11 08:46:47,609 INFO  org.apache.flink.runtime.taskexecutor.TaskManagerRunner      [] - Maximum number of open file descriptors is 1048576.
2025-08-11 08:46:47,616 INFO  org.apache.flink.configuration.GlobalConfiguration           [] - Loading configuration property: taskmanager.memory.process.size, 4096m
2025-08-11 08:46:47,616 INFO  org.apache.flink.configuration.GlobalConfiguration           [] - Loading configuration property: env.java.opts.jobmanager, -Dfile.encoding=UTF-8 -Dsun.jnu.encoding=UTF-8
2025-08-11 08:46:47,616 INFO  org.apache.flink.configuration.GlobalConfiguration           [] - Loading configuration property: taskmanager.bind-host, localhost
2025-08-11 08:46:47,616 INFO  org.apache.flink.configuration.GlobalConfiguration           [] - Loading configuration property: env.java.opts, -Dfile.encoding=UTF-8 -Dsun.jnu.encoding=UTF-8
2025-08-11 08:46:47,616 INFO  org.apache.flink.configuration.GlobalConfiguration           [] - Loading configuration property: jobmanager.rpc.address, localhost
2025-08-11 08:46:47,616 INFO  org.apache.flink.configuration.GlobalConfiguration           [] - Loading configuration property: jobmanager.memory.process.size, 2048m
2025-08-11 08:46:47,616 INFO  org.apache.flink.configuration.GlobalConfiguration           [] - Loading configuration property: jobmanager.rpc.port, 6123
2025-08-11 08:46:47,616 INFO  org.apache.flink.configuration.GlobalConfiguration           [] - Loading configuration property: rest.bind-address, 0.0.0.0
2025-08-11 08:46:47,616 INFO  org.apache.flink.configuration.GlobalConfiguration           [] - Loading configuration property: rest.port, 8081
2025-08-11 08:46:47,616 INFO  org.apache.flink.configuration.GlobalConfiguration           [] - Loading configuration property: execution.checkpointing.interval, 30s
2025-08-11 08:46:47,616 INFO  org.apache.flink.configuration.GlobalConfiguration           [] - Loading configuration property: jobmanager.bind-host, localhost
2025-08-11 08:46:47,616 INFO  org.apache.flink.configuration.GlobalConfiguration           [] - Loading configuration property: parallelism.default, 1
2025-08-11 08:46:47,616 INFO  org.apache.flink.configuration.GlobalConfiguration           [] - Loading configuration property: taskmanager.numberOfTaskSlots, 4
2025-08-11 08:46:47,616 INFO  org.apache.flink.configuration.GlobalConfiguration           [] - Loading configuration property: taskmanager.memory.managed.fraction, 0.4
2025-08-11 08:46:47,617 INFO  org.apache.flink.configuration.GlobalConfiguration           [] - Loading configuration property: rest.address, 0.0.0.0
2025-08-11 08:46:47,617 INFO  org.apache.flink.configuration.GlobalConfiguration           [] - Loading configuration property: cluster.evenly-spread-out-slots, true
2025-08-11 08:46:47,617 INFO  org.apache.flink.configuration.GlobalConfiguration           [] - Loading configuration property: state.backend, filesystem
2025-08-11 08:46:47,617 INFO  org.apache.flink.configuration.GlobalConfiguration           [] - Loading configuration property: execution.checkpointing.min-pause, 5s
2025-08-11 08:46:47,617 INFO  org.apache.flink.configuration.GlobalConfiguration           [] - Loading configuration property: jobmanager.memory.jvm-metaspace.size, 256m
2025-08-11 08:46:47,617 INFO  org.apache.flink.configuration.GlobalConfiguration           [] - Loading configuration property: env.java.opts.taskmanager, -Dfile.encoding=UTF-8 -Dsun.jnu.encoding=UTF-8
2025-08-11 08:46:47,617 INFO  org.apache.flink.configuration.GlobalConfiguration           [] - Loading configuration property: state.checkpoints.dir, file:///workspace/logs/flink-checkpoints
2025-08-11 08:46:47,617 INFO  org.apache.flink.configuration.GlobalConfiguration           [] - Loading dynamic configuration property: taskmanager.memory.network.min, 359703515b
2025-08-11 08:46:47,617 INFO  org.apache.flink.configuration.GlobalConfiguration           [] - Loading dynamic configuration property: taskmanager.memory.jvm-metaspace.size, 268435456b
2025-08-11 08:46:47,617 INFO  org.apache.flink.configuration.GlobalConfiguration           [] - Loading dynamic configuration property: taskmanager.memory.task.off-heap.size, 0b
2025-08-11 08:46:47,617 INFO  org.apache.flink.configuration.GlobalConfiguration           [] - Loading dynamic configuration property: taskmanager.cpu.cores, 4.0
2025-08-11 08:46:47,617 INFO  org.apache.flink.configuration.GlobalConfiguration           [] - Loading dynamic configuration property: external-resources, none
2025-08-11 08:46:47,617 INFO  org.apache.flink.configuration.GlobalConfiguration           [] - Loading dynamic configuration property: taskmanager.memory.jvm-overhead.min, 429496736b
2025-08-11 08:46:47,617 INFO  org.apache.flink.configuration.GlobalConfiguration           [] - Loading dynamic configuration property: taskmanager.memory.framework.off-heap.size, 134217728b
2025-08-11 08:46:47,617 INFO  org.apache.flink.configuration.GlobalConfiguration           [] - Loading dynamic configuration property: taskmanager.memory.network.max, 359703515b
2025-08-11 08:46:47,618 INFO  org.apache.flink.configuration.GlobalConfiguration           [] - Loading dynamic configuration property: taskmanager.memory.framework.heap.size, 134217728b
2025-08-11 08:46:47,618 INFO  org.apache.flink.configuration.GlobalConfiguration           [] - Loading dynamic configuration property: taskmanager.memory.managed.size, 1438814063b
2025-08-11 08:46:47,618 INFO  org.apache.flink.configuration.GlobalConfiguration           [] - Loading dynamic configuration property: taskmanager.memory.task.heap.size, 1530082070b
2025-08-11 08:46:47,618 INFO  org.apache.flink.configuration.GlobalConfiguration           [] - Loading dynamic configuration property: taskmanager.numberOfTaskSlots, 4
2025-08-11 08:46:47,618 INFO  org.apache.flink.configuration.GlobalConfiguration           [] - Loading dynamic configuration property: taskmanager.memory.jvm-overhead.max, 429496736b
2025-08-11 08:46:47,648 INFO  org.apache.flink.core.fs.FileSystem                          [] - Hadoop is not in the classpath/dependencies. The extended set of supported File Systems via Hadoop is not available.
2025-08-11 08:46:47,661 INFO  org.apache.flink.core.plugin.DefaultPluginManager            [] - Plugin loader with ID not found, creating it: metrics-prometheus
2025-08-11 08:46:47,665 INFO  org.apache.flink.core.plugin.DefaultPluginManager            [] - Plugin loader with ID not found, creating it: metrics-slf4j
2025-08-11 08:46:47,665 INFO  org.apache.flink.core.plugin.DefaultPluginManager            [] - Plugin loader with ID not found, creating it: metrics-influx
2025-08-11 08:46:47,665 INFO  org.apache.flink.core.plugin.DefaultPluginManager            [] - Plugin loader with ID not found, creating it: metrics-datadog
2025-08-11 08:46:47,666 INFO  org.apache.flink.core.plugin.DefaultPluginManager            [] - Plugin loader with ID not found, creating it: external-resource-gpu
2025-08-11 08:46:47,666 INFO  org.apache.flink.core.plugin.DefaultPluginManager            [] - Plugin loader with ID not found, creating it: metrics-graphite
2025-08-11 08:46:47,666 INFO  org.apache.flink.core.plugin.DefaultPluginManager            [] - Plugin loader with ID not found, creating it: metrics-statsd
2025-08-11 08:46:47,666 INFO  org.apache.flink.core.plugin.DefaultPluginManager            [] - Plugin loader with ID not found, creating it: metrics-jmx
2025-08-11 08:46:47,682 INFO  org.apache.flink.runtime.state.changelog.StateChangelogStorageLoader [] - StateChangelogStorageLoader initialized with shortcut names {memory,filesystem}.
2025-08-11 08:46:47,682 INFO  org.apache.flink.core.plugin.DefaultPluginManager            [] - Plugin loader with ID found, reusing it: metrics-prometheus
2025-08-11 08:46:47,682 INFO  org.apache.flink.core.plugin.DefaultPluginManager            [] - Plugin loader with ID found, reusing it: metrics-slf4j
2025-08-11 08:46:47,682 INFO  org.apache.flink.core.plugin.DefaultPluginManager            [] - Plugin loader with ID found, reusing it: metrics-influx
2025-08-11 08:46:47,683 INFO  org.apache.flink.core.plugin.DefaultPluginManager            [] - Plugin loader with ID found, reusing it: metrics-datadog
2025-08-11 08:46:47,683 INFO  org.apache.flink.core.plugin.DefaultPluginManager            [] - Plugin loader with ID found, reusing it: external-resource-gpu
2025-08-11 08:46:47,683 INFO  org.apache.flink.core.plugin.DefaultPluginManager            [] - Plugin loader with ID found, reusing it: metrics-graphite
2025-08-11 08:46:47,683 INFO  org.apache.flink.core.plugin.DefaultPluginManager            [] - Plugin loader with ID found, reusing it: metrics-statsd
2025-08-11 08:46:47,683 INFO  org.apache.flink.core.plugin.DefaultPluginManager            [] - Plugin loader with ID found, reusing it: metrics-jmx
2025-08-11 08:46:47,684 INFO  org.apache.flink.runtime.state.changelog.StateChangelogStorageLoader [] - StateChangelogStorageLoader initialized with shortcut names {memory,filesystem}.
2025-08-11 08:46:47,697 INFO  org.apache.flink.runtime.security.modules.HadoopModuleFactory [] - Cannot create Hadoop Security Module because Hadoop cannot be found in the Classpath.
2025-08-11 08:46:47,709 INFO  org.apache.flink.runtime.security.modules.JaasModule         [] - Jaas file will be created as /tmp/jaas-12081341257290601565.conf.
2025-08-11 08:46:47,714 INFO  org.apache.flink.runtime.security.contexts.HadoopSecurityContextFactory [] - Cannot install HadoopSecurityContext because Hadoop cannot be found in the Classpath.
2025-08-11 08:46:48,057 INFO  org.apache.flink.runtime.util.LeaderRetrievalUtils           [] - Trying to select the network interface and address to use by connecting to the leading JobManager.
2025-08-11 08:46:48,058 INFO  org.apache.flink.runtime.util.LeaderRetrievalUtils           [] - TaskManager will try to connect for PT10S before falling back to heuristics
2025-08-11 08:46:48,298 INFO  org.apache.flink.runtime.taskexecutor.TaskManagerRunner      [] - TaskManager will use hostname/address 'gpu02' (127.0.0.1) for communication.
2025-08-11 08:46:48,333 INFO  org.apache.flink.runtime.rpc.akka.AkkaRpcServiceUtils        [] - Trying to start actor system, external address 127.0.0.1:0, bind address localhost:0.
2025-08-11 08:46:48,858 INFO  akka.event.slf4j.Slf4jLogger                                 [] - Slf4jLogger started
2025-08-11 08:46:48,893 INFO  akka.remote.RemoteActorRefProvider                           [] - Akka Cluster not in use - enabling unsafe features anyway because `akka.remote.use-unsafe-remote-features-outside-cluster` has been enabled.
2025-08-11 08:46:48,894 INFO  akka.remote.Remoting                                         [] - Starting remoting
2025-08-11 08:46:49,044 INFO  akka.remote.Remoting                                         [] - Remoting started; listening on addresses :[akka.tcp://flink@127.0.0.1:15021]
2025-08-11 08:46:49,159 INFO  org.apache.flink.runtime.rpc.akka.AkkaRpcServiceUtils        [] - Actor system started at akka.tcp://flink@127.0.0.1:15021
2025-08-11 08:46:49,174 INFO  org.apache.flink.runtime.taskexecutor.TaskManagerRunner      [] - Using working directory: WorkingDirectory(/tmp/tm_127.0.0.1:15021-c08c6b)
2025-08-11 08:46:49,182 INFO  org.apache.flink.runtime.metrics.MetricRegistryImpl          [] - No metrics reporter configured, no metrics will be exposed/reported.
2025-08-11 08:46:49,185 INFO  org.apache.flink.runtime.rpc.akka.AkkaRpcServiceUtils        [] - Trying to start actor system, external address 127.0.0.1:0, bind address localhost:0.
2025-08-11 08:46:49,201 INFO  akka.event.slf4j.Slf4jLogger                                 [] - Slf4jLogger started
2025-08-11 08:46:49,204 INFO  akka.remote.RemoteActorRefProvider                           [] - Akka Cluster not in use - enabling unsafe features anyway because `akka.remote.use-unsafe-remote-features-outside-cluster` has been enabled.
2025-08-11 08:46:49,208 INFO  akka.remote.Remoting                                         [] - Starting remoting
2025-08-11 08:46:49,226 INFO  akka.remote.Remoting                                         [] - Remoting started; listening on addresses :[akka.tcp://flink-metrics@127.0.0.1:1915]
2025-08-11 08:46:49,236 INFO  org.apache.flink.runtime.rpc.akka.AkkaRpcServiceUtils        [] - Actor system started at akka.tcp://flink-metrics@127.0.0.1:1915
2025-08-11 08:46:49,250 INFO  org.apache.flink.runtime.rpc.akka.AkkaRpcService             [] - Starting RPC endpoint for org.apache.flink.runtime.metrics.dump.MetricQueryService at akka://flink-metrics/user/rpc/MetricQueryService_127.0.0.1:15021-c08c6b .
2025-08-11 08:46:49,263 INFO  org.apache.flink.runtime.blob.PermanentBlobCache             [] - Created BLOB cache storage directory /tmp/tm_127.0.0.1:15021-c08c6b/blobStorage
2025-08-11 08:46:49,267 INFO  org.apache.flink.runtime.blob.TransientBlobCache             [] - Created BLOB cache storage directory /tmp/tm_127.0.0.1:15021-c08c6b/blobStorage
2025-08-11 08:46:49,271 INFO  org.apache.flink.runtime.externalresource.ExternalResourceUtils [] - Enabled external resources: []
2025-08-11 08:46:49,271 INFO  org.apache.flink.runtime.security.token.DelegationTokenReceiverRepository [] - Loading delegation token receivers
2025-08-11 08:46:49,275 INFO  org.apache.flink.runtime.security.token.DelegationTokenReceiverRepository [] - Delegation token receiver hadoopfs loaded and initialized
2025-08-11 08:46:49,276 INFO  org.apache.flink.runtime.security.token.DelegationTokenReceiverRepository [] - Delegation token receiver hbase loaded and initialized
2025-08-11 08:46:49,276 INFO  org.apache.flink.core.plugin.DefaultPluginManager            [] - Plugin loader with ID found, reusing it: metrics-prometheus
2025-08-11 08:46:49,276 INFO  org.apache.flink.core.plugin.DefaultPluginManager            [] - Plugin loader with ID found, reusing it: metrics-slf4j
2025-08-11 08:46:49,276 INFO  org.apache.flink.core.plugin.DefaultPluginManager            [] - Plugin loader with ID found, reusing it: metrics-influx
2025-08-11 08:46:49,276 INFO  org.apache.flink.core.plugin.DefaultPluginManager            [] - Plugin loader with ID found, reusing it: metrics-datadog
2025-08-11 08:46:49,276 INFO  org.apache.flink.core.plugin.DefaultPluginManager            [] - Plugin loader with ID found, reusing it: external-resource-gpu
2025-08-11 08:46:49,276 INFO  org.apache.flink.core.plugin.DefaultPluginManager            [] - Plugin loader with ID found, reusing it: metrics-graphite
2025-08-11 08:46:49,276 INFO  org.apache.flink.core.plugin.DefaultPluginManager            [] - Plugin loader with ID found, reusing it: metrics-statsd
2025-08-11 08:46:49,276 INFO  org.apache.flink.core.plugin.DefaultPluginManager            [] - Plugin loader with ID found, reusing it: metrics-jmx
2025-08-11 08:46:49,277 INFO  org.apache.flink.runtime.security.token.DelegationTokenReceiverRepository [] - Delegation token receivers loaded successfully
2025-08-11 08:46:49,277 INFO  org.apache.flink.runtime.taskexecutor.TaskManagerRunner      [] - Starting TaskManager with ResourceID: 127.0.0.1:15021-c08c6b
2025-08-11 08:46:49,294 INFO  org.apache.flink.runtime.taskexecutor.TaskManagerServices    [] - Temporary file directory '/tmp': total 1758 GB, usable 31 GB (1.76% usable)
2025-08-11 08:46:49,296 INFO  org.apache.flink.runtime.io.disk.iomanager.IOManager         [] - Created a new FileChannelManager for spilling of task related data to disk (joins, sorting, ...). Used directories:
	/tmp/flink-io-104ac96f-7ebd-4d62-8c8c-ebc2d139a194
2025-08-11 08:46:49,303 INFO  org.apache.flink.runtime.io.network.netty.NettyConfig        [] - NettyConfig [server address: localhost/127.0.0.1, server port: 0, ssl enabled: false, memory segment size (bytes): 32768, transport type: AUTO, number of server threads: 4 (manual), number of client threads: 4 (manual), server connect backlog: 0 (use Netty's default), client connect timeout (sec): 120, send/receive buffer size (bytes): 0 (use Netty's default)]
2025-08-11 08:46:49,358 INFO  org.apache.flink.runtime.io.network.NettyShuffleServiceFactory [] - Created a new FileChannelManager for storing result partitions of BLOCKING shuffles. Used directories:
	/tmp/flink-netty-shuffle-8e5ed83a-b365-4432-b843-2e133550bb5d
2025-08-11 08:46:49,568 INFO  org.apache.flink.runtime.io.network.buffer.NetworkBufferPool [] - Allocated 343 MB for network buffer pool (number of memory segments: 10977, bytes per segment: 32768).
2025-08-11 08:46:49,581 INFO  org.apache.flink.runtime.io.network.NettyShuffleEnvironment  [] - Starting the network environment and its components.
2025-08-11 08:46:49,631 INFO  org.apache.flink.runtime.io.network.netty.NettyClient        [] - Transport type 'auto': using EPOLL.
2025-08-11 08:46:49,632 INFO  org.apache.flink.runtime.io.network.netty.NettyClient        [] - Successful initialization (took 50 ms).
2025-08-11 08:46:49,637 INFO  org.apache.flink.runtime.io.network.netty.NettyServer        [] - Transport type 'auto': using EPOLL.
2025-08-11 08:46:49,690 INFO  org.apache.flink.runtime.io.network.netty.NettyServer        [] - Successful initialization (took 56 ms). Listening on SocketAddress /127.0.0.1:7925.
2025-08-11 08:46:49,704 INFO  org.apache.flink.runtime.taskexecutor.KvStateService         [] - Starting the kvState service and its components.
2025-08-11 08:46:49,730 INFO  org.apache.flink.runtime.rpc.akka.AkkaRpcService             [] - Starting RPC endpoint for org.apache.flink.runtime.taskexecutor.TaskExecutor at akka://flink/user/rpc/taskmanager_0 .
2025-08-11 08:46:49,750 INFO  org.apache.flink.runtime.taskexecutor.DefaultJobLeaderService [] - Start job leader service.
2025-08-11 08:46:49,752 INFO  org.apache.flink.runtime.filecache.FileCache                 [] - User file cache uses directory /tmp/flink-dist-cache-f2aae83e-7baf-43f2-b518-03ea3a17f81e
2025-08-11 08:46:49,755 INFO  org.apache.flink.runtime.taskexecutor.TaskExecutor           [] - Connecting to ResourceManager akka.tcp://flink@localhost:6123/user/rpc/resourcemanager_*(00000000000000000000000000000000).
2025-08-11 08:46:49,980 INFO  org.apache.flink.runtime.taskexecutor.TaskExecutor           [] - Resolved ResourceManager address, beginning registration
2025-08-11 08:46:50,090 INFO  org.apache.flink.runtime.taskexecutor.TaskExecutor           [] - Successful registration at resource manager akka.tcp://flink@localhost:6123/user/rpc/resourcemanager_* under registration id afd836fb41d19cb31780fe3510c66c40.
2025-08-11 08:46:57,343 INFO  org.apache.flink.runtime.taskexecutor.TaskExecutor           [] - Receive slot request 53d5b2d28a5eea2eab35cbadf4cd7928 for job 6c8f3929fb7e3f6aa800e1a78539c624 from resource manager with leader id 00000000000000000000000000000000.
2025-08-11 08:46:57,347 INFO  org.apache.flink.runtime.taskexecutor.TaskExecutor           [] - Allocated slot for 53d5b2d28a5eea2eab35cbadf4cd7928.
2025-08-11 08:46:57,348 INFO  org.apache.flink.runtime.taskexecutor.DefaultJobLeaderService [] - Add job 6c8f3929fb7e3f6aa800e1a78539c624 for job leader monitoring.
2025-08-11 08:46:57,350 INFO  org.apache.flink.runtime.taskexecutor.DefaultJobLeaderService [] - Try to register at job manager akka.tcp://flink@localhost:6123/user/rpc/jobmanager_2 with leader id 00000000-0000-0000-0000-000000000000.
2025-08-11 08:46:57,373 INFO  org.apache.flink.runtime.taskexecutor.DefaultJobLeaderService [] - Resolved JobManager address, beginning registration
2025-08-11 08:46:57,404 INFO  org.apache.flink.runtime.taskexecutor.DefaultJobLeaderService [] - Successful registration at job manager akka.tcp://flink@localhost:6123/user/rpc/jobmanager_2 for job 6c8f3929fb7e3f6aa800e1a78539c624.
2025-08-11 08:46:57,406 INFO  org.apache.flink.runtime.taskexecutor.TaskExecutor           [] - Establish JobManager connection for job 6c8f3929fb7e3f6aa800e1a78539c624.
2025-08-11 08:46:57,408 INFO  org.apache.flink.runtime.taskexecutor.TaskExecutor           [] - Offer reserved slots to the leader of job 6c8f3929fb7e3f6aa800e1a78539c624.
2025-08-11 08:46:57,441 INFO  org.apache.flink.runtime.taskexecutor.slot.TaskSlotTableImpl [] - Activate slot 53d5b2d28a5eea2eab35cbadf4cd7928.
2025-08-11 08:46:57,458 INFO  org.apache.flink.runtime.state.changelog.StateChangelogStorageLoader [] - Creating a changelog storage with name 'memory'.
2025-08-11 08:46:57,465 INFO  org.apache.flink.runtime.state.TaskExecutorChannelStateExecutorFactoryManager [] - Creating the channel state executor factory for job id 6c8f3929fb7e3f6aa800e1a78539c624
2025-08-11 08:46:57,469 INFO  org.apache.flink.runtime.taskexecutor.TaskExecutor           [] - Received task Source: Request Source -> Multi-GPU Inference Processor -> Sink: Multi-GPU Monitor Sink (1/1)#0 (af17cf3c17c328761141e4916f52eb5e_cbc357ccb763df2852fee8c4fc7d55f2_0_0), deploy into slot with allocation id 53d5b2d28a5eea2eab35cbadf4cd7928.
2025-08-11 08:46:57,471 INFO  org.apache.flink.runtime.taskmanager.Task                    [] - Source: Request Source -> Multi-GPU Inference Processor -> Sink: Multi-GPU Monitor Sink (1/1)#0 (af17cf3c17c328761141e4916f52eb5e_cbc357ccb763df2852fee8c4fc7d55f2_0_0) switched from CREATED to DEPLOYING.
2025-08-11 08:46:57,472 INFO  org.apache.flink.runtime.taskexecutor.slot.TaskSlotTableImpl [] - Activate slot 53d5b2d28a5eea2eab35cbadf4cd7928.
2025-08-11 08:46:57,476 INFO  org.apache.flink.runtime.taskmanager.Task                    [] - Loading JAR files for task Source: Request Source -> Multi-GPU Inference Processor -> Sink: Multi-GPU Monitor Sink (1/1)#0 (af17cf3c17c328761141e4916f52eb5e_cbc357ccb763df2852fee8c4fc7d55f2_0_0) [DEPLOYING].
2025-08-11 08:46:57,480 INFO  org.apache.flink.runtime.blob.BlobClient                     [] - Downloading 6c8f3929fb7e3f6aa800e1a78539c624/p-94662c770f3ac5fb2365552a71d28576832ec9ff-d06b6a564c29432408b26fe2bd55e20e from localhost/127.0.0.1:18353
2025-08-11 08:46:57,545 INFO  org.apache.flink.streaming.runtime.tasks.StreamTask          [] - Using job/cluster config to configure application-defined state backend: org.apache.flink.runtime.state.hashmap.HashMapStateBackend@7201d16f
2025-08-11 08:46:57,546 INFO  org.apache.flink.streaming.runtime.tasks.StreamTask          [] - Using application-defined state backend: org.apache.flink.runtime.state.hashmap.HashMapStateBackend@3caa8479
2025-08-11 08:46:57,546 INFO  org.apache.flink.runtime.state.StateBackendLoader            [] - State backend loader loads the state backend as HashMapStateBackend
2025-08-11 08:46:57,551 INFO  org.apache.flink.streaming.runtime.tasks.StreamTask          [] - Using job/cluster config to configure application-defined checkpoint storage: org.apache.flink.runtime.state.storage.FileSystemCheckpointStorage@200dd9d5
2025-08-11 08:46:57,561 INFO  org.apache.flink.runtime.taskmanager.Task                    [] - Source: Request Source -> Multi-GPU Inference Processor -> Sink: Multi-GPU Monitor Sink (1/1)#0 (af17cf3c17c328761141e4916f52eb5e_cbc357ccb763df2852fee8c4fc7d55f2_0_0) switched from DEPLOYING to INITIALIZING.
2025-08-11 08:46:57,656 INFO  com.infertuner.processors.GPUInferenceProcessor              [] - Task 0 启动，绑定到 GPU 0
2025-08-11 08:46:57,752 INFO  com.infertuner.processors.GPUInferenceProcessor              [] - 启动 GPU 0 推理服务...
2025-08-11 08:46:57,758 INFO  com.infertuner.processors.GPUInferenceProcessor              [] - 等待 GPU 0 服务初始化...
2025-08-11 08:47:05,759 INFO  com.infertuner.processors.GPUInferenceProcessor              [] - ✅ GPU 0 推理服务启动成功
2025-08-11 08:47:05,759 INFO  com.infertuner.processors.GPUInferenceProcessor              [] - GPU 0 推理服务启动完成
2025-08-11 08:47:05,763 INFO  org.apache.flink.runtime.taskmanager.Task                    [] - Source: Request Source -> Multi-GPU Inference Processor -> Sink: Multi-GPU Monitor Sink (1/1)#0 (af17cf3c17c328761141e4916f52eb5e_cbc357ccb763df2852fee8c4fc7d55f2_0_0) switched from INITIALIZING to RUNNING.
2025-08-11 08:47:05,768 INFO  com.infertuner.sources.BasicRequestSource                    [] - 开始生成 50 个测试请求，间隔 500ms
2025-08-11 08:47:06,901 INFO  com.infertuner.sinks.GPUMonitorSink                          [] - 结果 #1: GPU-0 | ✅ | 1071.2ms | 为了优化模型性能，可以采取以下几种方法：

1. 数据增强：通过增加训练数据的数量和多样性，使得模型能够更好地泛化到新的...
2025-08-11 08:47:06,902 INFO  com.infertuner.sources.BasicRequestSource                    [] - 生成请求 1/50: req_000
2025-08-11 08:47:07,987 INFO  com.infertuner.sinks.GPUMonitorSink                          [] - 结果 #2: GPU-0 | ✅ | 581.9ms | 机器学习是一种人工智能技术，它使计算机系统能够自动从数据中学习和改进算法模型，从而实现自动化决策、模式识别、分类、预测等...
2025-08-11 08:47:07,987 INFO  com.infertuner.sources.BasicRequestSource                    [] - 生成请求 2/50: req_001
2025-08-11 08:47:09,259 INFO  com.infertuner.sinks.GPUMonitorSink                          [] - 结果 #3: GPU-0 | ✅ | 768.5ms | 神经网络是一种模仿生物神经系统结构和功能的计算模型，它由大量的节点（或称为“神经元”）组成，每个节点都包含一个输入层、多...
2025-08-11 08:47:09,259 INFO  com.infertuner.sources.BasicRequestSource                    [] - 生成请求 3/50: req_002
2025-08-11 08:47:10,269 INFO  com.infertuner.sinks.GPUMonitorSink                          [] - 结果 #4: GPU-0 | ✅ | 506.9ms | 深度学习是一种机器学习技术，它使用多层神经网络来模拟人类大脑的思维方式，从而实现自动化的模式识别、分类和预测。它的基本原...
2025-08-11 08:47:10,269 INFO  com.infertuner.sources.BasicRequestSource                    [] - 生成请求 4/50: req_003
2025-08-11 08:47:11,615 INFO  com.infertuner.sinks.GPUMonitorSink                          [] - 结果 #5: GPU-0 | ✅ | 843.4ms | 机器学习是一种人工智能的分支，它使用算法和统计模型来让计算机从数据中自动学习规律，并在未知的数据集上进行预测或决策。这种...
2025-08-11 08:47:11,616 INFO  com.infertuner.sources.BasicRequestSource                    [] - 生成请求 5/50: req_004
2025-08-11 08:47:13,565 INFO  com.infertuner.sources.BasicRequestSource                    [] - 生成请求 6/50: req_005
2025-08-11 08:47:15,337 INFO  com.infertuner.sources.BasicRequestSource                    [] - 生成请求 7/50: req_006
2025-08-11 08:47:16,563 INFO  com.infertuner.sources.BasicRequestSource                    [] - 生成请求 8/50: req_007
2025-08-11 08:47:18,320 INFO  com.infertuner.sources.BasicRequestSource                    [] - 生成请求 9/50: req_008
2025-08-11 08:47:20,144 INFO  com.infertuner.sinks.GPUMonitorSink                          [] - === 整体统计 ===
2025-08-11 08:47:20,144 INFO  com.infertuner.sinks.GPUMonitorSink                          [] - 总请求: 10 | 成功: 10 (100.0%) | 平均延迟: 978.1ms | 吞吐量: 0.42 req/s
2025-08-11 08:47:20,145 INFO  com.infertuner.sinks.GPUMonitorSink                          [] - === GPU分布统计 ===
2025-08-11 08:47:20,145 INFO  com.infertuner.sinks.GPUMonitorSink                          [] - GPU-0: 请求=10 | 成功率=100.0% | 平均延迟=978.1ms | 吞吐量=0.42 req/s
2025-08-11 08:47:20,145 INFO  com.infertuner.sinks.GPUMonitorSink                          [] - ========================
2025-08-11 08:47:20,145 INFO  com.infertuner.sources.BasicRequestSource                    [] - 生成请求 10/50: req_009
2025-08-11 08:47:21,290 INFO  com.infertuner.sources.BasicRequestSource                    [] - 生成请求 11/50: req_010
2025-08-11 08:47:22,594 INFO  com.infertuner.sources.BasicRequestSource                    [] - 生成请求 12/50: req_011
2025-08-11 08:47:23,839 INFO  com.infertuner.sources.BasicRequestSource                    [] - 生成请求 13/50: req_012
2025-08-11 08:47:25,400 INFO  com.infertuner.sources.BasicRequestSource                    [] - 生成请求 14/50: req_013
2025-08-11 08:47:26,730 INFO  com.infertuner.sources.BasicRequestSource                    [] - 生成请求 15/50: req_014
2025-08-11 08:47:28,267 INFO  com.infertuner.sources.BasicRequestSource                    [] - 生成请求 16/50: req_015
2025-08-11 08:47:29,746 INFO  com.infertuner.sources.BasicRequestSource                    [] - 生成请求 17/50: req_016
2025-08-11 08:47:31,623 INFO  com.infertuner.sources.BasicRequestSource                    [] - 生成请求 18/50: req_017
2025-08-11 08:47:32,972 INFO  com.infertuner.sources.BasicRequestSource                    [] - 生成请求 19/50: req_018
2025-08-11 08:47:34,590 INFO  com.infertuner.sinks.GPUMonitorSink                          [] - === 整体统计 ===
2025-08-11 08:47:34,590 INFO  com.infertuner.sinks.GPUMonitorSink                          [] - 总请求: 20 | 成功: 20 (100.0%) | 平均延迟: 959.7ms | 吞吐量: 0.52 req/s
2025-08-11 08:47:34,590 INFO  com.infertuner.sinks.GPUMonitorSink                          [] - === GPU分布统计 ===
2025-08-11 08:47:34,591 INFO  com.infertuner.sinks.GPUMonitorSink                          [] - GPU-0: 请求=20 | 成功率=100.0% | 平均延迟=959.7ms | 吞吐量=0.52 req/s
2025-08-11 08:47:34,591 INFO  com.infertuner.sinks.GPUMonitorSink                          [] - ========================
2025-08-11 08:47:34,591 INFO  com.infertuner.sinks.GPUMonitorSink                          [] - 结果 #20: GPU-0 | ✅ | 1114.9ms | 深度学习是一种人工智能技术，它通过模拟人脑神经网络的结构和工作方式，以解决复杂问题。它的基本原理可以分为以下几个步骤：
...
2025-08-11 08:47:34,591 INFO  com.infertuner.sources.BasicRequestSource                    [] - 生成请求 20/50: req_019
2025-08-11 08:47:36,123 INFO  com.infertuner.sources.BasicRequestSource                    [] - 生成请求 21/50: req_020
2025-08-11 08:47:37,790 INFO  com.infertuner.sources.BasicRequestSource                    [] - 生成请求 22/50: req_021
2025-08-11 08:47:39,362 INFO  com.infertuner.sources.BasicRequestSource                    [] - 生成请求 23/50: req_022
2025-08-11 08:47:40,794 INFO  com.infertuner.sources.BasicRequestSource                    [] - 生成请求 24/50: req_023
2025-08-11 08:47:42,560 INFO  com.infertuner.sources.BasicRequestSource                    [] - 生成请求 25/50: req_024
2025-08-11 08:47:44,066 INFO  com.infertuner.sources.BasicRequestSource                    [] - 生成请求 26/50: req_025
2025-08-11 08:47:45,070 INFO  com.infertuner.sources.BasicRequestSource                    [] - 生成请求 27/50: req_026
2025-08-11 08:47:47,059 INFO  com.infertuner.sources.BasicRequestSource                    [] - 生成请求 28/50: req_027
2025-08-11 08:47:49,033 INFO  com.infertuner.sources.BasicRequestSource                    [] - 生成请求 29/50: req_028
2025-08-11 08:47:50,582 INFO  com.infertuner.sinks.GPUMonitorSink                          [] - === 整体统计 ===
2025-08-11 08:47:50,582 INFO  com.infertuner.sinks.GPUMonitorSink                          [] - 总请求: 30 | 成功: 30 (100.0%) | 平均延迟: 1005.1ms | 吞吐量: 0.55 req/s
2025-08-11 08:47:50,582 INFO  com.infertuner.sinks.GPUMonitorSink                          [] - === GPU分布统计 ===
2025-08-11 08:47:50,582 INFO  com.infertuner.sinks.GPUMonitorSink                          [] - GPU-0: 请求=30 | 成功率=100.0% | 平均延迟=1005.1ms | 吞吐量=0.55 req/s
2025-08-11 08:47:50,583 INFO  com.infertuner.sinks.GPUMonitorSink                          [] - ========================
2025-08-11 08:47:50,583 INFO  com.infertuner.sources.BasicRequestSource                    [] - 生成请求 30/50: req_029
2025-08-11 08:47:52,467 INFO  com.infertuner.sources.BasicRequestSource                    [] - 生成请求 31/50: req_030
2025-08-11 08:47:53,594 INFO  com.infertuner.sources.BasicRequestSource                    [] - 生成请求 32/50: req_031
2025-08-11 08:47:54,915 INFO  com.infertuner.sources.BasicRequestSource                    [] - 生成请求 33/50: req_032
2025-08-11 08:47:56,186 INFO  com.infertuner.sources.BasicRequestSource                    [] - 生成请求 34/50: req_033
2025-08-11 08:47:57,927 INFO  com.infertuner.sources.BasicRequestSource                    [] - 生成请求 35/50: req_034
2025-08-11 08:47:59,854 INFO  com.infertuner.sources.BasicRequestSource                    [] - 生成请求 36/50: req_035
2025-08-11 08:48:01,292 INFO  com.infertuner.sources.BasicRequestSource                    [] - 生成请求 37/50: req_036
2025-08-11 08:48:02,550 INFO  com.infertuner.sources.BasicRequestSource                    [] - 生成请求 38/50: req_037
2025-08-11 08:48:03,818 INFO  com.infertuner.sources.BasicRequestSource                    [] - 生成请求 39/50: req_038
2025-08-11 08:48:05,133 INFO  com.infertuner.sinks.GPUMonitorSink                          [] - === 整体统计 ===
2025-08-11 08:48:05,133 INFO  com.infertuner.sinks.GPUMonitorSink                          [] - 总请求: 40 | 成功: 40 (100.0%) | 平均延迟: 991.9ms | 吞吐量: 0.58 req/s
2025-08-11 08:48:05,134 INFO  com.infertuner.sinks.GPUMonitorSink                          [] - === GPU分布统计 ===
2025-08-11 08:48:05,134 INFO  com.infertuner.sinks.GPUMonitorSink                          [] - GPU-0: 请求=40 | 成功率=100.0% | 平均延迟=991.9ms | 吞吐量=0.58 req/s
2025-08-11 08:48:05,134 INFO  com.infertuner.sinks.GPUMonitorSink                          [] - ========================
2025-08-11 08:48:05,134 INFO  com.infertuner.sinks.GPUMonitorSink                          [] - 结果 #40: GPU-0 | ✅ | 813.3ms | 深度学习是一种机器学习技术，它使用多层神经网络模拟人脑的结构和功能。它的基本原理主要包括以下几个方面：

1. 层次化：...
2025-08-11 08:48:05,134 INFO  com.infertuner.sources.BasicRequestSource                    [] - 生成请求 40/50: req_039
2025-08-11 08:48:06,268 INFO  com.infertuner.sources.BasicRequestSource                    [] - 生成请求 41/50: req_040
2025-08-11 08:48:07,537 INFO  com.infertuner.sources.BasicRequestSource                    [] - 生成请求 42/50: req_041
2025-08-11 08:48:09,505 INFO  com.infertuner.sources.BasicRequestSource                    [] - 生成请求 43/50: req_042
2025-08-11 08:48:10,779 INFO  com.infertuner.sources.BasicRequestSource                    [] - 生成请求 44/50: req_043
2025-08-11 08:48:11,976 INFO  com.infertuner.sinks.GPUMonitorSink                          [] - ✅ 多GPU性能报告已保存到 multi_gpu_performance.csv
2025-08-11 08:48:11,976 INFO  com.infertuner.sources.BasicRequestSource                    [] - 生成请求 45/50: req_044
2025-08-11 08:48:13,248 INFO  com.infertuner.sinks.GPUMonitorSink                          [] - ✅ 多GPU性能报告已保存到 multi_gpu_performance.csv
2025-08-11 08:48:13,249 INFO  com.infertuner.sources.BasicRequestSource                    [] - 生成请求 46/50: req_045
2025-08-11 08:48:15,260 INFO  com.infertuner.sinks.GPUMonitorSink                          [] - ✅ 多GPU性能报告已保存到 multi_gpu_performance.csv
2025-08-11 08:48:15,260 INFO  com.infertuner.sources.BasicRequestSource                    [] - 生成请求 47/50: req_046
2025-08-11 08:48:16,800 INFO  com.infertuner.sinks.GPUMonitorSink                          [] - ✅ 多GPU性能报告已保存到 multi_gpu_performance.csv
2025-08-11 08:48:16,801 INFO  com.infertuner.sources.BasicRequestSource                    [] - 生成请求 48/50: req_047
2025-08-11 08:48:18,754 INFO  com.infertuner.sinks.GPUMonitorSink                          [] - ✅ 多GPU性能报告已保存到 multi_gpu_performance.csv
2025-08-11 08:48:18,755 INFO  com.infertuner.sources.BasicRequestSource                    [] - 生成请求 49/50: req_048
2025-08-11 08:48:20,119 INFO  com.infertuner.sinks.GPUMonitorSink                          [] - === 整体统计 ===
2025-08-11 08:48:20,119 INFO  com.infertuner.sinks.GPUMonitorSink                          [] - 总请求: 50 | 成功: 50 (100.0%) | 平均延迟: 992.5ms | 吞吐量: 0.60 req/s
2025-08-11 08:48:20,120 INFO  com.infertuner.sinks.GPUMonitorSink                          [] - === GPU分布统计 ===
2025-08-11 08:48:20,120 INFO  com.infertuner.sinks.GPUMonitorSink                          [] - GPU-0: 请求=50 | 成功率=100.0% | 平均延迟=992.5ms | 吞吐量=0.60 req/s
2025-08-11 08:48:20,121 INFO  com.infertuner.sinks.GPUMonitorSink                          [] - ========================
2025-08-11 08:48:20,121 INFO  com.infertuner.sinks.GPUMonitorSink                          [] - ✅ 多GPU性能报告已保存到 multi_gpu_performance.csv
2025-08-11 08:48:20,121 INFO  com.infertuner.sources.BasicRequestSource                    [] - 生成请求 50/50: req_049
2025-08-11 08:48:20,122 INFO  com.infertuner.sources.BasicRequestSource                    [] - 请求生成完成，共 50 个
2025-08-11 08:48:48,068 INFO  com.infertuner.processors.GPUInferenceProcessor              [] - 关闭 GPU 0 推理服务...
2025-08-11 08:48:49,280 INFO  com.infertuner.processors.GPUInferenceProcessor              [] - ✅ GPU 0 推理服务已关闭
2025-08-11 08:48:49,284 INFO  org.apache.flink.runtime.taskmanager.Task                    [] - Source: Request Source -> Multi-GPU Inference Processor -> Sink: Multi-GPU Monitor Sink (1/1)#0 (af17cf3c17c328761141e4916f52eb5e_cbc357ccb763df2852fee8c4fc7d55f2_0_0) switched from RUNNING to FINISHED.
2025-08-11 08:48:49,284 INFO  org.apache.flink.runtime.taskmanager.Task                    [] - Freeing task resources for Source: Request Source -> Multi-GPU Inference Processor -> Sink: Multi-GPU Monitor Sink (1/1)#0 (af17cf3c17c328761141e4916f52eb5e_cbc357ccb763df2852fee8c4fc7d55f2_0_0).
2025-08-11 08:48:49,287 INFO  org.apache.flink.runtime.taskexecutor.TaskExecutor           [] - Un-registering task and sending final execution state FINISHED to JobManager for task Source: Request Source -> Multi-GPU Inference Processor -> Sink: Multi-GPU Monitor Sink (1/1)#0 af17cf3c17c328761141e4916f52eb5e_cbc357ccb763df2852fee8c4fc7d55f2_0_0.
2025-08-11 08:48:49,363 INFO  org.apache.flink.runtime.taskexecutor.slot.TaskSlotTableImpl [] - Free slot TaskSlot(index:0, state:ACTIVE, resource profile: ResourceProfile{cpuCores=1, taskHeapMemory=364.800mb (382520517 bytes), taskOffHeapMemory=0 bytes, managedMemory=343.040mb (359703515 bytes), networkMemory=85.760mb (89925878 bytes)}, allocationId: 53d5b2d28a5eea2eab35cbadf4cd7928, jobId: 6c8f3929fb7e3f6aa800e1a78539c624).
2025-08-11 08:48:49,366 INFO  org.apache.flink.runtime.taskexecutor.DefaultJobLeaderService [] - Remove job 6c8f3929fb7e3f6aa800e1a78539c624 from job leader monitoring.
2025-08-11 08:48:49,368 INFO  org.apache.flink.runtime.taskexecutor.TaskExecutor           [] - Close JobManager connection for job 6c8f3929fb7e3f6aa800e1a78539c624.
