2025-08-10 13:02:58,884 INFO  org.apache.flink.runtime.taskexecutor.TaskManagerRunner      [] - --------------------------------------------------------------------------------
2025-08-10 13:02:58,886 INFO  org.apache.flink.runtime.taskexecutor.TaskManagerRunner      [] -  Preconfiguration: 
2025-08-10 13:02:58,886 INFO  org.apache.flink.runtime.taskexecutor.TaskManagerRunner      [] - 


RESOURCE_PARAMS extraction logs:
jvm_params: -Xmx1664299798 -Xms1664299798 -XX:MaxDirectMemorySize=493921243 -XX:MaxMetaspaceSize=268435456
dynamic_configs: -D taskmanager.memory.network.min=359703515b -D taskmanager.cpu.cores=4.0 -D taskmanager.memory.task.off-heap.size=0b -D taskmanager.memory.jvm-metaspace.size=268435456b -D external-resources=none -D taskmanager.memory.jvm-overhead.min=429496736b -D taskmanager.memory.framework.off-heap.size=134217728b -D taskmanager.memory.network.max=359703515b -D taskmanager.memory.framework.heap.size=134217728b -D taskmanager.memory.managed.size=1438814063b -D taskmanager.memory.task.heap.size=1530082070b -D taskmanager.numberOfTaskSlots=4 -D taskmanager.memory.jvm-overhead.max=429496736b
logs: WARNING: sun.reflect.Reflection.getCallerClass is not supported. This will impact performance.
INFO  [] - Loading configuration property: taskmanager.memory.process.size, 4096m
INFO  [] - Loading configuration property: env.java.opts.jobmanager, -Dfile.encoding=UTF-8 -Dsun.jnu.encoding=UTF-8
INFO  [] - Loading configuration property: taskmanager.bind-host, localhost
INFO  [] - Loading configuration property: env.java.opts, -Dfile.encoding=UTF-8 -Dsun.jnu.encoding=UTF-8
INFO  [] - Loading configuration property: jobmanager.rpc.address, localhost
INFO  [] - Loading configuration property: jobmanager.memory.process.size, 2048m
INFO  [] - Loading configuration property: jobmanager.rpc.port, 6123
INFO  [] - Loading configuration property: rest.bind-address, 0.0.0.0
INFO  [] - Loading configuration property: rest.port, 8081
INFO  [] - Loading configuration property: execution.checkpointing.interval, 30s
INFO  [] - Loading configuration property: jobmanager.bind-host, localhost
INFO  [] - Loading configuration property: parallelism.default, 1
INFO  [] - Loading configuration property: taskmanager.numberOfTaskSlots, 4
INFO  [] - Loading configuration property: taskmanager.memory.managed.fraction, 0.4
INFO  [] - Loading configuration property: rest.address, 0.0.0.0
INFO  [] - Loading configuration property: cluster.evenly-spread-out-slots, true
INFO  [] - Loading configuration property: state.backend, filesystem
INFO  [] - Loading configuration property: execution.checkpointing.min-pause, 5s
INFO  [] - Loading configuration property: jobmanager.memory.jvm-metaspace.size, 256m
INFO  [] - Loading configuration property: env.java.opts.taskmanager, -Dfile.encoding=UTF-8 -Dsun.jnu.encoding=UTF-8
INFO  [] - Loading configuration property: state.checkpoints.dir, file:///workspace/logs/flink-checkpoints
INFO  [] - Final TaskExecutor Memory configuration:
INFO  [] -   Total Process Memory:          4.000gb (4294967296 bytes)
INFO  [] -     Total Flink Memory:          3.350gb (3597035104 bytes)
INFO  [] -       Total JVM Heap Memory:     1.550gb (1664299798 bytes)
INFO  [] -         Framework:               128.000mb (134217728 bytes)
INFO  [] -         Task:                    1.425gb (1530082070 bytes)
INFO  [] -       Total Off-heap Memory:     1.800gb (1932735306 bytes)
INFO  [] -         Managed:                 1.340gb (1438814063 bytes)
INFO  [] -         Total JVM Direct Memory: 471.040mb (493921243 bytes)
INFO  [] -           Framework:             128.000mb (134217728 bytes)
INFO  [] -           Task:                  0 bytes
INFO  [] -           Network:               343.040mb (359703515 bytes)
INFO  [] -     JVM Metaspace:               256.000mb (268435456 bytes)
INFO  [] -     JVM Overhead:                409.600mb (429496736 bytes)

2025-08-10 13:02:58,886 INFO  org.apache.flink.runtime.taskexecutor.TaskManagerRunner      [] - --------------------------------------------------------------------------------
2025-08-10 13:02:58,887 INFO  org.apache.flink.runtime.taskexecutor.TaskManagerRunner      [] -  Starting TaskManager (Version: 1.17.0, Scala: 2.12, Rev:69ecda0, Date:2023-03-17T10:30:06+01:00)
2025-08-10 13:02:58,887 INFO  org.apache.flink.runtime.taskexecutor.TaskManagerRunner      [] -  OS current user: root
2025-08-10 13:02:58,887 INFO  org.apache.flink.runtime.taskexecutor.TaskManagerRunner      [] -  Current Hadoop/Kerberos user: <no hadoop dependency found>
2025-08-10 13:02:58,887 INFO  org.apache.flink.runtime.taskexecutor.TaskManagerRunner      [] -  JVM: OpenJDK 64-Bit Server VM - Ubuntu - 11/11.0.28+6-post-Ubuntu-1ubuntu122.04.1
2025-08-10 13:02:58,887 INFO  org.apache.flink.runtime.taskexecutor.TaskManagerRunner      [] -  Arch: amd64
2025-08-10 13:02:58,887 INFO  org.apache.flink.runtime.taskexecutor.TaskManagerRunner      [] -  Maximum heap size: 1588 MiBytes
2025-08-10 13:02:58,887 INFO  org.apache.flink.runtime.taskexecutor.TaskManagerRunner      [] -  JAVA_HOME: /usr/lib/jvm/java-11-openjdk-amd64
2025-08-10 13:02:58,887 INFO  org.apache.flink.runtime.taskexecutor.TaskManagerRunner      [] -  No Hadoop Dependency available
2025-08-10 13:02:58,887 INFO  org.apache.flink.runtime.taskexecutor.TaskManagerRunner      [] -  JVM Options:
2025-08-10 13:02:58,887 INFO  org.apache.flink.runtime.taskexecutor.TaskManagerRunner      [] -     -Xmx1664299798
2025-08-10 13:02:58,887 INFO  org.apache.flink.runtime.taskexecutor.TaskManagerRunner      [] -     -Xms1664299798
2025-08-10 13:02:58,887 INFO  org.apache.flink.runtime.taskexecutor.TaskManagerRunner      [] -     -XX:MaxDirectMemorySize=493921243
2025-08-10 13:02:58,887 INFO  org.apache.flink.runtime.taskexecutor.TaskManagerRunner      [] -     -XX:MaxMetaspaceSize=268435456
2025-08-10 13:02:58,887 INFO  org.apache.flink.runtime.taskexecutor.TaskManagerRunner      [] -     -Dfile.encoding=UTF-8
2025-08-10 13:02:58,888 INFO  org.apache.flink.runtime.taskexecutor.TaskManagerRunner      [] -     -Dsun.jnu.encoding=UTF-8
2025-08-10 13:02:58,888 INFO  org.apache.flink.runtime.taskexecutor.TaskManagerRunner      [] -     -Dfile.encoding=UTF-8
2025-08-10 13:02:58,888 INFO  org.apache.flink.runtime.taskexecutor.TaskManagerRunner      [] -     -Dsun.jnu.encoding=UTF-8
2025-08-10 13:02:58,888 INFO  org.apache.flink.runtime.taskexecutor.TaskManagerRunner      [] -     -Dlog.file=/workspace/flink-setup/flink/log/flink--taskexecutor-0-gpu02.log
2025-08-10 13:02:58,888 INFO  org.apache.flink.runtime.taskexecutor.TaskManagerRunner      [] -     -Dlog4j.configuration=file:/workspace/flink-setup/flink/conf/log4j.properties
2025-08-10 13:02:58,888 INFO  org.apache.flink.runtime.taskexecutor.TaskManagerRunner      [] -     -Dlog4j.configurationFile=file:/workspace/flink-setup/flink/conf/log4j.properties
2025-08-10 13:02:58,888 INFO  org.apache.flink.runtime.taskexecutor.TaskManagerRunner      [] -     -Dlogback.configurationFile=file:/workspace/flink-setup/flink/conf/logback.xml
2025-08-10 13:02:58,888 INFO  org.apache.flink.runtime.taskexecutor.TaskManagerRunner      [] -  Program Arguments:
2025-08-10 13:02:58,889 INFO  org.apache.flink.runtime.taskexecutor.TaskManagerRunner      [] -     --configDir
2025-08-10 13:02:58,889 INFO  org.apache.flink.runtime.taskexecutor.TaskManagerRunner      [] -     /workspace/flink-setup/flink/conf
2025-08-10 13:02:58,889 INFO  org.apache.flink.runtime.taskexecutor.TaskManagerRunner      [] -     -D
2025-08-10 13:02:58,889 INFO  org.apache.flink.runtime.taskexecutor.TaskManagerRunner      [] -     taskmanager.memory.network.min=359703515b
2025-08-10 13:02:58,889 INFO  org.apache.flink.runtime.taskexecutor.TaskManagerRunner      [] -     -D
2025-08-10 13:02:58,889 INFO  org.apache.flink.runtime.taskexecutor.TaskManagerRunner      [] -     taskmanager.cpu.cores=4.0
2025-08-10 13:02:58,890 INFO  org.apache.flink.runtime.taskexecutor.TaskManagerRunner      [] -     -D
2025-08-10 13:02:58,890 INFO  org.apache.flink.runtime.taskexecutor.TaskManagerRunner      [] -     taskmanager.memory.task.off-heap.size=0b
2025-08-10 13:02:58,890 INFO  org.apache.flink.runtime.taskexecutor.TaskManagerRunner      [] -     -D
2025-08-10 13:02:58,890 INFO  org.apache.flink.runtime.taskexecutor.TaskManagerRunner      [] -     taskmanager.memory.jvm-metaspace.size=268435456b
2025-08-10 13:02:58,890 INFO  org.apache.flink.runtime.taskexecutor.TaskManagerRunner      [] -     -D
2025-08-10 13:02:58,890 INFO  org.apache.flink.runtime.taskexecutor.TaskManagerRunner      [] -     external-resources=none
2025-08-10 13:02:58,890 INFO  org.apache.flink.runtime.taskexecutor.TaskManagerRunner      [] -     -D
2025-08-10 13:02:58,890 INFO  org.apache.flink.runtime.taskexecutor.TaskManagerRunner      [] -     taskmanager.memory.jvm-overhead.min=429496736b
2025-08-10 13:02:58,890 INFO  org.apache.flink.runtime.taskexecutor.TaskManagerRunner      [] -     -D
2025-08-10 13:02:58,890 INFO  org.apache.flink.runtime.taskexecutor.TaskManagerRunner      [] -     taskmanager.memory.framework.off-heap.size=134217728b
2025-08-10 13:02:58,890 INFO  org.apache.flink.runtime.taskexecutor.TaskManagerRunner      [] -     -D
2025-08-10 13:02:58,890 INFO  org.apache.flink.runtime.taskexecutor.TaskManagerRunner      [] -     taskmanager.memory.network.max=359703515b
2025-08-10 13:02:58,890 INFO  org.apache.flink.runtime.taskexecutor.TaskManagerRunner      [] -     -D
2025-08-10 13:02:58,890 INFO  org.apache.flink.runtime.taskexecutor.TaskManagerRunner      [] -     taskmanager.memory.framework.heap.size=134217728b
2025-08-10 13:02:58,890 INFO  org.apache.flink.runtime.taskexecutor.TaskManagerRunner      [] -     -D
2025-08-10 13:02:58,890 INFO  org.apache.flink.runtime.taskexecutor.TaskManagerRunner      [] -     taskmanager.memory.managed.size=1438814063b
2025-08-10 13:02:58,890 INFO  org.apache.flink.runtime.taskexecutor.TaskManagerRunner      [] -     -D
2025-08-10 13:02:58,891 INFO  org.apache.flink.runtime.taskexecutor.TaskManagerRunner      [] -     taskmanager.memory.task.heap.size=1530082070b
2025-08-10 13:02:58,891 INFO  org.apache.flink.runtime.taskexecutor.TaskManagerRunner      [] -     -D
2025-08-10 13:02:58,891 INFO  org.apache.flink.runtime.taskexecutor.TaskManagerRunner      [] -     taskmanager.numberOfTaskSlots=4
2025-08-10 13:02:58,891 INFO  org.apache.flink.runtime.taskexecutor.TaskManagerRunner      [] -     -D
2025-08-10 13:02:58,891 INFO  org.apache.flink.runtime.taskexecutor.TaskManagerRunner      [] -     taskmanager.memory.jvm-overhead.max=429496736b
2025-08-10 13:02:58,892 INFO  org.apache.flink.runtime.taskexecutor.TaskManagerRunner      [] -  Classpath: /workspace/flink-setup/flink/lib/flink-cep-1.17.0.jar:/workspace/flink-setup/flink/lib/flink-connector-files-1.17.0.jar:/workspace/flink-setup/flink/lib/flink-csv-1.17.0.jar:/workspace/flink-setup/flink/lib/flink-json-1.17.0.jar:/workspace/flink-setup/flink/lib/flink-scala_2.12-1.17.0.jar:/workspace/flink-setup/flink/lib/flink-table-api-java-uber-1.17.0.jar:/workspace/flink-setup/flink/lib/flink-table-planner-loader-1.17.0.jar:/workspace/flink-setup/flink/lib/flink-table-runtime-1.17.0.jar:/workspace/flink-setup/flink/lib/log4j-1.2-api-2.17.1.jar:/workspace/flink-setup/flink/lib/log4j-api-2.17.1.jar:/workspace/flink-setup/flink/lib/log4j-core-2.17.1.jar:/workspace/flink-setup/flink/lib/log4j-slf4j-impl-2.17.1.jar:/workspace/flink-setup/flink/lib/flink-dist-1.17.0.jar::::
2025-08-10 13:02:58,892 INFO  org.apache.flink.runtime.taskexecutor.TaskManagerRunner      [] - --------------------------------------------------------------------------------
2025-08-10 13:02:58,893 INFO  org.apache.flink.runtime.taskexecutor.TaskManagerRunner      [] - Registered UNIX signal handlers for [TERM, HUP, INT]
2025-08-10 13:02:58,895 INFO  org.apache.flink.runtime.taskexecutor.TaskManagerRunner      [] - Maximum number of open file descriptors is 1048576.
2025-08-10 13:02:58,902 INFO  org.apache.flink.configuration.GlobalConfiguration           [] - Loading configuration property: taskmanager.memory.process.size, 4096m
2025-08-10 13:02:58,903 INFO  org.apache.flink.configuration.GlobalConfiguration           [] - Loading configuration property: env.java.opts.jobmanager, -Dfile.encoding=UTF-8 -Dsun.jnu.encoding=UTF-8
2025-08-10 13:02:58,903 INFO  org.apache.flink.configuration.GlobalConfiguration           [] - Loading configuration property: taskmanager.bind-host, localhost
2025-08-10 13:02:58,903 INFO  org.apache.flink.configuration.GlobalConfiguration           [] - Loading configuration property: env.java.opts, -Dfile.encoding=UTF-8 -Dsun.jnu.encoding=UTF-8
2025-08-10 13:02:58,903 INFO  org.apache.flink.configuration.GlobalConfiguration           [] - Loading configuration property: jobmanager.rpc.address, localhost
2025-08-10 13:02:58,903 INFO  org.apache.flink.configuration.GlobalConfiguration           [] - Loading configuration property: jobmanager.memory.process.size, 2048m
2025-08-10 13:02:58,904 INFO  org.apache.flink.configuration.GlobalConfiguration           [] - Loading configuration property: jobmanager.rpc.port, 6123
2025-08-10 13:02:58,904 INFO  org.apache.flink.configuration.GlobalConfiguration           [] - Loading configuration property: rest.bind-address, 0.0.0.0
2025-08-10 13:02:58,904 INFO  org.apache.flink.configuration.GlobalConfiguration           [] - Loading configuration property: rest.port, 8081
2025-08-10 13:02:58,906 INFO  org.apache.flink.configuration.GlobalConfiguration           [] - Loading configuration property: execution.checkpointing.interval, 30s
2025-08-10 13:02:58,906 INFO  org.apache.flink.configuration.GlobalConfiguration           [] - Loading configuration property: jobmanager.bind-host, localhost
2025-08-10 13:02:58,906 INFO  org.apache.flink.configuration.GlobalConfiguration           [] - Loading configuration property: parallelism.default, 1
2025-08-10 13:02:58,906 INFO  org.apache.flink.configuration.GlobalConfiguration           [] - Loading configuration property: taskmanager.numberOfTaskSlots, 4
2025-08-10 13:02:58,906 INFO  org.apache.flink.configuration.GlobalConfiguration           [] - Loading configuration property: taskmanager.memory.managed.fraction, 0.4
2025-08-10 13:02:58,906 INFO  org.apache.flink.configuration.GlobalConfiguration           [] - Loading configuration property: rest.address, 0.0.0.0
2025-08-10 13:02:58,906 INFO  org.apache.flink.configuration.GlobalConfiguration           [] - Loading configuration property: cluster.evenly-spread-out-slots, true
2025-08-10 13:02:58,906 INFO  org.apache.flink.configuration.GlobalConfiguration           [] - Loading configuration property: state.backend, filesystem
2025-08-10 13:02:58,906 INFO  org.apache.flink.configuration.GlobalConfiguration           [] - Loading configuration property: execution.checkpointing.min-pause, 5s
2025-08-10 13:02:58,906 INFO  org.apache.flink.configuration.GlobalConfiguration           [] - Loading configuration property: jobmanager.memory.jvm-metaspace.size, 256m
2025-08-10 13:02:58,906 INFO  org.apache.flink.configuration.GlobalConfiguration           [] - Loading configuration property: env.java.opts.taskmanager, -Dfile.encoding=UTF-8 -Dsun.jnu.encoding=UTF-8
2025-08-10 13:02:58,906 INFO  org.apache.flink.configuration.GlobalConfiguration           [] - Loading configuration property: state.checkpoints.dir, file:///workspace/logs/flink-checkpoints
2025-08-10 13:02:58,906 INFO  org.apache.flink.configuration.GlobalConfiguration           [] - Loading dynamic configuration property: taskmanager.memory.network.min, 359703515b
2025-08-10 13:02:58,906 INFO  org.apache.flink.configuration.GlobalConfiguration           [] - Loading dynamic configuration property: taskmanager.memory.jvm-metaspace.size, 268435456b
2025-08-10 13:02:58,906 INFO  org.apache.flink.configuration.GlobalConfiguration           [] - Loading dynamic configuration property: taskmanager.memory.task.off-heap.size, 0b
2025-08-10 13:02:58,906 INFO  org.apache.flink.configuration.GlobalConfiguration           [] - Loading dynamic configuration property: taskmanager.cpu.cores, 4.0
2025-08-10 13:02:58,906 INFO  org.apache.flink.configuration.GlobalConfiguration           [] - Loading dynamic configuration property: external-resources, none
2025-08-10 13:02:58,907 INFO  org.apache.flink.configuration.GlobalConfiguration           [] - Loading dynamic configuration property: taskmanager.memory.jvm-overhead.min, 429496736b
2025-08-10 13:02:58,907 INFO  org.apache.flink.configuration.GlobalConfiguration           [] - Loading dynamic configuration property: taskmanager.memory.framework.off-heap.size, 134217728b
2025-08-10 13:02:58,907 INFO  org.apache.flink.configuration.GlobalConfiguration           [] - Loading dynamic configuration property: taskmanager.memory.network.max, 359703515b
2025-08-10 13:02:58,907 INFO  org.apache.flink.configuration.GlobalConfiguration           [] - Loading dynamic configuration property: taskmanager.memory.framework.heap.size, 134217728b
2025-08-10 13:02:58,907 INFO  org.apache.flink.configuration.GlobalConfiguration           [] - Loading dynamic configuration property: taskmanager.memory.managed.size, 1438814063b
2025-08-10 13:02:58,907 INFO  org.apache.flink.configuration.GlobalConfiguration           [] - Loading dynamic configuration property: taskmanager.memory.task.heap.size, 1530082070b
2025-08-10 13:02:58,907 INFO  org.apache.flink.configuration.GlobalConfiguration           [] - Loading dynamic configuration property: taskmanager.numberOfTaskSlots, 4
2025-08-10 13:02:58,907 INFO  org.apache.flink.configuration.GlobalConfiguration           [] - Loading dynamic configuration property: taskmanager.memory.jvm-overhead.max, 429496736b
2025-08-10 13:02:58,943 INFO  org.apache.flink.core.fs.FileSystem                          [] - Hadoop is not in the classpath/dependencies. The extended set of supported File Systems via Hadoop is not available.
2025-08-10 13:02:58,957 INFO  org.apache.flink.core.plugin.DefaultPluginManager            [] - Plugin loader with ID not found, creating it: metrics-prometheus
2025-08-10 13:02:58,962 INFO  org.apache.flink.core.plugin.DefaultPluginManager            [] - Plugin loader with ID not found, creating it: metrics-slf4j
2025-08-10 13:02:58,963 INFO  org.apache.flink.core.plugin.DefaultPluginManager            [] - Plugin loader with ID not found, creating it: metrics-influx
2025-08-10 13:02:58,963 INFO  org.apache.flink.core.plugin.DefaultPluginManager            [] - Plugin loader with ID not found, creating it: metrics-datadog
2025-08-10 13:02:58,963 INFO  org.apache.flink.core.plugin.DefaultPluginManager            [] - Plugin loader with ID not found, creating it: external-resource-gpu
2025-08-10 13:02:58,963 INFO  org.apache.flink.core.plugin.DefaultPluginManager            [] - Plugin loader with ID not found, creating it: metrics-graphite
2025-08-10 13:02:58,963 INFO  org.apache.flink.core.plugin.DefaultPluginManager            [] - Plugin loader with ID not found, creating it: metrics-statsd
2025-08-10 13:02:58,963 INFO  org.apache.flink.core.plugin.DefaultPluginManager            [] - Plugin loader with ID not found, creating it: metrics-jmx
2025-08-10 13:02:58,981 INFO  org.apache.flink.runtime.state.changelog.StateChangelogStorageLoader [] - StateChangelogStorageLoader initialized with shortcut names {memory,filesystem}.
2025-08-10 13:02:58,981 INFO  org.apache.flink.core.plugin.DefaultPluginManager            [] - Plugin loader with ID found, reusing it: metrics-prometheus
2025-08-10 13:02:58,981 INFO  org.apache.flink.core.plugin.DefaultPluginManager            [] - Plugin loader with ID found, reusing it: metrics-slf4j
2025-08-10 13:02:58,981 INFO  org.apache.flink.core.plugin.DefaultPluginManager            [] - Plugin loader with ID found, reusing it: metrics-influx
2025-08-10 13:02:58,981 INFO  org.apache.flink.core.plugin.DefaultPluginManager            [] - Plugin loader with ID found, reusing it: metrics-datadog
2025-08-10 13:02:58,982 INFO  org.apache.flink.core.plugin.DefaultPluginManager            [] - Plugin loader with ID found, reusing it: external-resource-gpu
2025-08-10 13:02:58,982 INFO  org.apache.flink.core.plugin.DefaultPluginManager            [] - Plugin loader with ID found, reusing it: metrics-graphite
2025-08-10 13:02:58,982 INFO  org.apache.flink.core.plugin.DefaultPluginManager            [] - Plugin loader with ID found, reusing it: metrics-statsd
2025-08-10 13:02:58,982 INFO  org.apache.flink.core.plugin.DefaultPluginManager            [] - Plugin loader with ID found, reusing it: metrics-jmx
2025-08-10 13:02:58,983 INFO  org.apache.flink.runtime.state.changelog.StateChangelogStorageLoader [] - StateChangelogStorageLoader initialized with shortcut names {memory,filesystem}.
2025-08-10 13:02:59,000 INFO  org.apache.flink.runtime.security.modules.HadoopModuleFactory [] - Cannot create Hadoop Security Module because Hadoop cannot be found in the Classpath.
2025-08-10 13:02:59,015 INFO  org.apache.flink.runtime.security.modules.JaasModule         [] - Jaas file will be created as /tmp/jaas-2765243550701851007.conf.
2025-08-10 13:02:59,021 INFO  org.apache.flink.runtime.security.contexts.HadoopSecurityContextFactory [] - Cannot install HadoopSecurityContext because Hadoop cannot be found in the Classpath.
2025-08-10 13:02:59,369 INFO  org.apache.flink.runtime.util.LeaderRetrievalUtils           [] - Trying to select the network interface and address to use by connecting to the leading JobManager.
2025-08-10 13:02:59,369 INFO  org.apache.flink.runtime.util.LeaderRetrievalUtils           [] - TaskManager will try to connect for PT10S before falling back to heuristics
2025-08-10 13:02:59,609 INFO  org.apache.flink.runtime.taskexecutor.TaskManagerRunner      [] - TaskManager will use hostname/address 'gpu02' (127.0.0.1) for communication.
2025-08-10 13:02:59,644 INFO  org.apache.flink.runtime.rpc.akka.AkkaRpcServiceUtils        [] - Trying to start actor system, external address 127.0.0.1:0, bind address localhost:0.
2025-08-10 13:03:00,135 INFO  akka.event.slf4j.Slf4jLogger                                 [] - Slf4jLogger started
2025-08-10 13:03:00,158 INFO  akka.remote.RemoteActorRefProvider                           [] - Akka Cluster not in use - enabling unsafe features anyway because `akka.remote.use-unsafe-remote-features-outside-cluster` has been enabled.
2025-08-10 13:03:00,159 INFO  akka.remote.Remoting                                         [] - Starting remoting
2025-08-10 13:03:00,298 INFO  akka.remote.Remoting                                         [] - Remoting started; listening on addresses :[akka.tcp://flink@127.0.0.1:10913]
2025-08-10 13:03:00,389 INFO  org.apache.flink.runtime.rpc.akka.AkkaRpcServiceUtils        [] - Actor system started at akka.tcp://flink@127.0.0.1:10913
2025-08-10 13:03:00,401 INFO  org.apache.flink.runtime.taskexecutor.TaskManagerRunner      [] - Using working directory: WorkingDirectory(/tmp/tm_127.0.0.1:10913-7ce918)
2025-08-10 13:03:00,407 INFO  org.apache.flink.runtime.metrics.MetricRegistryImpl          [] - No metrics reporter configured, no metrics will be exposed/reported.
2025-08-10 13:03:00,409 INFO  org.apache.flink.runtime.rpc.akka.AkkaRpcServiceUtils        [] - Trying to start actor system, external address 127.0.0.1:0, bind address localhost:0.
2025-08-10 13:03:00,420 INFO  akka.event.slf4j.Slf4jLogger                                 [] - Slf4jLogger started
2025-08-10 13:03:00,423 INFO  akka.remote.RemoteActorRefProvider                           [] - Akka Cluster not in use - enabling unsafe features anyway because `akka.remote.use-unsafe-remote-features-outside-cluster` has been enabled.
2025-08-10 13:03:00,423 INFO  akka.remote.Remoting                                         [] - Starting remoting
2025-08-10 13:03:00,432 INFO  akka.remote.Remoting                                         [] - Remoting started; listening on addresses :[akka.tcp://flink-metrics@127.0.0.1:10705]
2025-08-10 13:03:00,440 INFO  org.apache.flink.runtime.rpc.akka.AkkaRpcServiceUtils        [] - Actor system started at akka.tcp://flink-metrics@127.0.0.1:10705
2025-08-10 13:03:00,451 INFO  org.apache.flink.runtime.rpc.akka.AkkaRpcService             [] - Starting RPC endpoint for org.apache.flink.runtime.metrics.dump.MetricQueryService at akka://flink-metrics/user/rpc/MetricQueryService_127.0.0.1:10913-7ce918 .
2025-08-10 13:03:00,462 INFO  org.apache.flink.runtime.blob.PermanentBlobCache             [] - Created BLOB cache storage directory /tmp/tm_127.0.0.1:10913-7ce918/blobStorage
2025-08-10 13:03:00,466 INFO  org.apache.flink.runtime.blob.TransientBlobCache             [] - Created BLOB cache storage directory /tmp/tm_127.0.0.1:10913-7ce918/blobStorage
2025-08-10 13:03:00,469 INFO  org.apache.flink.runtime.externalresource.ExternalResourceUtils [] - Enabled external resources: []
2025-08-10 13:03:00,469 INFO  org.apache.flink.runtime.security.token.DelegationTokenReceiverRepository [] - Loading delegation token receivers
2025-08-10 13:03:00,472 INFO  org.apache.flink.runtime.security.token.DelegationTokenReceiverRepository [] - Delegation token receiver hadoopfs loaded and initialized
2025-08-10 13:03:00,473 INFO  org.apache.flink.runtime.security.token.DelegationTokenReceiverRepository [] - Delegation token receiver hbase loaded and initialized
2025-08-10 13:03:00,473 INFO  org.apache.flink.core.plugin.DefaultPluginManager            [] - Plugin loader with ID found, reusing it: metrics-prometheus
2025-08-10 13:03:00,473 INFO  org.apache.flink.core.plugin.DefaultPluginManager            [] - Plugin loader with ID found, reusing it: metrics-slf4j
2025-08-10 13:03:00,473 INFO  org.apache.flink.core.plugin.DefaultPluginManager            [] - Plugin loader with ID found, reusing it: metrics-influx
2025-08-10 13:03:00,473 INFO  org.apache.flink.core.plugin.DefaultPluginManager            [] - Plugin loader with ID found, reusing it: metrics-datadog
2025-08-10 13:03:00,473 INFO  org.apache.flink.core.plugin.DefaultPluginManager            [] - Plugin loader with ID found, reusing it: external-resource-gpu
2025-08-10 13:03:00,473 INFO  org.apache.flink.core.plugin.DefaultPluginManager            [] - Plugin loader with ID found, reusing it: metrics-graphite
2025-08-10 13:03:00,473 INFO  org.apache.flink.core.plugin.DefaultPluginManager            [] - Plugin loader with ID found, reusing it: metrics-statsd
2025-08-10 13:03:00,473 INFO  org.apache.flink.core.plugin.DefaultPluginManager            [] - Plugin loader with ID found, reusing it: metrics-jmx
2025-08-10 13:03:00,473 INFO  org.apache.flink.runtime.security.token.DelegationTokenReceiverRepository [] - Delegation token receivers loaded successfully
2025-08-10 13:03:00,473 INFO  org.apache.flink.runtime.taskexecutor.TaskManagerRunner      [] - Starting TaskManager with ResourceID: 127.0.0.1:10913-7ce918
2025-08-10 13:03:00,488 INFO  org.apache.flink.runtime.taskexecutor.TaskManagerServices    [] - Temporary file directory '/tmp': total 1758 GB, usable 31 GB (1.76% usable)
2025-08-10 13:03:00,491 INFO  org.apache.flink.runtime.io.disk.iomanager.IOManager         [] - Created a new FileChannelManager for spilling of task related data to disk (joins, sorting, ...). Used directories:
	/tmp/flink-io-390e0229-3118-4857-864b-fdbe4ba401f4
2025-08-10 13:03:00,496 INFO  org.apache.flink.runtime.io.network.netty.NettyConfig        [] - NettyConfig [server address: localhost/127.0.0.1, server port: 0, ssl enabled: false, memory segment size (bytes): 32768, transport type: AUTO, number of server threads: 4 (manual), number of client threads: 4 (manual), server connect backlog: 0 (use Netty's default), client connect timeout (sec): 120, send/receive buffer size (bytes): 0 (use Netty's default)]
2025-08-10 13:03:00,546 INFO  org.apache.flink.runtime.io.network.NettyShuffleServiceFactory [] - Created a new FileChannelManager for storing result partitions of BLOCKING shuffles. Used directories:
	/tmp/flink-netty-shuffle-9704141f-d514-49ce-978a-1514adc8e384
2025-08-10 13:03:00,748 INFO  org.apache.flink.runtime.io.network.buffer.NetworkBufferPool [] - Allocated 343 MB for network buffer pool (number of memory segments: 10977, bytes per segment: 32768).
2025-08-10 13:03:00,761 INFO  org.apache.flink.runtime.io.network.NettyShuffleEnvironment  [] - Starting the network environment and its components.
2025-08-10 13:03:00,810 INFO  org.apache.flink.runtime.io.network.netty.NettyClient        [] - Transport type 'auto': using EPOLL.
2025-08-10 13:03:00,811 INFO  org.apache.flink.runtime.io.network.netty.NettyClient        [] - Successful initialization (took 50 ms).
2025-08-10 13:03:00,816 INFO  org.apache.flink.runtime.io.network.netty.NettyServer        [] - Transport type 'auto': using EPOLL.
2025-08-10 13:03:00,878 INFO  org.apache.flink.runtime.io.network.netty.NettyServer        [] - Successful initialization (took 65 ms). Listening on SocketAddress /127.0.0.1:30101.
2025-08-10 13:03:00,879 INFO  org.apache.flink.runtime.taskexecutor.KvStateService         [] - Starting the kvState service and its components.
2025-08-10 13:03:00,904 INFO  org.apache.flink.runtime.rpc.akka.AkkaRpcService             [] - Starting RPC endpoint for org.apache.flink.runtime.taskexecutor.TaskExecutor at akka://flink/user/rpc/taskmanager_0 .
2025-08-10 13:03:00,921 INFO  org.apache.flink.runtime.taskexecutor.DefaultJobLeaderService [] - Start job leader service.
2025-08-10 13:03:00,924 INFO  org.apache.flink.runtime.filecache.FileCache                 [] - User file cache uses directory /tmp/flink-dist-cache-e7865db1-b1a8-4902-b3f9-3c98fae3803d
2025-08-10 13:03:00,927 INFO  org.apache.flink.runtime.taskexecutor.TaskExecutor           [] - Connecting to ResourceManager akka.tcp://flink@localhost:6123/user/rpc/resourcemanager_*(00000000000000000000000000000000).
2025-08-10 13:03:01,141 INFO  org.apache.flink.runtime.taskexecutor.TaskExecutor           [] - Resolved ResourceManager address, beginning registration
2025-08-10 13:03:01,247 INFO  org.apache.flink.runtime.taskexecutor.TaskExecutor           [] - Successful registration at resource manager akka.tcp://flink@localhost:6123/user/rpc/resourcemanager_* under registration id f641fccccbaa3ed35f2f9a3cc75878c7.
2025-08-10 13:03:08,903 INFO  org.apache.flink.runtime.taskexecutor.TaskExecutor           [] - Receive slot request d22a2b20b758a40a64cb6b0652ae182e for job 7dcd29f54c62bad0de94f3b0136c1b40 from resource manager with leader id 00000000000000000000000000000000.
2025-08-10 13:03:08,908 INFO  org.apache.flink.runtime.taskexecutor.TaskExecutor           [] - Allocated slot for d22a2b20b758a40a64cb6b0652ae182e.
2025-08-10 13:03:08,910 INFO  org.apache.flink.runtime.taskexecutor.DefaultJobLeaderService [] - Add job 7dcd29f54c62bad0de94f3b0136c1b40 for job leader monitoring.
2025-08-10 13:03:08,911 INFO  org.apache.flink.runtime.taskexecutor.DefaultJobLeaderService [] - Try to register at job manager akka.tcp://flink@localhost:6123/user/rpc/jobmanager_2 with leader id 00000000-0000-0000-0000-000000000000.
2025-08-10 13:03:08,941 INFO  org.apache.flink.runtime.taskexecutor.DefaultJobLeaderService [] - Resolved JobManager address, beginning registration
2025-08-10 13:03:08,976 INFO  org.apache.flink.runtime.taskexecutor.DefaultJobLeaderService [] - Successful registration at job manager akka.tcp://flink@localhost:6123/user/rpc/jobmanager_2 for job 7dcd29f54c62bad0de94f3b0136c1b40.
2025-08-10 13:03:08,977 INFO  org.apache.flink.runtime.taskexecutor.TaskExecutor           [] - Establish JobManager connection for job 7dcd29f54c62bad0de94f3b0136c1b40.
2025-08-10 13:03:08,979 INFO  org.apache.flink.runtime.taskexecutor.TaskExecutor           [] - Offer reserved slots to the leader of job 7dcd29f54c62bad0de94f3b0136c1b40.
2025-08-10 13:03:09,021 INFO  org.apache.flink.runtime.taskexecutor.slot.TaskSlotTableImpl [] - Activate slot d22a2b20b758a40a64cb6b0652ae182e.
2025-08-10 13:03:09,038 INFO  org.apache.flink.runtime.state.changelog.StateChangelogStorageLoader [] - Creating a changelog storage with name 'memory'.
2025-08-10 13:03:09,046 INFO  org.apache.flink.runtime.state.TaskExecutorChannelStateExecutorFactoryManager [] - Creating the channel state executor factory for job id 7dcd29f54c62bad0de94f3b0136c1b40
2025-08-10 13:03:09,050 INFO  org.apache.flink.runtime.taskexecutor.TaskExecutor           [] - Received task Source: Request Source -> Batch Inference Processor -> Sink: Batch Monitor Sink (1/1)#0 (e5bbaed0e5d8d8f1146e9e5303a056a5_cbc357ccb763df2852fee8c4fc7d55f2_0_0), deploy into slot with allocation id d22a2b20b758a40a64cb6b0652ae182e.
2025-08-10 13:03:09,052 INFO  org.apache.flink.runtime.taskmanager.Task                    [] - Source: Request Source -> Batch Inference Processor -> Sink: Batch Monitor Sink (1/1)#0 (e5bbaed0e5d8d8f1146e9e5303a056a5_cbc357ccb763df2852fee8c4fc7d55f2_0_0) switched from CREATED to DEPLOYING.
2025-08-10 13:03:09,054 INFO  org.apache.flink.runtime.taskexecutor.slot.TaskSlotTableImpl [] - Activate slot d22a2b20b758a40a64cb6b0652ae182e.
2025-08-10 13:03:09,062 INFO  org.apache.flink.runtime.taskmanager.Task                    [] - Loading JAR files for task Source: Request Source -> Batch Inference Processor -> Sink: Batch Monitor Sink (1/1)#0 (e5bbaed0e5d8d8f1146e9e5303a056a5_cbc357ccb763df2852fee8c4fc7d55f2_0_0) [DEPLOYING].
2025-08-10 13:03:09,067 INFO  org.apache.flink.runtime.blob.BlobClient                     [] - Downloading 7dcd29f54c62bad0de94f3b0136c1b40/p-e2280003373ed4e1b9fc02c81ee4c8c3eee5538b-2c0761b1e3fc984f280d49e3ebeb246d from localhost/127.0.0.1:8181
2025-08-10 13:03:09,138 INFO  org.apache.flink.streaming.runtime.tasks.StreamTask          [] - Using job/cluster config to configure application-defined state backend: org.apache.flink.runtime.state.hashmap.HashMapStateBackend@775fa5d7
2025-08-10 13:03:09,139 INFO  org.apache.flink.streaming.runtime.tasks.StreamTask          [] - Using application-defined state backend: org.apache.flink.runtime.state.hashmap.HashMapStateBackend@619364d
2025-08-10 13:03:09,139 INFO  org.apache.flink.runtime.state.StateBackendLoader            [] - State backend loader loads the state backend as HashMapStateBackend
2025-08-10 13:03:09,145 INFO  org.apache.flink.streaming.runtime.tasks.StreamTask          [] - Using job/cluster config to configure application-defined checkpoint storage: org.apache.flink.runtime.state.storage.FileSystemCheckpointStorage@200dd9d5
2025-08-10 13:03:09,158 INFO  org.apache.flink.runtime.taskmanager.Task                    [] - Source: Request Source -> Batch Inference Processor -> Sink: Batch Monitor Sink (1/1)#0 (e5bbaed0e5d8d8f1146e9e5303a056a5_cbc357ccb763df2852fee8c4fc7d55f2_0_0) switched from DEPLOYING to INITIALIZING.
2025-08-10 13:03:09,270 INFO  com.infertuner.processor.BatchInferenceProcessor             [] - Task 0 启动，绑定到 GPU 0，batch_size=1
2025-08-10 13:03:09,382 INFO  com.infertuner.processor.BatchInferenceProcessor             [] - 启动 GPU 0 批处理推理服务...
2025-08-10 13:03:09,388 INFO  com.infertuner.processor.BatchInferenceProcessor             [] - 等待 GPU 0 批处理服务初始化...
2025-08-10 13:03:19,389 INFO  com.infertuner.processor.BatchInferenceProcessor             [] - ✅ GPU 0 批处理推理服务启动成功
2025-08-10 13:03:19,389 INFO  com.infertuner.processor.BatchInferenceProcessor             [] - GPU 0 批处理推理服务启动完成
2025-08-10 13:03:19,393 INFO  org.apache.flink.runtime.taskmanager.Task                    [] - Source: Request Source -> Batch Inference Processor -> Sink: Batch Monitor Sink (1/1)#0 (e5bbaed0e5d8d8f1146e9e5303a056a5_cbc357ccb763df2852fee8c4fc7d55f2_0_0) switched from INITIALIZING to RUNNING.
2025-08-10 13:03:19,400 INFO  com.infertuner.source.SimpleRequestSource                    [] - 开始生成 50 个测试请求，间隔 50ms
2025-08-10 13:03:20,871 INFO  com.infertuner.sink.BatchMonitorSink                         [] - 结果 #1: batch=4 | ✅ | 推理=1350.4ms | 等待=43.6ms | 实际批大小=1 | 机器学习是一种人工智能技术，它使用统计学和算法来让计算机系统从数据中自动学习规律，并从中提取出有用的...
2025-08-10 13:03:20,871 INFO  com.infertuner.source.SimpleRequestSource                    [] - 生成请求 1/50: req_000
2025-08-10 13:03:21,833 INFO  com.infertuner.sink.BatchMonitorSink                         [] - 结果 #2: batch=4 | ✅ | 推理=882.7ms | 等待=15.0ms | 实际批大小=1 | 神经网络是一种模仿人脑结构和功能的计算模型，它由大量的节点（称为“神经元”）组成，每个节点都有一个输...
2025-08-10 13:03:21,833 INFO  com.infertuner.source.SimpleRequestSource                    [] - 生成请求 2/50: req_001
2025-08-10 13:03:22,612 INFO  com.infertuner.sink.BatchMonitorSink                         [] - 结果 #3: batch=4 | ✅ | 推理=682.2ms | 等待=36.8ms | 实际批大小=1 | 为了优化模型性能，可以采取以下几种方法：

1. 数据预处理：对数据进行清洗、转换和归一化等预处理操...
2025-08-10 13:03:22,612 INFO  com.infertuner.source.SimpleRequestSource                    [] - 生成请求 3/50: req_002
2025-08-10 13:03:24,136 INFO  com.infertuner.sink.BatchMonitorSink                         [] - 结果 #4: batch=4 | ✅ | 推理=1426.7ms | 等待=40.5ms | 实际批大小=1 | 过拟合（Overfitting）是指模型在训练集上表现良好，但在测试集或新数据上的性能下降的现象。这...
2025-08-10 13:03:24,136 INFO  com.infertuner.source.SimpleRequestSource                    [] - 生成请求 4/50: req_003
2025-08-10 13:03:25,602 INFO  com.infertuner.sink.BatchMonitorSink                         [] - 结果 #5: batch=4 | ✅ | 推理=1369.2ms | 等待=43.7ms | 实际批大小=1 | 为了优化模型性能，我们可以采取以下几种策略：

1. 数据预处理：对训练数据进行清洗、标准化和归一化...
2025-08-10 13:03:25,602 INFO  com.infertuner.source.SimpleRequestSource                    [] - 生成请求 5/50: req_004
2025-08-10 13:03:26,613 INFO  com.infertuner.source.SimpleRequestSource                    [] - 生成请求 6/50: req_005
2025-08-10 13:03:27,512 INFO  com.infertuner.source.SimpleRequestSource                    [] - 生成请求 7/50: req_006
2025-08-10 13:03:28,159 INFO  com.infertuner.source.SimpleRequestSource                    [] - 生成请求 8/50: req_007
2025-08-10 13:03:29,808 INFO  com.infertuner.source.SimpleRequestSource                    [] - 生成请求 9/50: req_008
2025-08-10 13:03:30,527 INFO  com.infertuner.sink.BatchMonitorSink                         [] - === Batch Size 4 统计 ===
2025-08-10 13:03:30,527 INFO  com.infertuner.sink.BatchMonitorSink                         [] - 总请求: 10 | 成功: 10 (100.0%) | 平均推理时间: 1012.1ms | 平均等待时间: 39.2ms | 吞吐量: 0.44 req/s
2025-08-10 13:03:30,527 INFO  com.infertuner.sink.BatchMonitorSink                         [] - 实际批大小分布: {1=10}
2025-08-10 13:03:30,528 INFO  com.infertuner.sink.BatchMonitorSink                         [] - ========================
2025-08-10 13:03:30,528 INFO  com.infertuner.source.SimpleRequestSource                    [] - 生成请求 10/50: req_009
2025-08-10 13:03:31,559 INFO  com.infertuner.source.SimpleRequestSource                    [] - 生成请求 11/50: req_010
2025-08-10 13:03:32,519 INFO  com.infertuner.source.SimpleRequestSource                    [] - 生成请求 12/50: req_011
2025-08-10 13:03:33,782 INFO  com.infertuner.source.SimpleRequestSource                    [] - 生成请求 13/50: req_012
2025-08-10 13:03:35,023 INFO  com.infertuner.source.SimpleRequestSource                    [] - 生成请求 14/50: req_013
2025-08-10 13:03:35,832 INFO  com.infertuner.source.SimpleRequestSource                    [] - 生成请求 15/50: req_014
2025-08-10 13:03:36,522 INFO  com.infertuner.source.SimpleRequestSource                    [] - 生成请求 16/50: req_015
2025-08-10 13:03:38,036 INFO  com.infertuner.source.SimpleRequestSource                    [] - 生成请求 17/50: req_016
2025-08-10 13:03:38,763 INFO  com.infertuner.source.SimpleRequestSource                    [] - 生成请求 18/50: req_017
2025-08-10 13:03:39,884 INFO  com.infertuner.source.SimpleRequestSource                    [] - 生成请求 19/50: req_018
2025-08-10 13:03:41,157 INFO  com.infertuner.sink.BatchMonitorSink                         [] - === Batch Size 4 统计 ===
2025-08-10 13:03:41,157 INFO  com.infertuner.sink.BatchMonitorSink                         [] - 总请求: 20 | 成功: 20 (100.0%) | 平均推理时间: 987.2ms | 平均等待时间: 40.6ms | 吞吐量: 0.60 req/s
2025-08-10 13:03:41,157 INFO  com.infertuner.sink.BatchMonitorSink                         [] - 实际批大小分布: {1=20}
2025-08-10 13:03:41,157 INFO  com.infertuner.sink.BatchMonitorSink                         [] - ========================
2025-08-10 13:03:41,158 INFO  com.infertuner.sink.BatchMonitorSink                         [] - 结果 #20: batch=4 | ✅ | 推理=1166.8ms | 等待=43.5ms | 实际批大小=1 | 过拟合（Overfitting）是指机器学习模型在训练集上表现良好，但在测试集或新数据集上的表现较差...
2025-08-10 13:03:41,158 INFO  com.infertuner.source.SimpleRequestSource                    [] - 生成请求 20/50: req_019
2025-08-10 13:03:42,523 INFO  com.infertuner.source.SimpleRequestSource                    [] - 生成请求 21/50: req_020
2025-08-10 13:03:43,261 INFO  com.infertuner.source.SimpleRequestSource                    [] - 生成请求 22/50: req_021
2025-08-10 13:03:44,504 INFO  com.infertuner.source.SimpleRequestSource                    [] - 生成请求 23/50: req_022
2025-08-10 13:03:45,394 INFO  com.infertuner.source.SimpleRequestSource                    [] - 生成请求 24/50: req_023
2025-08-10 13:03:46,413 INFO  com.infertuner.source.SimpleRequestSource                    [] - 生成请求 25/50: req_024
2025-08-10 13:03:47,968 INFO  com.infertuner.source.SimpleRequestSource                    [] - 生成请求 26/50: req_025
2025-08-10 13:03:49,060 INFO  com.infertuner.source.SimpleRequestSource                    [] - 生成请求 27/50: req_026
2025-08-10 13:03:50,262 INFO  com.infertuner.source.SimpleRequestSource                    [] - 生成请求 28/50: req_027
2025-08-10 13:03:51,687 INFO  com.infertuner.source.SimpleRequestSource                    [] - 生成请求 29/50: req_028
2025-08-10 13:03:52,680 INFO  com.infertuner.sink.BatchMonitorSink                         [] - === Batch Size 4 统计 ===
2025-08-10 13:03:52,680 INFO  com.infertuner.sink.BatchMonitorSink                         [] - 总请求: 30 | 成功: 30 (100.0%) | 平均推理时间: 1008.9ms | 平均等待时间: 41.0ms | 吞吐量: 0.67 req/s
2025-08-10 13:03:52,680 INFO  com.infertuner.sink.BatchMonitorSink                         [] - 实际批大小分布: {1=30}
2025-08-10 13:03:52,680 INFO  com.infertuner.sink.BatchMonitorSink                         [] - ========================
2025-08-10 13:03:52,681 INFO  com.infertuner.source.SimpleRequestSource                    [] - 生成请求 30/50: req_029
2025-08-10 13:03:53,974 INFO  com.infertuner.source.SimpleRequestSource                    [] - 生成请求 31/50: req_030
2025-08-10 13:03:54,743 INFO  com.infertuner.source.SimpleRequestSource                    [] - 生成请求 32/50: req_031
2025-08-10 13:03:55,563 INFO  com.infertuner.source.SimpleRequestSource                    [] - 生成请求 33/50: req_032
2025-08-10 13:03:57,109 INFO  com.infertuner.source.SimpleRequestSource                    [] - 生成请求 34/50: req_033
2025-08-10 13:03:58,653 INFO  com.infertuner.source.SimpleRequestSource                    [] - 生成请求 35/50: req_034
2025-08-10 13:03:59,834 INFO  com.infertuner.source.SimpleRequestSource                    [] - 生成请求 36/50: req_035
2025-08-10 13:04:01,420 INFO  com.infertuner.source.SimpleRequestSource                    [] - 生成请求 37/50: req_036
2025-08-10 13:04:02,685 INFO  com.infertuner.source.SimpleRequestSource                    [] - 生成请求 38/50: req_037
2025-08-10 13:04:03,808 INFO  com.infertuner.source.SimpleRequestSource                    [] - 生成请求 39/50: req_038
2025-08-10 13:04:04,628 INFO  com.infertuner.sink.BatchMonitorSink                         [] - === Batch Size 4 统计 ===
2025-08-10 13:04:04,628 INFO  com.infertuner.sink.BatchMonitorSink                         [] - 总请求: 40 | 成功: 40 (100.0%) | 平均推理时间: 1030.0ms | 平均等待时间: 42.0ms | 吞吐量: 0.70 req/s
2025-08-10 13:04:04,628 INFO  com.infertuner.sink.BatchMonitorSink                         [] - 实际批大小分布: {1=40}
2025-08-10 13:04:04,628 INFO  com.infertuner.sink.BatchMonitorSink                         [] - ========================
2025-08-10 13:04:04,629 INFO  com.infertuner.sink.BatchMonitorSink                         [] - 结果 #40: batch=4 | ✅ | 推理=712.4ms | 等待=47.5ms | 实际批大小=1 | 过拟合（Overfitting）是指在机器学习中，模型对训练数据的泛化能力不足，无法很好地适应新数据...
2025-08-10 13:04:04,629 INFO  com.infertuner.source.SimpleRequestSource                    [] - 生成请求 40/50: req_039
2025-08-10 13:04:05,307 INFO  com.infertuner.source.SimpleRequestSource                    [] - 生成请求 41/50: req_040
2025-08-10 13:04:06,097 INFO  com.infertuner.source.SimpleRequestSource                    [] - 生成请求 42/50: req_041
2025-08-10 13:04:07,320 INFO  com.infertuner.source.SimpleRequestSource                    [] - 生成请求 43/50: req_042
2025-08-10 13:04:08,422 INFO  com.infertuner.source.SimpleRequestSource                    [] - 生成请求 44/50: req_043
2025-08-10 13:04:09,739 INFO  com.infertuner.sink.BatchMonitorSink                         [] - ✅ Batch Size 4 性能报告已保存
2025-08-10 13:04:09,739 INFO  com.infertuner.source.SimpleRequestSource                    [] - 生成请求 45/50: req_044
2025-08-10 13:04:11,114 INFO  com.infertuner.sink.BatchMonitorSink                         [] - ✅ Batch Size 4 性能报告已保存
2025-08-10 13:04:11,114 INFO  com.infertuner.source.SimpleRequestSource                    [] - 生成请求 46/50: req_045
2025-08-10 13:04:12,550 INFO  com.infertuner.sink.BatchMonitorSink                         [] - ✅ Batch Size 4 性能报告已保存
2025-08-10 13:04:12,550 INFO  com.infertuner.source.SimpleRequestSource                    [] - 生成请求 47/50: req_046
2025-08-10 13:04:13,440 INFO  com.infertuner.sink.BatchMonitorSink                         [] - ✅ Batch Size 4 性能报告已保存
2025-08-10 13:04:13,440 INFO  com.infertuner.source.SimpleRequestSource                    [] - 生成请求 48/50: req_047
2025-08-10 13:04:14,814 INFO  com.infertuner.sink.BatchMonitorSink                         [] - ✅ Batch Size 4 性能报告已保存
2025-08-10 13:04:14,814 INFO  com.infertuner.source.SimpleRequestSource                    [] - 生成请求 49/50: req_048
2025-08-10 13:04:16,400 INFO  com.infertuner.sink.BatchMonitorSink                         [] - === Batch Size 4 统计 ===
2025-08-10 13:04:16,401 INFO  com.infertuner.sink.BatchMonitorSink                         [] - 总请求: 50 | 成功: 50 (100.0%) | 平均推理时间: 1039.3ms | 平均等待时间: 42.2ms | 吞吐量: 0.73 req/s
2025-08-10 13:04:16,401 INFO  com.infertuner.sink.BatchMonitorSink                         [] - 实际批大小分布: {1=50}
2025-08-10 13:04:16,401 INFO  com.infertuner.sink.BatchMonitorSink                         [] - ========================
2025-08-10 13:04:16,401 INFO  com.infertuner.sink.BatchMonitorSink                         [] - ✅ Batch Size 4 性能报告已保存
2025-08-10 13:04:16,401 INFO  com.infertuner.source.SimpleRequestSource                    [] - 生成请求 50/50: req_049
2025-08-10 13:04:16,401 INFO  com.infertuner.source.SimpleRequestSource                    [] - 请求生成完成，共 50 个
2025-08-10 13:04:34,033 INFO  com.infertuner.processor.BatchInferenceProcessor             [] - 关闭 GPU 0 批处理推理服务...
2025-08-10 13:04:35,406 INFO  com.infertuner.processor.BatchInferenceProcessor             [] - ✅ GPU 0 批处理推理服务已关闭
2025-08-10 13:04:35,410 INFO  org.apache.flink.runtime.taskmanager.Task                    [] - Source: Request Source -> Batch Inference Processor -> Sink: Batch Monitor Sink (1/1)#0 (e5bbaed0e5d8d8f1146e9e5303a056a5_cbc357ccb763df2852fee8c4fc7d55f2_0_0) switched from RUNNING to FINISHED.
2025-08-10 13:04:35,410 INFO  org.apache.flink.runtime.taskmanager.Task                    [] - Freeing task resources for Source: Request Source -> Batch Inference Processor -> Sink: Batch Monitor Sink (1/1)#0 (e5bbaed0e5d8d8f1146e9e5303a056a5_cbc357ccb763df2852fee8c4fc7d55f2_0_0).
2025-08-10 13:04:35,415 INFO  org.apache.flink.runtime.taskexecutor.TaskExecutor           [] - Un-registering task and sending final execution state FINISHED to JobManager for task Source: Request Source -> Batch Inference Processor -> Sink: Batch Monitor Sink (1/1)#0 e5bbaed0e5d8d8f1146e9e5303a056a5_cbc357ccb763df2852fee8c4fc7d55f2_0_0.
2025-08-10 13:04:35,504 INFO  org.apache.flink.runtime.taskexecutor.slot.TaskSlotTableImpl [] - Free slot TaskSlot(index:0, state:ACTIVE, resource profile: ResourceProfile{cpuCores=1, taskHeapMemory=364.800mb (382520517 bytes), taskOffHeapMemory=0 bytes, managedMemory=343.040mb (359703515 bytes), networkMemory=85.760mb (89925878 bytes)}, allocationId: d22a2b20b758a40a64cb6b0652ae182e, jobId: 7dcd29f54c62bad0de94f3b0136c1b40).
2025-08-10 13:04:35,507 INFO  org.apache.flink.runtime.taskexecutor.DefaultJobLeaderService [] - Remove job 7dcd29f54c62bad0de94f3b0136c1b40 from job leader monitoring.
2025-08-10 13:04:35,508 INFO  org.apache.flink.runtime.taskexecutor.TaskExecutor           [] - Close JobManager connection for job 7dcd29f54c62bad0de94f3b0136c1b40.
