2025-08-10 13:05:01,137 INFO  org.apache.flink.runtime.taskexecutor.TaskManagerRunner      [] - --------------------------------------------------------------------------------
2025-08-10 13:05:01,138 INFO  org.apache.flink.runtime.taskexecutor.TaskManagerRunner      [] -  Preconfiguration: 
2025-08-10 13:05:01,139 INFO  org.apache.flink.runtime.taskexecutor.TaskManagerRunner      [] - 


RESOURCE_PARAMS extraction logs:
jvm_params: -Xmx1664299798 -Xms1664299798 -XX:MaxDirectMemorySize=493921243 -XX:MaxMetaspaceSize=268435456
dynamic_configs: -D taskmanager.memory.network.min=359703515b -D taskmanager.cpu.cores=4.0 -D taskmanager.memory.task.off-heap.size=0b -D taskmanager.memory.jvm-metaspace.size=268435456b -D external-resources=none -D taskmanager.memory.jvm-overhead.min=429496736b -D taskmanager.memory.framework.off-heap.size=134217728b -D taskmanager.memory.network.max=359703515b -D taskmanager.memory.framework.heap.size=134217728b -D taskmanager.memory.managed.size=1438814063b -D taskmanager.memory.task.heap.size=1530082070b -D taskmanager.numberOfTaskSlots=4 -D taskmanager.memory.jvm-overhead.max=429496736b
logs: WARNING: sun.reflect.Reflection.getCallerClass is not supported. This will impact performance.
INFO  [] - Loading configuration property: taskmanager.memory.process.size, 4096m
INFO  [] - Loading configuration property: env.java.opts.jobmanager, -Dfile.encoding=UTF-8 -Dsun.jnu.encoding=UTF-8
INFO  [] - Loading configuration property: taskmanager.bind-host, localhost
INFO  [] - Loading configuration property: env.java.opts, -Dfile.encoding=UTF-8 -Dsun.jnu.encoding=UTF-8
INFO  [] - Loading configuration property: jobmanager.rpc.address, localhost
INFO  [] - Loading configuration property: jobmanager.memory.process.size, 2048m
INFO  [] - Loading configuration property: jobmanager.rpc.port, 6123
INFO  [] - Loading configuration property: rest.bind-address, 0.0.0.0
INFO  [] - Loading configuration property: rest.port, 8081
INFO  [] - Loading configuration property: execution.checkpointing.interval, 30s
INFO  [] - Loading configuration property: jobmanager.bind-host, localhost
INFO  [] - Loading configuration property: parallelism.default, 1
INFO  [] - Loading configuration property: taskmanager.numberOfTaskSlots, 4
INFO  [] - Loading configuration property: taskmanager.memory.managed.fraction, 0.4
INFO  [] - Loading configuration property: rest.address, 0.0.0.0
INFO  [] - Loading configuration property: cluster.evenly-spread-out-slots, true
INFO  [] - Loading configuration property: state.backend, filesystem
INFO  [] - Loading configuration property: execution.checkpointing.min-pause, 5s
INFO  [] - Loading configuration property: jobmanager.memory.jvm-metaspace.size, 256m
INFO  [] - Loading configuration property: env.java.opts.taskmanager, -Dfile.encoding=UTF-8 -Dsun.jnu.encoding=UTF-8
INFO  [] - Loading configuration property: state.checkpoints.dir, file:///workspace/logs/flink-checkpoints
INFO  [] - Final TaskExecutor Memory configuration:
INFO  [] -   Total Process Memory:          4.000gb (4294967296 bytes)
INFO  [] -     Total Flink Memory:          3.350gb (3597035104 bytes)
INFO  [] -       Total JVM Heap Memory:     1.550gb (1664299798 bytes)
INFO  [] -         Framework:               128.000mb (134217728 bytes)
INFO  [] -         Task:                    1.425gb (1530082070 bytes)
INFO  [] -       Total Off-heap Memory:     1.800gb (1932735306 bytes)
INFO  [] -         Managed:                 1.340gb (1438814063 bytes)
INFO  [] -         Total JVM Direct Memory: 471.040mb (493921243 bytes)
INFO  [] -           Framework:             128.000mb (134217728 bytes)
INFO  [] -           Task:                  0 bytes
INFO  [] -           Network:               343.040mb (359703515 bytes)
INFO  [] -     JVM Metaspace:               256.000mb (268435456 bytes)
INFO  [] -     JVM Overhead:                409.600mb (429496736 bytes)

2025-08-10 13:05:01,139 INFO  org.apache.flink.runtime.taskexecutor.TaskManagerRunner      [] - --------------------------------------------------------------------------------
2025-08-10 13:05:01,139 INFO  org.apache.flink.runtime.taskexecutor.TaskManagerRunner      [] -  Starting TaskManager (Version: 1.17.0, Scala: 2.12, Rev:69ecda0, Date:2023-03-17T10:30:06+01:00)
2025-08-10 13:05:01,139 INFO  org.apache.flink.runtime.taskexecutor.TaskManagerRunner      [] -  OS current user: root
2025-08-10 13:05:01,139 INFO  org.apache.flink.runtime.taskexecutor.TaskManagerRunner      [] -  Current Hadoop/Kerberos user: <no hadoop dependency found>
2025-08-10 13:05:01,139 INFO  org.apache.flink.runtime.taskexecutor.TaskManagerRunner      [] -  JVM: OpenJDK 64-Bit Server VM - Ubuntu - 11/11.0.28+6-post-Ubuntu-1ubuntu122.04.1
2025-08-10 13:05:01,139 INFO  org.apache.flink.runtime.taskexecutor.TaskManagerRunner      [] -  Arch: amd64
2025-08-10 13:05:01,139 INFO  org.apache.flink.runtime.taskexecutor.TaskManagerRunner      [] -  Maximum heap size: 1588 MiBytes
2025-08-10 13:05:01,139 INFO  org.apache.flink.runtime.taskexecutor.TaskManagerRunner      [] -  JAVA_HOME: /usr/lib/jvm/java-11-openjdk-amd64
2025-08-10 13:05:01,139 INFO  org.apache.flink.runtime.taskexecutor.TaskManagerRunner      [] -  No Hadoop Dependency available
2025-08-10 13:05:01,139 INFO  org.apache.flink.runtime.taskexecutor.TaskManagerRunner      [] -  JVM Options:
2025-08-10 13:05:01,140 INFO  org.apache.flink.runtime.taskexecutor.TaskManagerRunner      [] -     -Xmx1664299798
2025-08-10 13:05:01,140 INFO  org.apache.flink.runtime.taskexecutor.TaskManagerRunner      [] -     -Xms1664299798
2025-08-10 13:05:01,140 INFO  org.apache.flink.runtime.taskexecutor.TaskManagerRunner      [] -     -XX:MaxDirectMemorySize=493921243
2025-08-10 13:05:01,140 INFO  org.apache.flink.runtime.taskexecutor.TaskManagerRunner      [] -     -XX:MaxMetaspaceSize=268435456
2025-08-10 13:05:01,140 INFO  org.apache.flink.runtime.taskexecutor.TaskManagerRunner      [] -     -Dfile.encoding=UTF-8
2025-08-10 13:05:01,140 INFO  org.apache.flink.runtime.taskexecutor.TaskManagerRunner      [] -     -Dsun.jnu.encoding=UTF-8
2025-08-10 13:05:01,140 INFO  org.apache.flink.runtime.taskexecutor.TaskManagerRunner      [] -     -Dfile.encoding=UTF-8
2025-08-10 13:05:01,140 INFO  org.apache.flink.runtime.taskexecutor.TaskManagerRunner      [] -     -Dsun.jnu.encoding=UTF-8
2025-08-10 13:05:01,140 INFO  org.apache.flink.runtime.taskexecutor.TaskManagerRunner      [] -     -Dlog.file=/workspace/flink-setup/flink/log/flink--taskexecutor-0-gpu02.log
2025-08-10 13:05:01,140 INFO  org.apache.flink.runtime.taskexecutor.TaskManagerRunner      [] -     -Dlog4j.configuration=file:/workspace/flink-setup/flink/conf/log4j.properties
2025-08-10 13:05:01,140 INFO  org.apache.flink.runtime.taskexecutor.TaskManagerRunner      [] -     -Dlog4j.configurationFile=file:/workspace/flink-setup/flink/conf/log4j.properties
2025-08-10 13:05:01,140 INFO  org.apache.flink.runtime.taskexecutor.TaskManagerRunner      [] -     -Dlogback.configurationFile=file:/workspace/flink-setup/flink/conf/logback.xml
2025-08-10 13:05:01,140 INFO  org.apache.flink.runtime.taskexecutor.TaskManagerRunner      [] -  Program Arguments:
2025-08-10 13:05:01,141 INFO  org.apache.flink.runtime.taskexecutor.TaskManagerRunner      [] -     --configDir
2025-08-10 13:05:01,142 INFO  org.apache.flink.runtime.taskexecutor.TaskManagerRunner      [] -     /workspace/flink-setup/flink/conf
2025-08-10 13:05:01,142 INFO  org.apache.flink.runtime.taskexecutor.TaskManagerRunner      [] -     -D
2025-08-10 13:05:01,142 INFO  org.apache.flink.runtime.taskexecutor.TaskManagerRunner      [] -     taskmanager.memory.network.min=359703515b
2025-08-10 13:05:01,142 INFO  org.apache.flink.runtime.taskexecutor.TaskManagerRunner      [] -     -D
2025-08-10 13:05:01,142 INFO  org.apache.flink.runtime.taskexecutor.TaskManagerRunner      [] -     taskmanager.cpu.cores=4.0
2025-08-10 13:05:01,142 INFO  org.apache.flink.runtime.taskexecutor.TaskManagerRunner      [] -     -D
2025-08-10 13:05:01,142 INFO  org.apache.flink.runtime.taskexecutor.TaskManagerRunner      [] -     taskmanager.memory.task.off-heap.size=0b
2025-08-10 13:05:01,142 INFO  org.apache.flink.runtime.taskexecutor.TaskManagerRunner      [] -     -D
2025-08-10 13:05:01,142 INFO  org.apache.flink.runtime.taskexecutor.TaskManagerRunner      [] -     taskmanager.memory.jvm-metaspace.size=268435456b
2025-08-10 13:05:01,142 INFO  org.apache.flink.runtime.taskexecutor.TaskManagerRunner      [] -     -D
2025-08-10 13:05:01,142 INFO  org.apache.flink.runtime.taskexecutor.TaskManagerRunner      [] -     external-resources=none
2025-08-10 13:05:01,142 INFO  org.apache.flink.runtime.taskexecutor.TaskManagerRunner      [] -     -D
2025-08-10 13:05:01,142 INFO  org.apache.flink.runtime.taskexecutor.TaskManagerRunner      [] -     taskmanager.memory.jvm-overhead.min=429496736b
2025-08-10 13:05:01,142 INFO  org.apache.flink.runtime.taskexecutor.TaskManagerRunner      [] -     -D
2025-08-10 13:05:01,142 INFO  org.apache.flink.runtime.taskexecutor.TaskManagerRunner      [] -     taskmanager.memory.framework.off-heap.size=134217728b
2025-08-10 13:05:01,142 INFO  org.apache.flink.runtime.taskexecutor.TaskManagerRunner      [] -     -D
2025-08-10 13:05:01,142 INFO  org.apache.flink.runtime.taskexecutor.TaskManagerRunner      [] -     taskmanager.memory.network.max=359703515b
2025-08-10 13:05:01,142 INFO  org.apache.flink.runtime.taskexecutor.TaskManagerRunner      [] -     -D
2025-08-10 13:05:01,143 INFO  org.apache.flink.runtime.taskexecutor.TaskManagerRunner      [] -     taskmanager.memory.framework.heap.size=134217728b
2025-08-10 13:05:01,143 INFO  org.apache.flink.runtime.taskexecutor.TaskManagerRunner      [] -     -D
2025-08-10 13:05:01,143 INFO  org.apache.flink.runtime.taskexecutor.TaskManagerRunner      [] -     taskmanager.memory.managed.size=1438814063b
2025-08-10 13:05:01,143 INFO  org.apache.flink.runtime.taskexecutor.TaskManagerRunner      [] -     -D
2025-08-10 13:05:01,143 INFO  org.apache.flink.runtime.taskexecutor.TaskManagerRunner      [] -     taskmanager.memory.task.heap.size=1530082070b
2025-08-10 13:05:01,143 INFO  org.apache.flink.runtime.taskexecutor.TaskManagerRunner      [] -     -D
2025-08-10 13:05:01,143 INFO  org.apache.flink.runtime.taskexecutor.TaskManagerRunner      [] -     taskmanager.numberOfTaskSlots=4
2025-08-10 13:05:01,143 INFO  org.apache.flink.runtime.taskexecutor.TaskManagerRunner      [] -     -D
2025-08-10 13:05:01,143 INFO  org.apache.flink.runtime.taskexecutor.TaskManagerRunner      [] -     taskmanager.memory.jvm-overhead.max=429496736b
2025-08-10 13:05:01,143 INFO  org.apache.flink.runtime.taskexecutor.TaskManagerRunner      [] -  Classpath: /workspace/flink-setup/flink/lib/flink-cep-1.17.0.jar:/workspace/flink-setup/flink/lib/flink-connector-files-1.17.0.jar:/workspace/flink-setup/flink/lib/flink-csv-1.17.0.jar:/workspace/flink-setup/flink/lib/flink-json-1.17.0.jar:/workspace/flink-setup/flink/lib/flink-scala_2.12-1.17.0.jar:/workspace/flink-setup/flink/lib/flink-table-api-java-uber-1.17.0.jar:/workspace/flink-setup/flink/lib/flink-table-planner-loader-1.17.0.jar:/workspace/flink-setup/flink/lib/flink-table-runtime-1.17.0.jar:/workspace/flink-setup/flink/lib/log4j-1.2-api-2.17.1.jar:/workspace/flink-setup/flink/lib/log4j-api-2.17.1.jar:/workspace/flink-setup/flink/lib/log4j-core-2.17.1.jar:/workspace/flink-setup/flink/lib/log4j-slf4j-impl-2.17.1.jar:/workspace/flink-setup/flink/lib/flink-dist-1.17.0.jar::::
2025-08-10 13:05:01,143 INFO  org.apache.flink.runtime.taskexecutor.TaskManagerRunner      [] - --------------------------------------------------------------------------------
2025-08-10 13:05:01,144 INFO  org.apache.flink.runtime.taskexecutor.TaskManagerRunner      [] - Registered UNIX signal handlers for [TERM, HUP, INT]
2025-08-10 13:05:01,147 INFO  org.apache.flink.runtime.taskexecutor.TaskManagerRunner      [] - Maximum number of open file descriptors is 1048576.
2025-08-10 13:05:01,154 INFO  org.apache.flink.configuration.GlobalConfiguration           [] - Loading configuration property: taskmanager.memory.process.size, 4096m
2025-08-10 13:05:01,154 INFO  org.apache.flink.configuration.GlobalConfiguration           [] - Loading configuration property: env.java.opts.jobmanager, -Dfile.encoding=UTF-8 -Dsun.jnu.encoding=UTF-8
2025-08-10 13:05:01,154 INFO  org.apache.flink.configuration.GlobalConfiguration           [] - Loading configuration property: taskmanager.bind-host, localhost
2025-08-10 13:05:01,154 INFO  org.apache.flink.configuration.GlobalConfiguration           [] - Loading configuration property: env.java.opts, -Dfile.encoding=UTF-8 -Dsun.jnu.encoding=UTF-8
2025-08-10 13:05:01,154 INFO  org.apache.flink.configuration.GlobalConfiguration           [] - Loading configuration property: jobmanager.rpc.address, localhost
2025-08-10 13:05:01,154 INFO  org.apache.flink.configuration.GlobalConfiguration           [] - Loading configuration property: jobmanager.memory.process.size, 2048m
2025-08-10 13:05:01,155 INFO  org.apache.flink.configuration.GlobalConfiguration           [] - Loading configuration property: jobmanager.rpc.port, 6123
2025-08-10 13:05:01,155 INFO  org.apache.flink.configuration.GlobalConfiguration           [] - Loading configuration property: rest.bind-address, 0.0.0.0
2025-08-10 13:05:01,155 INFO  org.apache.flink.configuration.GlobalConfiguration           [] - Loading configuration property: rest.port, 8081
2025-08-10 13:05:01,156 INFO  org.apache.flink.configuration.GlobalConfiguration           [] - Loading configuration property: execution.checkpointing.interval, 30s
2025-08-10 13:05:01,156 INFO  org.apache.flink.configuration.GlobalConfiguration           [] - Loading configuration property: jobmanager.bind-host, localhost
2025-08-10 13:05:01,156 INFO  org.apache.flink.configuration.GlobalConfiguration           [] - Loading configuration property: parallelism.default, 1
2025-08-10 13:05:01,156 INFO  org.apache.flink.configuration.GlobalConfiguration           [] - Loading configuration property: taskmanager.numberOfTaskSlots, 4
2025-08-10 13:05:01,156 INFO  org.apache.flink.configuration.GlobalConfiguration           [] - Loading configuration property: taskmanager.memory.managed.fraction, 0.4
2025-08-10 13:05:01,156 INFO  org.apache.flink.configuration.GlobalConfiguration           [] - Loading configuration property: rest.address, 0.0.0.0
2025-08-10 13:05:01,156 INFO  org.apache.flink.configuration.GlobalConfiguration           [] - Loading configuration property: cluster.evenly-spread-out-slots, true
2025-08-10 13:05:01,156 INFO  org.apache.flink.configuration.GlobalConfiguration           [] - Loading configuration property: state.backend, filesystem
2025-08-10 13:05:01,156 INFO  org.apache.flink.configuration.GlobalConfiguration           [] - Loading configuration property: execution.checkpointing.min-pause, 5s
2025-08-10 13:05:01,157 INFO  org.apache.flink.configuration.GlobalConfiguration           [] - Loading configuration property: jobmanager.memory.jvm-metaspace.size, 256m
2025-08-10 13:05:01,157 INFO  org.apache.flink.configuration.GlobalConfiguration           [] - Loading configuration property: env.java.opts.taskmanager, -Dfile.encoding=UTF-8 -Dsun.jnu.encoding=UTF-8
2025-08-10 13:05:01,157 INFO  org.apache.flink.configuration.GlobalConfiguration           [] - Loading configuration property: state.checkpoints.dir, file:///workspace/logs/flink-checkpoints
2025-08-10 13:05:01,157 INFO  org.apache.flink.configuration.GlobalConfiguration           [] - Loading dynamic configuration property: taskmanager.memory.network.min, 359703515b
2025-08-10 13:05:01,157 INFO  org.apache.flink.configuration.GlobalConfiguration           [] - Loading dynamic configuration property: taskmanager.memory.jvm-metaspace.size, 268435456b
2025-08-10 13:05:01,157 INFO  org.apache.flink.configuration.GlobalConfiguration           [] - Loading dynamic configuration property: taskmanager.memory.task.off-heap.size, 0b
2025-08-10 13:05:01,157 INFO  org.apache.flink.configuration.GlobalConfiguration           [] - Loading dynamic configuration property: taskmanager.cpu.cores, 4.0
2025-08-10 13:05:01,157 INFO  org.apache.flink.configuration.GlobalConfiguration           [] - Loading dynamic configuration property: external-resources, none
2025-08-10 13:05:01,157 INFO  org.apache.flink.configuration.GlobalConfiguration           [] - Loading dynamic configuration property: taskmanager.memory.jvm-overhead.min, 429496736b
2025-08-10 13:05:01,157 INFO  org.apache.flink.configuration.GlobalConfiguration           [] - Loading dynamic configuration property: taskmanager.memory.framework.off-heap.size, 134217728b
2025-08-10 13:05:01,157 INFO  org.apache.flink.configuration.GlobalConfiguration           [] - Loading dynamic configuration property: taskmanager.memory.network.max, 359703515b
2025-08-10 13:05:01,157 INFO  org.apache.flink.configuration.GlobalConfiguration           [] - Loading dynamic configuration property: taskmanager.memory.framework.heap.size, 134217728b
2025-08-10 13:05:01,157 INFO  org.apache.flink.configuration.GlobalConfiguration           [] - Loading dynamic configuration property: taskmanager.memory.managed.size, 1438814063b
2025-08-10 13:05:01,157 INFO  org.apache.flink.configuration.GlobalConfiguration           [] - Loading dynamic configuration property: taskmanager.memory.task.heap.size, 1530082070b
2025-08-10 13:05:01,157 INFO  org.apache.flink.configuration.GlobalConfiguration           [] - Loading dynamic configuration property: taskmanager.numberOfTaskSlots, 4
2025-08-10 13:05:01,157 INFO  org.apache.flink.configuration.GlobalConfiguration           [] - Loading dynamic configuration property: taskmanager.memory.jvm-overhead.max, 429496736b
2025-08-10 13:05:01,194 INFO  org.apache.flink.core.fs.FileSystem                          [] - Hadoop is not in the classpath/dependencies. The extended set of supported File Systems via Hadoop is not available.
2025-08-10 13:05:01,209 INFO  org.apache.flink.core.plugin.DefaultPluginManager            [] - Plugin loader with ID not found, creating it: metrics-prometheus
2025-08-10 13:05:01,214 INFO  org.apache.flink.core.plugin.DefaultPluginManager            [] - Plugin loader with ID not found, creating it: metrics-slf4j
2025-08-10 13:05:01,214 INFO  org.apache.flink.core.plugin.DefaultPluginManager            [] - Plugin loader with ID not found, creating it: metrics-influx
2025-08-10 13:05:01,214 INFO  org.apache.flink.core.plugin.DefaultPluginManager            [] - Plugin loader with ID not found, creating it: metrics-datadog
2025-08-10 13:05:01,215 INFO  org.apache.flink.core.plugin.DefaultPluginManager            [] - Plugin loader with ID not found, creating it: external-resource-gpu
2025-08-10 13:05:01,215 INFO  org.apache.flink.core.plugin.DefaultPluginManager            [] - Plugin loader with ID not found, creating it: metrics-graphite
2025-08-10 13:05:01,215 INFO  org.apache.flink.core.plugin.DefaultPluginManager            [] - Plugin loader with ID not found, creating it: metrics-statsd
2025-08-10 13:05:01,215 INFO  org.apache.flink.core.plugin.DefaultPluginManager            [] - Plugin loader with ID not found, creating it: metrics-jmx
2025-08-10 13:05:01,234 INFO  org.apache.flink.runtime.state.changelog.StateChangelogStorageLoader [] - StateChangelogStorageLoader initialized with shortcut names {memory,filesystem}.
2025-08-10 13:05:01,234 INFO  org.apache.flink.core.plugin.DefaultPluginManager            [] - Plugin loader with ID found, reusing it: metrics-prometheus
2025-08-10 13:05:01,234 INFO  org.apache.flink.core.plugin.DefaultPluginManager            [] - Plugin loader with ID found, reusing it: metrics-slf4j
2025-08-10 13:05:01,234 INFO  org.apache.flink.core.plugin.DefaultPluginManager            [] - Plugin loader with ID found, reusing it: metrics-influx
2025-08-10 13:05:01,234 INFO  org.apache.flink.core.plugin.DefaultPluginManager            [] - Plugin loader with ID found, reusing it: metrics-datadog
2025-08-10 13:05:01,235 INFO  org.apache.flink.core.plugin.DefaultPluginManager            [] - Plugin loader with ID found, reusing it: external-resource-gpu
2025-08-10 13:05:01,235 INFO  org.apache.flink.core.plugin.DefaultPluginManager            [] - Plugin loader with ID found, reusing it: metrics-graphite
2025-08-10 13:05:01,235 INFO  org.apache.flink.core.plugin.DefaultPluginManager            [] - Plugin loader with ID found, reusing it: metrics-statsd
2025-08-10 13:05:01,235 INFO  org.apache.flink.core.plugin.DefaultPluginManager            [] - Plugin loader with ID found, reusing it: metrics-jmx
2025-08-10 13:05:01,236 INFO  org.apache.flink.runtime.state.changelog.StateChangelogStorageLoader [] - StateChangelogStorageLoader initialized with shortcut names {memory,filesystem}.
2025-08-10 13:05:01,252 INFO  org.apache.flink.runtime.security.modules.HadoopModuleFactory [] - Cannot create Hadoop Security Module because Hadoop cannot be found in the Classpath.
2025-08-10 13:05:01,267 INFO  org.apache.flink.runtime.security.modules.JaasModule         [] - Jaas file will be created as /tmp/jaas-16256737417363933242.conf.
2025-08-10 13:05:01,273 INFO  org.apache.flink.runtime.security.contexts.HadoopSecurityContextFactory [] - Cannot install HadoopSecurityContext because Hadoop cannot be found in the Classpath.
2025-08-10 13:05:01,660 INFO  org.apache.flink.runtime.util.LeaderRetrievalUtils           [] - Trying to select the network interface and address to use by connecting to the leading JobManager.
2025-08-10 13:05:01,660 INFO  org.apache.flink.runtime.util.LeaderRetrievalUtils           [] - TaskManager will try to connect for PT10S before falling back to heuristics
2025-08-10 13:05:01,901 INFO  org.apache.flink.runtime.taskexecutor.TaskManagerRunner      [] - TaskManager will use hostname/address 'gpu02' (127.0.0.1) for communication.
2025-08-10 13:05:01,936 INFO  org.apache.flink.runtime.rpc.akka.AkkaRpcServiceUtils        [] - Trying to start actor system, external address 127.0.0.1:0, bind address localhost:0.
2025-08-10 13:05:02,315 INFO  akka.event.slf4j.Slf4jLogger                                 [] - Slf4jLogger started
2025-08-10 13:05:02,335 INFO  akka.remote.RemoteActorRefProvider                           [] - Akka Cluster not in use - enabling unsafe features anyway because `akka.remote.use-unsafe-remote-features-outside-cluster` has been enabled.
2025-08-10 13:05:02,336 INFO  akka.remote.Remoting                                         [] - Starting remoting
2025-08-10 13:05:02,466 INFO  akka.remote.Remoting                                         [] - Remoting started; listening on addresses :[akka.tcp://flink@127.0.0.1:7069]
2025-08-10 13:05:02,551 INFO  org.apache.flink.runtime.rpc.akka.AkkaRpcServiceUtils        [] - Actor system started at akka.tcp://flink@127.0.0.1:7069
2025-08-10 13:05:02,563 INFO  org.apache.flink.runtime.taskexecutor.TaskManagerRunner      [] - Using working directory: WorkingDirectory(/tmp/tm_127.0.0.1:7069-909af8)
2025-08-10 13:05:02,567 INFO  org.apache.flink.runtime.metrics.MetricRegistryImpl          [] - No metrics reporter configured, no metrics will be exposed/reported.
2025-08-10 13:05:02,569 INFO  org.apache.flink.runtime.rpc.akka.AkkaRpcServiceUtils        [] - Trying to start actor system, external address 127.0.0.1:0, bind address localhost:0.
2025-08-10 13:05:02,581 INFO  akka.event.slf4j.Slf4jLogger                                 [] - Slf4jLogger started
2025-08-10 13:05:02,584 INFO  akka.remote.RemoteActorRefProvider                           [] - Akka Cluster not in use - enabling unsafe features anyway because `akka.remote.use-unsafe-remote-features-outside-cluster` has been enabled.
2025-08-10 13:05:02,584 INFO  akka.remote.Remoting                                         [] - Starting remoting
2025-08-10 13:05:02,596 INFO  akka.remote.Remoting                                         [] - Remoting started; listening on addresses :[akka.tcp://flink-metrics@127.0.0.1:26081]
2025-08-10 13:05:02,602 INFO  org.apache.flink.runtime.rpc.akka.AkkaRpcServiceUtils        [] - Actor system started at akka.tcp://flink-metrics@127.0.0.1:26081
2025-08-10 13:05:02,611 INFO  org.apache.flink.runtime.rpc.akka.AkkaRpcService             [] - Starting RPC endpoint for org.apache.flink.runtime.metrics.dump.MetricQueryService at akka://flink-metrics/user/rpc/MetricQueryService_127.0.0.1:7069-909af8 .
2025-08-10 13:05:02,619 INFO  org.apache.flink.runtime.blob.PermanentBlobCache             [] - Created BLOB cache storage directory /tmp/tm_127.0.0.1:7069-909af8/blobStorage
2025-08-10 13:05:02,622 INFO  org.apache.flink.runtime.blob.TransientBlobCache             [] - Created BLOB cache storage directory /tmp/tm_127.0.0.1:7069-909af8/blobStorage
2025-08-10 13:05:02,624 INFO  org.apache.flink.runtime.externalresource.ExternalResourceUtils [] - Enabled external resources: []
2025-08-10 13:05:02,625 INFO  org.apache.flink.runtime.security.token.DelegationTokenReceiverRepository [] - Loading delegation token receivers
2025-08-10 13:05:02,627 INFO  org.apache.flink.runtime.security.token.DelegationTokenReceiverRepository [] - Delegation token receiver hadoopfs loaded and initialized
2025-08-10 13:05:02,627 INFO  org.apache.flink.runtime.security.token.DelegationTokenReceiverRepository [] - Delegation token receiver hbase loaded and initialized
2025-08-10 13:05:02,627 INFO  org.apache.flink.core.plugin.DefaultPluginManager            [] - Plugin loader with ID found, reusing it: metrics-prometheus
2025-08-10 13:05:02,627 INFO  org.apache.flink.core.plugin.DefaultPluginManager            [] - Plugin loader with ID found, reusing it: metrics-slf4j
2025-08-10 13:05:02,627 INFO  org.apache.flink.core.plugin.DefaultPluginManager            [] - Plugin loader with ID found, reusing it: metrics-influx
2025-08-10 13:05:02,627 INFO  org.apache.flink.core.plugin.DefaultPluginManager            [] - Plugin loader with ID found, reusing it: metrics-datadog
2025-08-10 13:05:02,627 INFO  org.apache.flink.core.plugin.DefaultPluginManager            [] - Plugin loader with ID found, reusing it: external-resource-gpu
2025-08-10 13:05:02,627 INFO  org.apache.flink.core.plugin.DefaultPluginManager            [] - Plugin loader with ID found, reusing it: metrics-graphite
2025-08-10 13:05:02,627 INFO  org.apache.flink.core.plugin.DefaultPluginManager            [] - Plugin loader with ID found, reusing it: metrics-statsd
2025-08-10 13:05:02,627 INFO  org.apache.flink.core.plugin.DefaultPluginManager            [] - Plugin loader with ID found, reusing it: metrics-jmx
2025-08-10 13:05:02,628 INFO  org.apache.flink.runtime.security.token.DelegationTokenReceiverRepository [] - Delegation token receivers loaded successfully
2025-08-10 13:05:02,628 INFO  org.apache.flink.runtime.taskexecutor.TaskManagerRunner      [] - Starting TaskManager with ResourceID: 127.0.0.1:7069-909af8
2025-08-10 13:05:02,638 INFO  org.apache.flink.runtime.taskexecutor.TaskManagerServices    [] - Temporary file directory '/tmp': total 1758 GB, usable 31 GB (1.76% usable)
2025-08-10 13:05:02,640 INFO  org.apache.flink.runtime.io.disk.iomanager.IOManager         [] - Created a new FileChannelManager for spilling of task related data to disk (joins, sorting, ...). Used directories:
	/tmp/flink-io-33cea43a-d9c5-47b5-8a4c-cfa193d38e70
2025-08-10 13:05:02,644 INFO  org.apache.flink.runtime.io.network.netty.NettyConfig        [] - NettyConfig [server address: localhost/127.0.0.1, server port: 0, ssl enabled: false, memory segment size (bytes): 32768, transport type: AUTO, number of server threads: 4 (manual), number of client threads: 4 (manual), server connect backlog: 0 (use Netty's default), client connect timeout (sec): 120, send/receive buffer size (bytes): 0 (use Netty's default)]
2025-08-10 13:05:02,679 INFO  org.apache.flink.runtime.io.network.NettyShuffleServiceFactory [] - Created a new FileChannelManager for storing result partitions of BLOCKING shuffles. Used directories:
	/tmp/flink-netty-shuffle-bbe3f72b-656b-4e04-9131-bc0873f74d63
2025-08-10 13:05:02,805 INFO  org.apache.flink.runtime.io.network.buffer.NetworkBufferPool [] - Allocated 343 MB for network buffer pool (number of memory segments: 10977, bytes per segment: 32768).
2025-08-10 13:05:02,811 INFO  org.apache.flink.runtime.io.network.NettyShuffleEnvironment  [] - Starting the network environment and its components.
2025-08-10 13:05:02,843 INFO  org.apache.flink.runtime.io.network.netty.NettyClient        [] - Transport type 'auto': using EPOLL.
2025-08-10 13:05:02,844 INFO  org.apache.flink.runtime.io.network.netty.NettyClient        [] - Successful initialization (took 32 ms).
2025-08-10 13:05:02,847 INFO  org.apache.flink.runtime.io.network.netty.NettyServer        [] - Transport type 'auto': using EPOLL.
2025-08-10 13:05:02,884 INFO  org.apache.flink.runtime.io.network.netty.NettyServer        [] - Successful initialization (took 39 ms). Listening on SocketAddress /127.0.0.1:9143.
2025-08-10 13:05:02,885 INFO  org.apache.flink.runtime.taskexecutor.KvStateService         [] - Starting the kvState service and its components.
2025-08-10 13:05:02,901 INFO  org.apache.flink.runtime.rpc.akka.AkkaRpcService             [] - Starting RPC endpoint for org.apache.flink.runtime.taskexecutor.TaskExecutor at akka://flink/user/rpc/taskmanager_0 .
2025-08-10 13:05:02,911 INFO  org.apache.flink.runtime.taskexecutor.DefaultJobLeaderService [] - Start job leader service.
2025-08-10 13:05:02,913 INFO  org.apache.flink.runtime.filecache.FileCache                 [] - User file cache uses directory /tmp/flink-dist-cache-1e259ea7-a124-409a-ad51-eb8572884a73
2025-08-10 13:05:02,915 INFO  org.apache.flink.runtime.taskexecutor.TaskExecutor           [] - Connecting to ResourceManager akka.tcp://flink@localhost:6123/user/rpc/resourcemanager_*(00000000000000000000000000000000).
2025-08-10 13:05:03,091 INFO  org.apache.flink.runtime.taskexecutor.TaskExecutor           [] - Resolved ResourceManager address, beginning registration
2025-08-10 13:05:03,182 INFO  org.apache.flink.runtime.taskexecutor.TaskExecutor           [] - Successful registration at resource manager akka.tcp://flink@localhost:6123/user/rpc/resourcemanager_* under registration id b48ab37ad06baafc8c1432044bd65a89.
2025-08-10 13:05:10,895 INFO  org.apache.flink.runtime.taskexecutor.TaskExecutor           [] - Receive slot request 28e2d3120d7e307dd33d76c39a50dcac for job 5f540bdeb84456dbe776a3087e98a2c9 from resource manager with leader id 00000000000000000000000000000000.
2025-08-10 13:05:10,899 INFO  org.apache.flink.runtime.taskexecutor.TaskExecutor           [] - Allocated slot for 28e2d3120d7e307dd33d76c39a50dcac.
2025-08-10 13:05:10,900 INFO  org.apache.flink.runtime.taskexecutor.DefaultJobLeaderService [] - Add job 5f540bdeb84456dbe776a3087e98a2c9 for job leader monitoring.
2025-08-10 13:05:10,901 INFO  org.apache.flink.runtime.taskexecutor.DefaultJobLeaderService [] - Try to register at job manager akka.tcp://flink@localhost:6123/user/rpc/jobmanager_2 with leader id 00000000-0000-0000-0000-000000000000.
2025-08-10 13:05:10,918 INFO  org.apache.flink.runtime.taskexecutor.DefaultJobLeaderService [] - Resolved JobManager address, beginning registration
2025-08-10 13:05:10,944 INFO  org.apache.flink.runtime.taskexecutor.DefaultJobLeaderService [] - Successful registration at job manager akka.tcp://flink@localhost:6123/user/rpc/jobmanager_2 for job 5f540bdeb84456dbe776a3087e98a2c9.
2025-08-10 13:05:10,945 INFO  org.apache.flink.runtime.taskexecutor.TaskExecutor           [] - Establish JobManager connection for job 5f540bdeb84456dbe776a3087e98a2c9.
2025-08-10 13:05:10,946 INFO  org.apache.flink.runtime.taskexecutor.TaskExecutor           [] - Offer reserved slots to the leader of job 5f540bdeb84456dbe776a3087e98a2c9.
2025-08-10 13:05:10,982 INFO  org.apache.flink.runtime.taskexecutor.slot.TaskSlotTableImpl [] - Activate slot 28e2d3120d7e307dd33d76c39a50dcac.
2025-08-10 13:05:10,997 INFO  org.apache.flink.runtime.state.changelog.StateChangelogStorageLoader [] - Creating a changelog storage with name 'memory'.
2025-08-10 13:05:11,004 INFO  org.apache.flink.runtime.state.TaskExecutorChannelStateExecutorFactoryManager [] - Creating the channel state executor factory for job id 5f540bdeb84456dbe776a3087e98a2c9
2025-08-10 13:05:11,008 INFO  org.apache.flink.runtime.taskexecutor.TaskExecutor           [] - Received task Source: Request Source -> Batch Inference Processor -> Sink: Batch Monitor Sink (1/1)#0 (fd0c5000d737d78b87b10f29c1ffbc02_cbc357ccb763df2852fee8c4fc7d55f2_0_0), deploy into slot with allocation id 28e2d3120d7e307dd33d76c39a50dcac.
2025-08-10 13:05:11,009 INFO  org.apache.flink.runtime.taskmanager.Task                    [] - Source: Request Source -> Batch Inference Processor -> Sink: Batch Monitor Sink (1/1)#0 (fd0c5000d737d78b87b10f29c1ffbc02_cbc357ccb763df2852fee8c4fc7d55f2_0_0) switched from CREATED to DEPLOYING.
2025-08-10 13:05:11,010 INFO  org.apache.flink.runtime.taskexecutor.slot.TaskSlotTableImpl [] - Activate slot 28e2d3120d7e307dd33d76c39a50dcac.
2025-08-10 13:05:11,013 INFO  org.apache.flink.runtime.taskmanager.Task                    [] - Loading JAR files for task Source: Request Source -> Batch Inference Processor -> Sink: Batch Monitor Sink (1/1)#0 (fd0c5000d737d78b87b10f29c1ffbc02_cbc357ccb763df2852fee8c4fc7d55f2_0_0) [DEPLOYING].
2025-08-10 13:05:11,015 INFO  org.apache.flink.runtime.blob.BlobClient                     [] - Downloading 5f540bdeb84456dbe776a3087e98a2c9/p-ae923f2c39562c8aa01c4cb898c9eab857643f1f-5359db3db7998c5e6bc79c524cceaf24 from localhost/127.0.0.1:32713
2025-08-10 13:05:11,073 INFO  org.apache.flink.streaming.runtime.tasks.StreamTask          [] - Using job/cluster config to configure application-defined state backend: org.apache.flink.runtime.state.hashmap.HashMapStateBackend@3f70a1f
2025-08-10 13:05:11,073 INFO  org.apache.flink.streaming.runtime.tasks.StreamTask          [] - Using application-defined state backend: org.apache.flink.runtime.state.hashmap.HashMapStateBackend@891c10d
2025-08-10 13:05:11,073 INFO  org.apache.flink.runtime.state.StateBackendLoader            [] - State backend loader loads the state backend as HashMapStateBackend
2025-08-10 13:05:11,078 INFO  org.apache.flink.streaming.runtime.tasks.StreamTask          [] - Using job/cluster config to configure application-defined checkpoint storage: org.apache.flink.runtime.state.storage.FileSystemCheckpointStorage@200dd9d5
2025-08-10 13:05:11,088 INFO  org.apache.flink.runtime.taskmanager.Task                    [] - Source: Request Source -> Batch Inference Processor -> Sink: Batch Monitor Sink (1/1)#0 (fd0c5000d737d78b87b10f29c1ffbc02_cbc357ccb763df2852fee8c4fc7d55f2_0_0) switched from DEPLOYING to INITIALIZING.
2025-08-10 13:05:11,182 INFO  com.infertuner.processor.BatchInferenceProcessor             [] - Task 0 启动，绑定到 GPU 0，batch_size=1
2025-08-10 13:05:11,280 INFO  com.infertuner.processor.BatchInferenceProcessor             [] - 启动 GPU 0 批处理推理服务...
2025-08-10 13:05:11,286 INFO  com.infertuner.processor.BatchInferenceProcessor             [] - 等待 GPU 0 批处理服务初始化...
2025-08-10 13:05:21,287 INFO  com.infertuner.processor.BatchInferenceProcessor             [] - ✅ GPU 0 批处理推理服务启动成功
2025-08-10 13:05:21,287 INFO  com.infertuner.processor.BatchInferenceProcessor             [] - GPU 0 批处理推理服务启动完成
2025-08-10 13:05:21,291 INFO  org.apache.flink.runtime.taskmanager.Task                    [] - Source: Request Source -> Batch Inference Processor -> Sink: Batch Monitor Sink (1/1)#0 (fd0c5000d737d78b87b10f29c1ffbc02_cbc357ccb763df2852fee8c4fc7d55f2_0_0) switched from INITIALIZING to RUNNING.
2025-08-10 13:05:21,296 INFO  com.infertuner.source.SimpleRequestSource                    [] - 开始生成 50 个测试请求，间隔 50ms
2025-08-10 13:05:22,860 INFO  com.infertuner.sink.BatchMonitorSink                         [] - 结果 #1: batch=8 | ✅ | 推理=1447.0ms | 等待=43.5ms | 实际批大小=1 | 过拟合（Overfitting）是指机器学习模型在训练集上表现良好，但在测试集或新数据集上表现不佳的...
2025-08-10 13:05:22,860 INFO  com.infertuner.source.SimpleRequestSource                    [] - 生成请求 1/50: req_000
2025-08-10 13:05:23,580 INFO  com.infertuner.sink.BatchMonitorSink                         [] - 结果 #2: batch=8 | ✅ | 推理=640.7ms | 等待=17.0ms | 实际批大小=1 | 机器学习是一种人工智能技术，它允许计算机从数据中自动提取规律和模式，并利用这些知识来做出预测或决策。...
2025-08-10 13:05:23,581 INFO  com.infertuner.source.SimpleRequestSource                    [] - 生成请求 2/50: req_001
2025-08-10 13:05:24,219 INFO  com.infertuner.sink.BatchMonitorSink                         [] - 结果 #3: batch=8 | ✅ | 推理=543.3ms | 等待=38.3ms | 实际批大小=1 | 神经网络是一种模仿人类大脑神经元之间相互连接和交互的计算模型，它通过一系列多层节点（称为神经元）来模...
2025-08-10 13:05:24,219 INFO  com.infertuner.source.SimpleRequestSource                    [] - 生成请求 3/50: req_002
2025-08-10 13:05:25,485 INFO  com.infertuner.sink.BatchMonitorSink                         [] - 结果 #4: batch=8 | ✅ | 推理=1160.7ms | 等待=43.3ms | 实际批大小=1 | 过拟合（Overfitting）是机器学习中的一种常见问题，它指的是在训练模型时，模型过于复杂，以至...
2025-08-10 13:05:25,485 INFO  com.infertuner.source.SimpleRequestSource                    [] - 生成请求 4/50: req_003
2025-08-10 13:05:26,751 INFO  com.infertuner.sink.BatchMonitorSink                         [] - 结果 #5: batch=8 | ✅ | 推理=1171.6ms | 等待=38.1ms | 实际批大小=1 | 优化模型性能需要考虑多个因素，包括数据质量、模型架构、超参数调整、特征工程和训练时间等。以下是一些常...
2025-08-10 13:05:26,752 INFO  com.infertuner.source.SimpleRequestSource                    [] - 生成请求 5/50: req_004
2025-08-10 13:05:27,763 INFO  com.infertuner.source.SimpleRequestSource                    [] - 生成请求 6/50: req_005
2025-08-10 13:05:29,320 INFO  com.infertuner.source.SimpleRequestSource                    [] - 生成请求 7/50: req_006
2025-08-10 13:05:30,281 INFO  com.infertuner.source.SimpleRequestSource                    [] - 生成请求 8/50: req_007
2025-08-10 13:05:31,758 INFO  com.infertuner.source.SimpleRequestSource                    [] - 生成请求 9/50: req_008
2025-08-10 13:05:33,083 INFO  com.infertuner.sink.BatchMonitorSink                         [] - === Batch Size 8 统计 ===
2025-08-10 13:05:33,084 INFO  com.infertuner.sink.BatchMonitorSink                         [] - 总请求: 10 | 成功: 10 (100.0%) | 平均推理时间: 1078.2ms | 平均等待时间: 38.5ms | 吞吐量: 0.43 req/s
2025-08-10 13:05:33,084 INFO  com.infertuner.sink.BatchMonitorSink                         [] - 实际批大小分布: {1=10}
2025-08-10 13:05:33,084 INFO  com.infertuner.sink.BatchMonitorSink                         [] - ========================
2025-08-10 13:05:33,084 INFO  com.infertuner.source.SimpleRequestSource                    [] - 生成请求 10/50: req_009
2025-08-10 13:05:34,066 INFO  com.infertuner.source.SimpleRequestSource                    [] - 生成请求 11/50: req_010
2025-08-10 13:05:35,199 INFO  com.infertuner.source.SimpleRequestSource                    [] - 生成请求 12/50: req_011
2025-08-10 13:05:36,180 INFO  com.infertuner.source.SimpleRequestSource                    [] - 生成请求 13/50: req_012
2025-08-10 13:05:37,515 INFO  com.infertuner.source.SimpleRequestSource                    [] - 生成请求 14/50: req_013
2025-08-10 13:05:39,022 INFO  com.infertuner.source.SimpleRequestSource                    [] - 生成请求 15/50: req_014
2025-08-10 13:05:40,611 INFO  com.infertuner.source.SimpleRequestSource                    [] - 生成请求 16/50: req_015
2025-08-10 13:05:41,804 INFO  com.infertuner.source.SimpleRequestSource                    [] - 生成请求 17/50: req_016
2025-08-10 13:05:42,795 INFO  com.infertuner.source.SimpleRequestSource                    [] - 生成请求 18/50: req_017
2025-08-10 13:05:43,858 INFO  com.infertuner.source.SimpleRequestSource                    [] - 生成请求 19/50: req_018
2025-08-10 13:05:45,426 INFO  com.infertuner.sink.BatchMonitorSink                         [] - === Batch Size 8 统计 ===
2025-08-10 13:05:45,426 INFO  com.infertuner.sink.BatchMonitorSink                         [] - 总请求: 20 | 成功: 20 (100.0%) | 平均推理时间: 1106.0ms | 平均等待时间: 40.2ms | 吞吐量: 0.56 req/s
2025-08-10 13:05:45,426 INFO  com.infertuner.sink.BatchMonitorSink                         [] - 实际批大小分布: {1=20}
2025-08-10 13:05:45,427 INFO  com.infertuner.sink.BatchMonitorSink                         [] - ========================
2025-08-10 13:05:45,427 INFO  com.infertuner.sink.BatchMonitorSink                         [] - 结果 #20: batch=8 | ✅ | 推理=1461.4ms | 等待=45.5ms | 实际批大小=1 | 为了优化模型性能，可以采取以下几种方法：

1. 数据预处理：对数据进行清洗、归一化和标准化等预处理...
2025-08-10 13:05:45,427 INFO  com.infertuner.source.SimpleRequestSource                    [] - 生成请求 20/50: req_019
2025-08-10 13:05:46,469 INFO  com.infertuner.source.SimpleRequestSource                    [] - 生成请求 21/50: req_020
2025-08-10 13:05:47,168 INFO  com.infertuner.source.SimpleRequestSource                    [] - 生成请求 22/50: req_021
2025-08-10 13:05:48,714 INFO  com.infertuner.source.SimpleRequestSource                    [] - 生成请求 23/50: req_022
2025-08-10 13:05:49,382 INFO  com.infertuner.source.SimpleRequestSource                    [] - 生成请求 24/50: req_023
2025-08-10 13:05:50,817 INFO  com.infertuner.source.SimpleRequestSource                    [] - 生成请求 25/50: req_024
2025-08-10 13:05:52,354 INFO  com.infertuner.source.SimpleRequestSource                    [] - 生成请求 26/50: req_025
2025-08-10 13:05:53,466 INFO  com.infertuner.source.SimpleRequestSource                    [] - 生成请求 27/50: req_026
2025-08-10 13:05:54,487 INFO  com.infertuner.source.SimpleRequestSource                    [] - 生成请求 28/50: req_027
2025-08-10 13:05:55,226 INFO  com.infertuner.source.SimpleRequestSource                    [] - 生成请求 29/50: req_028
2025-08-10 13:05:56,481 INFO  com.infertuner.sink.BatchMonitorSink                         [] - === Batch Size 8 统计 ===
2025-08-10 13:05:56,481 INFO  com.infertuner.sink.BatchMonitorSink                         [] - 总请求: 30 | 成功: 30 (100.0%) | 平均推理时间: 1072.5ms | 平均等待时间: 41.3ms | 吞吐量: 0.64 req/s
2025-08-10 13:05:56,481 INFO  com.infertuner.sink.BatchMonitorSink                         [] - 实际批大小分布: {1=30}
2025-08-10 13:05:56,481 INFO  com.infertuner.sink.BatchMonitorSink                         [] - ========================
2025-08-10 13:05:56,482 INFO  com.infertuner.source.SimpleRequestSource                    [] - 生成请求 30/50: req_029
2025-08-10 13:05:57,857 INFO  com.infertuner.source.SimpleRequestSource                    [] - 生成请求 31/50: req_030
2025-08-10 13:05:58,858 INFO  com.infertuner.source.SimpleRequestSource                    [] - 生成请求 32/50: req_031
2025-08-10 13:06:00,050 INFO  com.infertuner.source.SimpleRequestSource                    [] - 生成请求 33/50: req_032
2025-08-10 13:06:01,193 INFO  com.infertuner.source.SimpleRequestSource                    [] - 生成请求 34/50: req_033
2025-08-10 13:06:02,124 INFO  com.infertuner.source.SimpleRequestSource                    [] - 生成请求 35/50: req_034
2025-08-10 13:06:03,710 INFO  com.infertuner.source.SimpleRequestSource                    [] - 生成请求 36/50: req_035
2025-08-10 13:06:04,449 INFO  com.infertuner.source.SimpleRequestSource                    [] - 生成请求 37/50: req_036
2025-08-10 13:06:05,543 INFO  com.infertuner.source.SimpleRequestSource                    [] - 生成请求 38/50: req_037
2025-08-10 13:06:06,968 INFO  com.infertuner.source.SimpleRequestSource                    [] - 生成请求 39/50: req_038
2025-08-10 13:06:08,263 INFO  com.infertuner.sink.BatchMonitorSink                         [] - === Batch Size 8 统计 ===
2025-08-10 13:06:08,263 INFO  com.infertuner.sink.BatchMonitorSink                         [] - 总请求: 40 | 成功: 40 (100.0%) | 平均推理时间: 1073.8ms | 平均等待时间: 41.8ms | 吞吐量: 0.68 req/s
2025-08-10 13:06:08,263 INFO  com.infertuner.sink.BatchMonitorSink                         [] - 实际批大小分布: {1=40}
2025-08-10 13:06:08,263 INFO  com.infertuner.sink.BatchMonitorSink                         [] - ========================
2025-08-10 13:06:08,263 INFO  com.infertuner.sink.BatchMonitorSink                         [] - 结果 #40: batch=8 | ✅ | 推理=1193.4ms | 等待=47.8ms | 实际批大小=1 | 要优化模型性能，可以采取以下几种方法：

1. 数据预处理：对训练数据进行清洗、归一化和特征选择等操...
2025-08-10 13:06:08,263 INFO  com.infertuner.source.SimpleRequestSource                    [] - 生成请求 40/50: req_039
2025-08-10 13:06:09,800 INFO  com.infertuner.source.SimpleRequestSource                    [] - 生成请求 41/50: req_040
2025-08-10 13:06:10,882 INFO  com.infertuner.source.SimpleRequestSource                    [] - 生成请求 42/50: req_041
2025-08-10 13:06:11,702 INFO  com.infertuner.source.SimpleRequestSource                    [] - 生成请求 43/50: req_042
2025-08-10 13:06:12,724 INFO  com.infertuner.source.SimpleRequestSource                    [] - 生成请求 44/50: req_043
2025-08-10 13:06:13,568 INFO  com.infertuner.sink.BatchMonitorSink                         [] - ✅ Batch Size 8 性能报告已保存
2025-08-10 13:06:13,568 INFO  com.infertuner.source.SimpleRequestSource                    [] - 生成请求 45/50: req_044
2025-08-10 13:06:14,530 INFO  com.infertuner.sink.BatchMonitorSink                         [] - ✅ Batch Size 8 性能报告已保存
2025-08-10 13:06:14,530 INFO  com.infertuner.source.SimpleRequestSource                    [] - 生成请求 46/50: req_045
2025-08-10 13:06:15,643 INFO  com.infertuner.sink.BatchMonitorSink                         [] - ✅ Batch Size 8 性能报告已保存
2025-08-10 13:06:15,643 INFO  com.infertuner.source.SimpleRequestSource                    [] - 生成请求 47/50: req_046
2025-08-10 13:06:16,523 INFO  com.infertuner.sink.BatchMonitorSink                         [] - ✅ Batch Size 8 性能报告已保存
2025-08-10 13:06:16,524 INFO  com.infertuner.source.SimpleRequestSource                    [] - 生成请求 48/50: req_047
2025-08-10 13:06:17,747 INFO  com.infertuner.sink.BatchMonitorSink                         [] - ✅ Batch Size 8 性能报告已保存
2025-08-10 13:06:17,747 INFO  com.infertuner.source.SimpleRequestSource                    [] - 生成请求 49/50: req_048
2025-08-10 13:06:18,708 INFO  com.infertuner.sink.BatchMonitorSink                         [] - === Batch Size 8 统计 ===
2025-08-10 13:06:18,709 INFO  com.infertuner.sink.BatchMonitorSink                         [] - 总请求: 50 | 成功: 50 (100.0%) | 平均推理时间: 1047.7ms | 平均等待时间: 41.8ms | 吞吐量: 0.73 req/s
2025-08-10 13:06:18,709 INFO  com.infertuner.sink.BatchMonitorSink                         [] - 实际批大小分布: {1=50}
2025-08-10 13:06:18,709 INFO  com.infertuner.sink.BatchMonitorSink                         [] - ========================
2025-08-10 13:06:18,710 INFO  com.infertuner.sink.BatchMonitorSink                         [] - ✅ Batch Size 8 性能报告已保存
2025-08-10 13:06:18,710 INFO  com.infertuner.source.SimpleRequestSource                    [] - 生成请求 50/50: req_049
2025-08-10 13:06:18,710 INFO  com.infertuner.source.SimpleRequestSource                    [] - 请求生成完成，共 50 个
2025-08-10 13:06:33,505 INFO  com.infertuner.processor.BatchInferenceProcessor             [] - 关闭 GPU 0 批处理推理服务...
2025-08-10 13:06:34,451 INFO  com.infertuner.processor.BatchInferenceProcessor             [] - ✅ GPU 0 批处理推理服务已关闭
2025-08-10 13:06:34,455 INFO  org.apache.flink.runtime.taskmanager.Task                    [] - Source: Request Source -> Batch Inference Processor -> Sink: Batch Monitor Sink (1/1)#0 (fd0c5000d737d78b87b10f29c1ffbc02_cbc357ccb763df2852fee8c4fc7d55f2_0_0) switched from RUNNING to FINISHED.
2025-08-10 13:06:34,455 INFO  org.apache.flink.runtime.taskmanager.Task                    [] - Freeing task resources for Source: Request Source -> Batch Inference Processor -> Sink: Batch Monitor Sink (1/1)#0 (fd0c5000d737d78b87b10f29c1ffbc02_cbc357ccb763df2852fee8c4fc7d55f2_0_0).
2025-08-10 13:06:34,457 INFO  org.apache.flink.runtime.taskexecutor.TaskExecutor           [] - Un-registering task and sending final execution state FINISHED to JobManager for task Source: Request Source -> Batch Inference Processor -> Sink: Batch Monitor Sink (1/1)#0 fd0c5000d737d78b87b10f29c1ffbc02_cbc357ccb763df2852fee8c4fc7d55f2_0_0.
2025-08-10 13:06:34,532 INFO  org.apache.flink.runtime.taskexecutor.slot.TaskSlotTableImpl [] - Free slot TaskSlot(index:0, state:ACTIVE, resource profile: ResourceProfile{cpuCores=1, taskHeapMemory=364.800mb (382520517 bytes), taskOffHeapMemory=0 bytes, managedMemory=343.040mb (359703515 bytes), networkMemory=85.760mb (89925878 bytes)}, allocationId: 28e2d3120d7e307dd33d76c39a50dcac, jobId: 5f540bdeb84456dbe776a3087e98a2c9).
2025-08-10 13:06:34,534 INFO  org.apache.flink.runtime.taskexecutor.DefaultJobLeaderService [] - Remove job 5f540bdeb84456dbe776a3087e98a2c9 from job leader monitoring.
2025-08-10 13:06:34,534 INFO  org.apache.flink.runtime.taskexecutor.TaskExecutor           [] - Close JobManager connection for job 5f540bdeb84456dbe776a3087e98a2c9.
