2025-08-11 06:45:31,028 INFO  org.apache.flink.runtime.taskexecutor.TaskManagerRunner      [] - --------------------------------------------------------------------------------
2025-08-11 06:45:31,029 INFO  org.apache.flink.runtime.taskexecutor.TaskManagerRunner      [] -  Preconfiguration: 
2025-08-11 06:45:31,029 INFO  org.apache.flink.runtime.taskexecutor.TaskManagerRunner      [] - 


RESOURCE_PARAMS extraction logs:
jvm_params: -Xmx1664299798 -Xms1664299798 -XX:MaxDirectMemorySize=493921243 -XX:MaxMetaspaceSize=268435456
dynamic_configs: -D taskmanager.memory.network.min=359703515b -D taskmanager.cpu.cores=4.0 -D taskmanager.memory.task.off-heap.size=0b -D taskmanager.memory.jvm-metaspace.size=268435456b -D external-resources=none -D taskmanager.memory.jvm-overhead.min=429496736b -D taskmanager.memory.framework.off-heap.size=134217728b -D taskmanager.memory.network.max=359703515b -D taskmanager.memory.framework.heap.size=134217728b -D taskmanager.memory.managed.size=1438814063b -D taskmanager.memory.task.heap.size=1530082070b -D taskmanager.numberOfTaskSlots=4 -D taskmanager.memory.jvm-overhead.max=429496736b
logs: WARNING: sun.reflect.Reflection.getCallerClass is not supported. This will impact performance.
INFO  [] - Loading configuration property: taskmanager.memory.process.size, 4096m
INFO  [] - Loading configuration property: env.java.opts.jobmanager, -Dfile.encoding=UTF-8 -Dsun.jnu.encoding=UTF-8
INFO  [] - Loading configuration property: taskmanager.bind-host, localhost
INFO  [] - Loading configuration property: env.java.opts, -Dfile.encoding=UTF-8 -Dsun.jnu.encoding=UTF-8
INFO  [] - Loading configuration property: jobmanager.rpc.address, localhost
INFO  [] - Loading configuration property: jobmanager.memory.process.size, 2048m
INFO  [] - Loading configuration property: jobmanager.rpc.port, 6123
INFO  [] - Loading configuration property: rest.bind-address, 0.0.0.0
INFO  [] - Loading configuration property: rest.port, 8081
INFO  [] - Loading configuration property: execution.checkpointing.interval, 30s
INFO  [] - Loading configuration property: jobmanager.bind-host, localhost
INFO  [] - Loading configuration property: parallelism.default, 1
INFO  [] - Loading configuration property: taskmanager.numberOfTaskSlots, 4
INFO  [] - Loading configuration property: taskmanager.memory.managed.fraction, 0.4
INFO  [] - Loading configuration property: rest.address, 0.0.0.0
INFO  [] - Loading configuration property: cluster.evenly-spread-out-slots, true
INFO  [] - Loading configuration property: state.backend, filesystem
INFO  [] - Loading configuration property: execution.checkpointing.min-pause, 5s
INFO  [] - Loading configuration property: jobmanager.memory.jvm-metaspace.size, 256m
INFO  [] - Loading configuration property: env.java.opts.taskmanager, -Dfile.encoding=UTF-8 -Dsun.jnu.encoding=UTF-8
INFO  [] - Loading configuration property: state.checkpoints.dir, file:///workspace/logs/flink-checkpoints
INFO  [] - Final TaskExecutor Memory configuration:
INFO  [] -   Total Process Memory:          4.000gb (4294967296 bytes)
INFO  [] -     Total Flink Memory:          3.350gb (3597035104 bytes)
INFO  [] -       Total JVM Heap Memory:     1.550gb (1664299798 bytes)
INFO  [] -         Framework:               128.000mb (134217728 bytes)
INFO  [] -         Task:                    1.425gb (1530082070 bytes)
INFO  [] -       Total Off-heap Memory:     1.800gb (1932735306 bytes)
INFO  [] -         Managed:                 1.340gb (1438814063 bytes)
INFO  [] -         Total JVM Direct Memory: 471.040mb (493921243 bytes)
INFO  [] -           Framework:             128.000mb (134217728 bytes)
INFO  [] -           Task:                  0 bytes
INFO  [] -           Network:               343.040mb (359703515 bytes)
INFO  [] -     JVM Metaspace:               256.000mb (268435456 bytes)
INFO  [] -     JVM Overhead:                409.600mb (429496736 bytes)

2025-08-11 06:45:31,029 INFO  org.apache.flink.runtime.taskexecutor.TaskManagerRunner      [] - --------------------------------------------------------------------------------
2025-08-11 06:45:31,029 INFO  org.apache.flink.runtime.taskexecutor.TaskManagerRunner      [] -  Starting TaskManager (Version: 1.17.0, Scala: 2.12, Rev:69ecda0, Date:2023-03-17T10:30:06+01:00)
2025-08-11 06:45:31,029 INFO  org.apache.flink.runtime.taskexecutor.TaskManagerRunner      [] -  OS current user: root
2025-08-11 06:45:31,030 INFO  org.apache.flink.runtime.taskexecutor.TaskManagerRunner      [] -  Current Hadoop/Kerberos user: <no hadoop dependency found>
2025-08-11 06:45:31,030 INFO  org.apache.flink.runtime.taskexecutor.TaskManagerRunner      [] -  JVM: OpenJDK 64-Bit Server VM - Ubuntu - 11/11.0.28+6-post-Ubuntu-1ubuntu122.04.1
2025-08-11 06:45:31,030 INFO  org.apache.flink.runtime.taskexecutor.TaskManagerRunner      [] -  Arch: amd64
2025-08-11 06:45:31,030 INFO  org.apache.flink.runtime.taskexecutor.TaskManagerRunner      [] -  Maximum heap size: 1588 MiBytes
2025-08-11 06:45:31,030 INFO  org.apache.flink.runtime.taskexecutor.TaskManagerRunner      [] -  JAVA_HOME: /usr/lib/jvm/java-11-openjdk-amd64
2025-08-11 06:45:31,030 INFO  org.apache.flink.runtime.taskexecutor.TaskManagerRunner      [] -  No Hadoop Dependency available
2025-08-11 06:45:31,030 INFO  org.apache.flink.runtime.taskexecutor.TaskManagerRunner      [] -  JVM Options:
2025-08-11 06:45:31,030 INFO  org.apache.flink.runtime.taskexecutor.TaskManagerRunner      [] -     -Xmx1664299798
2025-08-11 06:45:31,030 INFO  org.apache.flink.runtime.taskexecutor.TaskManagerRunner      [] -     -Xms1664299798
2025-08-11 06:45:31,030 INFO  org.apache.flink.runtime.taskexecutor.TaskManagerRunner      [] -     -XX:MaxDirectMemorySize=493921243
2025-08-11 06:45:31,030 INFO  org.apache.flink.runtime.taskexecutor.TaskManagerRunner      [] -     -XX:MaxMetaspaceSize=268435456
2025-08-11 06:45:31,030 INFO  org.apache.flink.runtime.taskexecutor.TaskManagerRunner      [] -     -Dfile.encoding=UTF-8
2025-08-11 06:45:31,030 INFO  org.apache.flink.runtime.taskexecutor.TaskManagerRunner      [] -     -Dsun.jnu.encoding=UTF-8
2025-08-11 06:45:31,030 INFO  org.apache.flink.runtime.taskexecutor.TaskManagerRunner      [] -     -Dfile.encoding=UTF-8
2025-08-11 06:45:31,030 INFO  org.apache.flink.runtime.taskexecutor.TaskManagerRunner      [] -     -Dsun.jnu.encoding=UTF-8
2025-08-11 06:45:31,030 INFO  org.apache.flink.runtime.taskexecutor.TaskManagerRunner      [] -     -Dlog.file=/workspace/flink-setup/flink/log/flink--taskexecutor-0-gpu02.log
2025-08-11 06:45:31,030 INFO  org.apache.flink.runtime.taskexecutor.TaskManagerRunner      [] -     -Dlog4j.configuration=file:/workspace/flink-setup/flink/conf/log4j.properties
2025-08-11 06:45:31,030 INFO  org.apache.flink.runtime.taskexecutor.TaskManagerRunner      [] -     -Dlog4j.configurationFile=file:/workspace/flink-setup/flink/conf/log4j.properties
2025-08-11 06:45:31,031 INFO  org.apache.flink.runtime.taskexecutor.TaskManagerRunner      [] -     -Dlogback.configurationFile=file:/workspace/flink-setup/flink/conf/logback.xml
2025-08-11 06:45:31,031 INFO  org.apache.flink.runtime.taskexecutor.TaskManagerRunner      [] -  Program Arguments:
2025-08-11 06:45:31,032 INFO  org.apache.flink.runtime.taskexecutor.TaskManagerRunner      [] -     --configDir
2025-08-11 06:45:31,032 INFO  org.apache.flink.runtime.taskexecutor.TaskManagerRunner      [] -     /workspace/flink-setup/flink/conf
2025-08-11 06:45:31,032 INFO  org.apache.flink.runtime.taskexecutor.TaskManagerRunner      [] -     -D
2025-08-11 06:45:31,032 INFO  org.apache.flink.runtime.taskexecutor.TaskManagerRunner      [] -     taskmanager.memory.network.min=359703515b
2025-08-11 06:45:31,032 INFO  org.apache.flink.runtime.taskexecutor.TaskManagerRunner      [] -     -D
2025-08-11 06:45:31,032 INFO  org.apache.flink.runtime.taskexecutor.TaskManagerRunner      [] -     taskmanager.cpu.cores=4.0
2025-08-11 06:45:31,032 INFO  org.apache.flink.runtime.taskexecutor.TaskManagerRunner      [] -     -D
2025-08-11 06:45:31,032 INFO  org.apache.flink.runtime.taskexecutor.TaskManagerRunner      [] -     taskmanager.memory.task.off-heap.size=0b
2025-08-11 06:45:31,032 INFO  org.apache.flink.runtime.taskexecutor.TaskManagerRunner      [] -     -D
2025-08-11 06:45:31,032 INFO  org.apache.flink.runtime.taskexecutor.TaskManagerRunner      [] -     taskmanager.memory.jvm-metaspace.size=268435456b
2025-08-11 06:45:31,032 INFO  org.apache.flink.runtime.taskexecutor.TaskManagerRunner      [] -     -D
2025-08-11 06:45:31,032 INFO  org.apache.flink.runtime.taskexecutor.TaskManagerRunner      [] -     external-resources=none
2025-08-11 06:45:31,032 INFO  org.apache.flink.runtime.taskexecutor.TaskManagerRunner      [] -     -D
2025-08-11 06:45:31,032 INFO  org.apache.flink.runtime.taskexecutor.TaskManagerRunner      [] -     taskmanager.memory.jvm-overhead.min=429496736b
2025-08-11 06:45:31,032 INFO  org.apache.flink.runtime.taskexecutor.TaskManagerRunner      [] -     -D
2025-08-11 06:45:31,033 INFO  org.apache.flink.runtime.taskexecutor.TaskManagerRunner      [] -     taskmanager.memory.framework.off-heap.size=134217728b
2025-08-11 06:45:31,033 INFO  org.apache.flink.runtime.taskexecutor.TaskManagerRunner      [] -     -D
2025-08-11 06:45:31,033 INFO  org.apache.flink.runtime.taskexecutor.TaskManagerRunner      [] -     taskmanager.memory.network.max=359703515b
2025-08-11 06:45:31,033 INFO  org.apache.flink.runtime.taskexecutor.TaskManagerRunner      [] -     -D
2025-08-11 06:45:31,033 INFO  org.apache.flink.runtime.taskexecutor.TaskManagerRunner      [] -     taskmanager.memory.framework.heap.size=134217728b
2025-08-11 06:45:31,033 INFO  org.apache.flink.runtime.taskexecutor.TaskManagerRunner      [] -     -D
2025-08-11 06:45:31,033 INFO  org.apache.flink.runtime.taskexecutor.TaskManagerRunner      [] -     taskmanager.memory.managed.size=1438814063b
2025-08-11 06:45:31,033 INFO  org.apache.flink.runtime.taskexecutor.TaskManagerRunner      [] -     -D
2025-08-11 06:45:31,033 INFO  org.apache.flink.runtime.taskexecutor.TaskManagerRunner      [] -     taskmanager.memory.task.heap.size=1530082070b
2025-08-11 06:45:31,033 INFO  org.apache.flink.runtime.taskexecutor.TaskManagerRunner      [] -     -D
2025-08-11 06:45:31,033 INFO  org.apache.flink.runtime.taskexecutor.TaskManagerRunner      [] -     taskmanager.numberOfTaskSlots=4
2025-08-11 06:45:31,033 INFO  org.apache.flink.runtime.taskexecutor.TaskManagerRunner      [] -     -D
2025-08-11 06:45:31,033 INFO  org.apache.flink.runtime.taskexecutor.TaskManagerRunner      [] -     taskmanager.memory.jvm-overhead.max=429496736b
2025-08-11 06:45:31,033 INFO  org.apache.flink.runtime.taskexecutor.TaskManagerRunner      [] -  Classpath: /workspace/flink-setup/flink/lib/flink-cep-1.17.0.jar:/workspace/flink-setup/flink/lib/flink-connector-files-1.17.0.jar:/workspace/flink-setup/flink/lib/flink-csv-1.17.0.jar:/workspace/flink-setup/flink/lib/flink-json-1.17.0.jar:/workspace/flink-setup/flink/lib/flink-scala_2.12-1.17.0.jar:/workspace/flink-setup/flink/lib/flink-table-api-java-uber-1.17.0.jar:/workspace/flink-setup/flink/lib/flink-table-planner-loader-1.17.0.jar:/workspace/flink-setup/flink/lib/flink-table-runtime-1.17.0.jar:/workspace/flink-setup/flink/lib/log4j-1.2-api-2.17.1.jar:/workspace/flink-setup/flink/lib/log4j-api-2.17.1.jar:/workspace/flink-setup/flink/lib/log4j-core-2.17.1.jar:/workspace/flink-setup/flink/lib/log4j-slf4j-impl-2.17.1.jar:/workspace/flink-setup/flink/lib/flink-dist-1.17.0.jar::::
2025-08-11 06:45:31,034 INFO  org.apache.flink.runtime.taskexecutor.TaskManagerRunner      [] - --------------------------------------------------------------------------------
2025-08-11 06:45:31,034 INFO  org.apache.flink.runtime.taskexecutor.TaskManagerRunner      [] - Registered UNIX signal handlers for [TERM, HUP, INT]
2025-08-11 06:45:31,036 INFO  org.apache.flink.runtime.taskexecutor.TaskManagerRunner      [] - Maximum number of open file descriptors is 1048576.
2025-08-11 06:45:31,043 INFO  org.apache.flink.configuration.GlobalConfiguration           [] - Loading configuration property: taskmanager.memory.process.size, 4096m
2025-08-11 06:45:31,043 INFO  org.apache.flink.configuration.GlobalConfiguration           [] - Loading configuration property: env.java.opts.jobmanager, -Dfile.encoding=UTF-8 -Dsun.jnu.encoding=UTF-8
2025-08-11 06:45:31,043 INFO  org.apache.flink.configuration.GlobalConfiguration           [] - Loading configuration property: taskmanager.bind-host, localhost
2025-08-11 06:45:31,043 INFO  org.apache.flink.configuration.GlobalConfiguration           [] - Loading configuration property: env.java.opts, -Dfile.encoding=UTF-8 -Dsun.jnu.encoding=UTF-8
2025-08-11 06:45:31,043 INFO  org.apache.flink.configuration.GlobalConfiguration           [] - Loading configuration property: jobmanager.rpc.address, localhost
2025-08-11 06:45:31,043 INFO  org.apache.flink.configuration.GlobalConfiguration           [] - Loading configuration property: jobmanager.memory.process.size, 2048m
2025-08-11 06:45:31,044 INFO  org.apache.flink.configuration.GlobalConfiguration           [] - Loading configuration property: jobmanager.rpc.port, 6123
2025-08-11 06:45:31,044 INFO  org.apache.flink.configuration.GlobalConfiguration           [] - Loading configuration property: rest.bind-address, 0.0.0.0
2025-08-11 06:45:31,044 INFO  org.apache.flink.configuration.GlobalConfiguration           [] - Loading configuration property: rest.port, 8081
2025-08-11 06:45:31,044 INFO  org.apache.flink.configuration.GlobalConfiguration           [] - Loading configuration property: execution.checkpointing.interval, 30s
2025-08-11 06:45:31,044 INFO  org.apache.flink.configuration.GlobalConfiguration           [] - Loading configuration property: jobmanager.bind-host, localhost
2025-08-11 06:45:31,044 INFO  org.apache.flink.configuration.GlobalConfiguration           [] - Loading configuration property: parallelism.default, 1
2025-08-11 06:45:31,044 INFO  org.apache.flink.configuration.GlobalConfiguration           [] - Loading configuration property: taskmanager.numberOfTaskSlots, 4
2025-08-11 06:45:31,045 INFO  org.apache.flink.configuration.GlobalConfiguration           [] - Loading configuration property: taskmanager.memory.managed.fraction, 0.4
2025-08-11 06:45:31,045 INFO  org.apache.flink.configuration.GlobalConfiguration           [] - Loading configuration property: rest.address, 0.0.0.0
2025-08-11 06:45:31,045 INFO  org.apache.flink.configuration.GlobalConfiguration           [] - Loading configuration property: cluster.evenly-spread-out-slots, true
2025-08-11 06:45:31,045 INFO  org.apache.flink.configuration.GlobalConfiguration           [] - Loading configuration property: state.backend, filesystem
2025-08-11 06:45:31,045 INFO  org.apache.flink.configuration.GlobalConfiguration           [] - Loading configuration property: execution.checkpointing.min-pause, 5s
2025-08-11 06:45:31,045 INFO  org.apache.flink.configuration.GlobalConfiguration           [] - Loading configuration property: jobmanager.memory.jvm-metaspace.size, 256m
2025-08-11 06:45:31,045 INFO  org.apache.flink.configuration.GlobalConfiguration           [] - Loading configuration property: env.java.opts.taskmanager, -Dfile.encoding=UTF-8 -Dsun.jnu.encoding=UTF-8
2025-08-11 06:45:31,045 INFO  org.apache.flink.configuration.GlobalConfiguration           [] - Loading configuration property: state.checkpoints.dir, file:///workspace/logs/flink-checkpoints
2025-08-11 06:45:31,045 INFO  org.apache.flink.configuration.GlobalConfiguration           [] - Loading dynamic configuration property: taskmanager.memory.network.min, 359703515b
2025-08-11 06:45:31,045 INFO  org.apache.flink.configuration.GlobalConfiguration           [] - Loading dynamic configuration property: taskmanager.memory.jvm-metaspace.size, 268435456b
2025-08-11 06:45:31,045 INFO  org.apache.flink.configuration.GlobalConfiguration           [] - Loading dynamic configuration property: taskmanager.memory.task.off-heap.size, 0b
2025-08-11 06:45:31,045 INFO  org.apache.flink.configuration.GlobalConfiguration           [] - Loading dynamic configuration property: taskmanager.cpu.cores, 4.0
2025-08-11 06:45:31,045 INFO  org.apache.flink.configuration.GlobalConfiguration           [] - Loading dynamic configuration property: external-resources, none
2025-08-11 06:45:31,045 INFO  org.apache.flink.configuration.GlobalConfiguration           [] - Loading dynamic configuration property: taskmanager.memory.jvm-overhead.min, 429496736b
2025-08-11 06:45:31,045 INFO  org.apache.flink.configuration.GlobalConfiguration           [] - Loading dynamic configuration property: taskmanager.memory.framework.off-heap.size, 134217728b
2025-08-11 06:45:31,045 INFO  org.apache.flink.configuration.GlobalConfiguration           [] - Loading dynamic configuration property: taskmanager.memory.network.max, 359703515b
2025-08-11 06:45:31,046 INFO  org.apache.flink.configuration.GlobalConfiguration           [] - Loading dynamic configuration property: taskmanager.memory.framework.heap.size, 134217728b
2025-08-11 06:45:31,046 INFO  org.apache.flink.configuration.GlobalConfiguration           [] - Loading dynamic configuration property: taskmanager.memory.managed.size, 1438814063b
2025-08-11 06:45:31,046 INFO  org.apache.flink.configuration.GlobalConfiguration           [] - Loading dynamic configuration property: taskmanager.memory.task.heap.size, 1530082070b
2025-08-11 06:45:31,046 INFO  org.apache.flink.configuration.GlobalConfiguration           [] - Loading dynamic configuration property: taskmanager.numberOfTaskSlots, 4
2025-08-11 06:45:31,046 INFO  org.apache.flink.configuration.GlobalConfiguration           [] - Loading dynamic configuration property: taskmanager.memory.jvm-overhead.max, 429496736b
2025-08-11 06:45:31,077 INFO  org.apache.flink.core.fs.FileSystem                          [] - Hadoop is not in the classpath/dependencies. The extended set of supported File Systems via Hadoop is not available.
2025-08-11 06:45:31,090 INFO  org.apache.flink.core.plugin.DefaultPluginManager            [] - Plugin loader with ID not found, creating it: metrics-prometheus
2025-08-11 06:45:31,094 INFO  org.apache.flink.core.plugin.DefaultPluginManager            [] - Plugin loader with ID not found, creating it: metrics-slf4j
2025-08-11 06:45:31,094 INFO  org.apache.flink.core.plugin.DefaultPluginManager            [] - Plugin loader with ID not found, creating it: metrics-influx
2025-08-11 06:45:31,094 INFO  org.apache.flink.core.plugin.DefaultPluginManager            [] - Plugin loader with ID not found, creating it: metrics-datadog
2025-08-11 06:45:31,094 INFO  org.apache.flink.core.plugin.DefaultPluginManager            [] - Plugin loader with ID not found, creating it: external-resource-gpu
2025-08-11 06:45:31,095 INFO  org.apache.flink.core.plugin.DefaultPluginManager            [] - Plugin loader with ID not found, creating it: metrics-graphite
2025-08-11 06:45:31,095 INFO  org.apache.flink.core.plugin.DefaultPluginManager            [] - Plugin loader with ID not found, creating it: metrics-statsd
2025-08-11 06:45:31,095 INFO  org.apache.flink.core.plugin.DefaultPluginManager            [] - Plugin loader with ID not found, creating it: metrics-jmx
2025-08-11 06:45:31,111 INFO  org.apache.flink.runtime.state.changelog.StateChangelogStorageLoader [] - StateChangelogStorageLoader initialized with shortcut names {memory,filesystem}.
2025-08-11 06:45:31,111 INFO  org.apache.flink.core.plugin.DefaultPluginManager            [] - Plugin loader with ID found, reusing it: metrics-prometheus
2025-08-11 06:45:31,111 INFO  org.apache.flink.core.plugin.DefaultPluginManager            [] - Plugin loader with ID found, reusing it: metrics-slf4j
2025-08-11 06:45:31,111 INFO  org.apache.flink.core.plugin.DefaultPluginManager            [] - Plugin loader with ID found, reusing it: metrics-influx
2025-08-11 06:45:31,111 INFO  org.apache.flink.core.plugin.DefaultPluginManager            [] - Plugin loader with ID found, reusing it: metrics-datadog
2025-08-11 06:45:31,111 INFO  org.apache.flink.core.plugin.DefaultPluginManager            [] - Plugin loader with ID found, reusing it: external-resource-gpu
2025-08-11 06:45:31,111 INFO  org.apache.flink.core.plugin.DefaultPluginManager            [] - Plugin loader with ID found, reusing it: metrics-graphite
2025-08-11 06:45:31,111 INFO  org.apache.flink.core.plugin.DefaultPluginManager            [] - Plugin loader with ID found, reusing it: metrics-statsd
2025-08-11 06:45:31,111 INFO  org.apache.flink.core.plugin.DefaultPluginManager            [] - Plugin loader with ID found, reusing it: metrics-jmx
2025-08-11 06:45:31,113 INFO  org.apache.flink.runtime.state.changelog.StateChangelogStorageLoader [] - StateChangelogStorageLoader initialized with shortcut names {memory,filesystem}.
2025-08-11 06:45:31,126 INFO  org.apache.flink.runtime.security.modules.HadoopModuleFactory [] - Cannot create Hadoop Security Module because Hadoop cannot be found in the Classpath.
2025-08-11 06:45:31,137 INFO  org.apache.flink.runtime.security.modules.JaasModule         [] - Jaas file will be created as /tmp/jaas-720526023349058882.conf.
2025-08-11 06:45:31,142 INFO  org.apache.flink.runtime.security.contexts.HadoopSecurityContextFactory [] - Cannot install HadoopSecurityContext because Hadoop cannot be found in the Classpath.
2025-08-11 06:45:31,490 INFO  org.apache.flink.runtime.util.LeaderRetrievalUtils           [] - Trying to select the network interface and address to use by connecting to the leading JobManager.
2025-08-11 06:45:31,491 INFO  org.apache.flink.runtime.util.LeaderRetrievalUtils           [] - TaskManager will try to connect for PT10S before falling back to heuristics
2025-08-11 06:45:31,727 INFO  org.apache.flink.runtime.taskexecutor.TaskManagerRunner      [] - TaskManager will use hostname/address 'gpu02' (127.0.0.1) for communication.
2025-08-11 06:45:31,754 INFO  org.apache.flink.runtime.rpc.akka.AkkaRpcServiceUtils        [] - Trying to start actor system, external address 127.0.0.1:0, bind address localhost:0.
2025-08-11 06:45:32,153 INFO  akka.event.slf4j.Slf4jLogger                                 [] - Slf4jLogger started
2025-08-11 06:45:32,179 INFO  akka.remote.RemoteActorRefProvider                           [] - Akka Cluster not in use - enabling unsafe features anyway because `akka.remote.use-unsafe-remote-features-outside-cluster` has been enabled.
2025-08-11 06:45:32,180 INFO  akka.remote.Remoting                                         [] - Starting remoting
2025-08-11 06:45:32,319 INFO  akka.remote.Remoting                                         [] - Remoting started; listening on addresses :[akka.tcp://flink@127.0.0.1:15837]
2025-08-11 06:45:32,428 INFO  org.apache.flink.runtime.rpc.akka.AkkaRpcServiceUtils        [] - Actor system started at akka.tcp://flink@127.0.0.1:15837
2025-08-11 06:45:32,443 INFO  org.apache.flink.runtime.taskexecutor.TaskManagerRunner      [] - Using working directory: WorkingDirectory(/tmp/tm_127.0.0.1:15837-b634e6)
2025-08-11 06:45:32,451 INFO  org.apache.flink.runtime.metrics.MetricRegistryImpl          [] - No metrics reporter configured, no metrics will be exposed/reported.
2025-08-11 06:45:32,454 INFO  org.apache.flink.runtime.rpc.akka.AkkaRpcServiceUtils        [] - Trying to start actor system, external address 127.0.0.1:0, bind address localhost:0.
2025-08-11 06:45:32,470 INFO  akka.event.slf4j.Slf4jLogger                                 [] - Slf4jLogger started
2025-08-11 06:45:32,474 INFO  akka.remote.RemoteActorRefProvider                           [] - Akka Cluster not in use - enabling unsafe features anyway because `akka.remote.use-unsafe-remote-features-outside-cluster` has been enabled.
2025-08-11 06:45:32,475 INFO  akka.remote.Remoting                                         [] - Starting remoting
2025-08-11 06:45:32,492 INFO  akka.remote.Remoting                                         [] - Remoting started; listening on addresses :[akka.tcp://flink-metrics@127.0.0.1:21113]
2025-08-11 06:45:32,502 INFO  org.apache.flink.runtime.rpc.akka.AkkaRpcServiceUtils        [] - Actor system started at akka.tcp://flink-metrics@127.0.0.1:21113
2025-08-11 06:45:32,515 INFO  org.apache.flink.runtime.rpc.akka.AkkaRpcService             [] - Starting RPC endpoint for org.apache.flink.runtime.metrics.dump.MetricQueryService at akka://flink-metrics/user/rpc/MetricQueryService_127.0.0.1:15837-b634e6 .
2025-08-11 06:45:32,529 INFO  org.apache.flink.runtime.blob.PermanentBlobCache             [] - Created BLOB cache storage directory /tmp/tm_127.0.0.1:15837-b634e6/blobStorage
2025-08-11 06:45:32,533 INFO  org.apache.flink.runtime.blob.TransientBlobCache             [] - Created BLOB cache storage directory /tmp/tm_127.0.0.1:15837-b634e6/blobStorage
2025-08-11 06:45:32,536 INFO  org.apache.flink.runtime.externalresource.ExternalResourceUtils [] - Enabled external resources: []
2025-08-11 06:45:32,537 INFO  org.apache.flink.runtime.security.token.DelegationTokenReceiverRepository [] - Loading delegation token receivers
2025-08-11 06:45:32,540 INFO  org.apache.flink.runtime.security.token.DelegationTokenReceiverRepository [] - Delegation token receiver hadoopfs loaded and initialized
2025-08-11 06:45:32,541 INFO  org.apache.flink.runtime.security.token.DelegationTokenReceiverRepository [] - Delegation token receiver hbase loaded and initialized
2025-08-11 06:45:32,541 INFO  org.apache.flink.core.plugin.DefaultPluginManager            [] - Plugin loader with ID found, reusing it: metrics-prometheus
2025-08-11 06:45:32,541 INFO  org.apache.flink.core.plugin.DefaultPluginManager            [] - Plugin loader with ID found, reusing it: metrics-slf4j
2025-08-11 06:45:32,541 INFO  org.apache.flink.core.plugin.DefaultPluginManager            [] - Plugin loader with ID found, reusing it: metrics-influx
2025-08-11 06:45:32,541 INFO  org.apache.flink.core.plugin.DefaultPluginManager            [] - Plugin loader with ID found, reusing it: metrics-datadog
2025-08-11 06:45:32,541 INFO  org.apache.flink.core.plugin.DefaultPluginManager            [] - Plugin loader with ID found, reusing it: external-resource-gpu
2025-08-11 06:45:32,541 INFO  org.apache.flink.core.plugin.DefaultPluginManager            [] - Plugin loader with ID found, reusing it: metrics-graphite
2025-08-11 06:45:32,541 INFO  org.apache.flink.core.plugin.DefaultPluginManager            [] - Plugin loader with ID found, reusing it: metrics-statsd
2025-08-11 06:45:32,541 INFO  org.apache.flink.core.plugin.DefaultPluginManager            [] - Plugin loader with ID found, reusing it: metrics-jmx
2025-08-11 06:45:32,541 INFO  org.apache.flink.runtime.security.token.DelegationTokenReceiverRepository [] - Delegation token receivers loaded successfully
2025-08-11 06:45:32,542 INFO  org.apache.flink.runtime.taskexecutor.TaskManagerRunner      [] - Starting TaskManager with ResourceID: 127.0.0.1:15837-b634e6
2025-08-11 06:45:32,558 INFO  org.apache.flink.runtime.taskexecutor.TaskManagerServices    [] - Temporary file directory '/tmp': total 1758 GB, usable 31 GB (1.76% usable)
2025-08-11 06:45:32,560 INFO  org.apache.flink.runtime.io.disk.iomanager.IOManager         [] - Created a new FileChannelManager for spilling of task related data to disk (joins, sorting, ...). Used directories:
	/tmp/flink-io-de7602c4-0894-4cdc-8825-0e599d98e354
2025-08-11 06:45:32,567 INFO  org.apache.flink.runtime.io.network.netty.NettyConfig        [] - NettyConfig [server address: localhost/127.0.0.1, server port: 0, ssl enabled: false, memory segment size (bytes): 32768, transport type: AUTO, number of server threads: 4 (manual), number of client threads: 4 (manual), server connect backlog: 0 (use Netty's default), client connect timeout (sec): 120, send/receive buffer size (bytes): 0 (use Netty's default)]
2025-08-11 06:45:32,620 INFO  org.apache.flink.runtime.io.network.NettyShuffleServiceFactory [] - Created a new FileChannelManager for storing result partitions of BLOCKING shuffles. Used directories:
	/tmp/flink-netty-shuffle-c239cd26-be11-4d61-ada4-870e2fe98a35
2025-08-11 06:45:32,824 INFO  org.apache.flink.runtime.io.network.buffer.NetworkBufferPool [] - Allocated 343 MB for network buffer pool (number of memory segments: 10977, bytes per segment: 32768).
2025-08-11 06:45:32,836 INFO  org.apache.flink.runtime.io.network.NettyShuffleEnvironment  [] - Starting the network environment and its components.
2025-08-11 06:45:32,885 INFO  org.apache.flink.runtime.io.network.netty.NettyClient        [] - Transport type 'auto': using EPOLL.
2025-08-11 06:45:32,887 INFO  org.apache.flink.runtime.io.network.netty.NettyClient        [] - Successful initialization (took 49 ms).
2025-08-11 06:45:32,891 INFO  org.apache.flink.runtime.io.network.netty.NettyServer        [] - Transport type 'auto': using EPOLL.
2025-08-11 06:45:32,952 INFO  org.apache.flink.runtime.io.network.netty.NettyServer        [] - Successful initialization (took 64 ms). Listening on SocketAddress /127.0.0.1:12043.
2025-08-11 06:45:32,953 INFO  org.apache.flink.runtime.taskexecutor.KvStateService         [] - Starting the kvState service and its components.
2025-08-11 06:45:32,980 INFO  org.apache.flink.runtime.rpc.akka.AkkaRpcService             [] - Starting RPC endpoint for org.apache.flink.runtime.taskexecutor.TaskExecutor at akka://flink/user/rpc/taskmanager_0 .
2025-08-11 06:45:33,001 INFO  org.apache.flink.runtime.taskexecutor.DefaultJobLeaderService [] - Start job leader service.
2025-08-11 06:45:33,003 INFO  org.apache.flink.runtime.filecache.FileCache                 [] - User file cache uses directory /tmp/flink-dist-cache-49ac5086-9d94-41a4-86c9-b323418a5d15
2025-08-11 06:45:33,007 INFO  org.apache.flink.runtime.taskexecutor.TaskExecutor           [] - Connecting to ResourceManager akka.tcp://flink@localhost:6123/user/rpc/resourcemanager_*(00000000000000000000000000000000).
2025-08-11 06:45:33,229 INFO  org.apache.flink.runtime.taskexecutor.TaskExecutor           [] - Resolved ResourceManager address, beginning registration
2025-08-11 06:45:33,349 INFO  org.apache.flink.runtime.taskexecutor.TaskExecutor           [] - Successful registration at resource manager akka.tcp://flink@localhost:6123/user/rpc/resourcemanager_* under registration id d722115c0a164641e0bc259cae997e7d.
2025-08-11 06:45:40,855 INFO  org.apache.flink.runtime.taskexecutor.TaskExecutor           [] - Receive slot request e5fed94411d0f14c87a6abf161a4655c for job 4787ba3bc16f3e80b8c6e984069b5fcf from resource manager with leader id 00000000000000000000000000000000.
2025-08-11 06:45:40,863 INFO  org.apache.flink.runtime.taskexecutor.TaskExecutor           [] - Allocated slot for e5fed94411d0f14c87a6abf161a4655c.
2025-08-11 06:45:40,864 INFO  org.apache.flink.runtime.taskexecutor.DefaultJobLeaderService [] - Add job 4787ba3bc16f3e80b8c6e984069b5fcf for job leader monitoring.
2025-08-11 06:45:40,866 INFO  org.apache.flink.runtime.taskexecutor.DefaultJobLeaderService [] - Try to register at job manager akka.tcp://flink@localhost:6123/user/rpc/jobmanager_2 with leader id 00000000-0000-0000-0000-000000000000.
2025-08-11 06:45:40,875 INFO  org.apache.flink.runtime.taskexecutor.TaskExecutor           [] - Receive slot request 2f85ab03fc9c945a53e3bf9c8c05aa56 for job 4787ba3bc16f3e80b8c6e984069b5fcf from resource manager with leader id 00000000000000000000000000000000.
2025-08-11 06:45:40,875 INFO  org.apache.flink.runtime.taskexecutor.TaskExecutor           [] - Allocated slot for 2f85ab03fc9c945a53e3bf9c8c05aa56.
2025-08-11 06:45:40,876 INFO  org.apache.flink.runtime.taskexecutor.TaskExecutor           [] - Receive slot request 281c329636d3086f0b2f6cf9db26e485 for job 4787ba3bc16f3e80b8c6e984069b5fcf from resource manager with leader id 00000000000000000000000000000000.
2025-08-11 06:45:40,876 INFO  org.apache.flink.runtime.taskexecutor.TaskExecutor           [] - Allocated slot for 281c329636d3086f0b2f6cf9db26e485.
2025-08-11 06:45:40,878 INFO  org.apache.flink.runtime.taskexecutor.TaskExecutor           [] - Receive slot request edcb4c6f7d3bd35e0e1e3616fb7fbb78 for job 4787ba3bc16f3e80b8c6e984069b5fcf from resource manager with leader id 00000000000000000000000000000000.
2025-08-11 06:45:40,878 INFO  org.apache.flink.runtime.taskexecutor.TaskExecutor           [] - Allocated slot for edcb4c6f7d3bd35e0e1e3616fb7fbb78.
2025-08-11 06:45:40,894 INFO  org.apache.flink.runtime.taskexecutor.DefaultJobLeaderService [] - Resolved JobManager address, beginning registration
2025-08-11 06:45:40,929 INFO  org.apache.flink.runtime.taskexecutor.DefaultJobLeaderService [] - Successful registration at job manager akka.tcp://flink@localhost:6123/user/rpc/jobmanager_2 for job 4787ba3bc16f3e80b8c6e984069b5fcf.
2025-08-11 06:45:40,930 INFO  org.apache.flink.runtime.taskexecutor.TaskExecutor           [] - Establish JobManager connection for job 4787ba3bc16f3e80b8c6e984069b5fcf.
2025-08-11 06:45:40,933 INFO  org.apache.flink.runtime.taskexecutor.TaskExecutor           [] - Offer reserved slots to the leader of job 4787ba3bc16f3e80b8c6e984069b5fcf.
2025-08-11 06:45:40,991 INFO  org.apache.flink.runtime.taskexecutor.slot.TaskSlotTableImpl [] - Activate slot 2f85ab03fc9c945a53e3bf9c8c05aa56.
2025-08-11 06:45:41,013 INFO  org.apache.flink.runtime.state.changelog.StateChangelogStorageLoader [] - Creating a changelog storage with name 'memory'.
2025-08-11 06:45:41,023 INFO  org.apache.flink.runtime.state.TaskExecutorChannelStateExecutorFactoryManager [] - Creating the channel state executor factory for job id 4787ba3bc16f3e80b8c6e984069b5fcf
2025-08-11 06:45:41,033 INFO  org.apache.flink.runtime.taskexecutor.TaskExecutor           [] - Received task Source: Request Source (1/1)#0 (76be252df13e6237318322f9f74eb873_bc764cd8ddf7a0cff126f51c16239658_0_0), deploy into slot with allocation id 2f85ab03fc9c945a53e3bf9c8c05aa56.
2025-08-11 06:45:41,035 INFO  org.apache.flink.runtime.taskmanager.Task                    [] - Source: Request Source (1/1)#0 (76be252df13e6237318322f9f74eb873_bc764cd8ddf7a0cff126f51c16239658_0_0) switched from CREATED to DEPLOYING.
2025-08-11 06:45:41,036 INFO  org.apache.flink.runtime.taskexecutor.slot.TaskSlotTableImpl [] - Activate slot 2f85ab03fc9c945a53e3bf9c8c05aa56.
2025-08-11 06:45:41,043 INFO  org.apache.flink.runtime.taskmanager.Task                    [] - Loading JAR files for task Source: Request Source (1/1)#0 (76be252df13e6237318322f9f74eb873_bc764cd8ddf7a0cff126f51c16239658_0_0) [DEPLOYING].
2025-08-11 06:45:41,048 INFO  org.apache.flink.runtime.blob.BlobClient                     [] - Downloading 4787ba3bc16f3e80b8c6e984069b5fcf/p-5dc7274133df84b9b6bf3357e6844833a0897c6e-6110fb14a576082a537241b950e4e870 from localhost/127.0.0.1:4957
2025-08-11 06:45:41,059 INFO  org.apache.flink.runtime.taskexecutor.TaskExecutor           [] - Received task Multi-GPU Inference Processor -> Sink: Multi-GPU Monitor Sink (1/4)#0 (76be252df13e6237318322f9f74eb873_20ba6b65f97481d5570070de90e4e791_0_0), deploy into slot with allocation id 2f85ab03fc9c945a53e3bf9c8c05aa56.
2025-08-11 06:45:41,060 INFO  org.apache.flink.runtime.taskexecutor.slot.TaskSlotTableImpl [] - Activate slot 281c329636d3086f0b2f6cf9db26e485.
2025-08-11 06:45:41,060 INFO  org.apache.flink.runtime.taskmanager.Task                    [] - Multi-GPU Inference Processor -> Sink: Multi-GPU Monitor Sink (1/4)#0 (76be252df13e6237318322f9f74eb873_20ba6b65f97481d5570070de90e4e791_0_0) switched from CREATED to DEPLOYING.
2025-08-11 06:45:41,062 INFO  org.apache.flink.runtime.taskmanager.Task                    [] - Loading JAR files for task Multi-GPU Inference Processor -> Sink: Multi-GPU Monitor Sink (1/4)#0 (76be252df13e6237318322f9f74eb873_20ba6b65f97481d5570070de90e4e791_0_0) [DEPLOYING].
2025-08-11 06:45:41,065 INFO  org.apache.flink.runtime.taskexecutor.TaskExecutor           [] - Received task Multi-GPU Inference Processor -> Sink: Multi-GPU Monitor Sink (2/4)#0 (76be252df13e6237318322f9f74eb873_20ba6b65f97481d5570070de90e4e791_1_0), deploy into slot with allocation id 281c329636d3086f0b2f6cf9db26e485.
2025-08-11 06:45:41,066 INFO  org.apache.flink.runtime.taskexecutor.slot.TaskSlotTableImpl [] - Activate slot edcb4c6f7d3bd35e0e1e3616fb7fbb78.
2025-08-11 06:45:41,066 INFO  org.apache.flink.runtime.taskmanager.Task                    [] - Multi-GPU Inference Processor -> Sink: Multi-GPU Monitor Sink (2/4)#0 (76be252df13e6237318322f9f74eb873_20ba6b65f97481d5570070de90e4e791_1_0) switched from CREATED to DEPLOYING.
2025-08-11 06:45:41,067 INFO  org.apache.flink.runtime.taskmanager.Task                    [] - Loading JAR files for task Multi-GPU Inference Processor -> Sink: Multi-GPU Monitor Sink (2/4)#0 (76be252df13e6237318322f9f74eb873_20ba6b65f97481d5570070de90e4e791_1_0) [DEPLOYING].
2025-08-11 06:45:41,069 INFO  org.apache.flink.runtime.taskexecutor.TaskExecutor           [] - Received task Multi-GPU Inference Processor -> Sink: Multi-GPU Monitor Sink (3/4)#0 (76be252df13e6237318322f9f74eb873_20ba6b65f97481d5570070de90e4e791_2_0), deploy into slot with allocation id edcb4c6f7d3bd35e0e1e3616fb7fbb78.
2025-08-11 06:45:41,070 INFO  org.apache.flink.runtime.taskexecutor.slot.TaskSlotTableImpl [] - Activate slot e5fed94411d0f14c87a6abf161a4655c.
2025-08-11 06:45:41,071 INFO  org.apache.flink.runtime.taskmanager.Task                    [] - Multi-GPU Inference Processor -> Sink: Multi-GPU Monitor Sink (3/4)#0 (76be252df13e6237318322f9f74eb873_20ba6b65f97481d5570070de90e4e791_2_0) switched from CREATED to DEPLOYING.
2025-08-11 06:45:41,072 INFO  org.apache.flink.runtime.taskmanager.Task                    [] - Loading JAR files for task Multi-GPU Inference Processor -> Sink: Multi-GPU Monitor Sink (3/4)#0 (76be252df13e6237318322f9f74eb873_20ba6b65f97481d5570070de90e4e791_2_0) [DEPLOYING].
2025-08-11 06:45:41,073 INFO  org.apache.flink.runtime.taskexecutor.TaskExecutor           [] - Received task Multi-GPU Inference Processor -> Sink: Multi-GPU Monitor Sink (4/4)#0 (76be252df13e6237318322f9f74eb873_20ba6b65f97481d5570070de90e4e791_3_0), deploy into slot with allocation id e5fed94411d0f14c87a6abf161a4655c.
2025-08-11 06:45:41,074 INFO  org.apache.flink.runtime.taskexecutor.slot.TaskSlotTableImpl [] - Activate slot e5fed94411d0f14c87a6abf161a4655c.
2025-08-11 06:45:41,074 INFO  org.apache.flink.runtime.taskexecutor.slot.TaskSlotTableImpl [] - Activate slot 281c329636d3086f0b2f6cf9db26e485.
2025-08-11 06:45:41,075 INFO  org.apache.flink.runtime.taskexecutor.slot.TaskSlotTableImpl [] - Activate slot 2f85ab03fc9c945a53e3bf9c8c05aa56.
2025-08-11 06:45:41,075 INFO  org.apache.flink.runtime.taskexecutor.slot.TaskSlotTableImpl [] - Activate slot edcb4c6f7d3bd35e0e1e3616fb7fbb78.
2025-08-11 06:45:41,074 INFO  org.apache.flink.runtime.taskmanager.Task                    [] - Multi-GPU Inference Processor -> Sink: Multi-GPU Monitor Sink (4/4)#0 (76be252df13e6237318322f9f74eb873_20ba6b65f97481d5570070de90e4e791_3_0) switched from CREATED to DEPLOYING.
2025-08-11 06:45:41,076 INFO  org.apache.flink.runtime.taskmanager.Task                    [] - Loading JAR files for task Multi-GPU Inference Processor -> Sink: Multi-GPU Monitor Sink (4/4)#0 (76be252df13e6237318322f9f74eb873_20ba6b65f97481d5570070de90e4e791_3_0) [DEPLOYING].
2025-08-11 06:45:41,145 INFO  org.apache.flink.streaming.runtime.tasks.StreamTask          [] - Using job/cluster config to configure application-defined state backend: org.apache.flink.runtime.state.hashmap.HashMapStateBackend@24a8a572
2025-08-11 06:45:41,145 INFO  org.apache.flink.streaming.runtime.tasks.StreamTask          [] - Using job/cluster config to configure application-defined state backend: org.apache.flink.runtime.state.hashmap.HashMapStateBackend@3b28ec77
2025-08-11 06:45:41,145 INFO  org.apache.flink.streaming.runtime.tasks.StreamTask          [] - Using job/cluster config to configure application-defined state backend: org.apache.flink.runtime.state.hashmap.HashMapStateBackend@2142ae2
2025-08-11 06:45:41,145 INFO  org.apache.flink.streaming.runtime.tasks.StreamTask          [] - Using job/cluster config to configure application-defined state backend: org.apache.flink.runtime.state.hashmap.HashMapStateBackend@11416cc5
2025-08-11 06:45:41,145 INFO  org.apache.flink.streaming.runtime.tasks.StreamTask          [] - Using job/cluster config to configure application-defined state backend: org.apache.flink.runtime.state.hashmap.HashMapStateBackend@7104182f
2025-08-11 06:45:41,146 INFO  org.apache.flink.streaming.runtime.tasks.StreamTask          [] - Using application-defined state backend: org.apache.flink.runtime.state.hashmap.HashMapStateBackend@4711543c
2025-08-11 06:45:41,146 INFO  org.apache.flink.runtime.state.StateBackendLoader            [] - State backend loader loads the state backend as HashMapStateBackend
2025-08-11 06:45:41,146 INFO  org.apache.flink.streaming.runtime.tasks.StreamTask          [] - Using application-defined state backend: org.apache.flink.runtime.state.hashmap.HashMapStateBackend@4861ef2c
2025-08-11 06:45:41,146 INFO  org.apache.flink.streaming.runtime.tasks.StreamTask          [] - Using application-defined state backend: org.apache.flink.runtime.state.hashmap.HashMapStateBackend@3ecbb800
2025-08-11 06:45:41,146 INFO  org.apache.flink.streaming.runtime.tasks.StreamTask          [] - Using application-defined state backend: org.apache.flink.runtime.state.hashmap.HashMapStateBackend@35fc86b0
2025-08-11 06:45:41,147 INFO  org.apache.flink.runtime.state.StateBackendLoader            [] - State backend loader loads the state backend as HashMapStateBackend
2025-08-11 06:45:41,147 INFO  org.apache.flink.runtime.state.StateBackendLoader            [] - State backend loader loads the state backend as HashMapStateBackend
2025-08-11 06:45:41,147 INFO  org.apache.flink.runtime.state.StateBackendLoader            [] - State backend loader loads the state backend as HashMapStateBackend
2025-08-11 06:45:41,148 INFO  org.apache.flink.streaming.runtime.tasks.StreamTask          [] - Using application-defined state backend: org.apache.flink.runtime.state.hashmap.HashMapStateBackend@3d7bed9d
2025-08-11 06:45:41,148 INFO  org.apache.flink.runtime.state.StateBackendLoader            [] - State backend loader loads the state backend as HashMapStateBackend
2025-08-11 06:45:41,157 INFO  org.apache.flink.streaming.runtime.tasks.StreamTask          [] - Using job/cluster config to configure application-defined checkpoint storage: org.apache.flink.runtime.state.storage.FileSystemCheckpointStorage@200dd9d5
2025-08-11 06:45:41,157 INFO  org.apache.flink.streaming.runtime.tasks.StreamTask          [] - Using job/cluster config to configure application-defined checkpoint storage: org.apache.flink.runtime.state.storage.FileSystemCheckpointStorage@200dd9d5
2025-08-11 06:45:41,157 INFO  org.apache.flink.streaming.runtime.tasks.StreamTask          [] - Using job/cluster config to configure application-defined checkpoint storage: org.apache.flink.runtime.state.storage.FileSystemCheckpointStorage@200dd9d5
2025-08-11 06:45:41,157 INFO  org.apache.flink.streaming.runtime.tasks.StreamTask          [] - Using job/cluster config to configure application-defined checkpoint storage: org.apache.flink.runtime.state.storage.FileSystemCheckpointStorage@200dd9d5
2025-08-11 06:45:41,157 INFO  org.apache.flink.streaming.runtime.tasks.StreamTask          [] - Using job/cluster config to configure application-defined checkpoint storage: org.apache.flink.runtime.state.storage.FileSystemCheckpointStorage@200dd9d5
2025-08-11 06:45:41,172 INFO  org.apache.flink.runtime.taskmanager.Task                    [] - Multi-GPU Inference Processor -> Sink: Multi-GPU Monitor Sink (2/4)#0 (76be252df13e6237318322f9f74eb873_20ba6b65f97481d5570070de90e4e791_1_0) switched from DEPLOYING to INITIALIZING.
2025-08-11 06:45:41,172 INFO  org.apache.flink.runtime.taskmanager.Task                    [] - Multi-GPU Inference Processor -> Sink: Multi-GPU Monitor Sink (1/4)#0 (76be252df13e6237318322f9f74eb873_20ba6b65f97481d5570070de90e4e791_0_0) switched from DEPLOYING to INITIALIZING.
2025-08-11 06:45:41,172 INFO  org.apache.flink.runtime.taskmanager.Task                    [] - Multi-GPU Inference Processor -> Sink: Multi-GPU Monitor Sink (4/4)#0 (76be252df13e6237318322f9f74eb873_20ba6b65f97481d5570070de90e4e791_3_0) switched from DEPLOYING to INITIALIZING.
2025-08-11 06:45:41,172 INFO  org.apache.flink.runtime.taskmanager.Task                    [] - Multi-GPU Inference Processor -> Sink: Multi-GPU Monitor Sink (3/4)#0 (76be252df13e6237318322f9f74eb873_20ba6b65f97481d5570070de90e4e791_2_0) switched from DEPLOYING to INITIALIZING.
2025-08-11 06:45:41,172 INFO  org.apache.flink.runtime.taskmanager.Task                    [] - Source: Request Source (1/1)#0 (76be252df13e6237318322f9f74eb873_bc764cd8ddf7a0cff126f51c16239658_0_0) switched from DEPLOYING to INITIALIZING.
2025-08-11 06:45:41,303 INFO  org.apache.flink.runtime.taskmanager.Task                    [] - Source: Request Source (1/1)#0 (76be252df13e6237318322f9f74eb873_bc764cd8ddf7a0cff126f51c16239658_0_0) switched from INITIALIZING to RUNNING.
2025-08-11 06:45:41,308 INFO  com.infertuner.source.SimpleRequestSource                    [] - 开始生成 50 个测试请求，间隔 500ms
2025-08-11 06:45:41,312 INFO  com.infertuner.source.SimpleRequestSource                    [] - 生成请求 1/50: req_000
2025-08-11 06:45:41,312 INFO  com.infertuner.processor.MultiGPUInferenceProcessor          [] - Task 2 启动，绑定到 GPU 2
2025-08-11 06:45:41,312 INFO  com.infertuner.processor.MultiGPUInferenceProcessor          [] - Task 0 启动，绑定到 GPU 0
2025-08-11 06:45:41,312 INFO  com.infertuner.processor.MultiGPUInferenceProcessor          [] - Task 3 启动，绑定到 GPU 3
2025-08-11 06:45:41,313 INFO  com.infertuner.processor.MultiGPUInferenceProcessor          [] - Task 1 启动，绑定到 GPU 1
2025-08-11 06:45:41,415 INFO  com.infertuner.processor.MultiGPUInferenceProcessor          [] - 启动 GPU 1 推理服务...
2025-08-11 06:45:41,415 INFO  com.infertuner.processor.MultiGPUInferenceProcessor          [] - 启动 GPU 3 推理服务...
2025-08-11 06:45:41,415 INFO  com.infertuner.processor.MultiGPUInferenceProcessor          [] - 启动 GPU 2 推理服务...
2025-08-11 06:45:41,415 INFO  com.infertuner.processor.MultiGPUInferenceProcessor          [] - 启动 GPU 0 推理服务...
2025-08-11 06:45:41,423 INFO  com.infertuner.processor.MultiGPUInferenceProcessor          [] - 等待 GPU 1 服务初始化...
2025-08-11 06:45:41,423 INFO  com.infertuner.processor.MultiGPUInferenceProcessor          [] - 等待 GPU 3 服务初始化...
2025-08-11 06:45:41,423 INFO  com.infertuner.processor.MultiGPUInferenceProcessor          [] - 等待 GPU 2 服务初始化...
2025-08-11 06:45:41,424 INFO  com.infertuner.processor.MultiGPUInferenceProcessor          [] - 等待 GPU 0 服务初始化...
2025-08-11 06:45:41,813 INFO  com.infertuner.source.SimpleRequestSource                    [] - 生成请求 2/50: req_001
2025-08-11 06:45:42,315 INFO  com.infertuner.source.SimpleRequestSource                    [] - 生成请求 3/50: req_002
2025-08-11 06:45:42,819 INFO  com.infertuner.source.SimpleRequestSource                    [] - 生成请求 4/50: req_003
2025-08-11 06:45:43,320 INFO  com.infertuner.source.SimpleRequestSource                    [] - 生成请求 5/50: req_004
2025-08-11 06:45:43,821 INFO  com.infertuner.source.SimpleRequestSource                    [] - 生成请求 6/50: req_005
2025-08-11 06:45:44,322 INFO  com.infertuner.source.SimpleRequestSource                    [] - 生成请求 7/50: req_006
2025-08-11 06:45:44,823 INFO  com.infertuner.source.SimpleRequestSource                    [] - 生成请求 8/50: req_007
2025-08-11 06:45:45,324 INFO  com.infertuner.source.SimpleRequestSource                    [] - 生成请求 9/50: req_008
2025-08-11 06:45:45,824 INFO  com.infertuner.source.SimpleRequestSource                    [] - 生成请求 10/50: req_009
2025-08-11 06:45:46,325 INFO  com.infertuner.source.SimpleRequestSource                    [] - 生成请求 11/50: req_010
2025-08-11 06:45:46,827 INFO  com.infertuner.source.SimpleRequestSource                    [] - 生成请求 12/50: req_011
2025-08-11 06:45:47,328 INFO  com.infertuner.source.SimpleRequestSource                    [] - 生成请求 13/50: req_012
2025-08-11 06:45:47,829 INFO  com.infertuner.source.SimpleRequestSource                    [] - 生成请求 14/50: req_013
2025-08-11 06:45:48,330 INFO  com.infertuner.source.SimpleRequestSource                    [] - 生成请求 15/50: req_014
2025-08-11 06:45:48,831 INFO  com.infertuner.source.SimpleRequestSource                    [] - 生成请求 16/50: req_015
2025-08-11 06:45:49,331 INFO  com.infertuner.source.SimpleRequestSource                    [] - 生成请求 17/50: req_016
2025-08-11 06:45:49,424 INFO  com.infertuner.processor.MultiGPUInferenceProcessor          [] - ✅ GPU 3 推理服务启动成功
2025-08-11 06:45:49,424 INFO  com.infertuner.processor.MultiGPUInferenceProcessor          [] - ✅ GPU 2 推理服务启动成功
2025-08-11 06:45:49,424 INFO  com.infertuner.processor.MultiGPUInferenceProcessor          [] - ✅ GPU 1 推理服务启动成功
2025-08-11 06:45:49,424 INFO  com.infertuner.processor.MultiGPUInferenceProcessor          [] - GPU 3 推理服务启动完成
2025-08-11 06:45:49,424 INFO  com.infertuner.processor.MultiGPUInferenceProcessor          [] - GPU 2 推理服务启动完成
2025-08-11 06:45:49,424 INFO  com.infertuner.processor.MultiGPUInferenceProcessor          [] - GPU 1 推理服务启动完成
2025-08-11 06:45:49,425 INFO  com.infertuner.processor.MultiGPUInferenceProcessor          [] - ✅ GPU 0 推理服务启动成功
2025-08-11 06:45:49,425 INFO  com.infertuner.processor.MultiGPUInferenceProcessor          [] - GPU 0 推理服务启动完成
2025-08-11 06:45:49,438 INFO  org.apache.flink.runtime.taskmanager.Task                    [] - Multi-GPU Inference Processor -> Sink: Multi-GPU Monitor Sink (2/4)#0 (76be252df13e6237318322f9f74eb873_20ba6b65f97481d5570070de90e4e791_1_0) switched from INITIALIZING to RUNNING.
2025-08-11 06:45:49,439 INFO  org.apache.flink.runtime.taskmanager.Task                    [] - Multi-GPU Inference Processor -> Sink: Multi-GPU Monitor Sink (1/4)#0 (76be252df13e6237318322f9f74eb873_20ba6b65f97481d5570070de90e4e791_0_0) switched from INITIALIZING to RUNNING.
2025-08-11 06:45:49,439 INFO  org.apache.flink.runtime.taskmanager.Task                    [] - Multi-GPU Inference Processor -> Sink: Multi-GPU Monitor Sink (4/4)#0 (76be252df13e6237318322f9f74eb873_20ba6b65f97481d5570070de90e4e791_3_0) switched from INITIALIZING to RUNNING.
2025-08-11 06:45:49,439 INFO  org.apache.flink.runtime.taskmanager.Task                    [] - Multi-GPU Inference Processor -> Sink: Multi-GPU Monitor Sink (3/4)#0 (76be252df13e6237318322f9f74eb873_20ba6b65f97481d5570070de90e4e791_2_0) switched from INITIALIZING to RUNNING.
2025-08-11 06:45:49,832 INFO  com.infertuner.source.SimpleRequestSource                    [] - 生成请求 18/50: req_017
2025-08-11 06:45:50,333 INFO  com.infertuner.source.SimpleRequestSource                    [] - 生成请求 19/50: req_018
2025-08-11 06:45:50,449 INFO  com.infertuner.sink.MultiGPUMonitorSink                      [] - 结果 #1: GPU-0 | ✅ | 941.7ms | 深度学习是一种机器学习技术，它使用多层神经网络来解决复杂的非线性问题。以下是一些深度学习的基本原理：

1. 变换架构：...
2025-08-11 06:45:50,721 INFO  com.infertuner.sink.MultiGPUMonitorSink                      [] - 结果 #1: GPU-0 | ✅ | 1236.3ms | 优化模型性能可以通过多种方式实现，包括：

1. 数据预处理：在训练模型之前，需要对数据进行清洗、归一化和标准化等预处理...
2025-08-11 06:45:50,723 INFO  com.infertuner.sink.MultiGPUMonitorSink                      [] - 结果 #1: GPU-0 | ✅ | 1238.7ms | 过拟合（Overfitting）是指机器学习模型在训练数据上表现良好，但在测试数据上表现较差的现象。简单来说，过拟合就是...
2025-08-11 06:45:50,804 INFO  com.infertuner.sink.MultiGPUMonitorSink                      [] - 结果 #1: GPU-0 | ✅ | 1319.6ms | 神经网络是一种模仿人脑的计算模型，通过大量数据和复杂的数学运算来模拟人类的学习、推理和决策过程。它由多个层次组成，包括输...
2025-08-11 06:45:50,833 INFO  com.infertuner.source.SimpleRequestSource                    [] - 生成请求 20/50: req_019
2025-08-11 06:45:51,334 INFO  com.infertuner.source.SimpleRequestSource                    [] - 生成请求 21/50: req_020
2025-08-11 06:45:51,495 INFO  com.infertuner.sink.MultiGPUMonitorSink                      [] - 结果 #2: GPU-0 | ✅ | 689.5ms | 神经网络是一种模仿生物神经系统结构和功能的计算模型，它由大量的神经元（节点）组成，这些神经元通过权重连接在一起，形成复杂...
2025-08-11 06:45:51,540 INFO  com.infertuner.sink.MultiGPUMonitorSink                      [] - 结果 #2: GPU-0 | ✅ | 1088.5ms | 在机器学习中，过拟合是指模型在训练数据上表现良好，但在测试数据上表现较差的现象。这是因为模型在训练过程中过度地拟合了训练...
2025-08-11 06:45:51,835 INFO  com.infertuner.source.SimpleRequestSource                    [] - 生成请求 22/50: req_021
2025-08-11 06:45:51,848 INFO  com.infertuner.sink.MultiGPUMonitorSink                      [] - 结果 #2: GPU-0 | ✅ | 1125.7ms | 要优化模型性能，可以采取以下几种方法：

1. 数据清洗：确保数据质量，包括去除缺失值、异常值和重复值等。这可以通过使用...
2025-08-11 06:45:52,158 INFO  com.infertuner.sink.MultiGPUMonitorSink                      [] - 结果 #3: GPU-0 | ✅ | 616.1ms | 神经网络是一种模仿人脑神经元之间相互连接的计算模型，它通过一系列的数学函数和参数来实现对输入数据进行处理和分析。以下是神...
2025-08-11 06:45:52,265 INFO  com.infertuner.sink.MultiGPUMonitorSink                      [] - 结果 #2: GPU-0 | ✅ | 1539.4ms | 过拟合（Overfitting）是指模型在训练数据集上表现良好，但在未见过的数据集上表现不佳的现象。在机器学习中，过拟合...
2025-08-11 06:45:52,336 INFO  com.infertuner.source.SimpleRequestSource                    [] - 生成请求 23/50: req_022
2025-08-11 06:45:52,609 INFO  com.infertuner.sink.MultiGPUMonitorSink                      [] - 结果 #3: GPU-0 | ✅ | 1112.1ms | 深度学习是一种人工智能技术，它使用多层神经网络来模拟人脑的决策过程。它的基本原理可以分为以下几个步骤：

1. 数据预处...
2025-08-11 06:45:52,836 INFO  com.infertuner.source.SimpleRequestSource                    [] - 生成请求 24/50: req_023
2025-08-11 06:45:53,176 INFO  com.infertuner.sink.MultiGPUMonitorSink                      [] - 结果 #4: GPU-0 | ✅ | 1016.1ms | 优化模型性能通常包括以下几个步骤：

1. 数据预处理：对原始数据进行清洗、归一化和标准化，以确保它们具有良好的统计特性...
2025-08-11 06:45:53,337 INFO  com.infertuner.source.SimpleRequestSource                    [] - 生成请求 25/50: req_024
2025-08-11 06:45:53,353 INFO  com.infertuner.sink.MultiGPUMonitorSink                      [] - 结果 #3: GPU-0 | ✅ | 1503.4ms | 深度学习是一种机器学习技术，它的基本原理是通过多层神经网络从输入数据中提取特征，并利用这些特征来构建模型，从而实现对复杂...
2025-08-11 06:45:53,467 INFO  com.infertuner.sink.MultiGPUMonitorSink                      [] - 结果 #4: GPU-0 | ✅ | 855.1ms | 过拟合（Overfitting）是指在训练数据集上，机器学习模型过度拟合了训练数据中的噪声和异常值，而无法很好地泛化到新...
2025-08-11 06:45:53,830 INFO  com.infertuner.sink.MultiGPUMonitorSink                      [] - 结果 #3: GPU-0 | ✅ | 1563.8ms | 机器学习是一种人工智能技术，它使用算法和统计模型来使计算机系统从数据中自动提取知识、模式和规律，并从中学习和改进性能。在...
2025-08-11 06:45:53,838 INFO  com.infertuner.source.SimpleRequestSource                    [] - 生成请求 26/50: req_025
2025-08-11 06:45:54,060 INFO  com.infertuner.sink.MultiGPUMonitorSink                      [] - 结果 #5: GPU-0 | ✅ | 882.1ms | 神经网络是一种由多层节点（称为神经元）构成的计算模型，用于处理和分析数据。神经网络的工作原理可以概括为以下几个步骤：

...
2025-08-11 06:45:54,339 INFO  com.infertuner.source.SimpleRequestSource                    [] - 生成请求 27/50: req_026
2025-08-11 06:45:54,368 INFO  com.infertuner.sink.MultiGPUMonitorSink                      [] - 结果 #4: GPU-0 | ✅ | 1011.9ms | 深度学习是一种机器学习技术，它使用多层神经网络模拟人脑的高级认知过程，从而实现自动从数据中提取特征并进行模式识别。它的基...
2025-08-11 06:45:54,391 INFO  com.infertuner.sink.MultiGPUMonitorSink                      [] - 结果 #5: GPU-0 | ✅ | 922.4ms | 深度学习是一种机器学习技术，它基于多层神经网络模型，通过模拟人脑的神经元工作方式，从输入数据中提取特征并进行分类、回归等...
2025-08-11 06:45:54,839 INFO  com.infertuner.source.SimpleRequestSource                    [] - 生成请求 28/50: req_027
2025-08-11 06:45:55,039 INFO  com.infertuner.sink.MultiGPUMonitorSink                      [] - 结果 #4: GPU-0 | ✅ | 1206.8ms | 机器学习是一种人工智能技术，它允许计算机从数据中自动学习和改进算法以实现特定任务。简单来说，机器学习是通过让计算机从大量...
2025-08-11 06:45:55,340 INFO  com.infertuner.source.SimpleRequestSource                    [] - 生成请求 29/50: req_028
2025-08-11 06:45:55,387 INFO  com.infertuner.sink.MultiGPUMonitorSink                      [] - 结果 #5: GPU-0 | ✅ | 1017.9ms | 机器学习是一种人工智能技术，它通过模拟人类的智能行为，使计算机系统能够自动从数据中学习和改进，从而实现特定任务。它主要分...
2025-08-11 06:45:55,765 INFO  com.infertuner.sink.MultiGPUMonitorSink                      [] - 结果 #5: GPU-0 | ✅ | 723.8ms | 过拟合（Overfitting）是指机器学习模型在训练数据上表现良好，但在测试数据上表现较差的现象。它指的是模型过于复杂...
2025-08-11 06:45:55,840 INFO  com.infertuner.source.SimpleRequestSource                    [] - 生成请求 30/50: req_029
2025-08-11 06:45:56,341 INFO  com.infertuner.source.SimpleRequestSource                    [] - 生成请求 31/50: req_030
2025-08-11 06:45:56,842 INFO  com.infertuner.source.SimpleRequestSource                    [] - 生成请求 32/50: req_031
2025-08-11 06:45:57,342 INFO  com.infertuner.source.SimpleRequestSource                    [] - 生成请求 33/50: req_032
2025-08-11 06:45:57,843 INFO  com.infertuner.source.SimpleRequestSource                    [] - 生成请求 34/50: req_033
2025-08-11 06:45:58,343 INFO  com.infertuner.source.SimpleRequestSource                    [] - 生成请求 35/50: req_034
2025-08-11 06:45:58,844 INFO  com.infertuner.source.SimpleRequestSource                    [] - 生成请求 36/50: req_035
2025-08-11 06:45:59,345 INFO  com.infertuner.source.SimpleRequestSource                    [] - 生成请求 37/50: req_036
2025-08-11 06:45:59,845 INFO  com.infertuner.source.SimpleRequestSource                    [] - 生成请求 38/50: req_037
2025-08-11 06:46:00,335 INFO  com.infertuner.sink.MultiGPUMonitorSink                      [] - === 整体统计 ===
2025-08-11 06:46:00,336 INFO  com.infertuner.sink.MultiGPUMonitorSink                      [] - 总请求: 10 | 成功: 10 (100.0%) | 平均延迟: 1073.5ms | 吞吐量: 0.48 req/s
2025-08-11 06:46:00,336 INFO  com.infertuner.sink.MultiGPUMonitorSink                      [] - === GPU分布统计 ===
2025-08-11 06:46:00,336 INFO  com.infertuner.sink.MultiGPUMonitorSink                      [] - GPU-0: 请求=10 | 成功率=100.0% | 平均延迟=1073.5ms | 吞吐量=0.48 req/s
2025-08-11 06:46:00,336 INFO  com.infertuner.sink.MultiGPUMonitorSink                      [] - ========================
2025-08-11 06:46:00,346 INFO  com.infertuner.source.SimpleRequestSource                    [] - 生成请求 39/50: req_038
2025-08-11 06:46:00,802 INFO  com.infertuner.sink.MultiGPUMonitorSink                      [] - === 整体统计 ===
2025-08-11 06:46:00,803 INFO  com.infertuner.sink.MultiGPUMonitorSink                      [] - 总请求: 10 | 成功: 10 (100.0%) | 平均延迟: 1129.5ms | 吞吐量: 0.47 req/s
2025-08-11 06:46:00,803 INFO  com.infertuner.sink.MultiGPUMonitorSink                      [] - === GPU分布统计 ===
2025-08-11 06:46:00,803 INFO  com.infertuner.sink.MultiGPUMonitorSink                      [] - GPU-0: 请求=10 | 成功率=100.0% | 平均延迟=1129.5ms | 吞吐量=0.47 req/s
2025-08-11 06:46:00,803 INFO  com.infertuner.sink.MultiGPUMonitorSink                      [] - ========================
2025-08-11 06:46:00,847 INFO  com.infertuner.source.SimpleRequestSource                    [] - 生成请求 40/50: req_039
2025-08-11 06:46:00,929 INFO  com.infertuner.sink.MultiGPUMonitorSink                      [] - === 整体统计 ===
2025-08-11 06:46:00,929 INFO  com.infertuner.sink.MultiGPUMonitorSink                      [] - 总请求: 10 | 成功: 10 (100.0%) | 平均延迟: 948.8ms | 吞吐量: 0.47 req/s
2025-08-11 06:46:00,930 INFO  com.infertuner.sink.MultiGPUMonitorSink                      [] - === GPU分布统计 ===
2025-08-11 06:46:00,930 INFO  com.infertuner.sink.MultiGPUMonitorSink                      [] - GPU-0: 请求=10 | 成功率=100.0% | 平均延迟=948.8ms | 吞吐量=0.47 req/s
2025-08-11 06:46:00,930 INFO  com.infertuner.sink.MultiGPUMonitorSink                      [] - ========================
2025-08-11 06:46:01,347 INFO  com.infertuner.source.SimpleRequestSource                    [] - 生成请求 41/50: req_040
2025-08-11 06:46:01,848 INFO  com.infertuner.source.SimpleRequestSource                    [] - 生成请求 42/50: req_041
2025-08-11 06:46:02,101 INFO  com.infertuner.sink.MultiGPUMonitorSink                      [] - === 整体统计 ===
2025-08-11 06:46:02,102 INFO  com.infertuner.sink.MultiGPUMonitorSink                      [] - 总请求: 10 | 成功: 10 (100.0%) | 平均延迟: 1234.0ms | 吞吐量: 0.44 req/s
2025-08-11 06:46:02,102 INFO  com.infertuner.sink.MultiGPUMonitorSink                      [] - === GPU分布统计 ===
2025-08-11 06:46:02,102 INFO  com.infertuner.sink.MultiGPUMonitorSink                      [] - GPU-0: 请求=10 | 成功率=100.0% | 平均延迟=1234.0ms | 吞吐量=0.44 req/s
2025-08-11 06:46:02,102 INFO  com.infertuner.sink.MultiGPUMonitorSink                      [] - ========================
2025-08-11 06:46:02,348 INFO  com.infertuner.source.SimpleRequestSource                    [] - 生成请求 43/50: req_042
2025-08-11 06:46:02,849 INFO  com.infertuner.source.SimpleRequestSource                    [] - 生成请求 44/50: req_043
2025-08-11 06:46:03,350 INFO  com.infertuner.source.SimpleRequestSource                    [] - 生成请求 45/50: req_044
2025-08-11 06:46:03,850 INFO  com.infertuner.source.SimpleRequestSource                    [] - 生成请求 46/50: req_045
2025-08-11 06:46:04,351 INFO  com.infertuner.source.SimpleRequestSource                    [] - 生成请求 47/50: req_046
2025-08-11 06:46:04,852 INFO  com.infertuner.source.SimpleRequestSource                    [] - 生成请求 48/50: req_047
2025-08-11 06:46:05,352 INFO  com.infertuner.source.SimpleRequestSource                    [] - 生成请求 49/50: req_048
2025-08-11 06:46:05,853 INFO  com.infertuner.source.SimpleRequestSource                    [] - 生成请求 50/50: req_049
2025-08-11 06:46:05,853 INFO  com.infertuner.source.SimpleRequestSource                    [] - 请求生成完成，共 50 个
2025-08-11 06:46:22,250 INFO  org.apache.flink.runtime.taskmanager.Task                    [] - Source: Request Source (1/1)#0 (76be252df13e6237318322f9f74eb873_bc764cd8ddf7a0cff126f51c16239658_0_0) switched from RUNNING to FINISHED.
2025-08-11 06:46:22,251 INFO  org.apache.flink.runtime.taskmanager.Task                    [] - Freeing task resources for Source: Request Source (1/1)#0 (76be252df13e6237318322f9f74eb873_bc764cd8ddf7a0cff126f51c16239658_0_0).
2025-08-11 06:46:22,254 INFO  com.infertuner.processor.MultiGPUInferenceProcessor          [] - 关闭 GPU 2 推理服务...
2025-08-11 06:46:22,254 INFO  com.infertuner.processor.MultiGPUInferenceProcessor          [] - 关闭 GPU 0 推理服务...
2025-08-11 06:46:22,256 INFO  com.infertuner.processor.MultiGPUInferenceProcessor          [] - 关闭 GPU 1 推理服务...
2025-08-11 06:46:22,257 INFO  com.infertuner.processor.MultiGPUInferenceProcessor          [] - 关闭 GPU 3 推理服务...
2025-08-11 06:46:22,261 INFO  org.apache.flink.runtime.taskexecutor.TaskExecutor           [] - Un-registering task and sending final execution state FINISHED to JobManager for task Source: Request Source (1/1)#0 76be252df13e6237318322f9f74eb873_bc764cd8ddf7a0cff126f51c16239658_0_0.
2025-08-11 06:46:23,243 INFO  com.infertuner.processor.MultiGPUInferenceProcessor          [] - ✅ GPU 2 推理服务已关闭
2025-08-11 06:46:23,245 INFO  org.apache.flink.runtime.taskmanager.Task                    [] - Multi-GPU Inference Processor -> Sink: Multi-GPU Monitor Sink (3/4)#0 (76be252df13e6237318322f9f74eb873_20ba6b65f97481d5570070de90e4e791_2_0) switched from RUNNING to FINISHED.
2025-08-11 06:46:23,245 INFO  org.apache.flink.runtime.taskmanager.Task                    [] - Freeing task resources for Multi-GPU Inference Processor -> Sink: Multi-GPU Monitor Sink (3/4)#0 (76be252df13e6237318322f9f74eb873_20ba6b65f97481d5570070de90e4e791_2_0).
2025-08-11 06:46:23,249 INFO  org.apache.flink.runtime.taskexecutor.TaskExecutor           [] - Un-registering task and sending final execution state FINISHED to JobManager for task Multi-GPU Inference Processor -> Sink: Multi-GPU Monitor Sink (3/4)#0 76be252df13e6237318322f9f74eb873_20ba6b65f97481d5570070de90e4e791_2_0.
2025-08-11 06:46:23,294 INFO  com.infertuner.processor.MultiGPUInferenceProcessor          [] - ✅ GPU 1 推理服务已关闭
2025-08-11 06:46:23,296 INFO  org.apache.flink.runtime.taskmanager.Task                    [] - Multi-GPU Inference Processor -> Sink: Multi-GPU Monitor Sink (2/4)#0 (76be252df13e6237318322f9f74eb873_20ba6b65f97481d5570070de90e4e791_1_0) switched from RUNNING to FINISHED.
2025-08-11 06:46:23,296 INFO  org.apache.flink.runtime.taskmanager.Task                    [] - Freeing task resources for Multi-GPU Inference Processor -> Sink: Multi-GPU Monitor Sink (2/4)#0 (76be252df13e6237318322f9f74eb873_20ba6b65f97481d5570070de90e4e791_1_0).
2025-08-11 06:46:23,299 INFO  org.apache.flink.runtime.taskexecutor.TaskExecutor           [] - Un-registering task and sending final execution state FINISHED to JobManager for task Multi-GPU Inference Processor -> Sink: Multi-GPU Monitor Sink (2/4)#0 76be252df13e6237318322f9f74eb873_20ba6b65f97481d5570070de90e4e791_1_0.
2025-08-11 06:46:23,369 INFO  com.infertuner.processor.MultiGPUInferenceProcessor          [] - ✅ GPU 3 推理服务已关闭
2025-08-11 06:46:23,371 INFO  org.apache.flink.runtime.taskmanager.Task                    [] - Multi-GPU Inference Processor -> Sink: Multi-GPU Monitor Sink (4/4)#0 (76be252df13e6237318322f9f74eb873_20ba6b65f97481d5570070de90e4e791_3_0) switched from RUNNING to FINISHED.
2025-08-11 06:46:23,371 INFO  org.apache.flink.runtime.taskmanager.Task                    [] - Freeing task resources for Multi-GPU Inference Processor -> Sink: Multi-GPU Monitor Sink (4/4)#0 (76be252df13e6237318322f9f74eb873_20ba6b65f97481d5570070de90e4e791_3_0).
2025-08-11 06:46:23,372 INFO  org.apache.flink.runtime.taskexecutor.TaskExecutor           [] - Un-registering task and sending final execution state FINISHED to JobManager for task Multi-GPU Inference Processor -> Sink: Multi-GPU Monitor Sink (4/4)#0 76be252df13e6237318322f9f74eb873_20ba6b65f97481d5570070de90e4e791_3_0.
2025-08-11 06:46:23,432 INFO  com.infertuner.processor.MultiGPUInferenceProcessor          [] - ✅ GPU 0 推理服务已关闭
2025-08-11 06:46:23,433 INFO  org.apache.flink.runtime.taskmanager.Task                    [] - Multi-GPU Inference Processor -> Sink: Multi-GPU Monitor Sink (1/4)#0 (76be252df13e6237318322f9f74eb873_20ba6b65f97481d5570070de90e4e791_0_0) switched from RUNNING to FINISHED.
2025-08-11 06:46:23,434 INFO  org.apache.flink.runtime.taskmanager.Task                    [] - Freeing task resources for Multi-GPU Inference Processor -> Sink: Multi-GPU Monitor Sink (1/4)#0 (76be252df13e6237318322f9f74eb873_20ba6b65f97481d5570070de90e4e791_0_0).
2025-08-11 06:46:23,435 INFO  org.apache.flink.runtime.taskexecutor.TaskExecutor           [] - Un-registering task and sending final execution state FINISHED to JobManager for task Multi-GPU Inference Processor -> Sink: Multi-GPU Monitor Sink (1/4)#0 76be252df13e6237318322f9f74eb873_20ba6b65f97481d5570070de90e4e791_0_0.
2025-08-11 06:46:23,490 INFO  org.apache.flink.runtime.taskexecutor.slot.TaskSlotTableImpl [] - Free slot TaskSlot(index:2, state:ACTIVE, resource profile: ResourceProfile{cpuCores=1, taskHeapMemory=364.800mb (382520517 bytes), taskOffHeapMemory=0 bytes, managedMemory=343.040mb (359703515 bytes), networkMemory=85.760mb (89925878 bytes)}, allocationId: 281c329636d3086f0b2f6cf9db26e485, jobId: 4787ba3bc16f3e80b8c6e984069b5fcf).
2025-08-11 06:46:23,493 INFO  org.apache.flink.runtime.taskexecutor.slot.TaskSlotTableImpl [] - Free slot TaskSlot(index:0, state:ACTIVE, resource profile: ResourceProfile{cpuCores=1, taskHeapMemory=364.800mb (382520517 bytes), taskOffHeapMemory=0 bytes, managedMemory=343.040mb (359703515 bytes), networkMemory=85.760mb (89925878 bytes)}, allocationId: e5fed94411d0f14c87a6abf161a4655c, jobId: 4787ba3bc16f3e80b8c6e984069b5fcf).
2025-08-11 06:46:23,494 INFO  org.apache.flink.runtime.taskexecutor.slot.TaskSlotTableImpl [] - Free slot TaskSlot(index:1, state:ACTIVE, resource profile: ResourceProfile{cpuCores=1, taskHeapMemory=364.800mb (382520517 bytes), taskOffHeapMemory=0 bytes, managedMemory=343.040mb (359703515 bytes), networkMemory=85.760mb (89925878 bytes)}, allocationId: 2f85ab03fc9c945a53e3bf9c8c05aa56, jobId: 4787ba3bc16f3e80b8c6e984069b5fcf).
2025-08-11 06:46:23,496 INFO  org.apache.flink.runtime.taskexecutor.slot.TaskSlotTableImpl [] - Free slot TaskSlot(index:3, state:ACTIVE, resource profile: ResourceProfile{cpuCores=1, taskHeapMemory=364.800mb (382520517 bytes), taskOffHeapMemory=0 bytes, managedMemory=343.040mb (359703515 bytes), networkMemory=85.760mb (89925878 bytes)}, allocationId: edcb4c6f7d3bd35e0e1e3616fb7fbb78, jobId: 4787ba3bc16f3e80b8c6e984069b5fcf).
2025-08-11 06:46:23,496 INFO  org.apache.flink.runtime.taskexecutor.DefaultJobLeaderService [] - Remove job 4787ba3bc16f3e80b8c6e984069b5fcf from job leader monitoring.
2025-08-11 06:46:23,497 INFO  org.apache.flink.runtime.taskexecutor.TaskExecutor           [] - Close JobManager connection for job 4787ba3bc16f3e80b8c6e984069b5fcf.
