2025-08-11 06:44:19,335 INFO  org.apache.flink.runtime.taskexecutor.TaskManagerRunner      [] - --------------------------------------------------------------------------------
2025-08-11 06:44:19,337 INFO  org.apache.flink.runtime.taskexecutor.TaskManagerRunner      [] -  Preconfiguration: 
2025-08-11 06:44:19,337 INFO  org.apache.flink.runtime.taskexecutor.TaskManagerRunner      [] - 


RESOURCE_PARAMS extraction logs:
jvm_params: -Xmx1664299798 -Xms1664299798 -XX:MaxDirectMemorySize=493921243 -XX:MaxMetaspaceSize=268435456
dynamic_configs: -D taskmanager.memory.network.min=359703515b -D taskmanager.cpu.cores=4.0 -D taskmanager.memory.task.off-heap.size=0b -D taskmanager.memory.jvm-metaspace.size=268435456b -D external-resources=none -D taskmanager.memory.jvm-overhead.min=429496736b -D taskmanager.memory.framework.off-heap.size=134217728b -D taskmanager.memory.network.max=359703515b -D taskmanager.memory.framework.heap.size=134217728b -D taskmanager.memory.managed.size=1438814063b -D taskmanager.memory.task.heap.size=1530082070b -D taskmanager.numberOfTaskSlots=4 -D taskmanager.memory.jvm-overhead.max=429496736b
logs: WARNING: sun.reflect.Reflection.getCallerClass is not supported. This will impact performance.
INFO  [] - Loading configuration property: taskmanager.memory.process.size, 4096m
INFO  [] - Loading configuration property: env.java.opts.jobmanager, -Dfile.encoding=UTF-8 -Dsun.jnu.encoding=UTF-8
INFO  [] - Loading configuration property: taskmanager.bind-host, localhost
INFO  [] - Loading configuration property: env.java.opts, -Dfile.encoding=UTF-8 -Dsun.jnu.encoding=UTF-8
INFO  [] - Loading configuration property: jobmanager.rpc.address, localhost
INFO  [] - Loading configuration property: jobmanager.memory.process.size, 2048m
INFO  [] - Loading configuration property: jobmanager.rpc.port, 6123
INFO  [] - Loading configuration property: rest.bind-address, 0.0.0.0
INFO  [] - Loading configuration property: rest.port, 8081
INFO  [] - Loading configuration property: execution.checkpointing.interval, 30s
INFO  [] - Loading configuration property: jobmanager.bind-host, localhost
INFO  [] - Loading configuration property: parallelism.default, 1
INFO  [] - Loading configuration property: taskmanager.numberOfTaskSlots, 4
INFO  [] - Loading configuration property: taskmanager.memory.managed.fraction, 0.4
INFO  [] - Loading configuration property: rest.address, 0.0.0.0
INFO  [] - Loading configuration property: cluster.evenly-spread-out-slots, true
INFO  [] - Loading configuration property: state.backend, filesystem
INFO  [] - Loading configuration property: execution.checkpointing.min-pause, 5s
INFO  [] - Loading configuration property: jobmanager.memory.jvm-metaspace.size, 256m
INFO  [] - Loading configuration property: env.java.opts.taskmanager, -Dfile.encoding=UTF-8 -Dsun.jnu.encoding=UTF-8
INFO  [] - Loading configuration property: state.checkpoints.dir, file:///workspace/logs/flink-checkpoints
INFO  [] - Final TaskExecutor Memory configuration:
INFO  [] -   Total Process Memory:          4.000gb (4294967296 bytes)
INFO  [] -     Total Flink Memory:          3.350gb (3597035104 bytes)
INFO  [] -       Total JVM Heap Memory:     1.550gb (1664299798 bytes)
INFO  [] -         Framework:               128.000mb (134217728 bytes)
INFO  [] -         Task:                    1.425gb (1530082070 bytes)
INFO  [] -       Total Off-heap Memory:     1.800gb (1932735306 bytes)
INFO  [] -         Managed:                 1.340gb (1438814063 bytes)
INFO  [] -         Total JVM Direct Memory: 471.040mb (493921243 bytes)
INFO  [] -           Framework:             128.000mb (134217728 bytes)
INFO  [] -           Task:                  0 bytes
INFO  [] -           Network:               343.040mb (359703515 bytes)
INFO  [] -     JVM Metaspace:               256.000mb (268435456 bytes)
INFO  [] -     JVM Overhead:                409.600mb (429496736 bytes)

2025-08-11 06:44:19,337 INFO  org.apache.flink.runtime.taskexecutor.TaskManagerRunner      [] - --------------------------------------------------------------------------------
2025-08-11 06:44:19,337 INFO  org.apache.flink.runtime.taskexecutor.TaskManagerRunner      [] -  Starting TaskManager (Version: 1.17.0, Scala: 2.12, Rev:69ecda0, Date:2023-03-17T10:30:06+01:00)
2025-08-11 06:44:19,337 INFO  org.apache.flink.runtime.taskexecutor.TaskManagerRunner      [] -  OS current user: root
2025-08-11 06:44:19,337 INFO  org.apache.flink.runtime.taskexecutor.TaskManagerRunner      [] -  Current Hadoop/Kerberos user: <no hadoop dependency found>
2025-08-11 06:44:19,338 INFO  org.apache.flink.runtime.taskexecutor.TaskManagerRunner      [] -  JVM: OpenJDK 64-Bit Server VM - Ubuntu - 11/11.0.28+6-post-Ubuntu-1ubuntu122.04.1
2025-08-11 06:44:19,338 INFO  org.apache.flink.runtime.taskexecutor.TaskManagerRunner      [] -  Arch: amd64
2025-08-11 06:44:19,338 INFO  org.apache.flink.runtime.taskexecutor.TaskManagerRunner      [] -  Maximum heap size: 1588 MiBytes
2025-08-11 06:44:19,338 INFO  org.apache.flink.runtime.taskexecutor.TaskManagerRunner      [] -  JAVA_HOME: /usr/lib/jvm/java-11-openjdk-amd64
2025-08-11 06:44:19,338 INFO  org.apache.flink.runtime.taskexecutor.TaskManagerRunner      [] -  No Hadoop Dependency available
2025-08-11 06:44:19,338 INFO  org.apache.flink.runtime.taskexecutor.TaskManagerRunner      [] -  JVM Options:
2025-08-11 06:44:19,338 INFO  org.apache.flink.runtime.taskexecutor.TaskManagerRunner      [] -     -Xmx1664299798
2025-08-11 06:44:19,338 INFO  org.apache.flink.runtime.taskexecutor.TaskManagerRunner      [] -     -Xms1664299798
2025-08-11 06:44:19,338 INFO  org.apache.flink.runtime.taskexecutor.TaskManagerRunner      [] -     -XX:MaxDirectMemorySize=493921243
2025-08-11 06:44:19,338 INFO  org.apache.flink.runtime.taskexecutor.TaskManagerRunner      [] -     -XX:MaxMetaspaceSize=268435456
2025-08-11 06:44:19,338 INFO  org.apache.flink.runtime.taskexecutor.TaskManagerRunner      [] -     -Dfile.encoding=UTF-8
2025-08-11 06:44:19,338 INFO  org.apache.flink.runtime.taskexecutor.TaskManagerRunner      [] -     -Dsun.jnu.encoding=UTF-8
2025-08-11 06:44:19,338 INFO  org.apache.flink.runtime.taskexecutor.TaskManagerRunner      [] -     -Dfile.encoding=UTF-8
2025-08-11 06:44:19,338 INFO  org.apache.flink.runtime.taskexecutor.TaskManagerRunner      [] -     -Dsun.jnu.encoding=UTF-8
2025-08-11 06:44:19,338 INFO  org.apache.flink.runtime.taskexecutor.TaskManagerRunner      [] -     -Dlog.file=/workspace/flink-setup/flink/log/flink--taskexecutor-0-gpu02.log
2025-08-11 06:44:19,338 INFO  org.apache.flink.runtime.taskexecutor.TaskManagerRunner      [] -     -Dlog4j.configuration=file:/workspace/flink-setup/flink/conf/log4j.properties
2025-08-11 06:44:19,338 INFO  org.apache.flink.runtime.taskexecutor.TaskManagerRunner      [] -     -Dlog4j.configurationFile=file:/workspace/flink-setup/flink/conf/log4j.properties
2025-08-11 06:44:19,339 INFO  org.apache.flink.runtime.taskexecutor.TaskManagerRunner      [] -     -Dlogback.configurationFile=file:/workspace/flink-setup/flink/conf/logback.xml
2025-08-11 06:44:19,339 INFO  org.apache.flink.runtime.taskexecutor.TaskManagerRunner      [] -  Program Arguments:
2025-08-11 06:44:19,340 INFO  org.apache.flink.runtime.taskexecutor.TaskManagerRunner      [] -     --configDir
2025-08-11 06:44:19,340 INFO  org.apache.flink.runtime.taskexecutor.TaskManagerRunner      [] -     /workspace/flink-setup/flink/conf
2025-08-11 06:44:19,340 INFO  org.apache.flink.runtime.taskexecutor.TaskManagerRunner      [] -     -D
2025-08-11 06:44:19,340 INFO  org.apache.flink.runtime.taskexecutor.TaskManagerRunner      [] -     taskmanager.memory.network.min=359703515b
2025-08-11 06:44:19,340 INFO  org.apache.flink.runtime.taskexecutor.TaskManagerRunner      [] -     -D
2025-08-11 06:44:19,340 INFO  org.apache.flink.runtime.taskexecutor.TaskManagerRunner      [] -     taskmanager.cpu.cores=4.0
2025-08-11 06:44:19,340 INFO  org.apache.flink.runtime.taskexecutor.TaskManagerRunner      [] -     -D
2025-08-11 06:44:19,340 INFO  org.apache.flink.runtime.taskexecutor.TaskManagerRunner      [] -     taskmanager.memory.task.off-heap.size=0b
2025-08-11 06:44:19,340 INFO  org.apache.flink.runtime.taskexecutor.TaskManagerRunner      [] -     -D
2025-08-11 06:44:19,340 INFO  org.apache.flink.runtime.taskexecutor.TaskManagerRunner      [] -     taskmanager.memory.jvm-metaspace.size=268435456b
2025-08-11 06:44:19,341 INFO  org.apache.flink.runtime.taskexecutor.TaskManagerRunner      [] -     -D
2025-08-11 06:44:19,341 INFO  org.apache.flink.runtime.taskexecutor.TaskManagerRunner      [] -     external-resources=none
2025-08-11 06:44:19,341 INFO  org.apache.flink.runtime.taskexecutor.TaskManagerRunner      [] -     -D
2025-08-11 06:44:19,341 INFO  org.apache.flink.runtime.taskexecutor.TaskManagerRunner      [] -     taskmanager.memory.jvm-overhead.min=429496736b
2025-08-11 06:44:19,341 INFO  org.apache.flink.runtime.taskexecutor.TaskManagerRunner      [] -     -D
2025-08-11 06:44:19,341 INFO  org.apache.flink.runtime.taskexecutor.TaskManagerRunner      [] -     taskmanager.memory.framework.off-heap.size=134217728b
2025-08-11 06:44:19,341 INFO  org.apache.flink.runtime.taskexecutor.TaskManagerRunner      [] -     -D
2025-08-11 06:44:19,341 INFO  org.apache.flink.runtime.taskexecutor.TaskManagerRunner      [] -     taskmanager.memory.network.max=359703515b
2025-08-11 06:44:19,341 INFO  org.apache.flink.runtime.taskexecutor.TaskManagerRunner      [] -     -D
2025-08-11 06:44:19,341 INFO  org.apache.flink.runtime.taskexecutor.TaskManagerRunner      [] -     taskmanager.memory.framework.heap.size=134217728b
2025-08-11 06:44:19,341 INFO  org.apache.flink.runtime.taskexecutor.TaskManagerRunner      [] -     -D
2025-08-11 06:44:19,341 INFO  org.apache.flink.runtime.taskexecutor.TaskManagerRunner      [] -     taskmanager.memory.managed.size=1438814063b
2025-08-11 06:44:19,342 INFO  org.apache.flink.runtime.taskexecutor.TaskManagerRunner      [] -     -D
2025-08-11 06:44:19,342 INFO  org.apache.flink.runtime.taskexecutor.TaskManagerRunner      [] -     taskmanager.memory.task.heap.size=1530082070b
2025-08-11 06:44:19,342 INFO  org.apache.flink.runtime.taskexecutor.TaskManagerRunner      [] -     -D
2025-08-11 06:44:19,342 INFO  org.apache.flink.runtime.taskexecutor.TaskManagerRunner      [] -     taskmanager.numberOfTaskSlots=4
2025-08-11 06:44:19,343 INFO  org.apache.flink.runtime.taskexecutor.TaskManagerRunner      [] -     -D
2025-08-11 06:44:19,343 INFO  org.apache.flink.runtime.taskexecutor.TaskManagerRunner      [] -     taskmanager.memory.jvm-overhead.max=429496736b
2025-08-11 06:44:19,343 INFO  org.apache.flink.runtime.taskexecutor.TaskManagerRunner      [] -  Classpath: /workspace/flink-setup/flink/lib/flink-cep-1.17.0.jar:/workspace/flink-setup/flink/lib/flink-connector-files-1.17.0.jar:/workspace/flink-setup/flink/lib/flink-csv-1.17.0.jar:/workspace/flink-setup/flink/lib/flink-json-1.17.0.jar:/workspace/flink-setup/flink/lib/flink-scala_2.12-1.17.0.jar:/workspace/flink-setup/flink/lib/flink-table-api-java-uber-1.17.0.jar:/workspace/flink-setup/flink/lib/flink-table-planner-loader-1.17.0.jar:/workspace/flink-setup/flink/lib/flink-table-runtime-1.17.0.jar:/workspace/flink-setup/flink/lib/log4j-1.2-api-2.17.1.jar:/workspace/flink-setup/flink/lib/log4j-api-2.17.1.jar:/workspace/flink-setup/flink/lib/log4j-core-2.17.1.jar:/workspace/flink-setup/flink/lib/log4j-slf4j-impl-2.17.1.jar:/workspace/flink-setup/flink/lib/flink-dist-1.17.0.jar::::
2025-08-11 06:44:19,343 INFO  org.apache.flink.runtime.taskexecutor.TaskManagerRunner      [] - --------------------------------------------------------------------------------
2025-08-11 06:44:19,344 INFO  org.apache.flink.runtime.taskexecutor.TaskManagerRunner      [] - Registered UNIX signal handlers for [TERM, HUP, INT]
2025-08-11 06:44:19,346 INFO  org.apache.flink.runtime.taskexecutor.TaskManagerRunner      [] - Maximum number of open file descriptors is 1048576.
2025-08-11 06:44:19,354 INFO  org.apache.flink.configuration.GlobalConfiguration           [] - Loading configuration property: taskmanager.memory.process.size, 4096m
2025-08-11 06:44:19,354 INFO  org.apache.flink.configuration.GlobalConfiguration           [] - Loading configuration property: env.java.opts.jobmanager, -Dfile.encoding=UTF-8 -Dsun.jnu.encoding=UTF-8
2025-08-11 06:44:19,354 INFO  org.apache.flink.configuration.GlobalConfiguration           [] - Loading configuration property: taskmanager.bind-host, localhost
2025-08-11 06:44:19,354 INFO  org.apache.flink.configuration.GlobalConfiguration           [] - Loading configuration property: env.java.opts, -Dfile.encoding=UTF-8 -Dsun.jnu.encoding=UTF-8
2025-08-11 06:44:19,354 INFO  org.apache.flink.configuration.GlobalConfiguration           [] - Loading configuration property: jobmanager.rpc.address, localhost
2025-08-11 06:44:19,354 INFO  org.apache.flink.configuration.GlobalConfiguration           [] - Loading configuration property: jobmanager.memory.process.size, 2048m
2025-08-11 06:44:19,354 INFO  org.apache.flink.configuration.GlobalConfiguration           [] - Loading configuration property: jobmanager.rpc.port, 6123
2025-08-11 06:44:19,354 INFO  org.apache.flink.configuration.GlobalConfiguration           [] - Loading configuration property: rest.bind-address, 0.0.0.0
2025-08-11 06:44:19,355 INFO  org.apache.flink.configuration.GlobalConfiguration           [] - Loading configuration property: rest.port, 8081
2025-08-11 06:44:19,355 INFO  org.apache.flink.configuration.GlobalConfiguration           [] - Loading configuration property: execution.checkpointing.interval, 30s
2025-08-11 06:44:19,355 INFO  org.apache.flink.configuration.GlobalConfiguration           [] - Loading configuration property: jobmanager.bind-host, localhost
2025-08-11 06:44:19,355 INFO  org.apache.flink.configuration.GlobalConfiguration           [] - Loading configuration property: parallelism.default, 1
2025-08-11 06:44:19,355 INFO  org.apache.flink.configuration.GlobalConfiguration           [] - Loading configuration property: taskmanager.numberOfTaskSlots, 4
2025-08-11 06:44:19,355 INFO  org.apache.flink.configuration.GlobalConfiguration           [] - Loading configuration property: taskmanager.memory.managed.fraction, 0.4
2025-08-11 06:44:19,355 INFO  org.apache.flink.configuration.GlobalConfiguration           [] - Loading configuration property: rest.address, 0.0.0.0
2025-08-11 06:44:19,355 INFO  org.apache.flink.configuration.GlobalConfiguration           [] - Loading configuration property: cluster.evenly-spread-out-slots, true
2025-08-11 06:44:19,356 INFO  org.apache.flink.configuration.GlobalConfiguration           [] - Loading configuration property: state.backend, filesystem
2025-08-11 06:44:19,356 INFO  org.apache.flink.configuration.GlobalConfiguration           [] - Loading configuration property: execution.checkpointing.min-pause, 5s
2025-08-11 06:44:19,356 INFO  org.apache.flink.configuration.GlobalConfiguration           [] - Loading configuration property: jobmanager.memory.jvm-metaspace.size, 256m
2025-08-11 06:44:19,356 INFO  org.apache.flink.configuration.GlobalConfiguration           [] - Loading configuration property: env.java.opts.taskmanager, -Dfile.encoding=UTF-8 -Dsun.jnu.encoding=UTF-8
2025-08-11 06:44:19,356 INFO  org.apache.flink.configuration.GlobalConfiguration           [] - Loading configuration property: state.checkpoints.dir, file:///workspace/logs/flink-checkpoints
2025-08-11 06:44:19,356 INFO  org.apache.flink.configuration.GlobalConfiguration           [] - Loading dynamic configuration property: taskmanager.memory.network.min, 359703515b
2025-08-11 06:44:19,356 INFO  org.apache.flink.configuration.GlobalConfiguration           [] - Loading dynamic configuration property: taskmanager.memory.jvm-metaspace.size, 268435456b
2025-08-11 06:44:19,356 INFO  org.apache.flink.configuration.GlobalConfiguration           [] - Loading dynamic configuration property: taskmanager.memory.task.off-heap.size, 0b
2025-08-11 06:44:19,356 INFO  org.apache.flink.configuration.GlobalConfiguration           [] - Loading dynamic configuration property: taskmanager.cpu.cores, 4.0
2025-08-11 06:44:19,356 INFO  org.apache.flink.configuration.GlobalConfiguration           [] - Loading dynamic configuration property: external-resources, none
2025-08-11 06:44:19,356 INFO  org.apache.flink.configuration.GlobalConfiguration           [] - Loading dynamic configuration property: taskmanager.memory.jvm-overhead.min, 429496736b
2025-08-11 06:44:19,356 INFO  org.apache.flink.configuration.GlobalConfiguration           [] - Loading dynamic configuration property: taskmanager.memory.framework.off-heap.size, 134217728b
2025-08-11 06:44:19,356 INFO  org.apache.flink.configuration.GlobalConfiguration           [] - Loading dynamic configuration property: taskmanager.memory.network.max, 359703515b
2025-08-11 06:44:19,356 INFO  org.apache.flink.configuration.GlobalConfiguration           [] - Loading dynamic configuration property: taskmanager.memory.framework.heap.size, 134217728b
2025-08-11 06:44:19,356 INFO  org.apache.flink.configuration.GlobalConfiguration           [] - Loading dynamic configuration property: taskmanager.memory.managed.size, 1438814063b
2025-08-11 06:44:19,356 INFO  org.apache.flink.configuration.GlobalConfiguration           [] - Loading dynamic configuration property: taskmanager.memory.task.heap.size, 1530082070b
2025-08-11 06:44:19,357 INFO  org.apache.flink.configuration.GlobalConfiguration           [] - Loading dynamic configuration property: taskmanager.numberOfTaskSlots, 4
2025-08-11 06:44:19,357 INFO  org.apache.flink.configuration.GlobalConfiguration           [] - Loading dynamic configuration property: taskmanager.memory.jvm-overhead.max, 429496736b
2025-08-11 06:44:19,394 INFO  org.apache.flink.core.fs.FileSystem                          [] - Hadoop is not in the classpath/dependencies. The extended set of supported File Systems via Hadoop is not available.
2025-08-11 06:44:19,408 INFO  org.apache.flink.core.plugin.DefaultPluginManager            [] - Plugin loader with ID not found, creating it: metrics-prometheus
2025-08-11 06:44:19,413 INFO  org.apache.flink.core.plugin.DefaultPluginManager            [] - Plugin loader with ID not found, creating it: metrics-slf4j
2025-08-11 06:44:19,413 INFO  org.apache.flink.core.plugin.DefaultPluginManager            [] - Plugin loader with ID not found, creating it: metrics-influx
2025-08-11 06:44:19,414 INFO  org.apache.flink.core.plugin.DefaultPluginManager            [] - Plugin loader with ID not found, creating it: metrics-datadog
2025-08-11 06:44:19,414 INFO  org.apache.flink.core.plugin.DefaultPluginManager            [] - Plugin loader with ID not found, creating it: external-resource-gpu
2025-08-11 06:44:19,414 INFO  org.apache.flink.core.plugin.DefaultPluginManager            [] - Plugin loader with ID not found, creating it: metrics-graphite
2025-08-11 06:44:19,414 INFO  org.apache.flink.core.plugin.DefaultPluginManager            [] - Plugin loader with ID not found, creating it: metrics-statsd
2025-08-11 06:44:19,414 INFO  org.apache.flink.core.plugin.DefaultPluginManager            [] - Plugin loader with ID not found, creating it: metrics-jmx
2025-08-11 06:44:19,432 INFO  org.apache.flink.runtime.state.changelog.StateChangelogStorageLoader [] - StateChangelogStorageLoader initialized with shortcut names {memory,filesystem}.
2025-08-11 06:44:19,432 INFO  org.apache.flink.core.plugin.DefaultPluginManager            [] - Plugin loader with ID found, reusing it: metrics-prometheus
2025-08-11 06:44:19,433 INFO  org.apache.flink.core.plugin.DefaultPluginManager            [] - Plugin loader with ID found, reusing it: metrics-slf4j
2025-08-11 06:44:19,433 INFO  org.apache.flink.core.plugin.DefaultPluginManager            [] - Plugin loader with ID found, reusing it: metrics-influx
2025-08-11 06:44:19,433 INFO  org.apache.flink.core.plugin.DefaultPluginManager            [] - Plugin loader with ID found, reusing it: metrics-datadog
2025-08-11 06:44:19,433 INFO  org.apache.flink.core.plugin.DefaultPluginManager            [] - Plugin loader with ID found, reusing it: external-resource-gpu
2025-08-11 06:44:19,433 INFO  org.apache.flink.core.plugin.DefaultPluginManager            [] - Plugin loader with ID found, reusing it: metrics-graphite
2025-08-11 06:44:19,433 INFO  org.apache.flink.core.plugin.DefaultPluginManager            [] - Plugin loader with ID found, reusing it: metrics-statsd
2025-08-11 06:44:19,433 INFO  org.apache.flink.core.plugin.DefaultPluginManager            [] - Plugin loader with ID found, reusing it: metrics-jmx
2025-08-11 06:44:19,435 INFO  org.apache.flink.runtime.state.changelog.StateChangelogStorageLoader [] - StateChangelogStorageLoader initialized with shortcut names {memory,filesystem}.
2025-08-11 06:44:19,450 INFO  org.apache.flink.runtime.security.modules.HadoopModuleFactory [] - Cannot create Hadoop Security Module because Hadoop cannot be found in the Classpath.
2025-08-11 06:44:19,464 INFO  org.apache.flink.runtime.security.modules.JaasModule         [] - Jaas file will be created as /tmp/jaas-3784104945952569872.conf.
2025-08-11 06:44:19,470 INFO  org.apache.flink.runtime.security.contexts.HadoopSecurityContextFactory [] - Cannot install HadoopSecurityContext because Hadoop cannot be found in the Classpath.
2025-08-11 06:44:19,836 INFO  org.apache.flink.runtime.util.LeaderRetrievalUtils           [] - Trying to select the network interface and address to use by connecting to the leading JobManager.
2025-08-11 06:44:19,836 INFO  org.apache.flink.runtime.util.LeaderRetrievalUtils           [] - TaskManager will try to connect for PT10S before falling back to heuristics
2025-08-11 06:44:20,073 INFO  org.apache.flink.runtime.taskexecutor.TaskManagerRunner      [] - TaskManager will use hostname/address 'gpu02' (127.0.0.1) for communication.
2025-08-11 06:44:20,107 INFO  org.apache.flink.runtime.rpc.akka.AkkaRpcServiceUtils        [] - Trying to start actor system, external address 127.0.0.1:0, bind address localhost:0.
2025-08-11 06:44:20,643 INFO  akka.event.slf4j.Slf4jLogger                                 [] - Slf4jLogger started
2025-08-11 06:44:20,676 INFO  akka.remote.RemoteActorRefProvider                           [] - Akka Cluster not in use - enabling unsafe features anyway because `akka.remote.use-unsafe-remote-features-outside-cluster` has been enabled.
2025-08-11 06:44:20,677 INFO  akka.remote.Remoting                                         [] - Starting remoting
2025-08-11 06:44:20,834 INFO  akka.remote.Remoting                                         [] - Remoting started; listening on addresses :[akka.tcp://flink@127.0.0.1:12873]
2025-08-11 06:44:20,950 INFO  org.apache.flink.runtime.rpc.akka.AkkaRpcServiceUtils        [] - Actor system started at akka.tcp://flink@127.0.0.1:12873
2025-08-11 06:44:20,967 INFO  org.apache.flink.runtime.taskexecutor.TaskManagerRunner      [] - Using working directory: WorkingDirectory(/tmp/tm_127.0.0.1:12873-d84309)
2025-08-11 06:44:20,974 INFO  org.apache.flink.runtime.metrics.MetricRegistryImpl          [] - No metrics reporter configured, no metrics will be exposed/reported.
2025-08-11 06:44:20,977 INFO  org.apache.flink.runtime.rpc.akka.AkkaRpcServiceUtils        [] - Trying to start actor system, external address 127.0.0.1:0, bind address localhost:0.
2025-08-11 06:44:20,998 INFO  akka.event.slf4j.Slf4jLogger                                 [] - Slf4jLogger started
2025-08-11 06:44:21,003 INFO  akka.remote.RemoteActorRefProvider                           [] - Akka Cluster not in use - enabling unsafe features anyway because `akka.remote.use-unsafe-remote-features-outside-cluster` has been enabled.
2025-08-11 06:44:21,004 INFO  akka.remote.Remoting                                         [] - Starting remoting
2025-08-11 06:44:21,026 INFO  akka.remote.Remoting                                         [] - Remoting started; listening on addresses :[akka.tcp://flink-metrics@127.0.0.1:27563]
2025-08-11 06:44:21,039 INFO  org.apache.flink.runtime.rpc.akka.AkkaRpcServiceUtils        [] - Actor system started at akka.tcp://flink-metrics@127.0.0.1:27563
2025-08-11 06:44:21,053 INFO  org.apache.flink.runtime.rpc.akka.AkkaRpcService             [] - Starting RPC endpoint for org.apache.flink.runtime.metrics.dump.MetricQueryService at akka://flink-metrics/user/rpc/MetricQueryService_127.0.0.1:12873-d84309 .
2025-08-11 06:44:21,066 INFO  org.apache.flink.runtime.blob.PermanentBlobCache             [] - Created BLOB cache storage directory /tmp/tm_127.0.0.1:12873-d84309/blobStorage
2025-08-11 06:44:21,070 INFO  org.apache.flink.runtime.blob.TransientBlobCache             [] - Created BLOB cache storage directory /tmp/tm_127.0.0.1:12873-d84309/blobStorage
2025-08-11 06:44:21,074 INFO  org.apache.flink.runtime.externalresource.ExternalResourceUtils [] - Enabled external resources: []
2025-08-11 06:44:21,074 INFO  org.apache.flink.runtime.security.token.DelegationTokenReceiverRepository [] - Loading delegation token receivers
2025-08-11 06:44:21,078 INFO  org.apache.flink.runtime.security.token.DelegationTokenReceiverRepository [] - Delegation token receiver hadoopfs loaded and initialized
2025-08-11 06:44:21,079 INFO  org.apache.flink.runtime.security.token.DelegationTokenReceiverRepository [] - Delegation token receiver hbase loaded and initialized
2025-08-11 06:44:21,079 INFO  org.apache.flink.core.plugin.DefaultPluginManager            [] - Plugin loader with ID found, reusing it: metrics-prometheus
2025-08-11 06:44:21,079 INFO  org.apache.flink.core.plugin.DefaultPluginManager            [] - Plugin loader with ID found, reusing it: metrics-slf4j
2025-08-11 06:44:21,079 INFO  org.apache.flink.core.plugin.DefaultPluginManager            [] - Plugin loader with ID found, reusing it: metrics-influx
2025-08-11 06:44:21,079 INFO  org.apache.flink.core.plugin.DefaultPluginManager            [] - Plugin loader with ID found, reusing it: metrics-datadog
2025-08-11 06:44:21,079 INFO  org.apache.flink.core.plugin.DefaultPluginManager            [] - Plugin loader with ID found, reusing it: external-resource-gpu
2025-08-11 06:44:21,079 INFO  org.apache.flink.core.plugin.DefaultPluginManager            [] - Plugin loader with ID found, reusing it: metrics-graphite
2025-08-11 06:44:21,079 INFO  org.apache.flink.core.plugin.DefaultPluginManager            [] - Plugin loader with ID found, reusing it: metrics-statsd
2025-08-11 06:44:21,079 INFO  org.apache.flink.core.plugin.DefaultPluginManager            [] - Plugin loader with ID found, reusing it: metrics-jmx
2025-08-11 06:44:21,079 INFO  org.apache.flink.runtime.security.token.DelegationTokenReceiverRepository [] - Delegation token receivers loaded successfully
2025-08-11 06:44:21,079 INFO  org.apache.flink.runtime.taskexecutor.TaskManagerRunner      [] - Starting TaskManager with ResourceID: 127.0.0.1:12873-d84309
2025-08-11 06:44:21,095 INFO  org.apache.flink.runtime.taskexecutor.TaskManagerServices    [] - Temporary file directory '/tmp': total 1758 GB, usable 31 GB (1.76% usable)
2025-08-11 06:44:21,098 INFO  org.apache.flink.runtime.io.disk.iomanager.IOManager         [] - Created a new FileChannelManager for spilling of task related data to disk (joins, sorting, ...). Used directories:
	/tmp/flink-io-d7bbcadc-2457-4b58-a251-f9cc8b2020e9
2025-08-11 06:44:21,105 INFO  org.apache.flink.runtime.io.network.netty.NettyConfig        [] - NettyConfig [server address: localhost/127.0.0.1, server port: 0, ssl enabled: false, memory segment size (bytes): 32768, transport type: AUTO, number of server threads: 4 (manual), number of client threads: 4 (manual), server connect backlog: 0 (use Netty's default), client connect timeout (sec): 120, send/receive buffer size (bytes): 0 (use Netty's default)]
2025-08-11 06:44:21,158 INFO  org.apache.flink.runtime.io.network.NettyShuffleServiceFactory [] - Created a new FileChannelManager for storing result partitions of BLOCKING shuffles. Used directories:
	/tmp/flink-netty-shuffle-defdcb91-3d49-46e7-8889-4ef342217d48
2025-08-11 06:44:21,361 INFO  org.apache.flink.runtime.io.network.buffer.NetworkBufferPool [] - Allocated 343 MB for network buffer pool (number of memory segments: 10977, bytes per segment: 32768).
2025-08-11 06:44:21,374 INFO  org.apache.flink.runtime.io.network.NettyShuffleEnvironment  [] - Starting the network environment and its components.
2025-08-11 06:44:21,423 INFO  org.apache.flink.runtime.io.network.netty.NettyClient        [] - Transport type 'auto': using EPOLL.
2025-08-11 06:44:21,424 INFO  org.apache.flink.runtime.io.network.netty.NettyClient        [] - Successful initialization (took 49 ms).
2025-08-11 06:44:21,429 INFO  org.apache.flink.runtime.io.network.netty.NettyServer        [] - Transport type 'auto': using EPOLL.
2025-08-11 06:44:21,485 INFO  org.apache.flink.runtime.io.network.netty.NettyServer        [] - Successful initialization (took 59 ms). Listening on SocketAddress /127.0.0.1:32341.
2025-08-11 06:44:21,501 INFO  org.apache.flink.runtime.taskexecutor.KvStateService         [] - Starting the kvState service and its components.
2025-08-11 06:44:21,531 INFO  org.apache.flink.runtime.rpc.akka.AkkaRpcService             [] - Starting RPC endpoint for org.apache.flink.runtime.taskexecutor.TaskExecutor at akka://flink/user/rpc/taskmanager_0 .
2025-08-11 06:44:21,549 INFO  org.apache.flink.runtime.taskexecutor.DefaultJobLeaderService [] - Start job leader service.
2025-08-11 06:44:21,551 INFO  org.apache.flink.runtime.filecache.FileCache                 [] - User file cache uses directory /tmp/flink-dist-cache-2a6ba923-7e66-4da2-876c-5cb1315e5ffe
2025-08-11 06:44:21,555 INFO  org.apache.flink.runtime.taskexecutor.TaskExecutor           [] - Connecting to ResourceManager akka.tcp://flink@localhost:6123/user/rpc/resourcemanager_*(00000000000000000000000000000000).
2025-08-11 06:44:21,775 INFO  org.apache.flink.runtime.taskexecutor.TaskExecutor           [] - Resolved ResourceManager address, beginning registration
2025-08-11 06:44:21,895 INFO  org.apache.flink.runtime.taskexecutor.TaskExecutor           [] - Successful registration at resource manager akka.tcp://flink@localhost:6123/user/rpc/resourcemanager_* under registration id 9180752bb0b773edc3d737dd74b7341b.
2025-08-11 06:44:30,194 INFO  org.apache.flink.runtime.taskexecutor.TaskExecutor           [] - Receive slot request 9629ce528b6bf91579eb79879b840d44 for job 73244e796879bd1cbc9fd64077248998 from resource manager with leader id 00000000000000000000000000000000.
2025-08-11 06:44:30,199 INFO  org.apache.flink.runtime.taskexecutor.TaskExecutor           [] - Allocated slot for 9629ce528b6bf91579eb79879b840d44.
2025-08-11 06:44:30,200 INFO  org.apache.flink.runtime.taskexecutor.DefaultJobLeaderService [] - Add job 73244e796879bd1cbc9fd64077248998 for job leader monitoring.
2025-08-11 06:44:30,202 INFO  org.apache.flink.runtime.taskexecutor.DefaultJobLeaderService [] - Try to register at job manager akka.tcp://flink@localhost:6123/user/rpc/jobmanager_2 with leader id 00000000-0000-0000-0000-000000000000.
2025-08-11 06:44:30,209 INFO  org.apache.flink.runtime.taskexecutor.TaskExecutor           [] - Receive slot request 4dd5aeff732fdfef5f814ee74de50db4 for job 73244e796879bd1cbc9fd64077248998 from resource manager with leader id 00000000000000000000000000000000.
2025-08-11 06:44:30,209 INFO  org.apache.flink.runtime.taskexecutor.TaskExecutor           [] - Allocated slot for 4dd5aeff732fdfef5f814ee74de50db4.
2025-08-11 06:44:30,212 INFO  org.apache.flink.runtime.taskexecutor.TaskExecutor           [] - Receive slot request 23d8ffc330692a3162f2984dc9f7a48c for job 73244e796879bd1cbc9fd64077248998 from resource manager with leader id 00000000000000000000000000000000.
2025-08-11 06:44:30,213 INFO  org.apache.flink.runtime.taskexecutor.TaskExecutor           [] - Allocated slot for 23d8ffc330692a3162f2984dc9f7a48c.
2025-08-11 06:44:30,226 INFO  org.apache.flink.runtime.taskexecutor.DefaultJobLeaderService [] - Resolved JobManager address, beginning registration
2025-08-11 06:44:30,260 INFO  org.apache.flink.runtime.taskexecutor.DefaultJobLeaderService [] - Successful registration at job manager akka.tcp://flink@localhost:6123/user/rpc/jobmanager_2 for job 73244e796879bd1cbc9fd64077248998.
2025-08-11 06:44:30,261 INFO  org.apache.flink.runtime.taskexecutor.TaskExecutor           [] - Establish JobManager connection for job 73244e796879bd1cbc9fd64077248998.
2025-08-11 06:44:30,263 INFO  org.apache.flink.runtime.taskexecutor.TaskExecutor           [] - Offer reserved slots to the leader of job 73244e796879bd1cbc9fd64077248998.
2025-08-11 06:44:30,318 INFO  org.apache.flink.runtime.taskexecutor.slot.TaskSlotTableImpl [] - Activate slot 23d8ffc330692a3162f2984dc9f7a48c.
2025-08-11 06:44:30,337 INFO  org.apache.flink.runtime.state.changelog.StateChangelogStorageLoader [] - Creating a changelog storage with name 'memory'.
2025-08-11 06:44:30,344 INFO  org.apache.flink.runtime.state.TaskExecutorChannelStateExecutorFactoryManager [] - Creating the channel state executor factory for job id 73244e796879bd1cbc9fd64077248998
2025-08-11 06:44:30,353 INFO  org.apache.flink.runtime.taskexecutor.TaskExecutor           [] - Received task Source: Request Source (1/1)#0 (0242f56c71b5ea6998a94e371d988e30_bc764cd8ddf7a0cff126f51c16239658_0_0), deploy into slot with allocation id 23d8ffc330692a3162f2984dc9f7a48c.
2025-08-11 06:44:30,355 INFO  org.apache.flink.runtime.taskmanager.Task                    [] - Source: Request Source (1/1)#0 (0242f56c71b5ea6998a94e371d988e30_bc764cd8ddf7a0cff126f51c16239658_0_0) switched from CREATED to DEPLOYING.
2025-08-11 06:44:30,356 INFO  org.apache.flink.runtime.taskexecutor.slot.TaskSlotTableImpl [] - Activate slot 23d8ffc330692a3162f2984dc9f7a48c.
2025-08-11 06:44:30,363 INFO  org.apache.flink.runtime.taskmanager.Task                    [] - Loading JAR files for task Source: Request Source (1/1)#0 (0242f56c71b5ea6998a94e371d988e30_bc764cd8ddf7a0cff126f51c16239658_0_0) [DEPLOYING].
2025-08-11 06:44:30,366 INFO  org.apache.flink.runtime.blob.BlobClient                     [] - Downloading 73244e796879bd1cbc9fd64077248998/p-71a76122b226b5d51f2fd53accac627c4c016fb9-efa22e11deabe5f9b3026ff86fbd5ee4 from localhost/127.0.0.1:16205
2025-08-11 06:44:30,375 INFO  org.apache.flink.runtime.taskexecutor.TaskExecutor           [] - Received task Multi-GPU Inference Processor -> Sink: Multi-GPU Monitor Sink (1/3)#0 (0242f56c71b5ea6998a94e371d988e30_20ba6b65f97481d5570070de90e4e791_0_0), deploy into slot with allocation id 23d8ffc330692a3162f2984dc9f7a48c.
2025-08-11 06:44:30,376 INFO  org.apache.flink.runtime.taskexecutor.slot.TaskSlotTableImpl [] - Activate slot 9629ce528b6bf91579eb79879b840d44.
2025-08-11 06:44:30,377 INFO  org.apache.flink.runtime.taskmanager.Task                    [] - Multi-GPU Inference Processor -> Sink: Multi-GPU Monitor Sink (1/3)#0 (0242f56c71b5ea6998a94e371d988e30_20ba6b65f97481d5570070de90e4e791_0_0) switched from CREATED to DEPLOYING.
2025-08-11 06:44:30,378 INFO  org.apache.flink.runtime.taskmanager.Task                    [] - Loading JAR files for task Multi-GPU Inference Processor -> Sink: Multi-GPU Monitor Sink (1/3)#0 (0242f56c71b5ea6998a94e371d988e30_20ba6b65f97481d5570070de90e4e791_0_0) [DEPLOYING].
2025-08-11 06:44:30,381 INFO  org.apache.flink.runtime.taskexecutor.TaskExecutor           [] - Received task Multi-GPU Inference Processor -> Sink: Multi-GPU Monitor Sink (2/3)#0 (0242f56c71b5ea6998a94e371d988e30_20ba6b65f97481d5570070de90e4e791_1_0), deploy into slot with allocation id 9629ce528b6bf91579eb79879b840d44.
2025-08-11 06:44:30,382 INFO  org.apache.flink.runtime.taskexecutor.slot.TaskSlotTableImpl [] - Activate slot 4dd5aeff732fdfef5f814ee74de50db4.
2025-08-11 06:44:30,382 INFO  org.apache.flink.runtime.taskmanager.Task                    [] - Multi-GPU Inference Processor -> Sink: Multi-GPU Monitor Sink (2/3)#0 (0242f56c71b5ea6998a94e371d988e30_20ba6b65f97481d5570070de90e4e791_1_0) switched from CREATED to DEPLOYING.
2025-08-11 06:44:30,384 INFO  org.apache.flink.runtime.taskmanager.Task                    [] - Loading JAR files for task Multi-GPU Inference Processor -> Sink: Multi-GPU Monitor Sink (2/3)#0 (0242f56c71b5ea6998a94e371d988e30_20ba6b65f97481d5570070de90e4e791_1_0) [DEPLOYING].
2025-08-11 06:44:30,386 INFO  org.apache.flink.runtime.taskexecutor.TaskExecutor           [] - Received task Multi-GPU Inference Processor -> Sink: Multi-GPU Monitor Sink (3/3)#0 (0242f56c71b5ea6998a94e371d988e30_20ba6b65f97481d5570070de90e4e791_2_0), deploy into slot with allocation id 4dd5aeff732fdfef5f814ee74de50db4.
2025-08-11 06:44:30,387 INFO  org.apache.flink.runtime.taskmanager.Task                    [] - Multi-GPU Inference Processor -> Sink: Multi-GPU Monitor Sink (3/3)#0 (0242f56c71b5ea6998a94e371d988e30_20ba6b65f97481d5570070de90e4e791_2_0) switched from CREATED to DEPLOYING.
2025-08-11 06:44:30,387 INFO  org.apache.flink.runtime.taskexecutor.slot.TaskSlotTableImpl [] - Activate slot 9629ce528b6bf91579eb79879b840d44.
2025-08-11 06:44:30,388 INFO  org.apache.flink.runtime.taskexecutor.slot.TaskSlotTableImpl [] - Activate slot 4dd5aeff732fdfef5f814ee74de50db4.
2025-08-11 06:44:30,388 INFO  org.apache.flink.runtime.taskexecutor.slot.TaskSlotTableImpl [] - Activate slot 23d8ffc330692a3162f2984dc9f7a48c.
2025-08-11 06:44:30,388 INFO  org.apache.flink.runtime.taskmanager.Task                    [] - Loading JAR files for task Multi-GPU Inference Processor -> Sink: Multi-GPU Monitor Sink (3/3)#0 (0242f56c71b5ea6998a94e371d988e30_20ba6b65f97481d5570070de90e4e791_2_0) [DEPLOYING].
2025-08-11 06:44:30,476 INFO  org.apache.flink.streaming.runtime.tasks.StreamTask          [] - Using job/cluster config to configure application-defined state backend: org.apache.flink.runtime.state.hashmap.HashMapStateBackend@1d2a801b
2025-08-11 06:44:30,476 INFO  org.apache.flink.streaming.runtime.tasks.StreamTask          [] - Using job/cluster config to configure application-defined state backend: org.apache.flink.runtime.state.hashmap.HashMapStateBackend@982ca76
2025-08-11 06:44:30,476 INFO  org.apache.flink.streaming.runtime.tasks.StreamTask          [] - Using job/cluster config to configure application-defined state backend: org.apache.flink.runtime.state.hashmap.HashMapStateBackend@61af813c
2025-08-11 06:44:30,476 INFO  org.apache.flink.streaming.runtime.tasks.StreamTask          [] - Using job/cluster config to configure application-defined state backend: org.apache.flink.runtime.state.hashmap.HashMapStateBackend@13611b4d
2025-08-11 06:44:30,478 INFO  org.apache.flink.streaming.runtime.tasks.StreamTask          [] - Using application-defined state backend: org.apache.flink.runtime.state.hashmap.HashMapStateBackend@7075735d
2025-08-11 06:44:30,478 INFO  org.apache.flink.streaming.runtime.tasks.StreamTask          [] - Using application-defined state backend: org.apache.flink.runtime.state.hashmap.HashMapStateBackend@5429fb36
2025-08-11 06:44:30,478 INFO  org.apache.flink.streaming.runtime.tasks.StreamTask          [] - Using application-defined state backend: org.apache.flink.runtime.state.hashmap.HashMapStateBackend@441fcc6d
2025-08-11 06:44:30,478 INFO  org.apache.flink.streaming.runtime.tasks.StreamTask          [] - Using application-defined state backend: org.apache.flink.runtime.state.hashmap.HashMapStateBackend@23199260
2025-08-11 06:44:30,478 INFO  org.apache.flink.runtime.state.StateBackendLoader            [] - State backend loader loads the state backend as HashMapStateBackend
2025-08-11 06:44:30,478 INFO  org.apache.flink.runtime.state.StateBackendLoader            [] - State backend loader loads the state backend as HashMapStateBackend
2025-08-11 06:44:30,478 INFO  org.apache.flink.runtime.state.StateBackendLoader            [] - State backend loader loads the state backend as HashMapStateBackend
2025-08-11 06:44:30,478 INFO  org.apache.flink.runtime.state.StateBackendLoader            [] - State backend loader loads the state backend as HashMapStateBackend
2025-08-11 06:44:30,487 INFO  org.apache.flink.streaming.runtime.tasks.StreamTask          [] - Using job/cluster config to configure application-defined checkpoint storage: org.apache.flink.runtime.state.storage.FileSystemCheckpointStorage@200dd9d5
2025-08-11 06:44:30,487 INFO  org.apache.flink.streaming.runtime.tasks.StreamTask          [] - Using job/cluster config to configure application-defined checkpoint storage: org.apache.flink.runtime.state.storage.FileSystemCheckpointStorage@200dd9d5
2025-08-11 06:44:30,487 INFO  org.apache.flink.streaming.runtime.tasks.StreamTask          [] - Using job/cluster config to configure application-defined checkpoint storage: org.apache.flink.runtime.state.storage.FileSystemCheckpointStorage@200dd9d5
2025-08-11 06:44:30,487 INFO  org.apache.flink.streaming.runtime.tasks.StreamTask          [] - Using job/cluster config to configure application-defined checkpoint storage: org.apache.flink.runtime.state.storage.FileSystemCheckpointStorage@200dd9d5
2025-08-11 06:44:30,502 INFO  org.apache.flink.runtime.taskmanager.Task                    [] - Multi-GPU Inference Processor -> Sink: Multi-GPU Monitor Sink (3/3)#0 (0242f56c71b5ea6998a94e371d988e30_20ba6b65f97481d5570070de90e4e791_2_0) switched from DEPLOYING to INITIALIZING.
2025-08-11 06:44:30,502 INFO  org.apache.flink.runtime.taskmanager.Task                    [] - Multi-GPU Inference Processor -> Sink: Multi-GPU Monitor Sink (2/3)#0 (0242f56c71b5ea6998a94e371d988e30_20ba6b65f97481d5570070de90e4e791_1_0) switched from DEPLOYING to INITIALIZING.
2025-08-11 06:44:30,502 INFO  org.apache.flink.runtime.taskmanager.Task                    [] - Multi-GPU Inference Processor -> Sink: Multi-GPU Monitor Sink (1/3)#0 (0242f56c71b5ea6998a94e371d988e30_20ba6b65f97481d5570070de90e4e791_0_0) switched from DEPLOYING to INITIALIZING.
2025-08-11 06:44:30,504 INFO  org.apache.flink.runtime.taskmanager.Task                    [] - Source: Request Source (1/1)#0 (0242f56c71b5ea6998a94e371d988e30_bc764cd8ddf7a0cff126f51c16239658_0_0) switched from DEPLOYING to INITIALIZING.
2025-08-11 06:44:30,614 INFO  org.apache.flink.runtime.taskmanager.Task                    [] - Source: Request Source (1/1)#0 (0242f56c71b5ea6998a94e371d988e30_bc764cd8ddf7a0cff126f51c16239658_0_0) switched from INITIALIZING to RUNNING.
2025-08-11 06:44:30,619 INFO  com.infertuner.processor.MultiGPUInferenceProcessor          [] - Task 2 启动，绑定到 GPU 2
2025-08-11 06:44:30,619 INFO  com.infertuner.processor.MultiGPUInferenceProcessor          [] - Task 1 启动，绑定到 GPU 1
2025-08-11 06:44:30,619 INFO  com.infertuner.processor.MultiGPUInferenceProcessor          [] - Task 0 启动，绑定到 GPU 0
2025-08-11 06:44:30,620 INFO  com.infertuner.source.SimpleRequestSource                    [] - 开始生成 50 个测试请求，间隔 500ms
2025-08-11 06:44:30,624 INFO  com.infertuner.source.SimpleRequestSource                    [] - 生成请求 1/50: req_000
2025-08-11 06:44:30,725 INFO  com.infertuner.processor.MultiGPUInferenceProcessor          [] - 启动 GPU 2 推理服务...
2025-08-11 06:44:30,725 INFO  com.infertuner.processor.MultiGPUInferenceProcessor          [] - 启动 GPU 0 推理服务...
2025-08-11 06:44:30,725 INFO  com.infertuner.processor.MultiGPUInferenceProcessor          [] - 启动 GPU 1 推理服务...
2025-08-11 06:44:30,731 INFO  com.infertuner.processor.MultiGPUInferenceProcessor          [] - 等待 GPU 2 服务初始化...
2025-08-11 06:44:30,731 INFO  com.infertuner.processor.MultiGPUInferenceProcessor          [] - 等待 GPU 1 服务初始化...
2025-08-11 06:44:30,732 INFO  com.infertuner.processor.MultiGPUInferenceProcessor          [] - 等待 GPU 0 服务初始化...
2025-08-11 06:44:31,125 INFO  com.infertuner.source.SimpleRequestSource                    [] - 生成请求 2/50: req_001
2025-08-11 06:44:31,627 INFO  com.infertuner.source.SimpleRequestSource                    [] - 生成请求 3/50: req_002
2025-08-11 06:44:32,128 INFO  com.infertuner.source.SimpleRequestSource                    [] - 生成请求 4/50: req_003
2025-08-11 06:44:32,629 INFO  com.infertuner.source.SimpleRequestSource                    [] - 生成请求 5/50: req_004
2025-08-11 06:44:33,130 INFO  com.infertuner.source.SimpleRequestSource                    [] - 生成请求 6/50: req_005
2025-08-11 06:44:33,630 INFO  com.infertuner.source.SimpleRequestSource                    [] - 生成请求 7/50: req_006
2025-08-11 06:44:34,131 INFO  com.infertuner.source.SimpleRequestSource                    [] - 生成请求 8/50: req_007
2025-08-11 06:44:34,632 INFO  com.infertuner.source.SimpleRequestSource                    [] - 生成请求 9/50: req_008
2025-08-11 06:44:35,133 INFO  com.infertuner.source.SimpleRequestSource                    [] - 生成请求 10/50: req_009
2025-08-11 06:44:35,633 INFO  com.infertuner.source.SimpleRequestSource                    [] - 生成请求 11/50: req_010
2025-08-11 06:44:36,134 INFO  com.infertuner.source.SimpleRequestSource                    [] - 生成请求 12/50: req_011
2025-08-11 06:44:36,635 INFO  com.infertuner.source.SimpleRequestSource                    [] - 生成请求 13/50: req_012
2025-08-11 06:44:37,136 INFO  com.infertuner.source.SimpleRequestSource                    [] - 生成请求 14/50: req_013
2025-08-11 06:44:37,637 INFO  com.infertuner.source.SimpleRequestSource                    [] - 生成请求 15/50: req_014
2025-08-11 06:44:38,137 INFO  com.infertuner.source.SimpleRequestSource                    [] - 生成请求 16/50: req_015
2025-08-11 06:44:38,638 INFO  com.infertuner.source.SimpleRequestSource                    [] - 生成请求 17/50: req_016
2025-08-11 06:44:38,731 INFO  com.infertuner.processor.MultiGPUInferenceProcessor          [] - ✅ GPU 2 推理服务启动成功
2025-08-11 06:44:38,731 INFO  com.infertuner.processor.MultiGPUInferenceProcessor          [] - ✅ GPU 1 推理服务启动成功
2025-08-11 06:44:38,732 INFO  com.infertuner.processor.MultiGPUInferenceProcessor          [] - GPU 2 推理服务启动完成
2025-08-11 06:44:38,732 INFO  com.infertuner.processor.MultiGPUInferenceProcessor          [] - GPU 1 推理服务启动完成
2025-08-11 06:44:38,732 INFO  com.infertuner.processor.MultiGPUInferenceProcessor          [] - ✅ GPU 0 推理服务启动成功
2025-08-11 06:44:38,732 INFO  com.infertuner.processor.MultiGPUInferenceProcessor          [] - GPU 0 推理服务启动完成
2025-08-11 06:44:38,740 INFO  org.apache.flink.runtime.taskmanager.Task                    [] - Multi-GPU Inference Processor -> Sink: Multi-GPU Monitor Sink (2/3)#0 (0242f56c71b5ea6998a94e371d988e30_20ba6b65f97481d5570070de90e4e791_1_0) switched from INITIALIZING to RUNNING.
2025-08-11 06:44:38,740 INFO  org.apache.flink.runtime.taskmanager.Task                    [] - Multi-GPU Inference Processor -> Sink: Multi-GPU Monitor Sink (1/3)#0 (0242f56c71b5ea6998a94e371d988e30_20ba6b65f97481d5570070de90e4e791_0_0) switched from INITIALIZING to RUNNING.
2025-08-11 06:44:38,740 INFO  org.apache.flink.runtime.taskmanager.Task                    [] - Multi-GPU Inference Processor -> Sink: Multi-GPU Monitor Sink (3/3)#0 (0242f56c71b5ea6998a94e371d988e30_20ba6b65f97481d5570070de90e4e791_2_0) switched from INITIALIZING to RUNNING.
2025-08-11 06:44:39,139 INFO  com.infertuner.source.SimpleRequestSource                    [] - 生成请求 18/50: req_017
2025-08-11 06:44:39,640 INFO  com.infertuner.source.SimpleRequestSource                    [] - 生成请求 19/50: req_018
2025-08-11 06:44:39,698 INFO  com.infertuner.sink.MultiGPUMonitorSink                      [] - 结果 #1: GPU-0 | ✅ | 890.4ms | 深度学习是一种机器学习技术，其基本原理基于多层神经网络。神经网络由一系列的节点（或称为“单元”）组成，这些节点可以接收输...
2025-08-11 06:44:40,140 INFO  com.infertuner.source.SimpleRequestSource                    [] - 生成请求 20/50: req_019
2025-08-11 06:44:40,291 INFO  com.infertuner.sink.MultiGPUMonitorSink                      [] - 结果 #2: GPU-0 | ✅ | 591.2ms | 机器学习是一种人工智能技术，它允许计算机系统从数据中自动学习和改进算法，以实现特定任务或解决复杂的问题。简而言之，机器学...
2025-08-11 06:44:40,594 INFO  com.infertuner.sink.MultiGPUMonitorSink                      [] - 结果 #1: GPU-0 | ✅ | 1800.7ms | 神经网络是一种模仿人类大脑运作方式的计算模型，它由大量的节点（或称为“神经元”）组成，每个节点都连接到其他节点，并通过一...
2025-08-11 06:44:40,616 INFO  com.infertuner.sink.MultiGPUMonitorSink                      [] - 结果 #1: GPU-0 | ✅ | 1824.6ms | 优化模型性能的最佳方法取决于所使用的任务和模型类型。以下是一些通用的优化模型性能的方法：

1. 数据预处理：数据预处理...
2025-08-11 06:44:40,641 INFO  com.infertuner.source.SimpleRequestSource                    [] - 生成请求 21/50: req_020
2025-08-11 06:44:40,944 INFO  com.infertuner.sink.MultiGPUMonitorSink                      [] - 结果 #3: GPU-0 | ✅ | 650.4ms | 过拟合（Overfitting）是指模型在训练数据上表现很好，但在未见过的新数据上表现较差的现象。当一个机器学习算法在训...
2025-08-11 06:44:41,141 INFO  com.infertuner.source.SimpleRequestSource                    [] - 生成请求 22/50: req_021
2025-08-11 06:44:41,576 INFO  com.infertuner.sink.MultiGPUMonitorSink                      [] - 结果 #4: GPU-0 | ✅ | 630.7ms | 要优化模型性能，可以采取以下几种方法：

1. 数据预处理：对数据进行清洗、去噪和标准化等处理，以提高模型的泛化能力。这...
2025-08-11 06:44:41,599 INFO  com.infertuner.sink.MultiGPUMonitorSink                      [] - 结果 #2: GPU-0 | ✅ | 1003.2ms | 机器学习是一种人工智能技术，它使计算机系统能够从数据中自动发现规律和模式，并从中提取有用的特征来做出预测或决策。它的目标...
2025-08-11 06:44:41,641 INFO  com.infertuner.source.SimpleRequestSource                    [] - 生成请求 23/50: req_022
2025-08-11 06:44:41,657 INFO  com.infertuner.sink.MultiGPUMonitorSink                      [] - 结果 #2: GPU-0 | ✅ | 1038.4ms | 要优化模型性能，可以采取以下几种方法：

1. 数据预处理：数据预处理是提高模型性能的重要步骤。这包括清洗、转换和整合数...
2025-08-11 06:44:42,142 INFO  com.infertuner.source.SimpleRequestSource                    [] - 生成请求 24/50: req_023
2025-08-11 06:44:42,323 INFO  com.infertuner.sink.MultiGPUMonitorSink                      [] - 结果 #3: GPU-0 | ✅ | 721.7ms | 神经网络是一种模仿人脑的计算模型，它使用大量的输入和输出数据来学习和预测。它的基本工作原理是这样的：

1. 输入：神经...
2025-08-11 06:44:42,549 INFO  com.infertuner.sink.MultiGPUMonitorSink                      [] - 结果 #5: GPU-0 | ✅ | 970.4ms | 过拟合是指在训练数据集上表现良好的模型，在新数据集上却表现出非常差的情况。过拟合通常发生在机器学习算法中，当模型过度适应...
2025-08-11 06:44:42,642 INFO  com.infertuner.source.SimpleRequestSource                    [] - 生成请求 25/50: req_024
2025-08-11 06:44:43,142 INFO  com.infertuner.source.SimpleRequestSource                    [] - 生成请求 26/50: req_025
2025-08-11 06:44:43,273 INFO  com.infertuner.sink.MultiGPUMonitorSink                      [] - 结果 #3: GPU-0 | ✅ | 1614.1ms | 机器学习是一种人工智能的分支，它通过构建模型和算法，使计算机能够从数据中自动学习规律，从而实现自我改进和优化。简单来说，...
2025-08-11 06:44:43,643 INFO  com.infertuner.source.SimpleRequestSource                    [] - 生成请求 27/50: req_026
2025-08-11 06:44:43,642 INFO  com.infertuner.sink.MultiGPUMonitorSink                      [] - 结果 #4: GPU-0 | ✅ | 1317.9ms | 深度学习是一种机器学习技术，它通过构建多层神经网络来实现自动特征提取和模式识别。其基本原理可以总结如下：

1. 前向传...
2025-08-11 06:44:44,143 INFO  com.infertuner.source.SimpleRequestSource                    [] - 生成请求 28/50: req_027
2025-08-11 06:44:44,643 INFO  com.infertuner.source.SimpleRequestSource                    [] - 生成请求 29/50: req_028
2025-08-11 06:44:44,664 INFO  com.infertuner.sink.MultiGPUMonitorSink                      [] - 结果 #4: GPU-0 | ✅ | 1389.0ms | 过拟合（Overfitting）是指模型在训练数据上表现很好，但在测试数据上表现较差的现象。简单来说，当一个模型过于复杂...
2025-08-11 06:44:44,789 INFO  com.infertuner.sink.MultiGPUMonitorSink                      [] - 结果 #5: GPU-0 | ✅ | 1144.3ms | 优化模型性能通常涉及以下几个步骤：

1. 数据预处理：首先，对原始数据进行清洗、标准化和特征工程。例如，如果原始数据包...
2025-08-11 06:44:45,143 INFO  com.infertuner.source.SimpleRequestSource                    [] - 生成请求 30/50: req_029
2025-08-11 06:44:45,644 INFO  com.infertuner.source.SimpleRequestSource                    [] - 生成请求 31/50: req_030
2025-08-11 06:44:46,109 INFO  com.infertuner.sink.MultiGPUMonitorSink                      [] - 结果 #5: GPU-0 | ✅ | 1442.9ms | 深度学习是一种机器学习技术，它模仿人脑神经元的工作方式，通过多层的神经网络结构来处理和分析数据。它的基本原理包括以下几点...
2025-08-11 06:44:46,144 INFO  com.infertuner.source.SimpleRequestSource                    [] - 生成请求 32/50: req_031
2025-08-11 06:44:46,644 INFO  com.infertuner.source.SimpleRequestSource                    [] - 生成请求 33/50: req_032
2025-08-11 06:44:47,145 INFO  com.infertuner.source.SimpleRequestSource                    [] - 生成请求 34/50: req_033
2025-08-11 06:44:47,645 INFO  com.infertuner.source.SimpleRequestSource                    [] - 生成请求 35/50: req_034
2025-08-11 06:44:48,118 INFO  com.infertuner.sink.MultiGPUMonitorSink                      [] - === 整体统计 ===
2025-08-11 06:44:48,119 INFO  com.infertuner.sink.MultiGPUMonitorSink                      [] - 总请求: 10 | 成功: 10 (100.0%) | 平均延迟: 928.7ms | 吞吐量: 0.52 req/s
2025-08-11 06:44:48,119 INFO  com.infertuner.sink.MultiGPUMonitorSink                      [] - === GPU分布统计 ===
2025-08-11 06:44:48,119 INFO  com.infertuner.sink.MultiGPUMonitorSink                      [] - GPU-0: 请求=10 | 成功率=100.0% | 平均延迟=928.7ms | 吞吐量=0.52 req/s
2025-08-11 06:44:48,119 INFO  com.infertuner.sink.MultiGPUMonitorSink                      [] - ========================
2025-08-11 06:44:48,145 INFO  com.infertuner.source.SimpleRequestSource                    [] - 生成请求 36/50: req_035
2025-08-11 06:44:48,645 INFO  com.infertuner.source.SimpleRequestSource                    [] - 生成请求 37/50: req_036
2025-08-11 06:44:49,146 INFO  com.infertuner.source.SimpleRequestSource                    [] - 生成请求 38/50: req_037
2025-08-11 06:44:49,646 INFO  com.infertuner.source.SimpleRequestSource                    [] - 生成请求 39/50: req_038
2025-08-11 06:44:50,146 INFO  com.infertuner.source.SimpleRequestSource                    [] - 生成请求 40/50: req_039
2025-08-11 06:44:50,647 INFO  com.infertuner.source.SimpleRequestSource                    [] - 生成请求 41/50: req_040
2025-08-11 06:44:50,722 INFO  com.infertuner.sink.MultiGPUMonitorSink                      [] - === 整体统计 ===
2025-08-11 06:44:50,722 INFO  com.infertuner.sink.MultiGPUMonitorSink                      [] - 总请求: 10 | 成功: 10 (100.0%) | 平均延迟: 1190.4ms | 吞吐量: 0.46 req/s
2025-08-11 06:44:50,722 INFO  com.infertuner.sink.MultiGPUMonitorSink                      [] - === GPU分布统计 ===
2025-08-11 06:44:50,722 INFO  com.infertuner.sink.MultiGPUMonitorSink                      [] - GPU-0: 请求=10 | 成功率=100.0% | 平均延迟=1190.4ms | 吞吐量=0.46 req/s
2025-08-11 06:44:50,722 INFO  com.infertuner.sink.MultiGPUMonitorSink                      [] - ========================
2025-08-11 06:44:51,088 INFO  com.infertuner.sink.MultiGPUMonitorSink                      [] - === 整体统计 ===
2025-08-11 06:44:51,088 INFO  com.infertuner.sink.MultiGPUMonitorSink                      [] - 总请求: 10 | 成功: 10 (100.0%) | 平均延迟: 1227.1ms | 吞吐量: 0.45 req/s
2025-08-11 06:44:51,088 INFO  com.infertuner.sink.MultiGPUMonitorSink                      [] - === GPU分布统计 ===
2025-08-11 06:44:51,088 INFO  com.infertuner.sink.MultiGPUMonitorSink                      [] - GPU-0: 请求=10 | 成功率=100.0% | 平均延迟=1227.1ms | 吞吐量=0.45 req/s
2025-08-11 06:44:51,088 INFO  com.infertuner.sink.MultiGPUMonitorSink                      [] - ========================
2025-08-11 06:44:51,147 INFO  com.infertuner.source.SimpleRequestSource                    [] - 生成请求 42/50: req_041
2025-08-11 06:44:51,647 INFO  com.infertuner.source.SimpleRequestSource                    [] - 生成请求 43/50: req_042
2025-08-11 06:44:52,147 INFO  com.infertuner.source.SimpleRequestSource                    [] - 生成请求 44/50: req_043
2025-08-11 06:44:52,648 INFO  com.infertuner.source.SimpleRequestSource                    [] - 生成请求 45/50: req_044
2025-08-11 06:44:53,148 INFO  com.infertuner.source.SimpleRequestSource                    [] - 生成请求 46/50: req_045
2025-08-11 06:44:53,648 INFO  com.infertuner.source.SimpleRequestSource                    [] - 生成请求 47/50: req_046
2025-08-11 06:44:54,148 INFO  com.infertuner.source.SimpleRequestSource                    [] - 生成请求 48/50: req_047
2025-08-11 06:44:54,649 INFO  com.infertuner.source.SimpleRequestSource                    [] - 生成请求 49/50: req_048
2025-08-11 06:44:55,149 INFO  com.infertuner.source.SimpleRequestSource                    [] - 生成请求 50/50: req_049
2025-08-11 06:44:55,149 INFO  com.infertuner.source.SimpleRequestSource                    [] - 请求生成完成，共 50 个
2025-08-11 06:45:09,997 INFO  org.apache.flink.runtime.taskmanager.Task                    [] - Source: Request Source (1/1)#0 (0242f56c71b5ea6998a94e371d988e30_bc764cd8ddf7a0cff126f51c16239658_0_0) switched from RUNNING to FINISHED.
2025-08-11 06:45:09,997 INFO  org.apache.flink.runtime.taskmanager.Task                    [] - Freeing task resources for Source: Request Source (1/1)#0 (0242f56c71b5ea6998a94e371d988e30_bc764cd8ddf7a0cff126f51c16239658_0_0).
2025-08-11 06:45:09,999 INFO  com.infertuner.processor.MultiGPUInferenceProcessor          [] - 关闭 GPU 1 推理服务...
2025-08-11 06:45:09,999 INFO  com.infertuner.processor.MultiGPUInferenceProcessor          [] - 关闭 GPU 0 推理服务...
2025-08-11 06:45:10,000 INFO  com.infertuner.processor.MultiGPUInferenceProcessor          [] - 关闭 GPU 2 推理服务...
2025-08-11 06:45:10,003 INFO  org.apache.flink.runtime.taskexecutor.TaskExecutor           [] - Un-registering task and sending final execution state FINISHED to JobManager for task Source: Request Source (1/1)#0 0242f56c71b5ea6998a94e371d988e30_bc764cd8ddf7a0cff126f51c16239658_0_0.
2025-08-11 06:45:10,944 INFO  com.infertuner.processor.MultiGPUInferenceProcessor          [] - ✅ GPU 0 推理服务已关闭
2025-08-11 06:45:10,946 INFO  org.apache.flink.runtime.taskmanager.Task                    [] - Multi-GPU Inference Processor -> Sink: Multi-GPU Monitor Sink (1/3)#0 (0242f56c71b5ea6998a94e371d988e30_20ba6b65f97481d5570070de90e4e791_0_0) switched from RUNNING to FINISHED.
2025-08-11 06:45:10,946 INFO  org.apache.flink.runtime.taskmanager.Task                    [] - Freeing task resources for Multi-GPU Inference Processor -> Sink: Multi-GPU Monitor Sink (1/3)#0 (0242f56c71b5ea6998a94e371d988e30_20ba6b65f97481d5570070de90e4e791_0_0).
2025-08-11 06:45:10,949 INFO  org.apache.flink.runtime.taskexecutor.TaskExecutor           [] - Un-registering task and sending final execution state FINISHED to JobManager for task Multi-GPU Inference Processor -> Sink: Multi-GPU Monitor Sink (1/3)#0 0242f56c71b5ea6998a94e371d988e30_20ba6b65f97481d5570070de90e4e791_0_0.
2025-08-11 06:45:10,984 INFO  com.infertuner.processor.MultiGPUInferenceProcessor          [] - ✅ GPU 1 推理服务已关闭
2025-08-11 06:45:10,986 INFO  org.apache.flink.runtime.taskmanager.Task                    [] - Multi-GPU Inference Processor -> Sink: Multi-GPU Monitor Sink (2/3)#0 (0242f56c71b5ea6998a94e371d988e30_20ba6b65f97481d5570070de90e4e791_1_0) switched from RUNNING to FINISHED.
2025-08-11 06:45:10,986 INFO  org.apache.flink.runtime.taskmanager.Task                    [] - Freeing task resources for Multi-GPU Inference Processor -> Sink: Multi-GPU Monitor Sink (2/3)#0 (0242f56c71b5ea6998a94e371d988e30_20ba6b65f97481d5570070de90e4e791_1_0).
2025-08-11 06:45:10,989 INFO  org.apache.flink.runtime.taskexecutor.TaskExecutor           [] - Un-registering task and sending final execution state FINISHED to JobManager for task Multi-GPU Inference Processor -> Sink: Multi-GPU Monitor Sink (2/3)#0 0242f56c71b5ea6998a94e371d988e30_20ba6b65f97481d5570070de90e4e791_1_0.
2025-08-11 06:45:11,046 INFO  com.infertuner.processor.MultiGPUInferenceProcessor          [] - ✅ GPU 2 推理服务已关闭
2025-08-11 06:45:11,047 INFO  org.apache.flink.runtime.taskmanager.Task                    [] - Multi-GPU Inference Processor -> Sink: Multi-GPU Monitor Sink (3/3)#0 (0242f56c71b5ea6998a94e371d988e30_20ba6b65f97481d5570070de90e4e791_2_0) switched from RUNNING to FINISHED.
2025-08-11 06:45:11,047 INFO  org.apache.flink.runtime.taskmanager.Task                    [] - Freeing task resources for Multi-GPU Inference Processor -> Sink: Multi-GPU Monitor Sink (3/3)#0 (0242f56c71b5ea6998a94e371d988e30_20ba6b65f97481d5570070de90e4e791_2_0).
2025-08-11 06:45:11,048 INFO  org.apache.flink.runtime.taskexecutor.TaskExecutor           [] - Un-registering task and sending final execution state FINISHED to JobManager for task Multi-GPU Inference Processor -> Sink: Multi-GPU Monitor Sink (3/3)#0 0242f56c71b5ea6998a94e371d988e30_20ba6b65f97481d5570070de90e4e791_2_0.
2025-08-11 06:45:11,112 INFO  org.apache.flink.runtime.taskexecutor.slot.TaskSlotTableImpl [] - Free slot TaskSlot(index:2, state:ACTIVE, resource profile: ResourceProfile{cpuCores=1, taskHeapMemory=364.800mb (382520517 bytes), taskOffHeapMemory=0 bytes, managedMemory=343.040mb (359703515 bytes), networkMemory=85.760mb (89925878 bytes)}, allocationId: 23d8ffc330692a3162f2984dc9f7a48c, jobId: 73244e796879bd1cbc9fd64077248998).
2025-08-11 06:45:11,115 INFO  org.apache.flink.runtime.taskexecutor.slot.TaskSlotTableImpl [] - Free slot TaskSlot(index:0, state:ACTIVE, resource profile: ResourceProfile{cpuCores=1, taskHeapMemory=364.800mb (382520517 bytes), taskOffHeapMemory=0 bytes, managedMemory=343.040mb (359703515 bytes), networkMemory=85.760mb (89925878 bytes)}, allocationId: 9629ce528b6bf91579eb79879b840d44, jobId: 73244e796879bd1cbc9fd64077248998).
2025-08-11 06:45:11,116 INFO  org.apache.flink.runtime.taskexecutor.slot.TaskSlotTableImpl [] - Free slot TaskSlot(index:1, state:ACTIVE, resource profile: ResourceProfile{cpuCores=1, taskHeapMemory=364.800mb (382520517 bytes), taskOffHeapMemory=0 bytes, managedMemory=343.040mb (359703515 bytes), networkMemory=85.760mb (89925878 bytes)}, allocationId: 4dd5aeff732fdfef5f814ee74de50db4, jobId: 73244e796879bd1cbc9fd64077248998).
2025-08-11 06:45:11,116 INFO  org.apache.flink.runtime.taskexecutor.DefaultJobLeaderService [] - Remove job 73244e796879bd1cbc9fd64077248998 from job leader monitoring.
2025-08-11 06:45:11,117 INFO  org.apache.flink.runtime.taskexecutor.TaskExecutor           [] - Close JobManager connection for job 73244e796879bd1cbc9fd64077248998.
