2025-08-10 13:44:13,017 INFO  org.apache.flink.runtime.taskexecutor.TaskManagerRunner      [] - --------------------------------------------------------------------------------
2025-08-10 13:44:13,018 INFO  org.apache.flink.runtime.taskexecutor.TaskManagerRunner      [] -  Preconfiguration: 
2025-08-10 13:44:13,018 INFO  org.apache.flink.runtime.taskexecutor.TaskManagerRunner      [] - 


RESOURCE_PARAMS extraction logs:
jvm_params: -Xmx1664299798 -Xms1664299798 -XX:MaxDirectMemorySize=493921243 -XX:MaxMetaspaceSize=268435456
dynamic_configs: -D taskmanager.memory.network.min=359703515b -D taskmanager.cpu.cores=4.0 -D taskmanager.memory.task.off-heap.size=0b -D taskmanager.memory.jvm-metaspace.size=268435456b -D external-resources=none -D taskmanager.memory.jvm-overhead.min=429496736b -D taskmanager.memory.framework.off-heap.size=134217728b -D taskmanager.memory.network.max=359703515b -D taskmanager.memory.framework.heap.size=134217728b -D taskmanager.memory.managed.size=1438814063b -D taskmanager.memory.task.heap.size=1530082070b -D taskmanager.numberOfTaskSlots=4 -D taskmanager.memory.jvm-overhead.max=429496736b
logs: WARNING: sun.reflect.Reflection.getCallerClass is not supported. This will impact performance.
INFO  [] - Loading configuration property: taskmanager.memory.process.size, 4096m
INFO  [] - Loading configuration property: env.java.opts.jobmanager, -Dfile.encoding=UTF-8 -Dsun.jnu.encoding=UTF-8
INFO  [] - Loading configuration property: taskmanager.bind-host, localhost
INFO  [] - Loading configuration property: env.java.opts, -Dfile.encoding=UTF-8 -Dsun.jnu.encoding=UTF-8
INFO  [] - Loading configuration property: jobmanager.rpc.address, localhost
INFO  [] - Loading configuration property: jobmanager.memory.process.size, 2048m
INFO  [] - Loading configuration property: jobmanager.rpc.port, 6123
INFO  [] - Loading configuration property: rest.bind-address, 0.0.0.0
INFO  [] - Loading configuration property: rest.port, 8081
INFO  [] - Loading configuration property: execution.checkpointing.interval, 30s
INFO  [] - Loading configuration property: jobmanager.bind-host, localhost
INFO  [] - Loading configuration property: parallelism.default, 1
INFO  [] - Loading configuration property: taskmanager.numberOfTaskSlots, 4
INFO  [] - Loading configuration property: taskmanager.memory.managed.fraction, 0.4
INFO  [] - Loading configuration property: rest.address, 0.0.0.0
INFO  [] - Loading configuration property: cluster.evenly-spread-out-slots, true
INFO  [] - Loading configuration property: state.backend, filesystem
INFO  [] - Loading configuration property: execution.checkpointing.min-pause, 5s
INFO  [] - Loading configuration property: jobmanager.memory.jvm-metaspace.size, 256m
INFO  [] - Loading configuration property: env.java.opts.taskmanager, -Dfile.encoding=UTF-8 -Dsun.jnu.encoding=UTF-8
INFO  [] - Loading configuration property: state.checkpoints.dir, file:///workspace/logs/flink-checkpoints
INFO  [] - Final TaskExecutor Memory configuration:
INFO  [] -   Total Process Memory:          4.000gb (4294967296 bytes)
INFO  [] -     Total Flink Memory:          3.350gb (3597035104 bytes)
INFO  [] -       Total JVM Heap Memory:     1.550gb (1664299798 bytes)
INFO  [] -         Framework:               128.000mb (134217728 bytes)
INFO  [] -         Task:                    1.425gb (1530082070 bytes)
INFO  [] -       Total Off-heap Memory:     1.800gb (1932735306 bytes)
INFO  [] -         Managed:                 1.340gb (1438814063 bytes)
INFO  [] -         Total JVM Direct Memory: 471.040mb (493921243 bytes)
INFO  [] -           Framework:             128.000mb (134217728 bytes)
INFO  [] -           Task:                  0 bytes
INFO  [] -           Network:               343.040mb (359703515 bytes)
INFO  [] -     JVM Metaspace:               256.000mb (268435456 bytes)
INFO  [] -     JVM Overhead:                409.600mb (429496736 bytes)

2025-08-10 13:44:13,019 INFO  org.apache.flink.runtime.taskexecutor.TaskManagerRunner      [] - --------------------------------------------------------------------------------
2025-08-10 13:44:13,019 INFO  org.apache.flink.runtime.taskexecutor.TaskManagerRunner      [] -  Starting TaskManager (Version: 1.17.0, Scala: 2.12, Rev:69ecda0, Date:2023-03-17T10:30:06+01:00)
2025-08-10 13:44:13,019 INFO  org.apache.flink.runtime.taskexecutor.TaskManagerRunner      [] -  OS current user: root
2025-08-10 13:44:13,019 INFO  org.apache.flink.runtime.taskexecutor.TaskManagerRunner      [] -  Current Hadoop/Kerberos user: <no hadoop dependency found>
2025-08-10 13:44:13,019 INFO  org.apache.flink.runtime.taskexecutor.TaskManagerRunner      [] -  JVM: OpenJDK 64-Bit Server VM - Ubuntu - 11/11.0.28+6-post-Ubuntu-1ubuntu122.04.1
2025-08-10 13:44:13,019 INFO  org.apache.flink.runtime.taskexecutor.TaskManagerRunner      [] -  Arch: amd64
2025-08-10 13:44:13,019 INFO  org.apache.flink.runtime.taskexecutor.TaskManagerRunner      [] -  Maximum heap size: 1588 MiBytes
2025-08-10 13:44:13,019 INFO  org.apache.flink.runtime.taskexecutor.TaskManagerRunner      [] -  JAVA_HOME: /usr/lib/jvm/java-11-openjdk-amd64
2025-08-10 13:44:13,019 INFO  org.apache.flink.runtime.taskexecutor.TaskManagerRunner      [] -  No Hadoop Dependency available
2025-08-10 13:44:13,019 INFO  org.apache.flink.runtime.taskexecutor.TaskManagerRunner      [] -  JVM Options:
2025-08-10 13:44:13,019 INFO  org.apache.flink.runtime.taskexecutor.TaskManagerRunner      [] -     -Xmx1664299798
2025-08-10 13:44:13,019 INFO  org.apache.flink.runtime.taskexecutor.TaskManagerRunner      [] -     -Xms1664299798
2025-08-10 13:44:13,019 INFO  org.apache.flink.runtime.taskexecutor.TaskManagerRunner      [] -     -XX:MaxDirectMemorySize=493921243
2025-08-10 13:44:13,019 INFO  org.apache.flink.runtime.taskexecutor.TaskManagerRunner      [] -     -XX:MaxMetaspaceSize=268435456
2025-08-10 13:44:13,020 INFO  org.apache.flink.runtime.taskexecutor.TaskManagerRunner      [] -     -Dfile.encoding=UTF-8
2025-08-10 13:44:13,020 INFO  org.apache.flink.runtime.taskexecutor.TaskManagerRunner      [] -     -Dsun.jnu.encoding=UTF-8
2025-08-10 13:44:13,020 INFO  org.apache.flink.runtime.taskexecutor.TaskManagerRunner      [] -     -Dfile.encoding=UTF-8
2025-08-10 13:44:13,020 INFO  org.apache.flink.runtime.taskexecutor.TaskManagerRunner      [] -     -Dsun.jnu.encoding=UTF-8
2025-08-10 13:44:13,020 INFO  org.apache.flink.runtime.taskexecutor.TaskManagerRunner      [] -     -Dlog.file=/workspace/flink-setup/flink/log/flink--taskexecutor-0-gpu02.log
2025-08-10 13:44:13,020 INFO  org.apache.flink.runtime.taskexecutor.TaskManagerRunner      [] -     -Dlog4j.configuration=file:/workspace/flink-setup/flink/conf/log4j.properties
2025-08-10 13:44:13,020 INFO  org.apache.flink.runtime.taskexecutor.TaskManagerRunner      [] -     -Dlog4j.configurationFile=file:/workspace/flink-setup/flink/conf/log4j.properties
2025-08-10 13:44:13,020 INFO  org.apache.flink.runtime.taskexecutor.TaskManagerRunner      [] -     -Dlogback.configurationFile=file:/workspace/flink-setup/flink/conf/logback.xml
2025-08-10 13:44:13,020 INFO  org.apache.flink.runtime.taskexecutor.TaskManagerRunner      [] -  Program Arguments:
2025-08-10 13:44:13,021 INFO  org.apache.flink.runtime.taskexecutor.TaskManagerRunner      [] -     --configDir
2025-08-10 13:44:13,021 INFO  org.apache.flink.runtime.taskexecutor.TaskManagerRunner      [] -     /workspace/flink-setup/flink/conf
2025-08-10 13:44:13,021 INFO  org.apache.flink.runtime.taskexecutor.TaskManagerRunner      [] -     -D
2025-08-10 13:44:13,021 INFO  org.apache.flink.runtime.taskexecutor.TaskManagerRunner      [] -     taskmanager.memory.network.min=359703515b
2025-08-10 13:44:13,021 INFO  org.apache.flink.runtime.taskexecutor.TaskManagerRunner      [] -     -D
2025-08-10 13:44:13,021 INFO  org.apache.flink.runtime.taskexecutor.TaskManagerRunner      [] -     taskmanager.cpu.cores=4.0
2025-08-10 13:44:13,021 INFO  org.apache.flink.runtime.taskexecutor.TaskManagerRunner      [] -     -D
2025-08-10 13:44:13,022 INFO  org.apache.flink.runtime.taskexecutor.TaskManagerRunner      [] -     taskmanager.memory.task.off-heap.size=0b
2025-08-10 13:44:13,022 INFO  org.apache.flink.runtime.taskexecutor.TaskManagerRunner      [] -     -D
2025-08-10 13:44:13,022 INFO  org.apache.flink.runtime.taskexecutor.TaskManagerRunner      [] -     taskmanager.memory.jvm-metaspace.size=268435456b
2025-08-10 13:44:13,022 INFO  org.apache.flink.runtime.taskexecutor.TaskManagerRunner      [] -     -D
2025-08-10 13:44:13,022 INFO  org.apache.flink.runtime.taskexecutor.TaskManagerRunner      [] -     external-resources=none
2025-08-10 13:44:13,022 INFO  org.apache.flink.runtime.taskexecutor.TaskManagerRunner      [] -     -D
2025-08-10 13:44:13,022 INFO  org.apache.flink.runtime.taskexecutor.TaskManagerRunner      [] -     taskmanager.memory.jvm-overhead.min=429496736b
2025-08-10 13:44:13,022 INFO  org.apache.flink.runtime.taskexecutor.TaskManagerRunner      [] -     -D
2025-08-10 13:44:13,022 INFO  org.apache.flink.runtime.taskexecutor.TaskManagerRunner      [] -     taskmanager.memory.framework.off-heap.size=134217728b
2025-08-10 13:44:13,022 INFO  org.apache.flink.runtime.taskexecutor.TaskManagerRunner      [] -     -D
2025-08-10 13:44:13,022 INFO  org.apache.flink.runtime.taskexecutor.TaskManagerRunner      [] -     taskmanager.memory.network.max=359703515b
2025-08-10 13:44:13,022 INFO  org.apache.flink.runtime.taskexecutor.TaskManagerRunner      [] -     -D
2025-08-10 13:44:13,022 INFO  org.apache.flink.runtime.taskexecutor.TaskManagerRunner      [] -     taskmanager.memory.framework.heap.size=134217728b
2025-08-10 13:44:13,022 INFO  org.apache.flink.runtime.taskexecutor.TaskManagerRunner      [] -     -D
2025-08-10 13:44:13,022 INFO  org.apache.flink.runtime.taskexecutor.TaskManagerRunner      [] -     taskmanager.memory.managed.size=1438814063b
2025-08-10 13:44:13,022 INFO  org.apache.flink.runtime.taskexecutor.TaskManagerRunner      [] -     -D
2025-08-10 13:44:13,022 INFO  org.apache.flink.runtime.taskexecutor.TaskManagerRunner      [] -     taskmanager.memory.task.heap.size=1530082070b
2025-08-10 13:44:13,022 INFO  org.apache.flink.runtime.taskexecutor.TaskManagerRunner      [] -     -D
2025-08-10 13:44:13,023 INFO  org.apache.flink.runtime.taskexecutor.TaskManagerRunner      [] -     taskmanager.numberOfTaskSlots=4
2025-08-10 13:44:13,023 INFO  org.apache.flink.runtime.taskexecutor.TaskManagerRunner      [] -     -D
2025-08-10 13:44:13,023 INFO  org.apache.flink.runtime.taskexecutor.TaskManagerRunner      [] -     taskmanager.memory.jvm-overhead.max=429496736b
2025-08-10 13:44:13,023 INFO  org.apache.flink.runtime.taskexecutor.TaskManagerRunner      [] -  Classpath: /workspace/flink-setup/flink/lib/flink-cep-1.17.0.jar:/workspace/flink-setup/flink/lib/flink-connector-files-1.17.0.jar:/workspace/flink-setup/flink/lib/flink-csv-1.17.0.jar:/workspace/flink-setup/flink/lib/flink-json-1.17.0.jar:/workspace/flink-setup/flink/lib/flink-scala_2.12-1.17.0.jar:/workspace/flink-setup/flink/lib/flink-table-api-java-uber-1.17.0.jar:/workspace/flink-setup/flink/lib/flink-table-planner-loader-1.17.0.jar:/workspace/flink-setup/flink/lib/flink-table-runtime-1.17.0.jar:/workspace/flink-setup/flink/lib/log4j-1.2-api-2.17.1.jar:/workspace/flink-setup/flink/lib/log4j-api-2.17.1.jar:/workspace/flink-setup/flink/lib/log4j-core-2.17.1.jar:/workspace/flink-setup/flink/lib/log4j-slf4j-impl-2.17.1.jar:/workspace/flink-setup/flink/lib/flink-dist-1.17.0.jar::::
2025-08-10 13:44:13,023 INFO  org.apache.flink.runtime.taskexecutor.TaskManagerRunner      [] - --------------------------------------------------------------------------------
2025-08-10 13:44:13,024 INFO  org.apache.flink.runtime.taskexecutor.TaskManagerRunner      [] - Registered UNIX signal handlers for [TERM, HUP, INT]
2025-08-10 13:44:13,026 INFO  org.apache.flink.runtime.taskexecutor.TaskManagerRunner      [] - Maximum number of open file descriptors is 1048576.
2025-08-10 13:44:13,032 INFO  org.apache.flink.configuration.GlobalConfiguration           [] - Loading configuration property: taskmanager.memory.process.size, 4096m
2025-08-10 13:44:13,032 INFO  org.apache.flink.configuration.GlobalConfiguration           [] - Loading configuration property: env.java.opts.jobmanager, -Dfile.encoding=UTF-8 -Dsun.jnu.encoding=UTF-8
2025-08-10 13:44:13,033 INFO  org.apache.flink.configuration.GlobalConfiguration           [] - Loading configuration property: taskmanager.bind-host, localhost
2025-08-10 13:44:13,033 INFO  org.apache.flink.configuration.GlobalConfiguration           [] - Loading configuration property: env.java.opts, -Dfile.encoding=UTF-8 -Dsun.jnu.encoding=UTF-8
2025-08-10 13:44:13,033 INFO  org.apache.flink.configuration.GlobalConfiguration           [] - Loading configuration property: jobmanager.rpc.address, localhost
2025-08-10 13:44:13,033 INFO  org.apache.flink.configuration.GlobalConfiguration           [] - Loading configuration property: jobmanager.memory.process.size, 2048m
2025-08-10 13:44:13,033 INFO  org.apache.flink.configuration.GlobalConfiguration           [] - Loading configuration property: jobmanager.rpc.port, 6123
2025-08-10 13:44:13,033 INFO  org.apache.flink.configuration.GlobalConfiguration           [] - Loading configuration property: rest.bind-address, 0.0.0.0
2025-08-10 13:44:13,033 INFO  org.apache.flink.configuration.GlobalConfiguration           [] - Loading configuration property: rest.port, 8081
2025-08-10 13:44:13,033 INFO  org.apache.flink.configuration.GlobalConfiguration           [] - Loading configuration property: execution.checkpointing.interval, 30s
2025-08-10 13:44:13,033 INFO  org.apache.flink.configuration.GlobalConfiguration           [] - Loading configuration property: jobmanager.bind-host, localhost
2025-08-10 13:44:13,033 INFO  org.apache.flink.configuration.GlobalConfiguration           [] - Loading configuration property: parallelism.default, 1
2025-08-10 13:44:13,033 INFO  org.apache.flink.configuration.GlobalConfiguration           [] - Loading configuration property: taskmanager.numberOfTaskSlots, 4
2025-08-10 13:44:13,033 INFO  org.apache.flink.configuration.GlobalConfiguration           [] - Loading configuration property: taskmanager.memory.managed.fraction, 0.4
2025-08-10 13:44:13,033 INFO  org.apache.flink.configuration.GlobalConfiguration           [] - Loading configuration property: rest.address, 0.0.0.0
2025-08-10 13:44:13,033 INFO  org.apache.flink.configuration.GlobalConfiguration           [] - Loading configuration property: cluster.evenly-spread-out-slots, true
2025-08-10 13:44:13,033 INFO  org.apache.flink.configuration.GlobalConfiguration           [] - Loading configuration property: state.backend, filesystem
2025-08-10 13:44:13,033 INFO  org.apache.flink.configuration.GlobalConfiguration           [] - Loading configuration property: execution.checkpointing.min-pause, 5s
2025-08-10 13:44:13,034 INFO  org.apache.flink.configuration.GlobalConfiguration           [] - Loading configuration property: jobmanager.memory.jvm-metaspace.size, 256m
2025-08-10 13:44:13,034 INFO  org.apache.flink.configuration.GlobalConfiguration           [] - Loading configuration property: env.java.opts.taskmanager, -Dfile.encoding=UTF-8 -Dsun.jnu.encoding=UTF-8
2025-08-10 13:44:13,034 INFO  org.apache.flink.configuration.GlobalConfiguration           [] - Loading configuration property: state.checkpoints.dir, file:///workspace/logs/flink-checkpoints
2025-08-10 13:44:13,034 INFO  org.apache.flink.configuration.GlobalConfiguration           [] - Loading dynamic configuration property: taskmanager.memory.network.min, 359703515b
2025-08-10 13:44:13,034 INFO  org.apache.flink.configuration.GlobalConfiguration           [] - Loading dynamic configuration property: taskmanager.memory.jvm-metaspace.size, 268435456b
2025-08-10 13:44:13,034 INFO  org.apache.flink.configuration.GlobalConfiguration           [] - Loading dynamic configuration property: taskmanager.memory.task.off-heap.size, 0b
2025-08-10 13:44:13,034 INFO  org.apache.flink.configuration.GlobalConfiguration           [] - Loading dynamic configuration property: taskmanager.cpu.cores, 4.0
2025-08-10 13:44:13,034 INFO  org.apache.flink.configuration.GlobalConfiguration           [] - Loading dynamic configuration property: external-resources, none
2025-08-10 13:44:13,034 INFO  org.apache.flink.configuration.GlobalConfiguration           [] - Loading dynamic configuration property: taskmanager.memory.jvm-overhead.min, 429496736b
2025-08-10 13:44:13,034 INFO  org.apache.flink.configuration.GlobalConfiguration           [] - Loading dynamic configuration property: taskmanager.memory.framework.off-heap.size, 134217728b
2025-08-10 13:44:13,034 INFO  org.apache.flink.configuration.GlobalConfiguration           [] - Loading dynamic configuration property: taskmanager.memory.network.max, 359703515b
2025-08-10 13:44:13,034 INFO  org.apache.flink.configuration.GlobalConfiguration           [] - Loading dynamic configuration property: taskmanager.memory.framework.heap.size, 134217728b
2025-08-10 13:44:13,034 INFO  org.apache.flink.configuration.GlobalConfiguration           [] - Loading dynamic configuration property: taskmanager.memory.managed.size, 1438814063b
2025-08-10 13:44:13,034 INFO  org.apache.flink.configuration.GlobalConfiguration           [] - Loading dynamic configuration property: taskmanager.memory.task.heap.size, 1530082070b
2025-08-10 13:44:13,034 INFO  org.apache.flink.configuration.GlobalConfiguration           [] - Loading dynamic configuration property: taskmanager.numberOfTaskSlots, 4
2025-08-10 13:44:13,034 INFO  org.apache.flink.configuration.GlobalConfiguration           [] - Loading dynamic configuration property: taskmanager.memory.jvm-overhead.max, 429496736b
2025-08-10 13:44:13,066 INFO  org.apache.flink.core.fs.FileSystem                          [] - Hadoop is not in the classpath/dependencies. The extended set of supported File Systems via Hadoop is not available.
2025-08-10 13:44:13,079 INFO  org.apache.flink.core.plugin.DefaultPluginManager            [] - Plugin loader with ID not found, creating it: metrics-prometheus
2025-08-10 13:44:13,083 INFO  org.apache.flink.core.plugin.DefaultPluginManager            [] - Plugin loader with ID not found, creating it: metrics-slf4j
2025-08-10 13:44:13,084 INFO  org.apache.flink.core.plugin.DefaultPluginManager            [] - Plugin loader with ID not found, creating it: metrics-influx
2025-08-10 13:44:13,084 INFO  org.apache.flink.core.plugin.DefaultPluginManager            [] - Plugin loader with ID not found, creating it: metrics-datadog
2025-08-10 13:44:13,084 INFO  org.apache.flink.core.plugin.DefaultPluginManager            [] - Plugin loader with ID not found, creating it: external-resource-gpu
2025-08-10 13:44:13,084 INFO  org.apache.flink.core.plugin.DefaultPluginManager            [] - Plugin loader with ID not found, creating it: metrics-graphite
2025-08-10 13:44:13,084 INFO  org.apache.flink.core.plugin.DefaultPluginManager            [] - Plugin loader with ID not found, creating it: metrics-statsd
2025-08-10 13:44:13,084 INFO  org.apache.flink.core.plugin.DefaultPluginManager            [] - Plugin loader with ID not found, creating it: metrics-jmx
2025-08-10 13:44:13,101 INFO  org.apache.flink.runtime.state.changelog.StateChangelogStorageLoader [] - StateChangelogStorageLoader initialized with shortcut names {memory,filesystem}.
2025-08-10 13:44:13,101 INFO  org.apache.flink.core.plugin.DefaultPluginManager            [] - Plugin loader with ID found, reusing it: metrics-prometheus
2025-08-10 13:44:13,101 INFO  org.apache.flink.core.plugin.DefaultPluginManager            [] - Plugin loader with ID found, reusing it: metrics-slf4j
2025-08-10 13:44:13,101 INFO  org.apache.flink.core.plugin.DefaultPluginManager            [] - Plugin loader with ID found, reusing it: metrics-influx
2025-08-10 13:44:13,102 INFO  org.apache.flink.core.plugin.DefaultPluginManager            [] - Plugin loader with ID found, reusing it: metrics-datadog
2025-08-10 13:44:13,102 INFO  org.apache.flink.core.plugin.DefaultPluginManager            [] - Plugin loader with ID found, reusing it: external-resource-gpu
2025-08-10 13:44:13,102 INFO  org.apache.flink.core.plugin.DefaultPluginManager            [] - Plugin loader with ID found, reusing it: metrics-graphite
2025-08-10 13:44:13,102 INFO  org.apache.flink.core.plugin.DefaultPluginManager            [] - Plugin loader with ID found, reusing it: metrics-statsd
2025-08-10 13:44:13,102 INFO  org.apache.flink.core.plugin.DefaultPluginManager            [] - Plugin loader with ID found, reusing it: metrics-jmx
2025-08-10 13:44:13,103 INFO  org.apache.flink.runtime.state.changelog.StateChangelogStorageLoader [] - StateChangelogStorageLoader initialized with shortcut names {memory,filesystem}.
2025-08-10 13:44:13,116 INFO  org.apache.flink.runtime.security.modules.HadoopModuleFactory [] - Cannot create Hadoop Security Module because Hadoop cannot be found in the Classpath.
2025-08-10 13:44:13,127 INFO  org.apache.flink.runtime.security.modules.JaasModule         [] - Jaas file will be created as /tmp/jaas-7967451910362396605.conf.
2025-08-10 13:44:13,132 INFO  org.apache.flink.runtime.security.contexts.HadoopSecurityContextFactory [] - Cannot install HadoopSecurityContext because Hadoop cannot be found in the Classpath.
2025-08-10 13:44:13,474 INFO  org.apache.flink.runtime.util.LeaderRetrievalUtils           [] - Trying to select the network interface and address to use by connecting to the leading JobManager.
2025-08-10 13:44:13,474 INFO  org.apache.flink.runtime.util.LeaderRetrievalUtils           [] - TaskManager will try to connect for PT10S before falling back to heuristics
2025-08-10 13:44:13,713 INFO  org.apache.flink.runtime.taskexecutor.TaskManagerRunner      [] - TaskManager will use hostname/address 'gpu02' (127.0.0.1) for communication.
2025-08-10 13:44:13,748 INFO  org.apache.flink.runtime.rpc.akka.AkkaRpcServiceUtils        [] - Trying to start actor system, external address 127.0.0.1:0, bind address localhost:0.
2025-08-10 13:44:14,248 INFO  akka.event.slf4j.Slf4jLogger                                 [] - Slf4jLogger started
2025-08-10 13:44:14,278 INFO  akka.remote.RemoteActorRefProvider                           [] - Akka Cluster not in use - enabling unsafe features anyway because `akka.remote.use-unsafe-remote-features-outside-cluster` has been enabled.
2025-08-10 13:44:14,278 INFO  akka.remote.Remoting                                         [] - Starting remoting
2025-08-10 13:44:14,429 INFO  akka.remote.Remoting                                         [] - Remoting started; listening on addresses :[akka.tcp://flink@127.0.0.1:19463]
2025-08-10 13:44:14,529 INFO  org.apache.flink.runtime.rpc.akka.AkkaRpcServiceUtils        [] - Actor system started at akka.tcp://flink@127.0.0.1:19463
2025-08-10 13:44:14,542 INFO  org.apache.flink.runtime.taskexecutor.TaskManagerRunner      [] - Using working directory: WorkingDirectory(/tmp/tm_127.0.0.1:19463-ab34eb)
2025-08-10 13:44:14,549 INFO  org.apache.flink.runtime.metrics.MetricRegistryImpl          [] - No metrics reporter configured, no metrics will be exposed/reported.
2025-08-10 13:44:14,551 INFO  org.apache.flink.runtime.rpc.akka.AkkaRpcServiceUtils        [] - Trying to start actor system, external address 127.0.0.1:0, bind address localhost:0.
2025-08-10 13:44:14,565 INFO  akka.event.slf4j.Slf4jLogger                                 [] - Slf4jLogger started
2025-08-10 13:44:14,568 INFO  akka.remote.RemoteActorRefProvider                           [] - Akka Cluster not in use - enabling unsafe features anyway because `akka.remote.use-unsafe-remote-features-outside-cluster` has been enabled.
2025-08-10 13:44:14,569 INFO  akka.remote.Remoting                                         [] - Starting remoting
2025-08-10 13:44:14,579 INFO  akka.remote.Remoting                                         [] - Remoting started; listening on addresses :[akka.tcp://flink-metrics@127.0.0.1:3875]
2025-08-10 13:44:14,585 INFO  org.apache.flink.runtime.rpc.akka.AkkaRpcServiceUtils        [] - Actor system started at akka.tcp://flink-metrics@127.0.0.1:3875
2025-08-10 13:44:14,595 INFO  org.apache.flink.runtime.rpc.akka.AkkaRpcService             [] - Starting RPC endpoint for org.apache.flink.runtime.metrics.dump.MetricQueryService at akka://flink-metrics/user/rpc/MetricQueryService_127.0.0.1:19463-ab34eb .
2025-08-10 13:44:14,605 INFO  org.apache.flink.runtime.blob.PermanentBlobCache             [] - Created BLOB cache storage directory /tmp/tm_127.0.0.1:19463-ab34eb/blobStorage
2025-08-10 13:44:14,609 INFO  org.apache.flink.runtime.blob.TransientBlobCache             [] - Created BLOB cache storage directory /tmp/tm_127.0.0.1:19463-ab34eb/blobStorage
2025-08-10 13:44:14,611 INFO  org.apache.flink.runtime.externalresource.ExternalResourceUtils [] - Enabled external resources: []
2025-08-10 13:44:14,612 INFO  org.apache.flink.runtime.security.token.DelegationTokenReceiverRepository [] - Loading delegation token receivers
2025-08-10 13:44:14,615 INFO  org.apache.flink.runtime.security.token.DelegationTokenReceiverRepository [] - Delegation token receiver hadoopfs loaded and initialized
2025-08-10 13:44:14,615 INFO  org.apache.flink.runtime.security.token.DelegationTokenReceiverRepository [] - Delegation token receiver hbase loaded and initialized
2025-08-10 13:44:14,615 INFO  org.apache.flink.core.plugin.DefaultPluginManager            [] - Plugin loader with ID found, reusing it: metrics-prometheus
2025-08-10 13:44:14,615 INFO  org.apache.flink.core.plugin.DefaultPluginManager            [] - Plugin loader with ID found, reusing it: metrics-slf4j
2025-08-10 13:44:14,615 INFO  org.apache.flink.core.plugin.DefaultPluginManager            [] - Plugin loader with ID found, reusing it: metrics-influx
2025-08-10 13:44:14,615 INFO  org.apache.flink.core.plugin.DefaultPluginManager            [] - Plugin loader with ID found, reusing it: metrics-datadog
2025-08-10 13:44:14,615 INFO  org.apache.flink.core.plugin.DefaultPluginManager            [] - Plugin loader with ID found, reusing it: external-resource-gpu
2025-08-10 13:44:14,615 INFO  org.apache.flink.core.plugin.DefaultPluginManager            [] - Plugin loader with ID found, reusing it: metrics-graphite
2025-08-10 13:44:14,615 INFO  org.apache.flink.core.plugin.DefaultPluginManager            [] - Plugin loader with ID found, reusing it: metrics-statsd
2025-08-10 13:44:14,616 INFO  org.apache.flink.core.plugin.DefaultPluginManager            [] - Plugin loader with ID found, reusing it: metrics-jmx
2025-08-10 13:44:14,616 INFO  org.apache.flink.runtime.security.token.DelegationTokenReceiverRepository [] - Delegation token receivers loaded successfully
2025-08-10 13:44:14,616 INFO  org.apache.flink.runtime.taskexecutor.TaskManagerRunner      [] - Starting TaskManager with ResourceID: 127.0.0.1:19463-ab34eb
2025-08-10 13:44:14,630 INFO  org.apache.flink.runtime.taskexecutor.TaskManagerServices    [] - Temporary file directory '/tmp': total 1758 GB, usable 31 GB (1.76% usable)
2025-08-10 13:44:14,632 INFO  org.apache.flink.runtime.io.disk.iomanager.IOManager         [] - Created a new FileChannelManager for spilling of task related data to disk (joins, sorting, ...). Used directories:
	/tmp/flink-io-3d1f735f-da89-488f-8704-6980abdbafd6
2025-08-10 13:44:14,637 INFO  org.apache.flink.runtime.io.network.netty.NettyConfig        [] - NettyConfig [server address: localhost/127.0.0.1, server port: 0, ssl enabled: false, memory segment size (bytes): 32768, transport type: AUTO, number of server threads: 4 (manual), number of client threads: 4 (manual), server connect backlog: 0 (use Netty's default), client connect timeout (sec): 120, send/receive buffer size (bytes): 0 (use Netty's default)]
2025-08-10 13:44:14,685 INFO  org.apache.flink.runtime.io.network.NettyShuffleServiceFactory [] - Created a new FileChannelManager for storing result partitions of BLOCKING shuffles. Used directories:
	/tmp/flink-netty-shuffle-a98c784e-389e-40c0-96e4-da86f7b5e504
2025-08-10 13:44:14,855 INFO  org.apache.flink.runtime.io.network.buffer.NetworkBufferPool [] - Allocated 343 MB for network buffer pool (number of memory segments: 10977, bytes per segment: 32768).
2025-08-10 13:44:14,868 INFO  org.apache.flink.runtime.io.network.NettyShuffleEnvironment  [] - Starting the network environment and its components.
2025-08-10 13:44:14,917 INFO  org.apache.flink.runtime.io.network.netty.NettyClient        [] - Transport type 'auto': using EPOLL.
2025-08-10 13:44:14,918 INFO  org.apache.flink.runtime.io.network.netty.NettyClient        [] - Successful initialization (took 49 ms).
2025-08-10 13:44:14,922 INFO  org.apache.flink.runtime.io.network.netty.NettyServer        [] - Transport type 'auto': using EPOLL.
2025-08-10 13:44:14,983 INFO  org.apache.flink.runtime.io.network.netty.NettyServer        [] - Successful initialization (took 63 ms). Listening on SocketAddress /127.0.0.1:23881.
2025-08-10 13:44:14,985 INFO  org.apache.flink.runtime.taskexecutor.KvStateService         [] - Starting the kvState service and its components.
2025-08-10 13:44:15,004 INFO  org.apache.flink.runtime.rpc.akka.AkkaRpcService             [] - Starting RPC endpoint for org.apache.flink.runtime.taskexecutor.TaskExecutor at akka://flink/user/rpc/taskmanager_0 .
2025-08-10 13:44:15,017 INFO  org.apache.flink.runtime.taskexecutor.DefaultJobLeaderService [] - Start job leader service.
2025-08-10 13:44:15,018 INFO  org.apache.flink.runtime.filecache.FileCache                 [] - User file cache uses directory /tmp/flink-dist-cache-5a9bc701-390c-4192-94b0-705d5fa14273
2025-08-10 13:44:15,020 INFO  org.apache.flink.runtime.taskexecutor.TaskExecutor           [] - Connecting to ResourceManager akka.tcp://flink@localhost:6123/user/rpc/resourcemanager_*(00000000000000000000000000000000).
2025-08-10 13:44:15,208 INFO  org.apache.flink.runtime.taskexecutor.TaskExecutor           [] - Resolved ResourceManager address, beginning registration
2025-08-10 13:44:15,304 INFO  org.apache.flink.runtime.taskexecutor.TaskExecutor           [] - Successful registration at resource manager akka.tcp://flink@localhost:6123/user/rpc/resourcemanager_* under registration id 5a53c0a1f1e4f7d1b94f6b3f488c87e9.
2025-08-10 13:44:22,706 INFO  org.apache.flink.runtime.taskexecutor.TaskExecutor           [] - Receive slot request e258e1ca08c7972fc35dea28beea3cdf for job 9234e14512905d6f26c471fa69ab2ab7 from resource manager with leader id 00000000000000000000000000000000.
2025-08-10 13:44:22,711 INFO  org.apache.flink.runtime.taskexecutor.TaskExecutor           [] - Allocated slot for e258e1ca08c7972fc35dea28beea3cdf.
2025-08-10 13:44:22,712 INFO  org.apache.flink.runtime.taskexecutor.DefaultJobLeaderService [] - Add job 9234e14512905d6f26c471fa69ab2ab7 for job leader monitoring.
2025-08-10 13:44:22,714 INFO  org.apache.flink.runtime.taskexecutor.DefaultJobLeaderService [] - Try to register at job manager akka.tcp://flink@localhost:6123/user/rpc/jobmanager_2 with leader id 00000000-0000-0000-0000-000000000000.
2025-08-10 13:44:22,720 INFO  org.apache.flink.runtime.taskexecutor.TaskExecutor           [] - Receive slot request 90fc4b2503462f79ecdf1ea9f3588317 for job 9234e14512905d6f26c471fa69ab2ab7 from resource manager with leader id 00000000000000000000000000000000.
2025-08-10 13:44:22,721 INFO  org.apache.flink.runtime.taskexecutor.TaskExecutor           [] - Allocated slot for 90fc4b2503462f79ecdf1ea9f3588317.
2025-08-10 13:44:22,721 INFO  org.apache.flink.runtime.taskexecutor.TaskExecutor           [] - Receive slot request 957723e11710bba66813d458cbc7e884 for job 9234e14512905d6f26c471fa69ab2ab7 from resource manager with leader id 00000000000000000000000000000000.
2025-08-10 13:44:22,722 INFO  org.apache.flink.runtime.taskexecutor.TaskExecutor           [] - Allocated slot for 957723e11710bba66813d458cbc7e884.
2025-08-10 13:44:22,734 INFO  org.apache.flink.runtime.taskexecutor.DefaultJobLeaderService [] - Resolved JobManager address, beginning registration
2025-08-10 13:44:22,757 INFO  org.apache.flink.runtime.taskexecutor.DefaultJobLeaderService [] - Successful registration at job manager akka.tcp://flink@localhost:6123/user/rpc/jobmanager_2 for job 9234e14512905d6f26c471fa69ab2ab7.
2025-08-10 13:44:22,760 INFO  org.apache.flink.runtime.taskexecutor.TaskExecutor           [] - Establish JobManager connection for job 9234e14512905d6f26c471fa69ab2ab7.
2025-08-10 13:44:22,763 INFO  org.apache.flink.runtime.taskexecutor.TaskExecutor           [] - Offer reserved slots to the leader of job 9234e14512905d6f26c471fa69ab2ab7.
2025-08-10 13:44:22,809 INFO  org.apache.flink.runtime.taskexecutor.slot.TaskSlotTableImpl [] - Activate slot 957723e11710bba66813d458cbc7e884.
2025-08-10 13:44:22,825 INFO  org.apache.flink.runtime.state.changelog.StateChangelogStorageLoader [] - Creating a changelog storage with name 'memory'.
2025-08-10 13:44:22,832 INFO  org.apache.flink.runtime.state.TaskExecutorChannelStateExecutorFactoryManager [] - Creating the channel state executor factory for job id 9234e14512905d6f26c471fa69ab2ab7
2025-08-10 13:44:22,841 INFO  org.apache.flink.runtime.taskexecutor.TaskExecutor           [] - Received task Source: Request Source (1/1)#0 (29097918e0900db8cc5d290c224cc01d_bc764cd8ddf7a0cff126f51c16239658_0_0), deploy into slot with allocation id 957723e11710bba66813d458cbc7e884.
2025-08-10 13:44:22,842 INFO  org.apache.flink.runtime.taskmanager.Task                    [] - Source: Request Source (1/1)#0 (29097918e0900db8cc5d290c224cc01d_bc764cd8ddf7a0cff126f51c16239658_0_0) switched from CREATED to DEPLOYING.
2025-08-10 13:44:22,843 INFO  org.apache.flink.runtime.taskexecutor.slot.TaskSlotTableImpl [] - Activate slot 957723e11710bba66813d458cbc7e884.
2025-08-10 13:44:22,847 INFO  org.apache.flink.runtime.taskmanager.Task                    [] - Loading JAR files for task Source: Request Source (1/1)#0 (29097918e0900db8cc5d290c224cc01d_bc764cd8ddf7a0cff126f51c16239658_0_0) [DEPLOYING].
2025-08-10 13:44:22,850 INFO  org.apache.flink.runtime.blob.BlobClient                     [] - Downloading 9234e14512905d6f26c471fa69ab2ab7/p-28ffc01435a628e6e9a70d61cca98acad0ae8ea1-eb93cc4001fcc125fa08be3d32ede9ad from localhost/127.0.0.1:23799
2025-08-10 13:44:22,857 INFO  org.apache.flink.runtime.taskexecutor.TaskExecutor           [] - Received task Multi-GPU Inference Processor -> Sink: Multi-GPU Monitor Sink (1/3)#0 (29097918e0900db8cc5d290c224cc01d_20ba6b65f97481d5570070de90e4e791_0_0), deploy into slot with allocation id 957723e11710bba66813d458cbc7e884.
2025-08-10 13:44:22,857 INFO  org.apache.flink.runtime.taskexecutor.slot.TaskSlotTableImpl [] - Activate slot e258e1ca08c7972fc35dea28beea3cdf.
2025-08-10 13:44:22,858 INFO  org.apache.flink.runtime.taskmanager.Task                    [] - Multi-GPU Inference Processor -> Sink: Multi-GPU Monitor Sink (1/3)#0 (29097918e0900db8cc5d290c224cc01d_20ba6b65f97481d5570070de90e4e791_0_0) switched from CREATED to DEPLOYING.
2025-08-10 13:44:22,859 INFO  org.apache.flink.runtime.taskmanager.Task                    [] - Loading JAR files for task Multi-GPU Inference Processor -> Sink: Multi-GPU Monitor Sink (1/3)#0 (29097918e0900db8cc5d290c224cc01d_20ba6b65f97481d5570070de90e4e791_0_0) [DEPLOYING].
2025-08-10 13:44:22,860 INFO  org.apache.flink.runtime.taskexecutor.TaskExecutor           [] - Received task Multi-GPU Inference Processor -> Sink: Multi-GPU Monitor Sink (2/3)#0 (29097918e0900db8cc5d290c224cc01d_20ba6b65f97481d5570070de90e4e791_1_0), deploy into slot with allocation id e258e1ca08c7972fc35dea28beea3cdf.
2025-08-10 13:44:22,861 INFO  org.apache.flink.runtime.taskexecutor.slot.TaskSlotTableImpl [] - Activate slot 90fc4b2503462f79ecdf1ea9f3588317.
2025-08-10 13:44:22,861 INFO  org.apache.flink.runtime.taskmanager.Task                    [] - Multi-GPU Inference Processor -> Sink: Multi-GPU Monitor Sink (2/3)#0 (29097918e0900db8cc5d290c224cc01d_20ba6b65f97481d5570070de90e4e791_1_0) switched from CREATED to DEPLOYING.
2025-08-10 13:44:22,862 INFO  org.apache.flink.runtime.taskmanager.Task                    [] - Loading JAR files for task Multi-GPU Inference Processor -> Sink: Multi-GPU Monitor Sink (2/3)#0 (29097918e0900db8cc5d290c224cc01d_20ba6b65f97481d5570070de90e4e791_1_0) [DEPLOYING].
2025-08-10 13:44:22,863 INFO  org.apache.flink.runtime.taskexecutor.TaskExecutor           [] - Received task Multi-GPU Inference Processor -> Sink: Multi-GPU Monitor Sink (3/3)#0 (29097918e0900db8cc5d290c224cc01d_20ba6b65f97481d5570070de90e4e791_2_0), deploy into slot with allocation id 90fc4b2503462f79ecdf1ea9f3588317.
2025-08-10 13:44:22,864 INFO  org.apache.flink.runtime.taskmanager.Task                    [] - Multi-GPU Inference Processor -> Sink: Multi-GPU Monitor Sink (3/3)#0 (29097918e0900db8cc5d290c224cc01d_20ba6b65f97481d5570070de90e4e791_2_0) switched from CREATED to DEPLOYING.
2025-08-10 13:44:22,864 INFO  org.apache.flink.runtime.taskexecutor.slot.TaskSlotTableImpl [] - Activate slot 957723e11710bba66813d458cbc7e884.
2025-08-10 13:44:22,864 INFO  org.apache.flink.runtime.taskexecutor.slot.TaskSlotTableImpl [] - Activate slot e258e1ca08c7972fc35dea28beea3cdf.
2025-08-10 13:44:22,864 INFO  org.apache.flink.runtime.taskmanager.Task                    [] - Loading JAR files for task Multi-GPU Inference Processor -> Sink: Multi-GPU Monitor Sink (3/3)#0 (29097918e0900db8cc5d290c224cc01d_20ba6b65f97481d5570070de90e4e791_2_0) [DEPLOYING].
2025-08-10 13:44:22,864 INFO  org.apache.flink.runtime.taskexecutor.slot.TaskSlotTableImpl [] - Activate slot 90fc4b2503462f79ecdf1ea9f3588317.
2025-08-10 13:44:22,921 INFO  org.apache.flink.streaming.runtime.tasks.StreamTask          [] - Using job/cluster config to configure application-defined state backend: org.apache.flink.runtime.state.hashmap.HashMapStateBackend@2af72ba6
2025-08-10 13:44:22,921 INFO  org.apache.flink.streaming.runtime.tasks.StreamTask          [] - Using job/cluster config to configure application-defined state backend: org.apache.flink.runtime.state.hashmap.HashMapStateBackend@55ad0dc4
2025-08-10 13:44:22,921 INFO  org.apache.flink.streaming.runtime.tasks.StreamTask          [] - Using job/cluster config to configure application-defined state backend: org.apache.flink.runtime.state.hashmap.HashMapStateBackend@78e269c8
2025-08-10 13:44:22,921 INFO  org.apache.flink.streaming.runtime.tasks.StreamTask          [] - Using job/cluster config to configure application-defined state backend: org.apache.flink.runtime.state.hashmap.HashMapStateBackend@44e80329
2025-08-10 13:44:22,922 INFO  org.apache.flink.streaming.runtime.tasks.StreamTask          [] - Using application-defined state backend: org.apache.flink.runtime.state.hashmap.HashMapStateBackend@6843def2
2025-08-10 13:44:22,922 INFO  org.apache.flink.streaming.runtime.tasks.StreamTask          [] - Using application-defined state backend: org.apache.flink.runtime.state.hashmap.HashMapStateBackend@1188fa23
2025-08-10 13:44:22,922 INFO  org.apache.flink.streaming.runtime.tasks.StreamTask          [] - Using application-defined state backend: org.apache.flink.runtime.state.hashmap.HashMapStateBackend@38620564
2025-08-10 13:44:22,922 INFO  org.apache.flink.streaming.runtime.tasks.StreamTask          [] - Using application-defined state backend: org.apache.flink.runtime.state.hashmap.HashMapStateBackend@3710791b
2025-08-10 13:44:22,922 INFO  org.apache.flink.runtime.state.StateBackendLoader            [] - State backend loader loads the state backend as HashMapStateBackend
2025-08-10 13:44:22,922 INFO  org.apache.flink.runtime.state.StateBackendLoader            [] - State backend loader loads the state backend as HashMapStateBackend
2025-08-10 13:44:22,922 INFO  org.apache.flink.runtime.state.StateBackendLoader            [] - State backend loader loads the state backend as HashMapStateBackend
2025-08-10 13:44:22,922 INFO  org.apache.flink.runtime.state.StateBackendLoader            [] - State backend loader loads the state backend as HashMapStateBackend
2025-08-10 13:44:22,929 INFO  org.apache.flink.streaming.runtime.tasks.StreamTask          [] - Using job/cluster config to configure application-defined checkpoint storage: org.apache.flink.runtime.state.storage.FileSystemCheckpointStorage@200dd9d5
2025-08-10 13:44:22,929 INFO  org.apache.flink.streaming.runtime.tasks.StreamTask          [] - Using job/cluster config to configure application-defined checkpoint storage: org.apache.flink.runtime.state.storage.FileSystemCheckpointStorage@200dd9d5
2025-08-10 13:44:22,929 INFO  org.apache.flink.streaming.runtime.tasks.StreamTask          [] - Using job/cluster config to configure application-defined checkpoint storage: org.apache.flink.runtime.state.storage.FileSystemCheckpointStorage@200dd9d5
2025-08-10 13:44:22,929 INFO  org.apache.flink.streaming.runtime.tasks.StreamTask          [] - Using job/cluster config to configure application-defined checkpoint storage: org.apache.flink.runtime.state.storage.FileSystemCheckpointStorage@200dd9d5
2025-08-10 13:44:22,939 INFO  org.apache.flink.runtime.taskmanager.Task                    [] - Multi-GPU Inference Processor -> Sink: Multi-GPU Monitor Sink (2/3)#0 (29097918e0900db8cc5d290c224cc01d_20ba6b65f97481d5570070de90e4e791_1_0) switched from DEPLOYING to INITIALIZING.
2025-08-10 13:44:22,939 INFO  org.apache.flink.runtime.taskmanager.Task                    [] - Multi-GPU Inference Processor -> Sink: Multi-GPU Monitor Sink (1/3)#0 (29097918e0900db8cc5d290c224cc01d_20ba6b65f97481d5570070de90e4e791_0_0) switched from DEPLOYING to INITIALIZING.
2025-08-10 13:44:22,939 INFO  org.apache.flink.runtime.taskmanager.Task                    [] - Multi-GPU Inference Processor -> Sink: Multi-GPU Monitor Sink (3/3)#0 (29097918e0900db8cc5d290c224cc01d_20ba6b65f97481d5570070de90e4e791_2_0) switched from DEPLOYING to INITIALIZING.
2025-08-10 13:44:22,940 INFO  org.apache.flink.runtime.taskmanager.Task                    [] - Source: Request Source (1/1)#0 (29097918e0900db8cc5d290c224cc01d_bc764cd8ddf7a0cff126f51c16239658_0_0) switched from DEPLOYING to INITIALIZING.
2025-08-10 13:44:23,012 INFO  com.infertuner.processor.MultiGPUInferenceProcessor          [] - Task 1 启动，绑定到 GPU 1
2025-08-10 13:44:23,012 INFO  com.infertuner.processor.MultiGPUInferenceProcessor          [] - Task 0 启动，绑定到 GPU 0
2025-08-10 13:44:23,012 INFO  com.infertuner.processor.MultiGPUInferenceProcessor          [] - Task 2 启动，绑定到 GPU 2
2025-08-10 13:44:23,013 INFO  org.apache.flink.runtime.taskmanager.Task                    [] - Source: Request Source (1/1)#0 (29097918e0900db8cc5d290c224cc01d_bc764cd8ddf7a0cff126f51c16239658_0_0) switched from INITIALIZING to RUNNING.
2025-08-10 13:44:23,019 INFO  com.infertuner.source.SimpleRequestSource                    [] - 开始生成 50 个测试请求，间隔 500ms
2025-08-10 13:44:23,022 INFO  com.infertuner.source.SimpleRequestSource                    [] - 生成请求 1/50: req_000
2025-08-10 13:44:23,106 INFO  com.infertuner.processor.MultiGPUInferenceProcessor          [] - 启动 GPU 0 推理服务...
2025-08-10 13:44:23,106 INFO  com.infertuner.processor.MultiGPUInferenceProcessor          [] - 启动 GPU 2 推理服务...
2025-08-10 13:44:23,106 INFO  com.infertuner.processor.MultiGPUInferenceProcessor          [] - 启动 GPU 1 推理服务...
2025-08-10 13:44:23,111 INFO  com.infertuner.processor.MultiGPUInferenceProcessor          [] - 等待 GPU 0 服务初始化...
2025-08-10 13:44:23,111 INFO  com.infertuner.processor.MultiGPUInferenceProcessor          [] - 等待 GPU 2 服务初始化...
2025-08-10 13:44:23,111 INFO  com.infertuner.processor.MultiGPUInferenceProcessor          [] - 等待 GPU 1 服务初始化...
2025-08-10 13:44:23,523 INFO  com.infertuner.source.SimpleRequestSource                    [] - 生成请求 2/50: req_001
2025-08-10 13:44:24,025 INFO  com.infertuner.source.SimpleRequestSource                    [] - 生成请求 3/50: req_002
2025-08-10 13:44:24,526 INFO  com.infertuner.source.SimpleRequestSource                    [] - 生成请求 4/50: req_003
2025-08-10 13:44:25,027 INFO  com.infertuner.source.SimpleRequestSource                    [] - 生成请求 5/50: req_004
2025-08-10 13:44:25,528 INFO  com.infertuner.source.SimpleRequestSource                    [] - 生成请求 6/50: req_005
2025-08-10 13:44:26,028 INFO  com.infertuner.source.SimpleRequestSource                    [] - 生成请求 7/50: req_006
2025-08-10 13:44:26,529 INFO  com.infertuner.source.SimpleRequestSource                    [] - 生成请求 8/50: req_007
2025-08-10 13:44:27,030 INFO  com.infertuner.source.SimpleRequestSource                    [] - 生成请求 9/50: req_008
2025-08-10 13:44:27,531 INFO  com.infertuner.source.SimpleRequestSource                    [] - 生成请求 10/50: req_009
2025-08-10 13:44:28,032 INFO  com.infertuner.source.SimpleRequestSource                    [] - 生成请求 11/50: req_010
2025-08-10 13:44:28,533 INFO  com.infertuner.source.SimpleRequestSource                    [] - 生成请求 12/50: req_011
2025-08-10 13:44:29,034 INFO  com.infertuner.source.SimpleRequestSource                    [] - 生成请求 13/50: req_012
2025-08-10 13:44:29,535 INFO  com.infertuner.source.SimpleRequestSource                    [] - 生成请求 14/50: req_013
2025-08-10 13:44:30,036 INFO  com.infertuner.source.SimpleRequestSource                    [] - 生成请求 15/50: req_014
2025-08-10 13:44:30,536 INFO  com.infertuner.source.SimpleRequestSource                    [] - 生成请求 16/50: req_015
2025-08-10 13:44:31,037 INFO  com.infertuner.source.SimpleRequestSource                    [] - 生成请求 17/50: req_016
2025-08-10 13:44:31,111 INFO  com.infertuner.processor.MultiGPUInferenceProcessor          [] - ✅ GPU 0 推理服务启动成功
2025-08-10 13:44:31,111 INFO  com.infertuner.processor.MultiGPUInferenceProcessor          [] - GPU 0 推理服务启动完成
2025-08-10 13:44:31,112 INFO  com.infertuner.processor.MultiGPUInferenceProcessor          [] - ✅ GPU 2 推理服务启动成功
2025-08-10 13:44:31,112 INFO  com.infertuner.processor.MultiGPUInferenceProcessor          [] - GPU 2 推理服务启动完成
2025-08-10 13:44:31,112 INFO  com.infertuner.processor.MultiGPUInferenceProcessor          [] - ✅ GPU 1 推理服务启动成功
2025-08-10 13:44:31,113 INFO  com.infertuner.processor.MultiGPUInferenceProcessor          [] - GPU 1 推理服务启动完成
2025-08-10 13:44:31,122 INFO  org.apache.flink.runtime.taskmanager.Task                    [] - Multi-GPU Inference Processor -> Sink: Multi-GPU Monitor Sink (2/3)#0 (29097918e0900db8cc5d290c224cc01d_20ba6b65f97481d5570070de90e4e791_1_0) switched from INITIALIZING to RUNNING.
2025-08-10 13:44:31,121 INFO  org.apache.flink.runtime.taskmanager.Task                    [] - Multi-GPU Inference Processor -> Sink: Multi-GPU Monitor Sink (1/3)#0 (29097918e0900db8cc5d290c224cc01d_20ba6b65f97481d5570070de90e4e791_0_0) switched from INITIALIZING to RUNNING.
2025-08-10 13:44:31,124 INFO  org.apache.flink.runtime.taskmanager.Task                    [] - Multi-GPU Inference Processor -> Sink: Multi-GPU Monitor Sink (3/3)#0 (29097918e0900db8cc5d290c224cc01d_20ba6b65f97481d5570070de90e4e791_2_0) switched from INITIALIZING to RUNNING.
2025-08-10 13:44:31,538 INFO  com.infertuner.source.SimpleRequestSource                    [] - 生成请求 18/50: req_017
2025-08-10 13:44:32,039 INFO  com.infertuner.source.SimpleRequestSource                    [] - 生成请求 19/50: req_018
2025-08-10 13:44:32,164 INFO  com.infertuner.sink.MultiGPUMonitorSink                      [] - 结果 #1: GPU-2 | ✅ | 971.1ms | 神经网络是一种模仿人脑神经元之间连接方式的计算模型，它通过一系列层和节点来实现信息处理、模式识别和预测等功能。以下是神经...
2025-08-10 13:44:32,521 INFO  com.infertuner.sink.MultiGPUMonitorSink                      [] - 结果 #1: GPU-0 | ✅ | 1350.8ms | 机器学习是一种人工智能技术，它允许计算机从数据中自动学习和改进，从而实现特定任务的自动化。它的目标是使计算机能够通过分析...
2025-08-10 13:44:32,540 INFO  com.infertuner.source.SimpleRequestSource                    [] - 生成请求 20/50: req_019
2025-08-10 13:44:33,014 INFO  com.infertuner.sink.MultiGPUMonitorSink                      [] - 结果 #1: GPU-1 | ✅ | 1842.5ms | 过拟合是指模型在训练数据上表现良好，但在测试数据上表现较差的现象。当模型在训练集上学习到大量的特征和规律时，可能会过度地...
2025-08-10 13:44:33,041 INFO  com.infertuner.source.SimpleRequestSource                    [] - 生成请求 21/50: req_020
2025-08-10 13:44:33,135 INFO  com.infertuner.sink.MultiGPUMonitorSink                      [] - 结果 #2: GPU-0 | ✅ | 611.9ms | 神经网络是一种模仿人类大脑结构和功能的计算模型，它通过一系列复杂的数学运算来实现信息处理、模式识别、分类和预测等功能。以...
2025-08-10 13:44:33,142 INFO  com.infertuner.sink.MultiGPUMonitorSink                      [] - 结果 #2: GPU-2 | ✅ | 975.3ms | 为了优化模型性能，可以采取以下几种方法：

1. 数据预处理：在训练模型之前，需要对数据进行清洗、归一化和特征工程。例如...
2025-08-10 13:44:33,542 INFO  com.infertuner.source.SimpleRequestSource                    [] - 生成请求 22/50: req_021
2025-08-10 13:44:34,010 INFO  com.infertuner.sink.MultiGPUMonitorSink                      [] - 结果 #2: GPU-1 | ✅ | 994.3ms | 过拟合（Overfitting）是指在训练数据集上，模型过于复杂，以至于它对于新数据的预测效果较差，过度拟合了训练数据中...
2025-08-10 13:44:34,043 INFO  com.infertuner.source.SimpleRequestSource                    [] - 生成请求 23/50: req_022
2025-08-10 13:44:34,052 INFO  com.infertuner.sink.MultiGPUMonitorSink                      [] - 结果 #3: GPU-2 | ✅ | 908.8ms | 优化模型性能通常包括以下几个步骤：

1. **特征工程**：在训练模型之前，需要对数据进行预处理和特征工程。这可能包括...
2025-08-10 13:44:34,543 INFO  com.infertuner.source.SimpleRequestSource                    [] - 生成请求 24/50: req_023
2025-08-10 13:44:34,573 INFO  com.infertuner.sink.MultiGPUMonitorSink                      [] - 结果 #3: GPU-0 | ✅ | 1436.1ms | 神经网络是一种模仿人脑的计算模型，它通过一系列复杂的节点和连接来模拟人类大脑的处理过程。以下是神经网络的工作原理：

1...
2025-08-10 13:44:34,963 INFO  com.infertuner.sink.MultiGPUMonitorSink                      [] - 结果 #3: GPU-1 | ✅ | 951.3ms | 神经网络是一种模仿人脑神经元行为的计算模型，它通过一系列的层来接收输入数据，并使用权重和偏置参数调整这些层之间的连接强度...
2025-08-10 13:44:35,044 INFO  com.infertuner.source.SimpleRequestSource                    [] - 生成请求 25/50: req_024
2025-08-10 13:44:35,260 INFO  com.infertuner.sink.MultiGPUMonitorSink                      [] - 结果 #4: GPU-0 | ✅ | 685.1ms | 在机器学习和人工智能中，过拟合（Overfitting）是指模型在训练数据集上表现良好，但在测试数据集上表现不佳的情况。...
2025-08-10 13:44:35,387 INFO  com.infertuner.sink.MultiGPUMonitorSink                      [] - 结果 #4: GPU-2 | ✅ | 1332.4ms | 深度学习是一种机器学习技术，它的基本原理是基于多层神经网络模型，通过大量的训练数据和反向传播算法来模拟人类大脑的高级认知...
2025-08-10 13:44:35,545 INFO  com.infertuner.source.SimpleRequestSource                    [] - 生成请求 26/50: req_025
2025-08-10 13:44:35,622 INFO  com.infertuner.sink.MultiGPUMonitorSink                      [] - 结果 #4: GPU-1 | ✅ | 657.3ms | 深度学习是一种机器学习技术，它通过模拟人脑神经网络的结构和功能，实现自动从数据中提取特征，并进行分类、识别等任务。其基本...
2025-08-10 13:44:35,996 INFO  com.infertuner.sink.MultiGPUMonitorSink                      [] - 结果 #5: GPU-0 | ✅ | 733.7ms | 机器学习是一种人工智能技术，它使用算法和统计模型来让计算机系统从数据中自动学习规律，并根据这些规律做出决策或预测。这种技...
2025-08-10 13:44:36,045 INFO  com.infertuner.source.SimpleRequestSource                    [] - 生成请求 27/50: req_026
2025-08-10 13:44:36,407 INFO  com.infertuner.sink.MultiGPUMonitorSink                      [] - 结果 #5: GPU-1 | ✅ | 783.0ms | 优化模型性能通常需要通过以下步骤来实现：

1. 数据预处理：在训练模型之前，首先需要对原始数据进行清洗、归一化和特征选...
2025-08-10 13:44:36,453 INFO  com.infertuner.sink.MultiGPUMonitorSink                      [] - 结果 #5: GPU-2 | ✅ | 1064.9ms | 过拟合是指机器学习模型在训练数据集上表现良好，但在新未见过的数据集上表现较差的现象。这是因为模型过度地关注了训练数据中的...
2025-08-10 13:44:36,546 INFO  com.infertuner.source.SimpleRequestSource                    [] - 生成请求 28/50: req_027
2025-08-10 13:44:37,047 INFO  com.infertuner.source.SimpleRequestSource                    [] - 生成请求 29/50: req_028
2025-08-10 13:44:37,547 INFO  com.infertuner.source.SimpleRequestSource                    [] - 生成请求 30/50: req_029
2025-08-10 13:44:38,048 INFO  com.infertuner.source.SimpleRequestSource                    [] - 生成请求 31/50: req_030
2025-08-10 13:44:38,549 INFO  com.infertuner.source.SimpleRequestSource                    [] - 生成请求 32/50: req_031
2025-08-10 13:44:39,049 INFO  com.infertuner.source.SimpleRequestSource                    [] - 生成请求 33/50: req_032
2025-08-10 13:44:39,550 INFO  com.infertuner.source.SimpleRequestSource                    [] - 生成请求 34/50: req_033
2025-08-10 13:44:40,051 INFO  com.infertuner.source.SimpleRequestSource                    [] - 生成请求 35/50: req_034
2025-08-10 13:44:40,551 INFO  com.infertuner.source.SimpleRequestSource                    [] - 生成请求 36/50: req_035
2025-08-10 13:44:40,598 INFO  com.infertuner.sink.MultiGPUMonitorSink                      [] - === 整体统计 ===
2025-08-10 13:44:40,598 INFO  com.infertuner.sink.MultiGPUMonitorSink                      [] - 总请求: 10 | 成功: 10 (100.0%) | 平均延迟: 938.3ms | 吞吐量: 0.53 req/s
2025-08-10 13:44:40,598 INFO  com.infertuner.sink.MultiGPUMonitorSink                      [] - === GPU分布统计 ===
2025-08-10 13:44:40,599 INFO  com.infertuner.sink.MultiGPUMonitorSink                      [] - GPU-2: 请求=10 | 成功率=100.0% | 平均延迟=938.3ms | 吞吐量=0.53 req/s
2025-08-10 13:44:40,599 INFO  com.infertuner.sink.MultiGPUMonitorSink                      [] - ========================
2025-08-10 13:44:41,052 INFO  com.infertuner.source.SimpleRequestSource                    [] - 生成请求 37/50: req_036
2025-08-10 13:44:41,444 INFO  com.infertuner.sink.MultiGPUMonitorSink                      [] - === 整体统计 ===
2025-08-10 13:44:41,445 INFO  com.infertuner.sink.MultiGPUMonitorSink                      [] - 总请求: 10 | 成功: 10 (100.0%) | 平均延迟: 1025.2ms | 吞吐量: 0.51 req/s
2025-08-10 13:44:41,445 INFO  com.infertuner.sink.MultiGPUMonitorSink                      [] - === GPU分布统计 ===
2025-08-10 13:44:41,445 INFO  com.infertuner.sink.MultiGPUMonitorSink                      [] - GPU-0: 请求=10 | 成功率=100.0% | 平均延迟=1025.2ms | 吞吐量=0.51 req/s
2025-08-10 13:44:41,445 INFO  com.infertuner.sink.MultiGPUMonitorSink                      [] - ========================
2025-08-10 13:44:41,553 INFO  com.infertuner.source.SimpleRequestSource                    [] - 生成请求 38/50: req_037
2025-08-10 13:44:42,053 INFO  com.infertuner.sink.MultiGPUMonitorSink                      [] - === 整体统计 ===
2025-08-10 13:44:42,053 INFO  com.infertuner.sink.MultiGPUMonitorSink                      [] - 总请求: 10 | 成功: 10 (100.0%) | 平均延迟: 1086.1ms | 吞吐量: 0.49 req/s
2025-08-10 13:44:42,053 INFO  com.infertuner.sink.MultiGPUMonitorSink                      [] - === GPU分布统计 ===
2025-08-10 13:44:42,053 INFO  com.infertuner.source.SimpleRequestSource                    [] - 生成请求 39/50: req_038
2025-08-10 13:44:42,054 INFO  com.infertuner.sink.MultiGPUMonitorSink                      [] - GPU-1: 请求=10 | 成功率=100.0% | 平均延迟=1086.1ms | 吞吐量=0.49 req/s
2025-08-10 13:44:42,054 INFO  com.infertuner.sink.MultiGPUMonitorSink                      [] - ========================
2025-08-10 13:44:42,554 INFO  com.infertuner.source.SimpleRequestSource                    [] - 生成请求 40/50: req_039
2025-08-10 13:44:43,055 INFO  com.infertuner.source.SimpleRequestSource                    [] - 生成请求 41/50: req_040
2025-08-10 13:44:43,555 INFO  com.infertuner.source.SimpleRequestSource                    [] - 生成请求 42/50: req_041
2025-08-10 13:44:44,056 INFO  com.infertuner.source.SimpleRequestSource                    [] - 生成请求 43/50: req_042
2025-08-10 13:44:44,556 INFO  com.infertuner.source.SimpleRequestSource                    [] - 生成请求 44/50: req_043
2025-08-10 13:44:45,057 INFO  com.infertuner.source.SimpleRequestSource                    [] - 生成请求 45/50: req_044
2025-08-10 13:44:45,558 INFO  com.infertuner.source.SimpleRequestSource                    [] - 生成请求 46/50: req_045
2025-08-10 13:44:46,058 INFO  com.infertuner.source.SimpleRequestSource                    [] - 生成请求 47/50: req_046
2025-08-10 13:44:46,559 INFO  com.infertuner.source.SimpleRequestSource                    [] - 生成请求 48/50: req_047
2025-08-10 13:44:47,059 INFO  com.infertuner.source.SimpleRequestSource                    [] - 生成请求 49/50: req_048
2025-08-10 13:44:47,560 INFO  com.infertuner.source.SimpleRequestSource                    [] - 生成请求 50/50: req_049
2025-08-10 13:44:47,560 INFO  com.infertuner.source.SimpleRequestSource                    [] - 请求生成完成，共 50 个
2025-08-10 13:45:11,894 INFO  org.apache.flink.runtime.taskmanager.Task                    [] - Source: Request Source (1/1)#0 (29097918e0900db8cc5d290c224cc01d_bc764cd8ddf7a0cff126f51c16239658_0_0) switched from RUNNING to FINISHED.
2025-08-10 13:45:11,894 INFO  org.apache.flink.runtime.taskmanager.Task                    [] - Freeing task resources for Source: Request Source (1/1)#0 (29097918e0900db8cc5d290c224cc01d_bc764cd8ddf7a0cff126f51c16239658_0_0).
2025-08-10 13:45:11,897 INFO  com.infertuner.processor.MultiGPUInferenceProcessor          [] - 关闭 GPU 2 推理服务...
2025-08-10 13:45:11,897 INFO  com.infertuner.processor.MultiGPUInferenceProcessor          [] - 关闭 GPU 1 推理服务...
2025-08-10 13:45:11,898 INFO  com.infertuner.processor.MultiGPUInferenceProcessor          [] - 关闭 GPU 0 推理服务...
2025-08-10 13:45:11,898 INFO  org.apache.flink.runtime.taskexecutor.TaskExecutor           [] - Un-registering task and sending final execution state FINISHED to JobManager for task Source: Request Source (1/1)#0 29097918e0900db8cc5d290c224cc01d_bc764cd8ddf7a0cff126f51c16239658_0_0.
2025-08-10 13:45:12,934 INFO  com.infertuner.processor.MultiGPUInferenceProcessor          [] - ✅ GPU 1 推理服务已关闭
2025-08-10 13:45:12,936 INFO  org.apache.flink.runtime.taskmanager.Task                    [] - Multi-GPU Inference Processor -> Sink: Multi-GPU Monitor Sink (2/3)#0 (29097918e0900db8cc5d290c224cc01d_20ba6b65f97481d5570070de90e4e791_1_0) switched from RUNNING to FINISHED.
2025-08-10 13:45:12,936 INFO  org.apache.flink.runtime.taskmanager.Task                    [] - Freeing task resources for Multi-GPU Inference Processor -> Sink: Multi-GPU Monitor Sink (2/3)#0 (29097918e0900db8cc5d290c224cc01d_20ba6b65f97481d5570070de90e4e791_1_0).
2025-08-10 13:45:12,940 INFO  org.apache.flink.runtime.taskexecutor.TaskExecutor           [] - Un-registering task and sending final execution state FINISHED to JobManager for task Multi-GPU Inference Processor -> Sink: Multi-GPU Monitor Sink (2/3)#0 29097918e0900db8cc5d290c224cc01d_20ba6b65f97481d5570070de90e4e791_1_0.
2025-08-10 13:45:13,027 INFO  com.infertuner.processor.MultiGPUInferenceProcessor          [] - ✅ GPU 0 推理服务已关闭
2025-08-10 13:45:13,029 INFO  org.apache.flink.runtime.taskmanager.Task                    [] - Multi-GPU Inference Processor -> Sink: Multi-GPU Monitor Sink (1/3)#0 (29097918e0900db8cc5d290c224cc01d_20ba6b65f97481d5570070de90e4e791_0_0) switched from RUNNING to FINISHED.
2025-08-10 13:45:13,030 INFO  org.apache.flink.runtime.taskmanager.Task                    [] - Freeing task resources for Multi-GPU Inference Processor -> Sink: Multi-GPU Monitor Sink (1/3)#0 (29097918e0900db8cc5d290c224cc01d_20ba6b65f97481d5570070de90e4e791_0_0).
2025-08-10 13:45:13,032 INFO  org.apache.flink.runtime.taskexecutor.TaskExecutor           [] - Un-registering task and sending final execution state FINISHED to JobManager for task Multi-GPU Inference Processor -> Sink: Multi-GPU Monitor Sink (1/3)#0 29097918e0900db8cc5d290c224cc01d_20ba6b65f97481d5570070de90e4e791_0_0.
2025-08-10 13:45:13,095 INFO  com.infertuner.processor.MultiGPUInferenceProcessor          [] - ✅ GPU 2 推理服务已关闭
2025-08-10 13:45:13,097 INFO  org.apache.flink.runtime.taskmanager.Task                    [] - Multi-GPU Inference Processor -> Sink: Multi-GPU Monitor Sink (3/3)#0 (29097918e0900db8cc5d290c224cc01d_20ba6b65f97481d5570070de90e4e791_2_0) switched from RUNNING to FINISHED.
2025-08-10 13:45:13,097 INFO  org.apache.flink.runtime.taskmanager.Task                    [] - Freeing task resources for Multi-GPU Inference Processor -> Sink: Multi-GPU Monitor Sink (3/3)#0 (29097918e0900db8cc5d290c224cc01d_20ba6b65f97481d5570070de90e4e791_2_0).
2025-08-10 13:45:13,097 INFO  org.apache.flink.runtime.taskexecutor.TaskExecutor           [] - Un-registering task and sending final execution state FINISHED to JobManager for task Multi-GPU Inference Processor -> Sink: Multi-GPU Monitor Sink (3/3)#0 29097918e0900db8cc5d290c224cc01d_20ba6b65f97481d5570070de90e4e791_2_0.
2025-08-10 13:45:13,144 INFO  org.apache.flink.runtime.taskexecutor.slot.TaskSlotTableImpl [] - Free slot TaskSlot(index:2, state:ACTIVE, resource profile: ResourceProfile{cpuCores=1, taskHeapMemory=364.800mb (382520517 bytes), taskOffHeapMemory=0 bytes, managedMemory=343.040mb (359703515 bytes), networkMemory=85.760mb (89925878 bytes)}, allocationId: 957723e11710bba66813d458cbc7e884, jobId: 9234e14512905d6f26c471fa69ab2ab7).
2025-08-10 13:45:13,146 INFO  org.apache.flink.runtime.taskexecutor.slot.TaskSlotTableImpl [] - Free slot TaskSlot(index:0, state:ACTIVE, resource profile: ResourceProfile{cpuCores=1, taskHeapMemory=364.800mb (382520517 bytes), taskOffHeapMemory=0 bytes, managedMemory=343.040mb (359703515 bytes), networkMemory=85.760mb (89925878 bytes)}, allocationId: e258e1ca08c7972fc35dea28beea3cdf, jobId: 9234e14512905d6f26c471fa69ab2ab7).
2025-08-10 13:45:13,147 INFO  org.apache.flink.runtime.taskexecutor.slot.TaskSlotTableImpl [] - Free slot TaskSlot(index:1, state:ACTIVE, resource profile: ResourceProfile{cpuCores=1, taskHeapMemory=364.800mb (382520517 bytes), taskOffHeapMemory=0 bytes, managedMemory=343.040mb (359703515 bytes), networkMemory=85.760mb (89925878 bytes)}, allocationId: 90fc4b2503462f79ecdf1ea9f3588317, jobId: 9234e14512905d6f26c471fa69ab2ab7).
2025-08-10 13:45:13,148 INFO  org.apache.flink.runtime.taskexecutor.DefaultJobLeaderService [] - Remove job 9234e14512905d6f26c471fa69ab2ab7 from job leader monitoring.
2025-08-10 13:45:13,148 INFO  org.apache.flink.runtime.taskexecutor.TaskExecutor           [] - Close JobManager connection for job 9234e14512905d6f26c471fa69ab2ab7.
