2025-08-10 13:40:34,688 INFO  org.apache.flink.runtime.taskexecutor.TaskManagerRunner      [] - --------------------------------------------------------------------------------
2025-08-10 13:40:34,690 INFO  org.apache.flink.runtime.taskexecutor.TaskManagerRunner      [] -  Preconfiguration: 
2025-08-10 13:40:34,690 INFO  org.apache.flink.runtime.taskexecutor.TaskManagerRunner      [] - 


RESOURCE_PARAMS extraction logs:
jvm_params: -Xmx1664299798 -Xms1664299798 -XX:MaxDirectMemorySize=493921243 -XX:MaxMetaspaceSize=268435456
dynamic_configs: -D taskmanager.memory.network.min=359703515b -D taskmanager.cpu.cores=4.0 -D taskmanager.memory.task.off-heap.size=0b -D taskmanager.memory.jvm-metaspace.size=268435456b -D external-resources=none -D taskmanager.memory.jvm-overhead.min=429496736b -D taskmanager.memory.framework.off-heap.size=134217728b -D taskmanager.memory.network.max=359703515b -D taskmanager.memory.framework.heap.size=134217728b -D taskmanager.memory.managed.size=1438814063b -D taskmanager.memory.task.heap.size=1530082070b -D taskmanager.numberOfTaskSlots=4 -D taskmanager.memory.jvm-overhead.max=429496736b
logs: WARNING: sun.reflect.Reflection.getCallerClass is not supported. This will impact performance.
INFO  [] - Loading configuration property: taskmanager.memory.process.size, 4096m
INFO  [] - Loading configuration property: env.java.opts.jobmanager, -Dfile.encoding=UTF-8 -Dsun.jnu.encoding=UTF-8
INFO  [] - Loading configuration property: taskmanager.bind-host, localhost
INFO  [] - Loading configuration property: env.java.opts, -Dfile.encoding=UTF-8 -Dsun.jnu.encoding=UTF-8
INFO  [] - Loading configuration property: jobmanager.rpc.address, localhost
INFO  [] - Loading configuration property: jobmanager.memory.process.size, 2048m
INFO  [] - Loading configuration property: jobmanager.rpc.port, 6123
INFO  [] - Loading configuration property: rest.bind-address, 0.0.0.0
INFO  [] - Loading configuration property: rest.port, 8081
INFO  [] - Loading configuration property: execution.checkpointing.interval, 30s
INFO  [] - Loading configuration property: jobmanager.bind-host, localhost
INFO  [] - Loading configuration property: parallelism.default, 1
INFO  [] - Loading configuration property: taskmanager.numberOfTaskSlots, 4
INFO  [] - Loading configuration property: taskmanager.memory.managed.fraction, 0.4
INFO  [] - Loading configuration property: rest.address, 0.0.0.0
INFO  [] - Loading configuration property: cluster.evenly-spread-out-slots, true
INFO  [] - Loading configuration property: state.backend, filesystem
INFO  [] - Loading configuration property: execution.checkpointing.min-pause, 5s
INFO  [] - Loading configuration property: jobmanager.memory.jvm-metaspace.size, 256m
INFO  [] - Loading configuration property: env.java.opts.taskmanager, -Dfile.encoding=UTF-8 -Dsun.jnu.encoding=UTF-8
INFO  [] - Loading configuration property: state.checkpoints.dir, file:///workspace/logs/flink-checkpoints
INFO  [] - Final TaskExecutor Memory configuration:
INFO  [] -   Total Process Memory:          4.000gb (4294967296 bytes)
INFO  [] -     Total Flink Memory:          3.350gb (3597035104 bytes)
INFO  [] -       Total JVM Heap Memory:     1.550gb (1664299798 bytes)
INFO  [] -         Framework:               128.000mb (134217728 bytes)
INFO  [] -         Task:                    1.425gb (1530082070 bytes)
INFO  [] -       Total Off-heap Memory:     1.800gb (1932735306 bytes)
INFO  [] -         Managed:                 1.340gb (1438814063 bytes)
INFO  [] -         Total JVM Direct Memory: 471.040mb (493921243 bytes)
INFO  [] -           Framework:             128.000mb (134217728 bytes)
INFO  [] -           Task:                  0 bytes
INFO  [] -           Network:               343.040mb (359703515 bytes)
INFO  [] -     JVM Metaspace:               256.000mb (268435456 bytes)
INFO  [] -     JVM Overhead:                409.600mb (429496736 bytes)

2025-08-10 13:40:34,690 INFO  org.apache.flink.runtime.taskexecutor.TaskManagerRunner      [] - --------------------------------------------------------------------------------
2025-08-10 13:40:34,690 INFO  org.apache.flink.runtime.taskexecutor.TaskManagerRunner      [] -  Starting TaskManager (Version: 1.17.0, Scala: 2.12, Rev:69ecda0, Date:2023-03-17T10:30:06+01:00)
2025-08-10 13:40:34,690 INFO  org.apache.flink.runtime.taskexecutor.TaskManagerRunner      [] -  OS current user: root
2025-08-10 13:40:34,690 INFO  org.apache.flink.runtime.taskexecutor.TaskManagerRunner      [] -  Current Hadoop/Kerberos user: <no hadoop dependency found>
2025-08-10 13:40:34,690 INFO  org.apache.flink.runtime.taskexecutor.TaskManagerRunner      [] -  JVM: OpenJDK 64-Bit Server VM - Ubuntu - 11/11.0.28+6-post-Ubuntu-1ubuntu122.04.1
2025-08-10 13:40:34,690 INFO  org.apache.flink.runtime.taskexecutor.TaskManagerRunner      [] -  Arch: amd64
2025-08-10 13:40:34,690 INFO  org.apache.flink.runtime.taskexecutor.TaskManagerRunner      [] -  Maximum heap size: 1588 MiBytes
2025-08-10 13:40:34,690 INFO  org.apache.flink.runtime.taskexecutor.TaskManagerRunner      [] -  JAVA_HOME: /usr/lib/jvm/java-11-openjdk-amd64
2025-08-10 13:40:34,691 INFO  org.apache.flink.runtime.taskexecutor.TaskManagerRunner      [] -  No Hadoop Dependency available
2025-08-10 13:40:34,691 INFO  org.apache.flink.runtime.taskexecutor.TaskManagerRunner      [] -  JVM Options:
2025-08-10 13:40:34,691 INFO  org.apache.flink.runtime.taskexecutor.TaskManagerRunner      [] -     -Xmx1664299798
2025-08-10 13:40:34,691 INFO  org.apache.flink.runtime.taskexecutor.TaskManagerRunner      [] -     -Xms1664299798
2025-08-10 13:40:34,691 INFO  org.apache.flink.runtime.taskexecutor.TaskManagerRunner      [] -     -XX:MaxDirectMemorySize=493921243
2025-08-10 13:40:34,691 INFO  org.apache.flink.runtime.taskexecutor.TaskManagerRunner      [] -     -XX:MaxMetaspaceSize=268435456
2025-08-10 13:40:34,691 INFO  org.apache.flink.runtime.taskexecutor.TaskManagerRunner      [] -     -Dfile.encoding=UTF-8
2025-08-10 13:40:34,691 INFO  org.apache.flink.runtime.taskexecutor.TaskManagerRunner      [] -     -Dsun.jnu.encoding=UTF-8
2025-08-10 13:40:34,691 INFO  org.apache.flink.runtime.taskexecutor.TaskManagerRunner      [] -     -Dfile.encoding=UTF-8
2025-08-10 13:40:34,691 INFO  org.apache.flink.runtime.taskexecutor.TaskManagerRunner      [] -     -Dsun.jnu.encoding=UTF-8
2025-08-10 13:40:34,691 INFO  org.apache.flink.runtime.taskexecutor.TaskManagerRunner      [] -     -Dlog.file=/workspace/flink-setup/flink/log/flink--taskexecutor-0-gpu02.log
2025-08-10 13:40:34,691 INFO  org.apache.flink.runtime.taskexecutor.TaskManagerRunner      [] -     -Dlog4j.configuration=file:/workspace/flink-setup/flink/conf/log4j.properties
2025-08-10 13:40:34,691 INFO  org.apache.flink.runtime.taskexecutor.TaskManagerRunner      [] -     -Dlog4j.configurationFile=file:/workspace/flink-setup/flink/conf/log4j.properties
2025-08-10 13:40:34,691 INFO  org.apache.flink.runtime.taskexecutor.TaskManagerRunner      [] -     -Dlogback.configurationFile=file:/workspace/flink-setup/flink/conf/logback.xml
2025-08-10 13:40:34,691 INFO  org.apache.flink.runtime.taskexecutor.TaskManagerRunner      [] -  Program Arguments:
2025-08-10 13:40:34,692 INFO  org.apache.flink.runtime.taskexecutor.TaskManagerRunner      [] -     --configDir
2025-08-10 13:40:34,692 INFO  org.apache.flink.runtime.taskexecutor.TaskManagerRunner      [] -     /workspace/flink-setup/flink/conf
2025-08-10 13:40:34,692 INFO  org.apache.flink.runtime.taskexecutor.TaskManagerRunner      [] -     -D
2025-08-10 13:40:34,693 INFO  org.apache.flink.runtime.taskexecutor.TaskManagerRunner      [] -     taskmanager.memory.network.min=359703515b
2025-08-10 13:40:34,693 INFO  org.apache.flink.runtime.taskexecutor.TaskManagerRunner      [] -     -D
2025-08-10 13:40:34,693 INFO  org.apache.flink.runtime.taskexecutor.TaskManagerRunner      [] -     taskmanager.cpu.cores=4.0
2025-08-10 13:40:34,693 INFO  org.apache.flink.runtime.taskexecutor.TaskManagerRunner      [] -     -D
2025-08-10 13:40:34,693 INFO  org.apache.flink.runtime.taskexecutor.TaskManagerRunner      [] -     taskmanager.memory.task.off-heap.size=0b
2025-08-10 13:40:34,693 INFO  org.apache.flink.runtime.taskexecutor.TaskManagerRunner      [] -     -D
2025-08-10 13:40:34,693 INFO  org.apache.flink.runtime.taskexecutor.TaskManagerRunner      [] -     taskmanager.memory.jvm-metaspace.size=268435456b
2025-08-10 13:40:34,693 INFO  org.apache.flink.runtime.taskexecutor.TaskManagerRunner      [] -     -D
2025-08-10 13:40:34,693 INFO  org.apache.flink.runtime.taskexecutor.TaskManagerRunner      [] -     external-resources=none
2025-08-10 13:40:34,693 INFO  org.apache.flink.runtime.taskexecutor.TaskManagerRunner      [] -     -D
2025-08-10 13:40:34,693 INFO  org.apache.flink.runtime.taskexecutor.TaskManagerRunner      [] -     taskmanager.memory.jvm-overhead.min=429496736b
2025-08-10 13:40:34,693 INFO  org.apache.flink.runtime.taskexecutor.TaskManagerRunner      [] -     -D
2025-08-10 13:40:34,693 INFO  org.apache.flink.runtime.taskexecutor.TaskManagerRunner      [] -     taskmanager.memory.framework.off-heap.size=134217728b
2025-08-10 13:40:34,693 INFO  org.apache.flink.runtime.taskexecutor.TaskManagerRunner      [] -     -D
2025-08-10 13:40:34,693 INFO  org.apache.flink.runtime.taskexecutor.TaskManagerRunner      [] -     taskmanager.memory.network.max=359703515b
2025-08-10 13:40:34,693 INFO  org.apache.flink.runtime.taskexecutor.TaskManagerRunner      [] -     -D
2025-08-10 13:40:34,693 INFO  org.apache.flink.runtime.taskexecutor.TaskManagerRunner      [] -     taskmanager.memory.framework.heap.size=134217728b
2025-08-10 13:40:34,693 INFO  org.apache.flink.runtime.taskexecutor.TaskManagerRunner      [] -     -D
2025-08-10 13:40:34,694 INFO  org.apache.flink.runtime.taskexecutor.TaskManagerRunner      [] -     taskmanager.memory.managed.size=1438814063b
2025-08-10 13:40:34,694 INFO  org.apache.flink.runtime.taskexecutor.TaskManagerRunner      [] -     -D
2025-08-10 13:40:34,694 INFO  org.apache.flink.runtime.taskexecutor.TaskManagerRunner      [] -     taskmanager.memory.task.heap.size=1530082070b
2025-08-10 13:40:34,694 INFO  org.apache.flink.runtime.taskexecutor.TaskManagerRunner      [] -     -D
2025-08-10 13:40:34,694 INFO  org.apache.flink.runtime.taskexecutor.TaskManagerRunner      [] -     taskmanager.numberOfTaskSlots=4
2025-08-10 13:40:34,694 INFO  org.apache.flink.runtime.taskexecutor.TaskManagerRunner      [] -     -D
2025-08-10 13:40:34,694 INFO  org.apache.flink.runtime.taskexecutor.TaskManagerRunner      [] -     taskmanager.memory.jvm-overhead.max=429496736b
2025-08-10 13:40:34,694 INFO  org.apache.flink.runtime.taskexecutor.TaskManagerRunner      [] -  Classpath: /workspace/flink-setup/flink/lib/flink-cep-1.17.0.jar:/workspace/flink-setup/flink/lib/flink-connector-files-1.17.0.jar:/workspace/flink-setup/flink/lib/flink-csv-1.17.0.jar:/workspace/flink-setup/flink/lib/flink-json-1.17.0.jar:/workspace/flink-setup/flink/lib/flink-scala_2.12-1.17.0.jar:/workspace/flink-setup/flink/lib/flink-table-api-java-uber-1.17.0.jar:/workspace/flink-setup/flink/lib/flink-table-planner-loader-1.17.0.jar:/workspace/flink-setup/flink/lib/flink-table-runtime-1.17.0.jar:/workspace/flink-setup/flink/lib/log4j-1.2-api-2.17.1.jar:/workspace/flink-setup/flink/lib/log4j-api-2.17.1.jar:/workspace/flink-setup/flink/lib/log4j-core-2.17.1.jar:/workspace/flink-setup/flink/lib/log4j-slf4j-impl-2.17.1.jar:/workspace/flink-setup/flink/lib/flink-dist-1.17.0.jar::::
2025-08-10 13:40:34,694 INFO  org.apache.flink.runtime.taskexecutor.TaskManagerRunner      [] - --------------------------------------------------------------------------------
2025-08-10 13:40:34,695 INFO  org.apache.flink.runtime.taskexecutor.TaskManagerRunner      [] - Registered UNIX signal handlers for [TERM, HUP, INT]
2025-08-10 13:40:34,697 INFO  org.apache.flink.runtime.taskexecutor.TaskManagerRunner      [] - Maximum number of open file descriptors is 1048576.
2025-08-10 13:40:34,704 INFO  org.apache.flink.configuration.GlobalConfiguration           [] - Loading configuration property: taskmanager.memory.process.size, 4096m
2025-08-10 13:40:34,704 INFO  org.apache.flink.configuration.GlobalConfiguration           [] - Loading configuration property: env.java.opts.jobmanager, -Dfile.encoding=UTF-8 -Dsun.jnu.encoding=UTF-8
2025-08-10 13:40:34,704 INFO  org.apache.flink.configuration.GlobalConfiguration           [] - Loading configuration property: taskmanager.bind-host, localhost
2025-08-10 13:40:34,704 INFO  org.apache.flink.configuration.GlobalConfiguration           [] - Loading configuration property: env.java.opts, -Dfile.encoding=UTF-8 -Dsun.jnu.encoding=UTF-8
2025-08-10 13:40:34,704 INFO  org.apache.flink.configuration.GlobalConfiguration           [] - Loading configuration property: jobmanager.rpc.address, localhost
2025-08-10 13:40:34,705 INFO  org.apache.flink.configuration.GlobalConfiguration           [] - Loading configuration property: jobmanager.memory.process.size, 2048m
2025-08-10 13:40:34,705 INFO  org.apache.flink.configuration.GlobalConfiguration           [] - Loading configuration property: jobmanager.rpc.port, 6123
2025-08-10 13:40:34,705 INFO  org.apache.flink.configuration.GlobalConfiguration           [] - Loading configuration property: rest.bind-address, 0.0.0.0
2025-08-10 13:40:34,705 INFO  org.apache.flink.configuration.GlobalConfiguration           [] - Loading configuration property: rest.port, 8081
2025-08-10 13:40:34,705 INFO  org.apache.flink.configuration.GlobalConfiguration           [] - Loading configuration property: execution.checkpointing.interval, 30s
2025-08-10 13:40:34,705 INFO  org.apache.flink.configuration.GlobalConfiguration           [] - Loading configuration property: jobmanager.bind-host, localhost
2025-08-10 13:40:34,705 INFO  org.apache.flink.configuration.GlobalConfiguration           [] - Loading configuration property: parallelism.default, 1
2025-08-10 13:40:34,705 INFO  org.apache.flink.configuration.GlobalConfiguration           [] - Loading configuration property: taskmanager.numberOfTaskSlots, 4
2025-08-10 13:40:34,705 INFO  org.apache.flink.configuration.GlobalConfiguration           [] - Loading configuration property: taskmanager.memory.managed.fraction, 0.4
2025-08-10 13:40:34,705 INFO  org.apache.flink.configuration.GlobalConfiguration           [] - Loading configuration property: rest.address, 0.0.0.0
2025-08-10 13:40:34,705 INFO  org.apache.flink.configuration.GlobalConfiguration           [] - Loading configuration property: cluster.evenly-spread-out-slots, true
2025-08-10 13:40:34,705 INFO  org.apache.flink.configuration.GlobalConfiguration           [] - Loading configuration property: state.backend, filesystem
2025-08-10 13:40:34,705 INFO  org.apache.flink.configuration.GlobalConfiguration           [] - Loading configuration property: execution.checkpointing.min-pause, 5s
2025-08-10 13:40:34,705 INFO  org.apache.flink.configuration.GlobalConfiguration           [] - Loading configuration property: jobmanager.memory.jvm-metaspace.size, 256m
2025-08-10 13:40:34,705 INFO  org.apache.flink.configuration.GlobalConfiguration           [] - Loading configuration property: env.java.opts.taskmanager, -Dfile.encoding=UTF-8 -Dsun.jnu.encoding=UTF-8
2025-08-10 13:40:34,706 INFO  org.apache.flink.configuration.GlobalConfiguration           [] - Loading configuration property: state.checkpoints.dir, file:///workspace/logs/flink-checkpoints
2025-08-10 13:40:34,706 INFO  org.apache.flink.configuration.GlobalConfiguration           [] - Loading dynamic configuration property: taskmanager.memory.network.min, 359703515b
2025-08-10 13:40:34,706 INFO  org.apache.flink.configuration.GlobalConfiguration           [] - Loading dynamic configuration property: taskmanager.memory.jvm-metaspace.size, 268435456b
2025-08-10 13:40:34,706 INFO  org.apache.flink.configuration.GlobalConfiguration           [] - Loading dynamic configuration property: taskmanager.memory.task.off-heap.size, 0b
2025-08-10 13:40:34,706 INFO  org.apache.flink.configuration.GlobalConfiguration           [] - Loading dynamic configuration property: taskmanager.cpu.cores, 4.0
2025-08-10 13:40:34,706 INFO  org.apache.flink.configuration.GlobalConfiguration           [] - Loading dynamic configuration property: external-resources, none
2025-08-10 13:40:34,706 INFO  org.apache.flink.configuration.GlobalConfiguration           [] - Loading dynamic configuration property: taskmanager.memory.jvm-overhead.min, 429496736b
2025-08-10 13:40:34,706 INFO  org.apache.flink.configuration.GlobalConfiguration           [] - Loading dynamic configuration property: taskmanager.memory.framework.off-heap.size, 134217728b
2025-08-10 13:40:34,707 INFO  org.apache.flink.configuration.GlobalConfiguration           [] - Loading dynamic configuration property: taskmanager.memory.network.max, 359703515b
2025-08-10 13:40:34,707 INFO  org.apache.flink.configuration.GlobalConfiguration           [] - Loading dynamic configuration property: taskmanager.memory.framework.heap.size, 134217728b
2025-08-10 13:40:34,707 INFO  org.apache.flink.configuration.GlobalConfiguration           [] - Loading dynamic configuration property: taskmanager.memory.managed.size, 1438814063b
2025-08-10 13:40:34,707 INFO  org.apache.flink.configuration.GlobalConfiguration           [] - Loading dynamic configuration property: taskmanager.memory.task.heap.size, 1530082070b
2025-08-10 13:40:34,707 INFO  org.apache.flink.configuration.GlobalConfiguration           [] - Loading dynamic configuration property: taskmanager.numberOfTaskSlots, 4
2025-08-10 13:40:34,707 INFO  org.apache.flink.configuration.GlobalConfiguration           [] - Loading dynamic configuration property: taskmanager.memory.jvm-overhead.max, 429496736b
2025-08-10 13:40:34,737 INFO  org.apache.flink.core.fs.FileSystem                          [] - Hadoop is not in the classpath/dependencies. The extended set of supported File Systems via Hadoop is not available.
2025-08-10 13:40:34,751 INFO  org.apache.flink.core.plugin.DefaultPluginManager            [] - Plugin loader with ID not found, creating it: metrics-prometheus
2025-08-10 13:40:34,755 INFO  org.apache.flink.core.plugin.DefaultPluginManager            [] - Plugin loader with ID not found, creating it: metrics-slf4j
2025-08-10 13:40:34,755 INFO  org.apache.flink.core.plugin.DefaultPluginManager            [] - Plugin loader with ID not found, creating it: metrics-influx
2025-08-10 13:40:34,756 INFO  org.apache.flink.core.plugin.DefaultPluginManager            [] - Plugin loader with ID not found, creating it: metrics-datadog
2025-08-10 13:40:34,756 INFO  org.apache.flink.core.plugin.DefaultPluginManager            [] - Plugin loader with ID not found, creating it: external-resource-gpu
2025-08-10 13:40:34,756 INFO  org.apache.flink.core.plugin.DefaultPluginManager            [] - Plugin loader with ID not found, creating it: metrics-graphite
2025-08-10 13:40:34,756 INFO  org.apache.flink.core.plugin.DefaultPluginManager            [] - Plugin loader with ID not found, creating it: metrics-statsd
2025-08-10 13:40:34,756 INFO  org.apache.flink.core.plugin.DefaultPluginManager            [] - Plugin loader with ID not found, creating it: metrics-jmx
2025-08-10 13:40:34,772 INFO  org.apache.flink.runtime.state.changelog.StateChangelogStorageLoader [] - StateChangelogStorageLoader initialized with shortcut names {memory,filesystem}.
2025-08-10 13:40:34,772 INFO  org.apache.flink.core.plugin.DefaultPluginManager            [] - Plugin loader with ID found, reusing it: metrics-prometheus
2025-08-10 13:40:34,772 INFO  org.apache.flink.core.plugin.DefaultPluginManager            [] - Plugin loader with ID found, reusing it: metrics-slf4j
2025-08-10 13:40:34,772 INFO  org.apache.flink.core.plugin.DefaultPluginManager            [] - Plugin loader with ID found, reusing it: metrics-influx
2025-08-10 13:40:34,772 INFO  org.apache.flink.core.plugin.DefaultPluginManager            [] - Plugin loader with ID found, reusing it: metrics-datadog
2025-08-10 13:40:34,772 INFO  org.apache.flink.core.plugin.DefaultPluginManager            [] - Plugin loader with ID found, reusing it: external-resource-gpu
2025-08-10 13:40:34,773 INFO  org.apache.flink.core.plugin.DefaultPluginManager            [] - Plugin loader with ID found, reusing it: metrics-graphite
2025-08-10 13:40:34,773 INFO  org.apache.flink.core.plugin.DefaultPluginManager            [] - Plugin loader with ID found, reusing it: metrics-statsd
2025-08-10 13:40:34,773 INFO  org.apache.flink.core.plugin.DefaultPluginManager            [] - Plugin loader with ID found, reusing it: metrics-jmx
2025-08-10 13:40:34,774 INFO  org.apache.flink.runtime.state.changelog.StateChangelogStorageLoader [] - StateChangelogStorageLoader initialized with shortcut names {memory,filesystem}.
2025-08-10 13:40:34,786 INFO  org.apache.flink.runtime.security.modules.HadoopModuleFactory [] - Cannot create Hadoop Security Module because Hadoop cannot be found in the Classpath.
2025-08-10 13:40:34,797 INFO  org.apache.flink.runtime.security.modules.JaasModule         [] - Jaas file will be created as /tmp/jaas-14067055176684486633.conf.
2025-08-10 13:40:34,802 INFO  org.apache.flink.runtime.security.contexts.HadoopSecurityContextFactory [] - Cannot install HadoopSecurityContext because Hadoop cannot be found in the Classpath.
2025-08-10 13:40:35,145 INFO  org.apache.flink.runtime.util.LeaderRetrievalUtils           [] - Trying to select the network interface and address to use by connecting to the leading JobManager.
2025-08-10 13:40:35,145 INFO  org.apache.flink.runtime.util.LeaderRetrievalUtils           [] - TaskManager will try to connect for PT10S before falling back to heuristics
2025-08-10 13:40:35,384 INFO  org.apache.flink.runtime.taskexecutor.TaskManagerRunner      [] - TaskManager will use hostname/address 'gpu02' (127.0.0.1) for communication.
2025-08-10 13:40:35,419 INFO  org.apache.flink.runtime.rpc.akka.AkkaRpcServiceUtils        [] - Trying to start actor system, external address 127.0.0.1:0, bind address localhost:0.
2025-08-10 13:40:35,901 INFO  akka.event.slf4j.Slf4jLogger                                 [] - Slf4jLogger started
2025-08-10 13:40:35,932 INFO  akka.remote.RemoteActorRefProvider                           [] - Akka Cluster not in use - enabling unsafe features anyway because `akka.remote.use-unsafe-remote-features-outside-cluster` has been enabled.
2025-08-10 13:40:35,932 INFO  akka.remote.Remoting                                         [] - Starting remoting
2025-08-10 13:40:36,085 INFO  akka.remote.Remoting                                         [] - Remoting started; listening on addresses :[akka.tcp://flink@127.0.0.1:6691]
2025-08-10 13:40:36,168 INFO  org.apache.flink.runtime.rpc.akka.AkkaRpcServiceUtils        [] - Actor system started at akka.tcp://flink@127.0.0.1:6691
2025-08-10 13:40:36,179 INFO  org.apache.flink.runtime.taskexecutor.TaskManagerRunner      [] - Using working directory: WorkingDirectory(/tmp/tm_127.0.0.1:6691-bb7aa4)
2025-08-10 13:40:36,184 INFO  org.apache.flink.runtime.metrics.MetricRegistryImpl          [] - No metrics reporter configured, no metrics will be exposed/reported.
2025-08-10 13:40:36,186 INFO  org.apache.flink.runtime.rpc.akka.AkkaRpcServiceUtils        [] - Trying to start actor system, external address 127.0.0.1:0, bind address localhost:0.
2025-08-10 13:40:36,198 INFO  akka.event.slf4j.Slf4jLogger                                 [] - Slf4jLogger started
2025-08-10 13:40:36,201 INFO  akka.remote.RemoteActorRefProvider                           [] - Akka Cluster not in use - enabling unsafe features anyway because `akka.remote.use-unsafe-remote-features-outside-cluster` has been enabled.
2025-08-10 13:40:36,202 INFO  akka.remote.Remoting                                         [] - Starting remoting
2025-08-10 13:40:36,216 INFO  akka.remote.Remoting                                         [] - Remoting started; listening on addresses :[akka.tcp://flink-metrics@127.0.0.1:28113]
2025-08-10 13:40:36,223 INFO  org.apache.flink.runtime.rpc.akka.AkkaRpcServiceUtils        [] - Actor system started at akka.tcp://flink-metrics@127.0.0.1:28113
2025-08-10 13:40:36,232 INFO  org.apache.flink.runtime.rpc.akka.AkkaRpcService             [] - Starting RPC endpoint for org.apache.flink.runtime.metrics.dump.MetricQueryService at akka://flink-metrics/user/rpc/MetricQueryService_127.0.0.1:6691-bb7aa4 .
2025-08-10 13:40:36,241 INFO  org.apache.flink.runtime.blob.PermanentBlobCache             [] - Created BLOB cache storage directory /tmp/tm_127.0.0.1:6691-bb7aa4/blobStorage
2025-08-10 13:40:36,244 INFO  org.apache.flink.runtime.blob.TransientBlobCache             [] - Created BLOB cache storage directory /tmp/tm_127.0.0.1:6691-bb7aa4/blobStorage
2025-08-10 13:40:36,246 INFO  org.apache.flink.runtime.externalresource.ExternalResourceUtils [] - Enabled external resources: []
2025-08-10 13:40:36,246 INFO  org.apache.flink.runtime.security.token.DelegationTokenReceiverRepository [] - Loading delegation token receivers
2025-08-10 13:40:36,249 INFO  org.apache.flink.runtime.security.token.DelegationTokenReceiverRepository [] - Delegation token receiver hadoopfs loaded and initialized
2025-08-10 13:40:36,249 INFO  org.apache.flink.runtime.security.token.DelegationTokenReceiverRepository [] - Delegation token receiver hbase loaded and initialized
2025-08-10 13:40:36,249 INFO  org.apache.flink.core.plugin.DefaultPluginManager            [] - Plugin loader with ID found, reusing it: metrics-prometheus
2025-08-10 13:40:36,249 INFO  org.apache.flink.core.plugin.DefaultPluginManager            [] - Plugin loader with ID found, reusing it: metrics-slf4j
2025-08-10 13:40:36,249 INFO  org.apache.flink.core.plugin.DefaultPluginManager            [] - Plugin loader with ID found, reusing it: metrics-influx
2025-08-10 13:40:36,249 INFO  org.apache.flink.core.plugin.DefaultPluginManager            [] - Plugin loader with ID found, reusing it: metrics-datadog
2025-08-10 13:40:36,249 INFO  org.apache.flink.core.plugin.DefaultPluginManager            [] - Plugin loader with ID found, reusing it: external-resource-gpu
2025-08-10 13:40:36,249 INFO  org.apache.flink.core.plugin.DefaultPluginManager            [] - Plugin loader with ID found, reusing it: metrics-graphite
2025-08-10 13:40:36,249 INFO  org.apache.flink.core.plugin.DefaultPluginManager            [] - Plugin loader with ID found, reusing it: metrics-statsd
2025-08-10 13:40:36,249 INFO  org.apache.flink.core.plugin.DefaultPluginManager            [] - Plugin loader with ID found, reusing it: metrics-jmx
2025-08-10 13:40:36,250 INFO  org.apache.flink.runtime.security.token.DelegationTokenReceiverRepository [] - Delegation token receivers loaded successfully
2025-08-10 13:40:36,250 INFO  org.apache.flink.runtime.taskexecutor.TaskManagerRunner      [] - Starting TaskManager with ResourceID: 127.0.0.1:6691-bb7aa4
2025-08-10 13:40:36,261 INFO  org.apache.flink.runtime.taskexecutor.TaskManagerServices    [] - Temporary file directory '/tmp': total 1758 GB, usable 31 GB (1.76% usable)
2025-08-10 13:40:36,262 INFO  org.apache.flink.runtime.io.disk.iomanager.IOManager         [] - Created a new FileChannelManager for spilling of task related data to disk (joins, sorting, ...). Used directories:
	/tmp/flink-io-86ae4d74-69ab-41e5-98a0-3debf90b5b3e
2025-08-10 13:40:36,267 INFO  org.apache.flink.runtime.io.network.netty.NettyConfig        [] - NettyConfig [server address: localhost/127.0.0.1, server port: 0, ssl enabled: false, memory segment size (bytes): 32768, transport type: AUTO, number of server threads: 4 (manual), number of client threads: 4 (manual), server connect backlog: 0 (use Netty's default), client connect timeout (sec): 120, send/receive buffer size (bytes): 0 (use Netty's default)]
2025-08-10 13:40:36,303 INFO  org.apache.flink.runtime.io.network.NettyShuffleServiceFactory [] - Created a new FileChannelManager for storing result partitions of BLOCKING shuffles. Used directories:
	/tmp/flink-netty-shuffle-9fdc12bf-7c59-4974-847f-55f3d5257fff
2025-08-10 13:40:36,432 INFO  org.apache.flink.runtime.io.network.buffer.NetworkBufferPool [] - Allocated 343 MB for network buffer pool (number of memory segments: 10977, bytes per segment: 32768).
2025-08-10 13:40:36,441 INFO  org.apache.flink.runtime.io.network.NettyShuffleEnvironment  [] - Starting the network environment and its components.
2025-08-10 13:40:36,473 INFO  org.apache.flink.runtime.io.network.netty.NettyClient        [] - Transport type 'auto': using EPOLL.
2025-08-10 13:40:36,474 INFO  org.apache.flink.runtime.io.network.netty.NettyClient        [] - Successful initialization (took 32 ms).
2025-08-10 13:40:36,477 INFO  org.apache.flink.runtime.io.network.netty.NettyServer        [] - Transport type 'auto': using EPOLL.
2025-08-10 13:40:36,517 INFO  org.apache.flink.runtime.io.network.netty.NettyServer        [] - Successful initialization (took 42 ms). Listening on SocketAddress /127.0.0.1:1953.
2025-08-10 13:40:36,518 INFO  org.apache.flink.runtime.taskexecutor.KvStateService         [] - Starting the kvState service and its components.
2025-08-10 13:40:36,534 INFO  org.apache.flink.runtime.rpc.akka.AkkaRpcService             [] - Starting RPC endpoint for org.apache.flink.runtime.taskexecutor.TaskExecutor at akka://flink/user/rpc/taskmanager_0 .
2025-08-10 13:40:36,544 INFO  org.apache.flink.runtime.taskexecutor.DefaultJobLeaderService [] - Start job leader service.
2025-08-10 13:40:36,545 INFO  org.apache.flink.runtime.filecache.FileCache                 [] - User file cache uses directory /tmp/flink-dist-cache-7f08d9f1-c9a6-4121-ad8a-8749523e03f6
2025-08-10 13:40:36,547 INFO  org.apache.flink.runtime.taskexecutor.TaskExecutor           [] - Connecting to ResourceManager akka.tcp://flink@localhost:6123/user/rpc/resourcemanager_*(00000000000000000000000000000000).
2025-08-10 13:40:36,739 INFO  org.apache.flink.runtime.taskexecutor.TaskExecutor           [] - Resolved ResourceManager address, beginning registration
2025-08-10 13:40:36,844 INFO  org.apache.flink.runtime.taskexecutor.TaskExecutor           [] - Successful registration at resource manager akka.tcp://flink@localhost:6123/user/rpc/resourcemanager_* under registration id ff31b1576e590a5fc97d7f7b8729d14c.
2025-08-10 13:40:44,330 INFO  org.apache.flink.runtime.taskexecutor.TaskExecutor           [] - Receive slot request d7e8d00b9f3637494ebd30450125cf78 for job fad1506202f826426ea19fad4a40c317 from resource manager with leader id 00000000000000000000000000000000.
2025-08-10 13:40:44,334 INFO  org.apache.flink.runtime.taskexecutor.TaskExecutor           [] - Allocated slot for d7e8d00b9f3637494ebd30450125cf78.
2025-08-10 13:40:44,335 INFO  org.apache.flink.runtime.taskexecutor.DefaultJobLeaderService [] - Add job fad1506202f826426ea19fad4a40c317 for job leader monitoring.
2025-08-10 13:40:44,336 INFO  org.apache.flink.runtime.taskexecutor.DefaultJobLeaderService [] - Try to register at job manager akka.tcp://flink@localhost:6123/user/rpc/jobmanager_2 with leader id 00000000-0000-0000-0000-000000000000.
2025-08-10 13:40:44,353 INFO  org.apache.flink.runtime.taskexecutor.DefaultJobLeaderService [] - Resolved JobManager address, beginning registration
2025-08-10 13:40:44,382 INFO  org.apache.flink.runtime.taskexecutor.DefaultJobLeaderService [] - Successful registration at job manager akka.tcp://flink@localhost:6123/user/rpc/jobmanager_2 for job fad1506202f826426ea19fad4a40c317.
2025-08-10 13:40:44,383 INFO  org.apache.flink.runtime.taskexecutor.TaskExecutor           [] - Establish JobManager connection for job fad1506202f826426ea19fad4a40c317.
2025-08-10 13:40:44,384 INFO  org.apache.flink.runtime.taskexecutor.TaskExecutor           [] - Offer reserved slots to the leader of job fad1506202f826426ea19fad4a40c317.
2025-08-10 13:40:44,416 INFO  org.apache.flink.runtime.taskexecutor.slot.TaskSlotTableImpl [] - Activate slot d7e8d00b9f3637494ebd30450125cf78.
2025-08-10 13:40:44,430 INFO  org.apache.flink.runtime.state.changelog.StateChangelogStorageLoader [] - Creating a changelog storage with name 'memory'.
2025-08-10 13:40:44,436 INFO  org.apache.flink.runtime.state.TaskExecutorChannelStateExecutorFactoryManager [] - Creating the channel state executor factory for job id fad1506202f826426ea19fad4a40c317
2025-08-10 13:40:44,440 INFO  org.apache.flink.runtime.taskexecutor.TaskExecutor           [] - Received task Source: Request Source -> Multi-GPU Inference Processor -> Sink: Multi-GPU Monitor Sink (1/1)#0 (9c79e324085515ab549286c48eb3abaa_cbc357ccb763df2852fee8c4fc7d55f2_0_0), deploy into slot with allocation id d7e8d00b9f3637494ebd30450125cf78.
2025-08-10 13:40:44,441 INFO  org.apache.flink.runtime.taskmanager.Task                    [] - Source: Request Source -> Multi-GPU Inference Processor -> Sink: Multi-GPU Monitor Sink (1/1)#0 (9c79e324085515ab549286c48eb3abaa_cbc357ccb763df2852fee8c4fc7d55f2_0_0) switched from CREATED to DEPLOYING.
2025-08-10 13:40:44,442 INFO  org.apache.flink.runtime.taskexecutor.slot.TaskSlotTableImpl [] - Activate slot d7e8d00b9f3637494ebd30450125cf78.
2025-08-10 13:40:44,445 INFO  org.apache.flink.runtime.taskmanager.Task                    [] - Loading JAR files for task Source: Request Source -> Multi-GPU Inference Processor -> Sink: Multi-GPU Monitor Sink (1/1)#0 (9c79e324085515ab549286c48eb3abaa_cbc357ccb763df2852fee8c4fc7d55f2_0_0) [DEPLOYING].
2025-08-10 13:40:44,448 INFO  org.apache.flink.runtime.blob.BlobClient                     [] - Downloading fad1506202f826426ea19fad4a40c317/p-cf98cc125f350939ccbda8dfeb4d0cc0ac863f9a-3fad75408e6c19fd11e19b692cc6c288 from localhost/127.0.0.1:29177
2025-08-10 13:40:44,506 INFO  org.apache.flink.streaming.runtime.tasks.StreamTask          [] - Using job/cluster config to configure application-defined state backend: org.apache.flink.runtime.state.hashmap.HashMapStateBackend@6bf2a8f6
2025-08-10 13:40:44,507 INFO  org.apache.flink.streaming.runtime.tasks.StreamTask          [] - Using application-defined state backend: org.apache.flink.runtime.state.hashmap.HashMapStateBackend@31054acf
2025-08-10 13:40:44,507 INFO  org.apache.flink.runtime.state.StateBackendLoader            [] - State backend loader loads the state backend as HashMapStateBackend
2025-08-10 13:40:44,512 INFO  org.apache.flink.streaming.runtime.tasks.StreamTask          [] - Using job/cluster config to configure application-defined checkpoint storage: org.apache.flink.runtime.state.storage.FileSystemCheckpointStorage@200dd9d5
2025-08-10 13:40:44,521 INFO  org.apache.flink.runtime.taskmanager.Task                    [] - Source: Request Source -> Multi-GPU Inference Processor -> Sink: Multi-GPU Monitor Sink (1/1)#0 (9c79e324085515ab549286c48eb3abaa_cbc357ccb763df2852fee8c4fc7d55f2_0_0) switched from DEPLOYING to INITIALIZING.
2025-08-10 13:40:44,615 INFO  com.infertuner.processor.MultiGPUInferenceProcessor          [] - Task 0 启动，绑定到 GPU 0
2025-08-10 13:40:44,708 INFO  com.infertuner.processor.MultiGPUInferenceProcessor          [] - 启动 GPU 0 推理服务...
2025-08-10 13:40:44,714 INFO  com.infertuner.processor.MultiGPUInferenceProcessor          [] - 等待 GPU 0 服务初始化...
2025-08-10 13:40:52,715 INFO  com.infertuner.processor.MultiGPUInferenceProcessor          [] - ✅ GPU 0 推理服务启动成功
2025-08-10 13:40:52,715 INFO  com.infertuner.processor.MultiGPUInferenceProcessor          [] - GPU 0 推理服务启动完成
2025-08-10 13:40:52,719 INFO  org.apache.flink.runtime.taskmanager.Task                    [] - Source: Request Source -> Multi-GPU Inference Processor -> Sink: Multi-GPU Monitor Sink (1/1)#0 (9c79e324085515ab549286c48eb3abaa_cbc357ccb763df2852fee8c4fc7d55f2_0_0) switched from INITIALIZING to RUNNING.
2025-08-10 13:40:52,725 INFO  com.infertuner.source.SimpleRequestSource                    [] - 开始生成 50 个测试请求，间隔 500ms
2025-08-10 13:40:54,332 INFO  com.infertuner.sink.MultiGPUMonitorSink                      [] - 结果 #1: GPU-0 | ✅ | 1546.9ms | 过拟合（Overfitting）是指机器学习模型在训练集上表现良好，但在测试集或新数据上的表现较差的现象。简单来说，当一...
2025-08-10 13:40:54,332 INFO  com.infertuner.source.SimpleRequestSource                    [] - 生成请求 1/50: req_000
2025-08-10 13:40:55,926 INFO  com.infertuner.sink.MultiGPUMonitorSink                      [] - 结果 #2: GPU-0 | ✅ | 1090.4ms | 优化模型性能通常涉及以下几个步骤：

1. 数据预处理：在训练模型之前，需要对数据进行清洗、转换和规范化。这包括去除异常...
2025-08-10 13:40:55,926 INFO  com.infertuner.source.SimpleRequestSource                    [] - 生成请求 2/50: req_001
2025-08-10 13:40:57,062 INFO  com.infertuner.sink.MultiGPUMonitorSink                      [] - 结果 #3: GPU-0 | ✅ | 633.6ms | 机器学习是一种人工智能技术，它让计算机能够从数据中自动学习和改进算法，以便更好地理解和处理未知的输入和输出。简而言之，机...
2025-08-10 13:40:57,063 INFO  com.infertuner.source.SimpleRequestSource                    [] - 生成请求 3/50: req_002
2025-08-10 13:40:58,670 INFO  com.infertuner.sink.MultiGPUMonitorSink                      [] - 结果 #4: GPU-0 | ✅ | 1104.4ms | 为了优化模型性能，可以采取以下几种策略：

1. 数据增强：通过对训练数据进行随机裁剪、旋转、缩放等操作，生成更多的训练...
2025-08-10 13:40:58,671 INFO  com.infertuner.source.SimpleRequestSource                    [] - 生成请求 4/50: req_003
2025-08-10 13:41:00,325 INFO  com.infertuner.sink.MultiGPUMonitorSink                      [] - 结果 #5: GPU-0 | ✅ | 1151.7ms | 优化模型性能通常包括以下几个步骤：

1. 数据预处理：这是模型训练前的关键步骤，它包括数据清洗、特征工程和数据转换。在...
2025-08-10 13:41:00,326 INFO  com.infertuner.source.SimpleRequestSource                    [] - 生成请求 5/50: req_004
2025-08-10 13:41:01,484 INFO  com.infertuner.source.SimpleRequestSource                    [] - 生成请求 6/50: req_005
2025-08-10 13:41:02,563 INFO  com.infertuner.source.SimpleRequestSource                    [] - 生成请求 7/50: req_006
2025-08-10 13:41:04,278 INFO  com.infertuner.source.SimpleRequestSource                    [] - 生成请求 8/50: req_007
2025-08-10 13:41:06,171 INFO  com.infertuner.source.SimpleRequestSource                    [] - 生成请求 9/50: req_008
2025-08-10 13:41:07,795 INFO  com.infertuner.sink.MultiGPUMonitorSink                      [] - === 整体统计 ===
2025-08-10 13:41:07,796 INFO  com.infertuner.sink.MultiGPUMonitorSink                      [] - 总请求: 10 | 成功: 10 (100.0%) | 平均延迟: 1048.0ms | 吞吐量: 0.41 req/s
2025-08-10 13:41:07,796 INFO  com.infertuner.sink.MultiGPUMonitorSink                      [] - === GPU分布统计 ===
2025-08-10 13:41:07,796 INFO  com.infertuner.sink.MultiGPUMonitorSink                      [] - GPU-0: 请求=10 | 成功率=100.0% | 平均延迟=1048.0ms | 吞吐量=0.41 req/s
2025-08-10 13:41:07,796 INFO  com.infertuner.sink.MultiGPUMonitorSink                      [] - ========================
2025-08-10 13:41:07,797 INFO  com.infertuner.source.SimpleRequestSource                    [] - 生成请求 10/50: req_009
2025-08-10 13:41:09,372 INFO  com.infertuner.source.SimpleRequestSource                    [] - 生成请求 11/50: req_010
2025-08-10 13:41:10,803 INFO  com.infertuner.source.SimpleRequestSource                    [] - 生成请求 12/50: req_011
2025-08-10 13:41:12,391 INFO  com.infertuner.source.SimpleRequestSource                    [] - 生成请求 13/50: req_012
2025-08-10 13:41:13,651 INFO  com.infertuner.source.SimpleRequestSource                    [] - 生成请求 14/50: req_013
2025-08-10 13:41:15,534 INFO  com.infertuner.source.SimpleRequestSource                    [] - 生成请求 15/50: req_014
2025-08-10 13:41:17,078 INFO  com.infertuner.source.SimpleRequestSource                    [] - 生成请求 16/50: req_015
2025-08-10 13:41:18,328 INFO  com.infertuner.source.SimpleRequestSource                    [] - 生成请求 17/50: req_016
2025-08-10 13:41:19,858 INFO  com.infertuner.source.SimpleRequestSource                    [] - 生成请求 18/50: req_017
2025-08-10 13:41:21,807 INFO  com.infertuner.source.SimpleRequestSource                    [] - 生成请求 19/50: req_018
2025-08-10 13:41:23,514 INFO  com.infertuner.sink.MultiGPUMonitorSink                      [] - === 整体统计 ===
2025-08-10 13:41:23,514 INFO  com.infertuner.sink.MultiGPUMonitorSink                      [] - 总请求: 20 | 成功: 20 (100.0%) | 平均延迟: 1058.4ms | 吞吐量: 0.50 req/s
2025-08-10 13:41:23,514 INFO  com.infertuner.sink.MultiGPUMonitorSink                      [] - === GPU分布统计 ===
2025-08-10 13:41:23,515 INFO  com.infertuner.sink.MultiGPUMonitorSink                      [] - GPU-0: 请求=20 | 成功率=100.0% | 平均延迟=1058.4ms | 吞吐量=0.50 req/s
2025-08-10 13:41:23,515 INFO  com.infertuner.sink.MultiGPUMonitorSink                      [] - ========================
2025-08-10 13:41:23,515 INFO  com.infertuner.sink.MultiGPUMonitorSink                      [] - 结果 #20: GPU-0 | ✅ | 1203.9ms | 神经网络是一种基于人工神经元（Artificial Neural Network，简称ANN）的机器学习模型。它由一系列...
2025-08-10 13:41:23,515 INFO  com.infertuner.source.SimpleRequestSource                    [] - 生成请求 20/50: req_019
2025-08-10 13:41:25,367 INFO  com.infertuner.source.SimpleRequestSource                    [] - 生成请求 21/50: req_020
2025-08-10 13:41:27,228 INFO  com.infertuner.source.SimpleRequestSource                    [] - 生成请求 22/50: req_021
2025-08-10 13:41:28,848 INFO  com.infertuner.source.SimpleRequestSource                    [] - 生成请求 23/50: req_022
2025-08-10 13:41:30,127 INFO  com.infertuner.source.SimpleRequestSource                    [] - 生成请求 24/50: req_023
2025-08-10 13:41:31,719 INFO  com.infertuner.source.SimpleRequestSource                    [] - 生成请求 25/50: req_024
2025-08-10 13:41:33,556 INFO  com.infertuner.source.SimpleRequestSource                    [] - 生成请求 26/50: req_025
2025-08-10 13:41:35,424 INFO  com.infertuner.source.SimpleRequestSource                    [] - 生成请求 27/50: req_026
2025-08-10 13:41:36,473 INFO  com.infertuner.source.SimpleRequestSource                    [] - 生成请求 28/50: req_027
2025-08-10 13:41:37,938 INFO  com.infertuner.source.SimpleRequestSource                    [] - 生成请求 29/50: req_028
2025-08-10 13:41:39,821 INFO  com.infertuner.sink.MultiGPUMonitorSink                      [] - === 整体统计 ===
2025-08-10 13:41:39,821 INFO  com.infertuner.sink.MultiGPUMonitorSink                      [] - 总请求: 30 | 成功: 30 (100.0%) | 平均延迟: 1081.6ms | 吞吐量: 0.53 req/s
2025-08-10 13:41:39,821 INFO  com.infertuner.sink.MultiGPUMonitorSink                      [] - === GPU分布统计 ===
2025-08-10 13:41:39,821 INFO  com.infertuner.sink.MultiGPUMonitorSink                      [] - GPU-0: 请求=30 | 成功率=100.0% | 平均延迟=1081.6ms | 吞吐量=0.53 req/s
2025-08-10 13:41:39,821 INFO  com.infertuner.sink.MultiGPUMonitorSink                      [] - ========================
2025-08-10 13:41:39,822 INFO  com.infertuner.source.SimpleRequestSource                    [] - 生成请求 30/50: req_029
2025-08-10 13:41:40,993 INFO  com.infertuner.source.SimpleRequestSource                    [] - 生成请求 31/50: req_030
2025-08-10 13:41:42,191 INFO  com.infertuner.source.SimpleRequestSource                    [] - 生成请求 32/50: req_031
2025-08-10 13:41:43,671 INFO  com.infertuner.source.SimpleRequestSource                    [] - 生成请求 33/50: req_032
2025-08-10 13:41:45,452 INFO  com.infertuner.source.SimpleRequestSource                    [] - 生成请求 34/50: req_033
2025-08-10 13:41:46,467 INFO  com.infertuner.source.SimpleRequestSource                    [] - 生成请求 35/50: req_034
2025-08-10 13:41:48,257 INFO  com.infertuner.source.SimpleRequestSource                    [] - 生成请求 36/50: req_035
2025-08-10 13:41:49,865 INFO  com.infertuner.source.SimpleRequestSource                    [] - 生成请求 37/50: req_036
2025-08-10 13:41:51,246 INFO  com.infertuner.source.SimpleRequestSource                    [] - 生成请求 38/50: req_037
2025-08-10 13:41:53,219 INFO  com.infertuner.source.SimpleRequestSource                    [] - 生成请求 39/50: req_038
2025-08-10 13:41:55,056 INFO  com.infertuner.sink.MultiGPUMonitorSink                      [] - === 整体统计 ===
2025-08-10 13:41:55,056 INFO  com.infertuner.sink.MultiGPUMonitorSink                      [] - 总请求: 40 | 成功: 40 (100.0%) | 平均延迟: 1066.4ms | 吞吐量: 0.56 req/s
2025-08-10 13:41:55,056 INFO  com.infertuner.sink.MultiGPUMonitorSink                      [] - === GPU分布统计 ===
2025-08-10 13:41:55,056 INFO  com.infertuner.sink.MultiGPUMonitorSink                      [] - GPU-0: 请求=40 | 成功率=100.0% | 平均延迟=1066.4ms | 吞吐量=0.56 req/s
2025-08-10 13:41:55,056 INFO  com.infertuner.sink.MultiGPUMonitorSink                      [] - ========================
2025-08-10 13:41:55,056 INFO  com.infertuner.sink.MultiGPUMonitorSink                      [] - 结果 #40: GPU-0 | ✅ | 1334.3ms | 机器学习是一种人工智能技术，它允许计算机从数据中自动学习和改进，从而实现智能化的任务。简单来说，机器学习是通过分析、建模...
2025-08-10 13:41:55,057 INFO  com.infertuner.source.SimpleRequestSource                    [] - 生成请求 40/50: req_039
2025-08-10 13:41:56,739 INFO  com.infertuner.source.SimpleRequestSource                    [] - 生成请求 41/50: req_040
2025-08-10 13:41:58,055 INFO  com.infertuner.source.SimpleRequestSource                    [] - 生成请求 42/50: req_041
2025-08-10 13:41:59,377 INFO  com.infertuner.source.SimpleRequestSource                    [] - 生成请求 43/50: req_042
2025-08-10 13:42:00,854 INFO  com.infertuner.source.SimpleRequestSource                    [] - 生成请求 44/50: req_043
2025-08-10 13:42:02,277 INFO  com.infertuner.sink.MultiGPUMonitorSink                      [] - ✅ 多GPU性能报告已保存到 multi_gpu_performance.csv
2025-08-10 13:42:02,278 INFO  com.infertuner.source.SimpleRequestSource                    [] - 生成请求 45/50: req_044
2025-08-10 13:42:03,355 INFO  com.infertuner.sink.MultiGPUMonitorSink                      [] - ✅ 多GPU性能报告已保存到 multi_gpu_performance.csv
2025-08-10 13:42:03,355 INFO  com.infertuner.source.SimpleRequestSource                    [] - 生成请求 46/50: req_045
2025-08-10 13:42:04,460 INFO  com.infertuner.sink.MultiGPUMonitorSink                      [] - ✅ 多GPU性能报告已保存到 multi_gpu_performance.csv
2025-08-10 13:42:04,461 INFO  com.infertuner.source.SimpleRequestSource                    [] - 生成请求 47/50: req_046
2025-08-10 13:42:05,967 INFO  com.infertuner.sink.MultiGPUMonitorSink                      [] - ✅ 多GPU性能报告已保存到 multi_gpu_performance.csv
2025-08-10 13:42:05,967 INFO  com.infertuner.source.SimpleRequestSource                    [] - 生成请求 48/50: req_047
2025-08-10 13:42:07,385 INFO  com.infertuner.sink.MultiGPUMonitorSink                      [] - ✅ 多GPU性能报告已保存到 multi_gpu_performance.csv
2025-08-10 13:42:07,385 INFO  com.infertuner.source.SimpleRequestSource                    [] - 生成请求 49/50: req_048
2025-08-10 13:42:08,600 INFO  com.infertuner.sink.MultiGPUMonitorSink                      [] - === 整体统计 ===
2025-08-10 13:42:08,600 INFO  com.infertuner.sink.MultiGPUMonitorSink                      [] - 总请求: 50 | 成功: 50 (100.0%) | 平均延迟: 1023.4ms | 吞吐量: 0.59 req/s
2025-08-10 13:42:08,600 INFO  com.infertuner.sink.MultiGPUMonitorSink                      [] - === GPU分布统计 ===
2025-08-10 13:42:08,601 INFO  com.infertuner.sink.MultiGPUMonitorSink                      [] - GPU-0: 请求=50 | 成功率=100.0% | 平均延迟=1023.4ms | 吞吐量=0.59 req/s
2025-08-10 13:42:08,601 INFO  com.infertuner.sink.MultiGPUMonitorSink                      [] - ========================
2025-08-10 13:42:08,601 INFO  com.infertuner.sink.MultiGPUMonitorSink                      [] - ✅ 多GPU性能报告已保存到 multi_gpu_performance.csv
2025-08-10 13:42:08,601 INFO  com.infertuner.source.SimpleRequestSource                    [] - 生成请求 50/50: req_049
2025-08-10 13:42:08,602 INFO  com.infertuner.source.SimpleRequestSource                    [] - 请求生成完成，共 50 个
2025-08-10 13:42:36,285 INFO  com.infertuner.processor.MultiGPUInferenceProcessor          [] - 关闭 GPU 0 推理服务...
2025-08-10 13:42:37,252 INFO  com.infertuner.processor.MultiGPUInferenceProcessor          [] - ✅ GPU 0 推理服务已关闭
2025-08-10 13:42:37,255 INFO  org.apache.flink.runtime.taskmanager.Task                    [] - Source: Request Source -> Multi-GPU Inference Processor -> Sink: Multi-GPU Monitor Sink (1/1)#0 (9c79e324085515ab549286c48eb3abaa_cbc357ccb763df2852fee8c4fc7d55f2_0_0) switched from RUNNING to FINISHED.
2025-08-10 13:42:37,256 INFO  org.apache.flink.runtime.taskmanager.Task                    [] - Freeing task resources for Source: Request Source -> Multi-GPU Inference Processor -> Sink: Multi-GPU Monitor Sink (1/1)#0 (9c79e324085515ab549286c48eb3abaa_cbc357ccb763df2852fee8c4fc7d55f2_0_0).
2025-08-10 13:42:37,258 INFO  org.apache.flink.runtime.taskexecutor.TaskExecutor           [] - Un-registering task and sending final execution state FINISHED to JobManager for task Source: Request Source -> Multi-GPU Inference Processor -> Sink: Multi-GPU Monitor Sink (1/1)#0 9c79e324085515ab549286c48eb3abaa_cbc357ccb763df2852fee8c4fc7d55f2_0_0.
2025-08-10 13:42:37,321 INFO  org.apache.flink.runtime.taskexecutor.slot.TaskSlotTableImpl [] - Free slot TaskSlot(index:0, state:ACTIVE, resource profile: ResourceProfile{cpuCores=1, taskHeapMemory=364.800mb (382520517 bytes), taskOffHeapMemory=0 bytes, managedMemory=343.040mb (359703515 bytes), networkMemory=85.760mb (89925878 bytes)}, allocationId: d7e8d00b9f3637494ebd30450125cf78, jobId: fad1506202f826426ea19fad4a40c317).
2025-08-10 13:42:37,322 INFO  org.apache.flink.runtime.taskexecutor.DefaultJobLeaderService [] - Remove job fad1506202f826426ea19fad4a40c317 from job leader monitoring.
2025-08-10 13:42:37,324 INFO  org.apache.flink.runtime.taskexecutor.TaskExecutor           [] - Close JobManager connection for job fad1506202f826426ea19fad4a40c317.
