2025-08-10 13:42:57,475 INFO  org.apache.flink.runtime.taskexecutor.TaskManagerRunner      [] - --------------------------------------------------------------------------------
2025-08-10 13:42:57,476 INFO  org.apache.flink.runtime.taskexecutor.TaskManagerRunner      [] -  Preconfiguration: 
2025-08-10 13:42:57,477 INFO  org.apache.flink.runtime.taskexecutor.TaskManagerRunner      [] - 


RESOURCE_PARAMS extraction logs:
jvm_params: -Xmx1664299798 -Xms1664299798 -XX:MaxDirectMemorySize=493921243 -XX:MaxMetaspaceSize=268435456
dynamic_configs: -D taskmanager.memory.network.min=359703515b -D taskmanager.cpu.cores=4.0 -D taskmanager.memory.task.off-heap.size=0b -D taskmanager.memory.jvm-metaspace.size=268435456b -D external-resources=none -D taskmanager.memory.jvm-overhead.min=429496736b -D taskmanager.memory.framework.off-heap.size=134217728b -D taskmanager.memory.network.max=359703515b -D taskmanager.memory.framework.heap.size=134217728b -D taskmanager.memory.managed.size=1438814063b -D taskmanager.memory.task.heap.size=1530082070b -D taskmanager.numberOfTaskSlots=4 -D taskmanager.memory.jvm-overhead.max=429496736b
logs: WARNING: sun.reflect.Reflection.getCallerClass is not supported. This will impact performance.
INFO  [] - Loading configuration property: taskmanager.memory.process.size, 4096m
INFO  [] - Loading configuration property: env.java.opts.jobmanager, -Dfile.encoding=UTF-8 -Dsun.jnu.encoding=UTF-8
INFO  [] - Loading configuration property: taskmanager.bind-host, localhost
INFO  [] - Loading configuration property: env.java.opts, -Dfile.encoding=UTF-8 -Dsun.jnu.encoding=UTF-8
INFO  [] - Loading configuration property: jobmanager.rpc.address, localhost
INFO  [] - Loading configuration property: jobmanager.memory.process.size, 2048m
INFO  [] - Loading configuration property: jobmanager.rpc.port, 6123
INFO  [] - Loading configuration property: rest.bind-address, 0.0.0.0
INFO  [] - Loading configuration property: rest.port, 8081
INFO  [] - Loading configuration property: execution.checkpointing.interval, 30s
INFO  [] - Loading configuration property: jobmanager.bind-host, localhost
INFO  [] - Loading configuration property: parallelism.default, 1
INFO  [] - Loading configuration property: taskmanager.numberOfTaskSlots, 4
INFO  [] - Loading configuration property: taskmanager.memory.managed.fraction, 0.4
INFO  [] - Loading configuration property: rest.address, 0.0.0.0
INFO  [] - Loading configuration property: cluster.evenly-spread-out-slots, true
INFO  [] - Loading configuration property: state.backend, filesystem
INFO  [] - Loading configuration property: execution.checkpointing.min-pause, 5s
INFO  [] - Loading configuration property: jobmanager.memory.jvm-metaspace.size, 256m
INFO  [] - Loading configuration property: env.java.opts.taskmanager, -Dfile.encoding=UTF-8 -Dsun.jnu.encoding=UTF-8
INFO  [] - Loading configuration property: state.checkpoints.dir, file:///workspace/logs/flink-checkpoints
INFO  [] - Final TaskExecutor Memory configuration:
INFO  [] -   Total Process Memory:          4.000gb (4294967296 bytes)
INFO  [] -     Total Flink Memory:          3.350gb (3597035104 bytes)
INFO  [] -       Total JVM Heap Memory:     1.550gb (1664299798 bytes)
INFO  [] -         Framework:               128.000mb (134217728 bytes)
INFO  [] -         Task:                    1.425gb (1530082070 bytes)
INFO  [] -       Total Off-heap Memory:     1.800gb (1932735306 bytes)
INFO  [] -         Managed:                 1.340gb (1438814063 bytes)
INFO  [] -         Total JVM Direct Memory: 471.040mb (493921243 bytes)
INFO  [] -           Framework:             128.000mb (134217728 bytes)
INFO  [] -           Task:                  0 bytes
INFO  [] -           Network:               343.040mb (359703515 bytes)
INFO  [] -     JVM Metaspace:               256.000mb (268435456 bytes)
INFO  [] -     JVM Overhead:                409.600mb (429496736 bytes)

2025-08-10 13:42:57,477 INFO  org.apache.flink.runtime.taskexecutor.TaskManagerRunner      [] - --------------------------------------------------------------------------------
2025-08-10 13:42:57,477 INFO  org.apache.flink.runtime.taskexecutor.TaskManagerRunner      [] -  Starting TaskManager (Version: 1.17.0, Scala: 2.12, Rev:69ecda0, Date:2023-03-17T10:30:06+01:00)
2025-08-10 13:42:57,477 INFO  org.apache.flink.runtime.taskexecutor.TaskManagerRunner      [] -  OS current user: root
2025-08-10 13:42:57,477 INFO  org.apache.flink.runtime.taskexecutor.TaskManagerRunner      [] -  Current Hadoop/Kerberos user: <no hadoop dependency found>
2025-08-10 13:42:57,477 INFO  org.apache.flink.runtime.taskexecutor.TaskManagerRunner      [] -  JVM: OpenJDK 64-Bit Server VM - Ubuntu - 11/11.0.28+6-post-Ubuntu-1ubuntu122.04.1
2025-08-10 13:42:57,477 INFO  org.apache.flink.runtime.taskexecutor.TaskManagerRunner      [] -  Arch: amd64
2025-08-10 13:42:57,477 INFO  org.apache.flink.runtime.taskexecutor.TaskManagerRunner      [] -  Maximum heap size: 1588 MiBytes
2025-08-10 13:42:57,477 INFO  org.apache.flink.runtime.taskexecutor.TaskManagerRunner      [] -  JAVA_HOME: /usr/lib/jvm/java-11-openjdk-amd64
2025-08-10 13:42:57,477 INFO  org.apache.flink.runtime.taskexecutor.TaskManagerRunner      [] -  No Hadoop Dependency available
2025-08-10 13:42:57,477 INFO  org.apache.flink.runtime.taskexecutor.TaskManagerRunner      [] -  JVM Options:
2025-08-10 13:42:57,478 INFO  org.apache.flink.runtime.taskexecutor.TaskManagerRunner      [] -     -Xmx1664299798
2025-08-10 13:42:57,478 INFO  org.apache.flink.runtime.taskexecutor.TaskManagerRunner      [] -     -Xms1664299798
2025-08-10 13:42:57,478 INFO  org.apache.flink.runtime.taskexecutor.TaskManagerRunner      [] -     -XX:MaxDirectMemorySize=493921243
2025-08-10 13:42:57,478 INFO  org.apache.flink.runtime.taskexecutor.TaskManagerRunner      [] -     -XX:MaxMetaspaceSize=268435456
2025-08-10 13:42:57,478 INFO  org.apache.flink.runtime.taskexecutor.TaskManagerRunner      [] -     -Dfile.encoding=UTF-8
2025-08-10 13:42:57,478 INFO  org.apache.flink.runtime.taskexecutor.TaskManagerRunner      [] -     -Dsun.jnu.encoding=UTF-8
2025-08-10 13:42:57,478 INFO  org.apache.flink.runtime.taskexecutor.TaskManagerRunner      [] -     -Dfile.encoding=UTF-8
2025-08-10 13:42:57,478 INFO  org.apache.flink.runtime.taskexecutor.TaskManagerRunner      [] -     -Dsun.jnu.encoding=UTF-8
2025-08-10 13:42:57,478 INFO  org.apache.flink.runtime.taskexecutor.TaskManagerRunner      [] -     -Dlog.file=/workspace/flink-setup/flink/log/flink--taskexecutor-0-gpu02.log
2025-08-10 13:42:57,478 INFO  org.apache.flink.runtime.taskexecutor.TaskManagerRunner      [] -     -Dlog4j.configuration=file:/workspace/flink-setup/flink/conf/log4j.properties
2025-08-10 13:42:57,478 INFO  org.apache.flink.runtime.taskexecutor.TaskManagerRunner      [] -     -Dlog4j.configurationFile=file:/workspace/flink-setup/flink/conf/log4j.properties
2025-08-10 13:42:57,478 INFO  org.apache.flink.runtime.taskexecutor.TaskManagerRunner      [] -     -Dlogback.configurationFile=file:/workspace/flink-setup/flink/conf/logback.xml
2025-08-10 13:42:57,478 INFO  org.apache.flink.runtime.taskexecutor.TaskManagerRunner      [] -  Program Arguments:
2025-08-10 13:42:57,479 INFO  org.apache.flink.runtime.taskexecutor.TaskManagerRunner      [] -     --configDir
2025-08-10 13:42:57,479 INFO  org.apache.flink.runtime.taskexecutor.TaskManagerRunner      [] -     /workspace/flink-setup/flink/conf
2025-08-10 13:42:57,480 INFO  org.apache.flink.runtime.taskexecutor.TaskManagerRunner      [] -     -D
2025-08-10 13:42:57,480 INFO  org.apache.flink.runtime.taskexecutor.TaskManagerRunner      [] -     taskmanager.memory.network.min=359703515b
2025-08-10 13:42:57,480 INFO  org.apache.flink.runtime.taskexecutor.TaskManagerRunner      [] -     -D
2025-08-10 13:42:57,480 INFO  org.apache.flink.runtime.taskexecutor.TaskManagerRunner      [] -     taskmanager.cpu.cores=4.0
2025-08-10 13:42:57,480 INFO  org.apache.flink.runtime.taskexecutor.TaskManagerRunner      [] -     -D
2025-08-10 13:42:57,480 INFO  org.apache.flink.runtime.taskexecutor.TaskManagerRunner      [] -     taskmanager.memory.task.off-heap.size=0b
2025-08-10 13:42:57,480 INFO  org.apache.flink.runtime.taskexecutor.TaskManagerRunner      [] -     -D
2025-08-10 13:42:57,480 INFO  org.apache.flink.runtime.taskexecutor.TaskManagerRunner      [] -     taskmanager.memory.jvm-metaspace.size=268435456b
2025-08-10 13:42:57,480 INFO  org.apache.flink.runtime.taskexecutor.TaskManagerRunner      [] -     -D
2025-08-10 13:42:57,480 INFO  org.apache.flink.runtime.taskexecutor.TaskManagerRunner      [] -     external-resources=none
2025-08-10 13:42:57,480 INFO  org.apache.flink.runtime.taskexecutor.TaskManagerRunner      [] -     -D
2025-08-10 13:42:57,480 INFO  org.apache.flink.runtime.taskexecutor.TaskManagerRunner      [] -     taskmanager.memory.jvm-overhead.min=429496736b
2025-08-10 13:42:57,480 INFO  org.apache.flink.runtime.taskexecutor.TaskManagerRunner      [] -     -D
2025-08-10 13:42:57,480 INFO  org.apache.flink.runtime.taskexecutor.TaskManagerRunner      [] -     taskmanager.memory.framework.off-heap.size=134217728b
2025-08-10 13:42:57,480 INFO  org.apache.flink.runtime.taskexecutor.TaskManagerRunner      [] -     -D
2025-08-10 13:42:57,480 INFO  org.apache.flink.runtime.taskexecutor.TaskManagerRunner      [] -     taskmanager.memory.network.max=359703515b
2025-08-10 13:42:57,480 INFO  org.apache.flink.runtime.taskexecutor.TaskManagerRunner      [] -     -D
2025-08-10 13:42:57,481 INFO  org.apache.flink.runtime.taskexecutor.TaskManagerRunner      [] -     taskmanager.memory.framework.heap.size=134217728b
2025-08-10 13:42:57,481 INFO  org.apache.flink.runtime.taskexecutor.TaskManagerRunner      [] -     -D
2025-08-10 13:42:57,481 INFO  org.apache.flink.runtime.taskexecutor.TaskManagerRunner      [] -     taskmanager.memory.managed.size=1438814063b
2025-08-10 13:42:57,481 INFO  org.apache.flink.runtime.taskexecutor.TaskManagerRunner      [] -     -D
2025-08-10 13:42:57,481 INFO  org.apache.flink.runtime.taskexecutor.TaskManagerRunner      [] -     taskmanager.memory.task.heap.size=1530082070b
2025-08-10 13:42:57,481 INFO  org.apache.flink.runtime.taskexecutor.TaskManagerRunner      [] -     -D
2025-08-10 13:42:57,481 INFO  org.apache.flink.runtime.taskexecutor.TaskManagerRunner      [] -     taskmanager.numberOfTaskSlots=4
2025-08-10 13:42:57,481 INFO  org.apache.flink.runtime.taskexecutor.TaskManagerRunner      [] -     -D
2025-08-10 13:42:57,481 INFO  org.apache.flink.runtime.taskexecutor.TaskManagerRunner      [] -     taskmanager.memory.jvm-overhead.max=429496736b
2025-08-10 13:42:57,481 INFO  org.apache.flink.runtime.taskexecutor.TaskManagerRunner      [] -  Classpath: /workspace/flink-setup/flink/lib/flink-cep-1.17.0.jar:/workspace/flink-setup/flink/lib/flink-connector-files-1.17.0.jar:/workspace/flink-setup/flink/lib/flink-csv-1.17.0.jar:/workspace/flink-setup/flink/lib/flink-json-1.17.0.jar:/workspace/flink-setup/flink/lib/flink-scala_2.12-1.17.0.jar:/workspace/flink-setup/flink/lib/flink-table-api-java-uber-1.17.0.jar:/workspace/flink-setup/flink/lib/flink-table-planner-loader-1.17.0.jar:/workspace/flink-setup/flink/lib/flink-table-runtime-1.17.0.jar:/workspace/flink-setup/flink/lib/log4j-1.2-api-2.17.1.jar:/workspace/flink-setup/flink/lib/log4j-api-2.17.1.jar:/workspace/flink-setup/flink/lib/log4j-core-2.17.1.jar:/workspace/flink-setup/flink/lib/log4j-slf4j-impl-2.17.1.jar:/workspace/flink-setup/flink/lib/flink-dist-1.17.0.jar::::
2025-08-10 13:42:57,481 INFO  org.apache.flink.runtime.taskexecutor.TaskManagerRunner      [] - --------------------------------------------------------------------------------
2025-08-10 13:42:57,482 INFO  org.apache.flink.runtime.taskexecutor.TaskManagerRunner      [] - Registered UNIX signal handlers for [TERM, HUP, INT]
2025-08-10 13:42:57,485 INFO  org.apache.flink.runtime.taskexecutor.TaskManagerRunner      [] - Maximum number of open file descriptors is 1048576.
2025-08-10 13:42:57,492 INFO  org.apache.flink.configuration.GlobalConfiguration           [] - Loading configuration property: taskmanager.memory.process.size, 4096m
2025-08-10 13:42:57,492 INFO  org.apache.flink.configuration.GlobalConfiguration           [] - Loading configuration property: env.java.opts.jobmanager, -Dfile.encoding=UTF-8 -Dsun.jnu.encoding=UTF-8
2025-08-10 13:42:57,492 INFO  org.apache.flink.configuration.GlobalConfiguration           [] - Loading configuration property: taskmanager.bind-host, localhost
2025-08-10 13:42:57,492 INFO  org.apache.flink.configuration.GlobalConfiguration           [] - Loading configuration property: env.java.opts, -Dfile.encoding=UTF-8 -Dsun.jnu.encoding=UTF-8
2025-08-10 13:42:57,492 INFO  org.apache.flink.configuration.GlobalConfiguration           [] - Loading configuration property: jobmanager.rpc.address, localhost
2025-08-10 13:42:57,492 INFO  org.apache.flink.configuration.GlobalConfiguration           [] - Loading configuration property: jobmanager.memory.process.size, 2048m
2025-08-10 13:42:57,493 INFO  org.apache.flink.configuration.GlobalConfiguration           [] - Loading configuration property: jobmanager.rpc.port, 6123
2025-08-10 13:42:57,493 INFO  org.apache.flink.configuration.GlobalConfiguration           [] - Loading configuration property: rest.bind-address, 0.0.0.0
2025-08-10 13:42:57,493 INFO  org.apache.flink.configuration.GlobalConfiguration           [] - Loading configuration property: rest.port, 8081
2025-08-10 13:42:57,493 INFO  org.apache.flink.configuration.GlobalConfiguration           [] - Loading configuration property: execution.checkpointing.interval, 30s
2025-08-10 13:42:57,493 INFO  org.apache.flink.configuration.GlobalConfiguration           [] - Loading configuration property: jobmanager.bind-host, localhost
2025-08-10 13:42:57,493 INFO  org.apache.flink.configuration.GlobalConfiguration           [] - Loading configuration property: parallelism.default, 1
2025-08-10 13:42:57,493 INFO  org.apache.flink.configuration.GlobalConfiguration           [] - Loading configuration property: taskmanager.numberOfTaskSlots, 4
2025-08-10 13:42:57,493 INFO  org.apache.flink.configuration.GlobalConfiguration           [] - Loading configuration property: taskmanager.memory.managed.fraction, 0.4
2025-08-10 13:42:57,493 INFO  org.apache.flink.configuration.GlobalConfiguration           [] - Loading configuration property: rest.address, 0.0.0.0
2025-08-10 13:42:57,493 INFO  org.apache.flink.configuration.GlobalConfiguration           [] - Loading configuration property: cluster.evenly-spread-out-slots, true
2025-08-10 13:42:57,493 INFO  org.apache.flink.configuration.GlobalConfiguration           [] - Loading configuration property: state.backend, filesystem
2025-08-10 13:42:57,493 INFO  org.apache.flink.configuration.GlobalConfiguration           [] - Loading configuration property: execution.checkpointing.min-pause, 5s
2025-08-10 13:42:57,493 INFO  org.apache.flink.configuration.GlobalConfiguration           [] - Loading configuration property: jobmanager.memory.jvm-metaspace.size, 256m
2025-08-10 13:42:57,493 INFO  org.apache.flink.configuration.GlobalConfiguration           [] - Loading configuration property: env.java.opts.taskmanager, -Dfile.encoding=UTF-8 -Dsun.jnu.encoding=UTF-8
2025-08-10 13:42:57,493 INFO  org.apache.flink.configuration.GlobalConfiguration           [] - Loading configuration property: state.checkpoints.dir, file:///workspace/logs/flink-checkpoints
2025-08-10 13:42:57,494 INFO  org.apache.flink.configuration.GlobalConfiguration           [] - Loading dynamic configuration property: taskmanager.memory.network.min, 359703515b
2025-08-10 13:42:57,494 INFO  org.apache.flink.configuration.GlobalConfiguration           [] - Loading dynamic configuration property: taskmanager.memory.jvm-metaspace.size, 268435456b
2025-08-10 13:42:57,494 INFO  org.apache.flink.configuration.GlobalConfiguration           [] - Loading dynamic configuration property: taskmanager.memory.task.off-heap.size, 0b
2025-08-10 13:42:57,494 INFO  org.apache.flink.configuration.GlobalConfiguration           [] - Loading dynamic configuration property: taskmanager.cpu.cores, 4.0
2025-08-10 13:42:57,494 INFO  org.apache.flink.configuration.GlobalConfiguration           [] - Loading dynamic configuration property: external-resources, none
2025-08-10 13:42:57,494 INFO  org.apache.flink.configuration.GlobalConfiguration           [] - Loading dynamic configuration property: taskmanager.memory.jvm-overhead.min, 429496736b
2025-08-10 13:42:57,494 INFO  org.apache.flink.configuration.GlobalConfiguration           [] - Loading dynamic configuration property: taskmanager.memory.framework.off-heap.size, 134217728b
2025-08-10 13:42:57,494 INFO  org.apache.flink.configuration.GlobalConfiguration           [] - Loading dynamic configuration property: taskmanager.memory.network.max, 359703515b
2025-08-10 13:42:57,494 INFO  org.apache.flink.configuration.GlobalConfiguration           [] - Loading dynamic configuration property: taskmanager.memory.framework.heap.size, 134217728b
2025-08-10 13:42:57,494 INFO  org.apache.flink.configuration.GlobalConfiguration           [] - Loading dynamic configuration property: taskmanager.memory.managed.size, 1438814063b
2025-08-10 13:42:57,494 INFO  org.apache.flink.configuration.GlobalConfiguration           [] - Loading dynamic configuration property: taskmanager.memory.task.heap.size, 1530082070b
2025-08-10 13:42:57,494 INFO  org.apache.flink.configuration.GlobalConfiguration           [] - Loading dynamic configuration property: taskmanager.numberOfTaskSlots, 4
2025-08-10 13:42:57,494 INFO  org.apache.flink.configuration.GlobalConfiguration           [] - Loading dynamic configuration property: taskmanager.memory.jvm-overhead.max, 429496736b
2025-08-10 13:42:57,530 INFO  org.apache.flink.core.fs.FileSystem                          [] - Hadoop is not in the classpath/dependencies. The extended set of supported File Systems via Hadoop is not available.
2025-08-10 13:42:57,544 INFO  org.apache.flink.core.plugin.DefaultPluginManager            [] - Plugin loader with ID not found, creating it: metrics-prometheus
2025-08-10 13:42:57,549 INFO  org.apache.flink.core.plugin.DefaultPluginManager            [] - Plugin loader with ID not found, creating it: metrics-slf4j
2025-08-10 13:42:57,550 INFO  org.apache.flink.core.plugin.DefaultPluginManager            [] - Plugin loader with ID not found, creating it: metrics-influx
2025-08-10 13:42:57,550 INFO  org.apache.flink.core.plugin.DefaultPluginManager            [] - Plugin loader with ID not found, creating it: metrics-datadog
2025-08-10 13:42:57,550 INFO  org.apache.flink.core.plugin.DefaultPluginManager            [] - Plugin loader with ID not found, creating it: external-resource-gpu
2025-08-10 13:42:57,550 INFO  org.apache.flink.core.plugin.DefaultPluginManager            [] - Plugin loader with ID not found, creating it: metrics-graphite
2025-08-10 13:42:57,550 INFO  org.apache.flink.core.plugin.DefaultPluginManager            [] - Plugin loader with ID not found, creating it: metrics-statsd
2025-08-10 13:42:57,550 INFO  org.apache.flink.core.plugin.DefaultPluginManager            [] - Plugin loader with ID not found, creating it: metrics-jmx
2025-08-10 13:42:57,568 INFO  org.apache.flink.runtime.state.changelog.StateChangelogStorageLoader [] - StateChangelogStorageLoader initialized with shortcut names {memory,filesystem}.
2025-08-10 13:42:57,568 INFO  org.apache.flink.core.plugin.DefaultPluginManager            [] - Plugin loader with ID found, reusing it: metrics-prometheus
2025-08-10 13:42:57,568 INFO  org.apache.flink.core.plugin.DefaultPluginManager            [] - Plugin loader with ID found, reusing it: metrics-slf4j
2025-08-10 13:42:57,568 INFO  org.apache.flink.core.plugin.DefaultPluginManager            [] - Plugin loader with ID found, reusing it: metrics-influx
2025-08-10 13:42:57,568 INFO  org.apache.flink.core.plugin.DefaultPluginManager            [] - Plugin loader with ID found, reusing it: metrics-datadog
2025-08-10 13:42:57,569 INFO  org.apache.flink.core.plugin.DefaultPluginManager            [] - Plugin loader with ID found, reusing it: external-resource-gpu
2025-08-10 13:42:57,569 INFO  org.apache.flink.core.plugin.DefaultPluginManager            [] - Plugin loader with ID found, reusing it: metrics-graphite
2025-08-10 13:42:57,569 INFO  org.apache.flink.core.plugin.DefaultPluginManager            [] - Plugin loader with ID found, reusing it: metrics-statsd
2025-08-10 13:42:57,569 INFO  org.apache.flink.core.plugin.DefaultPluginManager            [] - Plugin loader with ID found, reusing it: metrics-jmx
2025-08-10 13:42:57,571 INFO  org.apache.flink.runtime.state.changelog.StateChangelogStorageLoader [] - StateChangelogStorageLoader initialized with shortcut names {memory,filesystem}.
2025-08-10 13:42:57,585 INFO  org.apache.flink.runtime.security.modules.HadoopModuleFactory [] - Cannot create Hadoop Security Module because Hadoop cannot be found in the Classpath.
2025-08-10 13:42:57,598 INFO  org.apache.flink.runtime.security.modules.JaasModule         [] - Jaas file will be created as /tmp/jaas-8489855805836595317.conf.
2025-08-10 13:42:57,603 INFO  org.apache.flink.runtime.security.contexts.HadoopSecurityContextFactory [] - Cannot install HadoopSecurityContext because Hadoop cannot be found in the Classpath.
2025-08-10 13:42:57,963 INFO  org.apache.flink.runtime.util.LeaderRetrievalUtils           [] - Trying to select the network interface and address to use by connecting to the leading JobManager.
2025-08-10 13:42:57,963 INFO  org.apache.flink.runtime.util.LeaderRetrievalUtils           [] - TaskManager will try to connect for PT10S before falling back to heuristics
2025-08-10 13:42:58,199 INFO  org.apache.flink.runtime.taskexecutor.TaskManagerRunner      [] - TaskManager will use hostname/address 'gpu02' (127.0.0.1) for communication.
2025-08-10 13:42:58,235 INFO  org.apache.flink.runtime.rpc.akka.AkkaRpcServiceUtils        [] - Trying to start actor system, external address 127.0.0.1:0, bind address localhost:0.
2025-08-10 13:42:58,787 INFO  akka.event.slf4j.Slf4jLogger                                 [] - Slf4jLogger started
2025-08-10 13:42:58,820 INFO  akka.remote.RemoteActorRefProvider                           [] - Akka Cluster not in use - enabling unsafe features anyway because `akka.remote.use-unsafe-remote-features-outside-cluster` has been enabled.
2025-08-10 13:42:58,821 INFO  akka.remote.Remoting                                         [] - Starting remoting
2025-08-10 13:42:58,984 INFO  akka.remote.Remoting                                         [] - Remoting started; listening on addresses :[akka.tcp://flink@127.0.0.1:23805]
2025-08-10 13:42:59,111 INFO  org.apache.flink.runtime.rpc.akka.AkkaRpcServiceUtils        [] - Actor system started at akka.tcp://flink@127.0.0.1:23805
2025-08-10 13:42:59,128 INFO  org.apache.flink.runtime.taskexecutor.TaskManagerRunner      [] - Using working directory: WorkingDirectory(/tmp/tm_127.0.0.1:23805-fc7a9a)
2025-08-10 13:42:59,136 INFO  org.apache.flink.runtime.metrics.MetricRegistryImpl          [] - No metrics reporter configured, no metrics will be exposed/reported.
2025-08-10 13:42:59,140 INFO  org.apache.flink.runtime.rpc.akka.AkkaRpcServiceUtils        [] - Trying to start actor system, external address 127.0.0.1:0, bind address localhost:0.
2025-08-10 13:42:59,159 INFO  akka.event.slf4j.Slf4jLogger                                 [] - Slf4jLogger started
2025-08-10 13:42:59,166 INFO  akka.remote.RemoteActorRefProvider                           [] - Akka Cluster not in use - enabling unsafe features anyway because `akka.remote.use-unsafe-remote-features-outside-cluster` has been enabled.
2025-08-10 13:42:59,169 INFO  akka.remote.Remoting                                         [] - Starting remoting
2025-08-10 13:42:59,185 INFO  akka.remote.Remoting                                         [] - Remoting started; listening on addresses :[akka.tcp://flink-metrics@127.0.0.1:30241]
2025-08-10 13:42:59,197 INFO  org.apache.flink.runtime.rpc.akka.AkkaRpcServiceUtils        [] - Actor system started at akka.tcp://flink-metrics@127.0.0.1:30241
2025-08-10 13:42:59,212 INFO  org.apache.flink.runtime.rpc.akka.AkkaRpcService             [] - Starting RPC endpoint for org.apache.flink.runtime.metrics.dump.MetricQueryService at akka://flink-metrics/user/rpc/MetricQueryService_127.0.0.1:23805-fc7a9a .
2025-08-10 13:42:59,226 INFO  org.apache.flink.runtime.blob.PermanentBlobCache             [] - Created BLOB cache storage directory /tmp/tm_127.0.0.1:23805-fc7a9a/blobStorage
2025-08-10 13:42:59,231 INFO  org.apache.flink.runtime.blob.TransientBlobCache             [] - Created BLOB cache storage directory /tmp/tm_127.0.0.1:23805-fc7a9a/blobStorage
2025-08-10 13:42:59,235 INFO  org.apache.flink.runtime.externalresource.ExternalResourceUtils [] - Enabled external resources: []
2025-08-10 13:42:59,235 INFO  org.apache.flink.runtime.security.token.DelegationTokenReceiverRepository [] - Loading delegation token receivers
2025-08-10 13:42:59,239 INFO  org.apache.flink.runtime.security.token.DelegationTokenReceiverRepository [] - Delegation token receiver hadoopfs loaded and initialized
2025-08-10 13:42:59,240 INFO  org.apache.flink.runtime.security.token.DelegationTokenReceiverRepository [] - Delegation token receiver hbase loaded and initialized
2025-08-10 13:42:59,240 INFO  org.apache.flink.core.plugin.DefaultPluginManager            [] - Plugin loader with ID found, reusing it: metrics-prometheus
2025-08-10 13:42:59,240 INFO  org.apache.flink.core.plugin.DefaultPluginManager            [] - Plugin loader with ID found, reusing it: metrics-slf4j
2025-08-10 13:42:59,240 INFO  org.apache.flink.core.plugin.DefaultPluginManager            [] - Plugin loader with ID found, reusing it: metrics-influx
2025-08-10 13:42:59,240 INFO  org.apache.flink.core.plugin.DefaultPluginManager            [] - Plugin loader with ID found, reusing it: metrics-datadog
2025-08-10 13:42:59,240 INFO  org.apache.flink.core.plugin.DefaultPluginManager            [] - Plugin loader with ID found, reusing it: external-resource-gpu
2025-08-10 13:42:59,240 INFO  org.apache.flink.core.plugin.DefaultPluginManager            [] - Plugin loader with ID found, reusing it: metrics-graphite
2025-08-10 13:42:59,240 INFO  org.apache.flink.core.plugin.DefaultPluginManager            [] - Plugin loader with ID found, reusing it: metrics-statsd
2025-08-10 13:42:59,240 INFO  org.apache.flink.core.plugin.DefaultPluginManager            [] - Plugin loader with ID found, reusing it: metrics-jmx
2025-08-10 13:42:59,240 INFO  org.apache.flink.runtime.security.token.DelegationTokenReceiverRepository [] - Delegation token receivers loaded successfully
2025-08-10 13:42:59,241 INFO  org.apache.flink.runtime.taskexecutor.TaskManagerRunner      [] - Starting TaskManager with ResourceID: 127.0.0.1:23805-fc7a9a
2025-08-10 13:42:59,262 INFO  org.apache.flink.runtime.taskexecutor.TaskManagerServices    [] - Temporary file directory '/tmp': total 1758 GB, usable 31 GB (1.76% usable)
2025-08-10 13:42:59,265 INFO  org.apache.flink.runtime.io.disk.iomanager.IOManager         [] - Created a new FileChannelManager for spilling of task related data to disk (joins, sorting, ...). Used directories:
	/tmp/flink-io-751bf732-bd68-47a9-9440-3100eeb1aa3f
2025-08-10 13:42:59,273 INFO  org.apache.flink.runtime.io.network.netty.NettyConfig        [] - NettyConfig [server address: localhost/127.0.0.1, server port: 0, ssl enabled: false, memory segment size (bytes): 32768, transport type: AUTO, number of server threads: 4 (manual), number of client threads: 4 (manual), server connect backlog: 0 (use Netty's default), client connect timeout (sec): 120, send/receive buffer size (bytes): 0 (use Netty's default)]
2025-08-10 13:42:59,328 INFO  org.apache.flink.runtime.io.network.NettyShuffleServiceFactory [] - Created a new FileChannelManager for storing result partitions of BLOCKING shuffles. Used directories:
	/tmp/flink-netty-shuffle-4eaf3e6b-1f6b-4138-ba0d-cf47e6d8a4d5
2025-08-10 13:42:59,539 INFO  org.apache.flink.runtime.io.network.buffer.NetworkBufferPool [] - Allocated 343 MB for network buffer pool (number of memory segments: 10977, bytes per segment: 32768).
2025-08-10 13:42:59,552 INFO  org.apache.flink.runtime.io.network.NettyShuffleEnvironment  [] - Starting the network environment and its components.
2025-08-10 13:42:59,607 INFO  org.apache.flink.runtime.io.network.netty.NettyClient        [] - Transport type 'auto': using EPOLL.
2025-08-10 13:42:59,608 INFO  org.apache.flink.runtime.io.network.netty.NettyClient        [] - Successful initialization (took 56 ms).
2025-08-10 13:42:59,613 INFO  org.apache.flink.runtime.io.network.netty.NettyServer        [] - Transport type 'auto': using EPOLL.
2025-08-10 13:42:59,682 INFO  org.apache.flink.runtime.io.network.netty.NettyServer        [] - Successful initialization (took 72 ms). Listening on SocketAddress /127.0.0.1:19247.
2025-08-10 13:42:59,684 INFO  org.apache.flink.runtime.taskexecutor.KvStateService         [] - Starting the kvState service and its components.
2025-08-10 13:42:59,711 INFO  org.apache.flink.runtime.rpc.akka.AkkaRpcService             [] - Starting RPC endpoint for org.apache.flink.runtime.taskexecutor.TaskExecutor at akka://flink/user/rpc/taskmanager_0 .
2025-08-10 13:42:59,729 INFO  org.apache.flink.runtime.taskexecutor.DefaultJobLeaderService [] - Start job leader service.
2025-08-10 13:42:59,732 INFO  org.apache.flink.runtime.filecache.FileCache                 [] - User file cache uses directory /tmp/flink-dist-cache-1269fd17-eeed-45ea-8405-6457be26165e
2025-08-10 13:42:59,735 INFO  org.apache.flink.runtime.taskexecutor.TaskExecutor           [] - Connecting to ResourceManager akka.tcp://flink@localhost:6123/user/rpc/resourcemanager_*(00000000000000000000000000000000).
2025-08-10 13:42:59,962 INFO  org.apache.flink.runtime.taskexecutor.TaskExecutor           [] - Resolved ResourceManager address, beginning registration
2025-08-10 13:43:00,074 INFO  org.apache.flink.runtime.taskexecutor.TaskExecutor           [] - Successful registration at resource manager akka.tcp://flink@localhost:6123/user/rpc/resourcemanager_* under registration id 7048188cdf06ec8abb66b7bcc4932767.
2025-08-10 13:43:08,303 INFO  org.apache.flink.runtime.taskexecutor.TaskExecutor           [] - Receive slot request ddd493d8f21d33f39d23dc1a5cda32b5 for job 9db7cc8c927ccd4aeceb53fc959189cf from resource manager with leader id 00000000000000000000000000000000.
2025-08-10 13:43:08,309 INFO  org.apache.flink.runtime.taskexecutor.TaskExecutor           [] - Allocated slot for ddd493d8f21d33f39d23dc1a5cda32b5.
2025-08-10 13:43:08,310 INFO  org.apache.flink.runtime.taskexecutor.DefaultJobLeaderService [] - Add job 9db7cc8c927ccd4aeceb53fc959189cf for job leader monitoring.
2025-08-10 13:43:08,312 INFO  org.apache.flink.runtime.taskexecutor.DefaultJobLeaderService [] - Try to register at job manager akka.tcp://flink@localhost:6123/user/rpc/jobmanager_2 with leader id 00000000-0000-0000-0000-000000000000.
2025-08-10 13:43:08,320 INFO  org.apache.flink.runtime.taskexecutor.TaskExecutor           [] - Receive slot request 0363b8c1bab22ab06dbfd27bea262890 for job 9db7cc8c927ccd4aeceb53fc959189cf from resource manager with leader id 00000000000000000000000000000000.
2025-08-10 13:43:08,321 INFO  org.apache.flink.runtime.taskexecutor.TaskExecutor           [] - Allocated slot for 0363b8c1bab22ab06dbfd27bea262890.
2025-08-10 13:43:08,335 INFO  org.apache.flink.runtime.taskexecutor.DefaultJobLeaderService [] - Resolved JobManager address, beginning registration
2025-08-10 13:43:08,368 INFO  org.apache.flink.runtime.taskexecutor.DefaultJobLeaderService [] - Successful registration at job manager akka.tcp://flink@localhost:6123/user/rpc/jobmanager_2 for job 9db7cc8c927ccd4aeceb53fc959189cf.
2025-08-10 13:43:08,369 INFO  org.apache.flink.runtime.taskexecutor.TaskExecutor           [] - Establish JobManager connection for job 9db7cc8c927ccd4aeceb53fc959189cf.
2025-08-10 13:43:08,371 INFO  org.apache.flink.runtime.taskexecutor.TaskExecutor           [] - Offer reserved slots to the leader of job 9db7cc8c927ccd4aeceb53fc959189cf.
2025-08-10 13:43:08,435 INFO  org.apache.flink.runtime.taskexecutor.slot.TaskSlotTableImpl [] - Activate slot 0363b8c1bab22ab06dbfd27bea262890.
2025-08-10 13:43:08,456 INFO  org.apache.flink.runtime.state.changelog.StateChangelogStorageLoader [] - Creating a changelog storage with name 'memory'.
2025-08-10 13:43:08,466 INFO  org.apache.flink.runtime.state.TaskExecutorChannelStateExecutorFactoryManager [] - Creating the channel state executor factory for job id 9db7cc8c927ccd4aeceb53fc959189cf
2025-08-10 13:43:08,478 INFO  org.apache.flink.runtime.taskexecutor.TaskExecutor           [] - Received task Source: Request Source (1/1)#0 (60eb3ec96f26808ead8b4899ff31700e_bc764cd8ddf7a0cff126f51c16239658_0_0), deploy into slot with allocation id 0363b8c1bab22ab06dbfd27bea262890.
2025-08-10 13:43:08,481 INFO  org.apache.flink.runtime.taskexecutor.slot.TaskSlotTableImpl [] - Activate slot 0363b8c1bab22ab06dbfd27bea262890.
2025-08-10 13:43:08,480 INFO  org.apache.flink.runtime.taskmanager.Task                    [] - Source: Request Source (1/1)#0 (60eb3ec96f26808ead8b4899ff31700e_bc764cd8ddf7a0cff126f51c16239658_0_0) switched from CREATED to DEPLOYING.
2025-08-10 13:43:08,487 INFO  org.apache.flink.runtime.taskmanager.Task                    [] - Loading JAR files for task Source: Request Source (1/1)#0 (60eb3ec96f26808ead8b4899ff31700e_bc764cd8ddf7a0cff126f51c16239658_0_0) [DEPLOYING].
2025-08-10 13:43:08,492 INFO  org.apache.flink.runtime.blob.BlobClient                     [] - Downloading 9db7cc8c927ccd4aeceb53fc959189cf/p-74c51b7cbcfc62a06e6e356ff447f977cb65b04b-6bbad8ac1cccc6a9c919a256670b4172 from localhost/127.0.0.1:17945
2025-08-10 13:43:08,500 INFO  org.apache.flink.runtime.taskexecutor.TaskExecutor           [] - Received task Multi-GPU Inference Processor -> Sink: Multi-GPU Monitor Sink (1/2)#0 (60eb3ec96f26808ead8b4899ff31700e_20ba6b65f97481d5570070de90e4e791_0_0), deploy into slot with allocation id 0363b8c1bab22ab06dbfd27bea262890.
2025-08-10 13:43:08,501 INFO  org.apache.flink.runtime.taskexecutor.slot.TaskSlotTableImpl [] - Activate slot ddd493d8f21d33f39d23dc1a5cda32b5.
2025-08-10 13:43:08,502 INFO  org.apache.flink.runtime.taskmanager.Task                    [] - Multi-GPU Inference Processor -> Sink: Multi-GPU Monitor Sink (1/2)#0 (60eb3ec96f26808ead8b4899ff31700e_20ba6b65f97481d5570070de90e4e791_0_0) switched from CREATED to DEPLOYING.
2025-08-10 13:43:08,504 INFO  org.apache.flink.runtime.taskmanager.Task                    [] - Loading JAR files for task Multi-GPU Inference Processor -> Sink: Multi-GPU Monitor Sink (1/2)#0 (60eb3ec96f26808ead8b4899ff31700e_20ba6b65f97481d5570070de90e4e791_0_0) [DEPLOYING].
2025-08-10 13:43:08,506 INFO  org.apache.flink.runtime.taskexecutor.TaskExecutor           [] - Received task Multi-GPU Inference Processor -> Sink: Multi-GPU Monitor Sink (2/2)#0 (60eb3ec96f26808ead8b4899ff31700e_20ba6b65f97481d5570070de90e4e791_1_0), deploy into slot with allocation id ddd493d8f21d33f39d23dc1a5cda32b5.
2025-08-10 13:43:08,507 INFO  org.apache.flink.runtime.taskexecutor.slot.TaskSlotTableImpl [] - Activate slot ddd493d8f21d33f39d23dc1a5cda32b5.
2025-08-10 13:43:08,507 INFO  org.apache.flink.runtime.taskmanager.Task                    [] - Multi-GPU Inference Processor -> Sink: Multi-GPU Monitor Sink (2/2)#0 (60eb3ec96f26808ead8b4899ff31700e_20ba6b65f97481d5570070de90e4e791_1_0) switched from CREATED to DEPLOYING.
2025-08-10 13:43:08,508 INFO  org.apache.flink.runtime.taskexecutor.slot.TaskSlotTableImpl [] - Activate slot 0363b8c1bab22ab06dbfd27bea262890.
2025-08-10 13:43:08,508 INFO  org.apache.flink.runtime.taskmanager.Task                    [] - Loading JAR files for task Multi-GPU Inference Processor -> Sink: Multi-GPU Monitor Sink (2/2)#0 (60eb3ec96f26808ead8b4899ff31700e_20ba6b65f97481d5570070de90e4e791_1_0) [DEPLOYING].
2025-08-10 13:43:08,591 INFO  org.apache.flink.streaming.runtime.tasks.StreamTask          [] - Using job/cluster config to configure application-defined state backend: org.apache.flink.runtime.state.hashmap.HashMapStateBackend@28ba337e
2025-08-10 13:43:08,591 INFO  org.apache.flink.streaming.runtime.tasks.StreamTask          [] - Using job/cluster config to configure application-defined state backend: org.apache.flink.runtime.state.hashmap.HashMapStateBackend@40c5bb5d
2025-08-10 13:43:08,591 INFO  org.apache.flink.streaming.runtime.tasks.StreamTask          [] - Using job/cluster config to configure application-defined state backend: org.apache.flink.runtime.state.hashmap.HashMapStateBackend@38235501
2025-08-10 13:43:08,592 INFO  org.apache.flink.streaming.runtime.tasks.StreamTask          [] - Using application-defined state backend: org.apache.flink.runtime.state.hashmap.HashMapStateBackend@58034214
2025-08-10 13:43:08,592 INFO  org.apache.flink.runtime.state.StateBackendLoader            [] - State backend loader loads the state backend as HashMapStateBackend
2025-08-10 13:43:08,592 INFO  org.apache.flink.streaming.runtime.tasks.StreamTask          [] - Using application-defined state backend: org.apache.flink.runtime.state.hashmap.HashMapStateBackend@6ec24020
2025-08-10 13:43:08,592 INFO  org.apache.flink.runtime.state.StateBackendLoader            [] - State backend loader loads the state backend as HashMapStateBackend
2025-08-10 13:43:08,592 INFO  org.apache.flink.streaming.runtime.tasks.StreamTask          [] - Using application-defined state backend: org.apache.flink.runtime.state.hashmap.HashMapStateBackend@2fb6b9a3
2025-08-10 13:43:08,592 INFO  org.apache.flink.runtime.state.StateBackendLoader            [] - State backend loader loads the state backend as HashMapStateBackend
2025-08-10 13:43:08,601 INFO  org.apache.flink.streaming.runtime.tasks.StreamTask          [] - Using job/cluster config to configure application-defined checkpoint storage: org.apache.flink.runtime.state.storage.FileSystemCheckpointStorage@200dd9d5
2025-08-10 13:43:08,601 INFO  org.apache.flink.streaming.runtime.tasks.StreamTask          [] - Using job/cluster config to configure application-defined checkpoint storage: org.apache.flink.runtime.state.storage.FileSystemCheckpointStorage@200dd9d5
2025-08-10 13:43:08,601 INFO  org.apache.flink.streaming.runtime.tasks.StreamTask          [] - Using job/cluster config to configure application-defined checkpoint storage: org.apache.flink.runtime.state.storage.FileSystemCheckpointStorage@200dd9d5
2025-08-10 13:43:08,613 INFO  org.apache.flink.runtime.taskmanager.Task                    [] - Multi-GPU Inference Processor -> Sink: Multi-GPU Monitor Sink (1/2)#0 (60eb3ec96f26808ead8b4899ff31700e_20ba6b65f97481d5570070de90e4e791_0_0) switched from DEPLOYING to INITIALIZING.
2025-08-10 13:43:08,613 INFO  org.apache.flink.runtime.taskmanager.Task                    [] - Multi-GPU Inference Processor -> Sink: Multi-GPU Monitor Sink (2/2)#0 (60eb3ec96f26808ead8b4899ff31700e_20ba6b65f97481d5570070de90e4e791_1_0) switched from DEPLOYING to INITIALIZING.
2025-08-10 13:43:08,615 INFO  org.apache.flink.runtime.taskmanager.Task                    [] - Source: Request Source (1/1)#0 (60eb3ec96f26808ead8b4899ff31700e_bc764cd8ddf7a0cff126f51c16239658_0_0) switched from DEPLOYING to INITIALIZING.
2025-08-10 13:43:08,721 INFO  org.apache.flink.runtime.taskmanager.Task                    [] - Source: Request Source (1/1)#0 (60eb3ec96f26808ead8b4899ff31700e_bc764cd8ddf7a0cff126f51c16239658_0_0) switched from INITIALIZING to RUNNING.
2025-08-10 13:43:08,726 INFO  com.infertuner.processor.MultiGPUInferenceProcessor          [] - Task 0 启动，绑定到 GPU 0
2025-08-10 13:43:08,726 INFO  com.infertuner.processor.MultiGPUInferenceProcessor          [] - Task 1 启动，绑定到 GPU 1
2025-08-10 13:43:08,727 INFO  com.infertuner.source.SimpleRequestSource                    [] - 开始生成 50 个测试请求，间隔 500ms
2025-08-10 13:43:08,732 INFO  com.infertuner.source.SimpleRequestSource                    [] - 生成请求 1/50: req_000
2025-08-10 13:43:08,827 INFO  com.infertuner.processor.MultiGPUInferenceProcessor          [] - 启动 GPU 0 推理服务...
2025-08-10 13:43:08,827 INFO  com.infertuner.processor.MultiGPUInferenceProcessor          [] - 启动 GPU 1 推理服务...
2025-08-10 13:43:08,835 INFO  com.infertuner.processor.MultiGPUInferenceProcessor          [] - 等待 GPU 1 服务初始化...
2025-08-10 13:43:08,835 INFO  com.infertuner.processor.MultiGPUInferenceProcessor          [] - 等待 GPU 0 服务初始化...
2025-08-10 13:43:09,233 INFO  com.infertuner.source.SimpleRequestSource                    [] - 生成请求 2/50: req_001
2025-08-10 13:43:09,734 INFO  com.infertuner.source.SimpleRequestSource                    [] - 生成请求 3/50: req_002
2025-08-10 13:43:10,235 INFO  com.infertuner.source.SimpleRequestSource                    [] - 生成请求 4/50: req_003
2025-08-10 13:43:10,736 INFO  com.infertuner.source.SimpleRequestSource                    [] - 生成请求 5/50: req_004
2025-08-10 13:43:11,238 INFO  com.infertuner.source.SimpleRequestSource                    [] - 生成请求 6/50: req_005
2025-08-10 13:43:11,738 INFO  com.infertuner.source.SimpleRequestSource                    [] - 生成请求 7/50: req_006
2025-08-10 13:43:12,239 INFO  com.infertuner.source.SimpleRequestSource                    [] - 生成请求 8/50: req_007
2025-08-10 13:43:12,742 INFO  com.infertuner.source.SimpleRequestSource                    [] - 生成请求 9/50: req_008
2025-08-10 13:43:13,244 INFO  com.infertuner.source.SimpleRequestSource                    [] - 生成请求 10/50: req_009
2025-08-10 13:43:13,745 INFO  com.infertuner.source.SimpleRequestSource                    [] - 生成请求 11/50: req_010
2025-08-10 13:43:14,246 INFO  com.infertuner.source.SimpleRequestSource                    [] - 生成请求 12/50: req_011
2025-08-10 13:43:14,747 INFO  com.infertuner.source.SimpleRequestSource                    [] - 生成请求 13/50: req_012
2025-08-10 13:43:15,248 INFO  com.infertuner.source.SimpleRequestSource                    [] - 生成请求 14/50: req_013
2025-08-10 13:43:15,749 INFO  com.infertuner.source.SimpleRequestSource                    [] - 生成请求 15/50: req_014
2025-08-10 13:43:16,250 INFO  com.infertuner.source.SimpleRequestSource                    [] - 生成请求 16/50: req_015
2025-08-10 13:43:16,750 INFO  com.infertuner.source.SimpleRequestSource                    [] - 生成请求 17/50: req_016
2025-08-10 13:43:16,835 INFO  com.infertuner.processor.MultiGPUInferenceProcessor          [] - ✅ GPU 0 推理服务启动成功
2025-08-10 13:43:16,835 INFO  com.infertuner.processor.MultiGPUInferenceProcessor          [] - ✅ GPU 1 推理服务启动成功
2025-08-10 13:43:16,836 INFO  com.infertuner.processor.MultiGPUInferenceProcessor          [] - GPU 1 推理服务启动完成
2025-08-10 13:43:16,836 INFO  com.infertuner.processor.MultiGPUInferenceProcessor          [] - GPU 0 推理服务启动完成
2025-08-10 13:43:16,853 INFO  org.apache.flink.runtime.taskmanager.Task                    [] - Multi-GPU Inference Processor -> Sink: Multi-GPU Monitor Sink (1/2)#0 (60eb3ec96f26808ead8b4899ff31700e_20ba6b65f97481d5570070de90e4e791_0_0) switched from INITIALIZING to RUNNING.
2025-08-10 13:43:16,853 INFO  org.apache.flink.runtime.taskmanager.Task                    [] - Multi-GPU Inference Processor -> Sink: Multi-GPU Monitor Sink (2/2)#0 (60eb3ec96f26808ead8b4899ff31700e_20ba6b65f97481d5570070de90e4e791_1_0) switched from INITIALIZING to RUNNING.
2025-08-10 13:43:17,251 INFO  com.infertuner.source.SimpleRequestSource                    [] - 生成请求 18/50: req_017
2025-08-10 13:43:17,752 INFO  com.infertuner.source.SimpleRequestSource                    [] - 生成请求 19/50: req_018
2025-08-10 13:43:18,253 INFO  com.infertuner.source.SimpleRequestSource                    [] - 生成请求 20/50: req_019
2025-08-10 13:43:18,278 INFO  com.infertuner.sink.MultiGPUMonitorSink                      [] - 结果 #1: GPU-0 | ✅ | 1353.5ms | 神经网络是一种模仿人脑神经元之间连接和信息处理方式的计算模型，它由多个相互连接的节点（称为“神经元”或“节点层”）组成。...
2025-08-10 13:43:18,491 INFO  com.infertuner.sink.MultiGPUMonitorSink                      [] - 结果 #1: GPU-1 | ✅ | 1588.4ms | 深度学习是一种机器学习技术，它基于多层神经网络来模拟人脑的复杂思维过程。深度学习的基本原理主要包括以下几方面：

1. ...
2025-08-10 13:43:18,754 INFO  com.infertuner.source.SimpleRequestSource                    [] - 生成请求 21/50: req_020
2025-08-10 13:43:18,841 INFO  com.infertuner.sink.MultiGPUMonitorSink                      [] - 结果 #2: GPU-0 | ✅ | 561.4ms | 深度学习是一种人工智能技术，它使用多层神经网络来模拟人类大脑的结构和功能，以实现对数据进行分析、分类和预测的任务。其基本...
2025-08-10 13:43:19,255 INFO  com.infertuner.source.SimpleRequestSource                    [] - 生成请求 22/50: req_021
2025-08-10 13:43:19,442 INFO  com.infertuner.sink.MultiGPUMonitorSink                      [] - 结果 #3: GPU-0 | ✅ | 598.6ms | 要优化模型性能，可以从以下几个方面入手：

1. 数据预处理：数据预处理是提高模型性能的重要步骤。这包括清洗和转换数据、...
2025-08-10 13:43:19,755 INFO  com.infertuner.source.SimpleRequestSource                    [] - 生成请求 23/50: req_022
2025-08-10 13:43:19,850 INFO  com.infertuner.sink.MultiGPUMonitorSink                      [] - 结果 #2: GPU-1 | ✅ | 1357.8ms | 深度学习是一种人工智能技术，其基本原理是通过模拟人脑神经元之间的连接和交互来实现机器学习。它主要依赖于以下三个关键要素：...
2025-08-10 13:43:20,256 INFO  com.infertuner.source.SimpleRequestSource                    [] - 生成请求 24/50: req_023
2025-08-10 13:43:20,367 INFO  com.infertuner.sink.MultiGPUMonitorSink                      [] - 结果 #4: GPU-0 | ✅ | 922.7ms | 过拟合（Overfitting）是指模型在训练数据上表现良好，但在新、未见过的数据上却表现不佳的现象。这是因为模型过度地...
2025-08-10 13:43:20,531 INFO  com.infertuner.sink.MultiGPUMonitorSink                      [] - 结果 #3: GPU-1 | ✅ | 679.1ms | 过拟合（Overfitting）是指模型在训练数据上表现良好，但在测试数据上表现较差的现象。简而言之，过拟合就是模型过于...
2025-08-10 13:43:20,757 INFO  com.infertuner.source.SimpleRequestSource                    [] - 生成请求 25/50: req_024
2025-08-10 13:43:21,117 INFO  com.infertuner.sink.MultiGPUMonitorSink                      [] - 结果 #5: GPU-0 | ✅ | 748.3ms | 机器学习是一种人工智能技术，它允许计算机系统从数据中自动学习模式和规律，从而实现自主决策、预测和优化。简单来说，机器学习...
2025-08-10 13:43:21,258 INFO  com.infertuner.source.SimpleRequestSource                    [] - 生成请求 26/50: req_025
2025-08-10 13:43:21,661 INFO  com.infertuner.sink.MultiGPUMonitorSink                      [] - 结果 #4: GPU-1 | ✅ | 1127.4ms | 过拟合（Overfitting）是机器学习中的一个常见问题，它指的是在训练模型时，模型过于复杂，以至于过度适应了训练数据...
2025-08-10 13:43:21,758 INFO  com.infertuner.source.SimpleRequestSource                    [] - 生成请求 27/50: req_026
2025-08-10 13:43:22,259 INFO  com.infertuner.source.SimpleRequestSource                    [] - 生成请求 28/50: req_027
2025-08-10 13:43:22,760 INFO  com.infertuner.source.SimpleRequestSource                    [] - 生成请求 29/50: req_028
2025-08-10 13:43:23,109 INFO  com.infertuner.sink.MultiGPUMonitorSink                      [] - 结果 #5: GPU-1 | ✅ | 1446.3ms | 机器学习是一种人工智能技术，它使用算法和统计模型来让计算机系统从数据中自动提取知识，并能够根据新的输入数据进行改进。它的...
2025-08-10 13:43:23,261 INFO  com.infertuner.source.SimpleRequestSource                    [] - 生成请求 30/50: req_029
2025-08-10 13:43:23,762 INFO  com.infertuner.source.SimpleRequestSource                    [] - 生成请求 31/50: req_030
2025-08-10 13:43:24,262 INFO  com.infertuner.source.SimpleRequestSource                    [] - 生成请求 32/50: req_031
2025-08-10 13:43:24,763 INFO  com.infertuner.source.SimpleRequestSource                    [] - 生成请求 33/50: req_032
2025-08-10 13:43:25,264 INFO  com.infertuner.source.SimpleRequestSource                    [] - 生成请求 34/50: req_033
2025-08-10 13:43:25,764 INFO  com.infertuner.source.SimpleRequestSource                    [] - 生成请求 35/50: req_034
2025-08-10 13:43:26,265 INFO  com.infertuner.source.SimpleRequestSource                    [] - 生成请求 36/50: req_035
2025-08-10 13:43:26,766 INFO  com.infertuner.source.SimpleRequestSource                    [] - 生成请求 37/50: req_036
2025-08-10 13:43:27,030 INFO  com.infertuner.sink.MultiGPUMonitorSink                      [] - === 整体统计 ===
2025-08-10 13:43:27,030 INFO  com.infertuner.sink.MultiGPUMonitorSink                      [] - 总请求: 10 | 成功: 10 (100.0%) | 平均延迟: 1008.3ms | 吞吐量: 0.50 req/s
2025-08-10 13:43:27,031 INFO  com.infertuner.sink.MultiGPUMonitorSink                      [] - === GPU分布统计 ===
2025-08-10 13:43:27,031 INFO  com.infertuner.sink.MultiGPUMonitorSink                      [] - GPU-0: 请求=10 | 成功率=100.0% | 平均延迟=1008.3ms | 吞吐量=0.50 req/s
2025-08-10 13:43:27,031 INFO  com.infertuner.sink.MultiGPUMonitorSink                      [] - ========================
2025-08-10 13:43:27,267 INFO  com.infertuner.source.SimpleRequestSource                    [] - 生成请求 38/50: req_037
2025-08-10 13:43:27,767 INFO  com.infertuner.source.SimpleRequestSource                    [] - 生成请求 39/50: req_038
2025-08-10 13:43:28,268 INFO  com.infertuner.source.SimpleRequestSource                    [] - 生成请求 40/50: req_039
2025-08-10 13:43:28,599 INFO  com.infertuner.sink.MultiGPUMonitorSink                      [] - === 整体统计 ===
2025-08-10 13:43:28,600 INFO  com.infertuner.sink.MultiGPUMonitorSink                      [] - 总请求: 10 | 成功: 10 (100.0%) | 平均延迟: 1167.5ms | 吞吐量: 0.46 req/s
2025-08-10 13:43:28,600 INFO  com.infertuner.sink.MultiGPUMonitorSink                      [] - === GPU分布统计 ===
2025-08-10 13:43:28,600 INFO  com.infertuner.sink.MultiGPUMonitorSink                      [] - GPU-1: 请求=10 | 成功率=100.0% | 平均延迟=1167.5ms | 吞吐量=0.46 req/s
2025-08-10 13:43:28,600 INFO  com.infertuner.sink.MultiGPUMonitorSink                      [] - ========================
2025-08-10 13:43:28,769 INFO  com.infertuner.source.SimpleRequestSource                    [] - 生成请求 41/50: req_040
2025-08-10 13:43:29,269 INFO  com.infertuner.source.SimpleRequestSource                    [] - 生成请求 42/50: req_041
2025-08-10 13:43:29,770 INFO  com.infertuner.source.SimpleRequestSource                    [] - 生成请求 43/50: req_042
2025-08-10 13:43:30,271 INFO  com.infertuner.source.SimpleRequestSource                    [] - 生成请求 44/50: req_043
2025-08-10 13:43:30,771 INFO  com.infertuner.source.SimpleRequestSource                    [] - 生成请求 45/50: req_044
2025-08-10 13:43:31,272 INFO  com.infertuner.source.SimpleRequestSource                    [] - 生成请求 46/50: req_045
2025-08-10 13:43:31,773 INFO  com.infertuner.source.SimpleRequestSource                    [] - 生成请求 47/50: req_046
2025-08-10 13:43:32,274 INFO  com.infertuner.source.SimpleRequestSource                    [] - 生成请求 48/50: req_047
2025-08-10 13:43:32,774 INFO  com.infertuner.source.SimpleRequestSource                    [] - 生成请求 49/50: req_048
2025-08-10 13:43:33,275 INFO  com.infertuner.source.SimpleRequestSource                    [] - 生成请求 50/50: req_049
2025-08-10 13:43:33,275 INFO  com.infertuner.source.SimpleRequestSource                    [] - 请求生成完成，共 50 个
2025-08-10 13:43:37,599 INFO  com.infertuner.sink.MultiGPUMonitorSink                      [] - === 整体统计 ===
2025-08-10 13:43:37,600 INFO  com.infertuner.sink.MultiGPUMonitorSink                      [] - 总请求: 20 | 成功: 20 (100.0%) | 平均延迟: 1031.5ms | 吞吐量: 0.65 req/s
2025-08-10 13:43:37,600 INFO  com.infertuner.sink.MultiGPUMonitorSink                      [] - === GPU分布统计 ===
2025-08-10 13:43:37,601 INFO  com.infertuner.sink.MultiGPUMonitorSink                      [] - GPU-0: 请求=20 | 成功率=100.0% | 平均延迟=1031.5ms | 吞吐量=0.65 req/s
2025-08-10 13:43:37,601 INFO  com.infertuner.sink.MultiGPUMonitorSink                      [] - ========================
2025-08-10 13:43:37,601 INFO  com.infertuner.sink.MultiGPUMonitorSink                      [] - 结果 #20: GPU-0 | ✅ | 1066.4ms | 机器学习是一种人工智能技术，它使用统计学、计算机科学和数学方法来构建智能系统，使计算机能够从数据中自动学习规律，并在未知...
2025-08-10 13:43:38,539 INFO  com.infertuner.sink.MultiGPUMonitorSink                      [] - === 整体统计 ===
2025-08-10 13:43:38,539 INFO  com.infertuner.sink.MultiGPUMonitorSink                      [] - 总请求: 20 | 成功: 20 (100.0%) | 平均延迟: 1079.4ms | 吞吐量: 0.63 req/s
2025-08-10 13:43:38,539 INFO  com.infertuner.sink.MultiGPUMonitorSink                      [] - === GPU分布统计 ===
2025-08-10 13:43:38,540 INFO  com.infertuner.sink.MultiGPUMonitorSink                      [] - GPU-1: 请求=20 | 成功率=100.0% | 平均延迟=1079.4ms | 吞吐量=0.63 req/s
2025-08-10 13:43:38,540 INFO  com.infertuner.sink.MultiGPUMonitorSink                      [] - ========================
2025-08-10 13:43:38,540 INFO  com.infertuner.sink.MultiGPUMonitorSink                      [] - 结果 #20: GPU-1 | ✅ | 1220.8ms | 神经网络是一种由大量节点（或称为“神经元”）组成的计算模型，用于模拟人类大脑的高级认知过程。神经网络的基本思想是通过多层...
2025-08-10 13:43:51,874 INFO  org.apache.flink.runtime.taskmanager.Task                    [] - Source: Request Source (1/1)#0 (60eb3ec96f26808ead8b4899ff31700e_bc764cd8ddf7a0cff126f51c16239658_0_0) switched from RUNNING to FINISHED.
2025-08-10 13:43:51,875 INFO  org.apache.flink.runtime.taskmanager.Task                    [] - Freeing task resources for Source: Request Source (1/1)#0 (60eb3ec96f26808ead8b4899ff31700e_bc764cd8ddf7a0cff126f51c16239658_0_0).
2025-08-10 13:43:51,876 INFO  com.infertuner.processor.MultiGPUInferenceProcessor          [] - 关闭 GPU 1 推理服务...
2025-08-10 13:43:51,876 INFO  com.infertuner.processor.MultiGPUInferenceProcessor          [] - 关闭 GPU 0 推理服务...
2025-08-10 13:43:51,880 INFO  org.apache.flink.runtime.taskexecutor.TaskExecutor           [] - Un-registering task and sending final execution state FINISHED to JobManager for task Source: Request Source (1/1)#0 60eb3ec96f26808ead8b4899ff31700e_bc764cd8ddf7a0cff126f51c16239658_0_0.
2025-08-10 13:43:52,743 INFO  com.infertuner.processor.MultiGPUInferenceProcessor          [] - ✅ GPU 0 推理服务已关闭
2025-08-10 13:43:52,745 INFO  org.apache.flink.runtime.taskmanager.Task                    [] - Multi-GPU Inference Processor -> Sink: Multi-GPU Monitor Sink (1/2)#0 (60eb3ec96f26808ead8b4899ff31700e_20ba6b65f97481d5570070de90e4e791_0_0) switched from RUNNING to FINISHED.
2025-08-10 13:43:52,745 INFO  org.apache.flink.runtime.taskmanager.Task                    [] - Freeing task resources for Multi-GPU Inference Processor -> Sink: Multi-GPU Monitor Sink (1/2)#0 (60eb3ec96f26808ead8b4899ff31700e_20ba6b65f97481d5570070de90e4e791_0_0).
2025-08-10 13:43:52,748 INFO  org.apache.flink.runtime.taskexecutor.TaskExecutor           [] - Un-registering task and sending final execution state FINISHED to JobManager for task Multi-GPU Inference Processor -> Sink: Multi-GPU Monitor Sink (1/2)#0 60eb3ec96f26808ead8b4899ff31700e_20ba6b65f97481d5570070de90e4e791_0_0.
2025-08-10 13:43:52,806 INFO  com.infertuner.processor.MultiGPUInferenceProcessor          [] - ✅ GPU 1 推理服务已关闭
2025-08-10 13:43:52,808 INFO  org.apache.flink.runtime.taskmanager.Task                    [] - Multi-GPU Inference Processor -> Sink: Multi-GPU Monitor Sink (2/2)#0 (60eb3ec96f26808ead8b4899ff31700e_20ba6b65f97481d5570070de90e4e791_1_0) switched from RUNNING to FINISHED.
2025-08-10 13:43:52,808 INFO  org.apache.flink.runtime.taskmanager.Task                    [] - Freeing task resources for Multi-GPU Inference Processor -> Sink: Multi-GPU Monitor Sink (2/2)#0 (60eb3ec96f26808ead8b4899ff31700e_20ba6b65f97481d5570070de90e4e791_1_0).
2025-08-10 13:43:52,810 INFO  org.apache.flink.runtime.taskexecutor.TaskExecutor           [] - Un-registering task and sending final execution state FINISHED to JobManager for task Multi-GPU Inference Processor -> Sink: Multi-GPU Monitor Sink (2/2)#0 60eb3ec96f26808ead8b4899ff31700e_20ba6b65f97481d5570070de90e4e791_1_0.
2025-08-10 13:43:52,861 INFO  org.apache.flink.runtime.taskexecutor.slot.TaskSlotTableImpl [] - Free slot TaskSlot(index:1, state:ACTIVE, resource profile: ResourceProfile{cpuCores=1, taskHeapMemory=364.800mb (382520517 bytes), taskOffHeapMemory=0 bytes, managedMemory=343.040mb (359703515 bytes), networkMemory=85.760mb (89925878 bytes)}, allocationId: 0363b8c1bab22ab06dbfd27bea262890, jobId: 9db7cc8c927ccd4aeceb53fc959189cf).
2025-08-10 13:43:52,864 INFO  org.apache.flink.runtime.taskexecutor.slot.TaskSlotTableImpl [] - Free slot TaskSlot(index:0, state:ACTIVE, resource profile: ResourceProfile{cpuCores=1, taskHeapMemory=364.800mb (382520517 bytes), taskOffHeapMemory=0 bytes, managedMemory=343.040mb (359703515 bytes), networkMemory=85.760mb (89925878 bytes)}, allocationId: ddd493d8f21d33f39d23dc1a5cda32b5, jobId: 9db7cc8c927ccd4aeceb53fc959189cf).
2025-08-10 13:43:52,865 INFO  org.apache.flink.runtime.taskexecutor.DefaultJobLeaderService [] - Remove job 9db7cc8c927ccd4aeceb53fc959189cf from job leader monitoring.
2025-08-10 13:43:52,865 INFO  org.apache.flink.runtime.taskexecutor.TaskExecutor           [] - Close JobManager connection for job 9db7cc8c927ccd4aeceb53fc959189cf.
