2025-08-10 13:45:33,644 INFO  org.apache.flink.runtime.taskexecutor.TaskManagerRunner      [] - --------------------------------------------------------------------------------
2025-08-10 13:45:33,645 INFO  org.apache.flink.runtime.taskexecutor.TaskManagerRunner      [] -  Preconfiguration: 
2025-08-10 13:45:33,645 INFO  org.apache.flink.runtime.taskexecutor.TaskManagerRunner      [] - 


RESOURCE_PARAMS extraction logs:
jvm_params: -Xmx1664299798 -Xms1664299798 -XX:MaxDirectMemorySize=493921243 -XX:MaxMetaspaceSize=268435456
dynamic_configs: -D taskmanager.memory.network.min=359703515b -D taskmanager.cpu.cores=4.0 -D taskmanager.memory.task.off-heap.size=0b -D taskmanager.memory.jvm-metaspace.size=268435456b -D external-resources=none -D taskmanager.memory.jvm-overhead.min=429496736b -D taskmanager.memory.framework.off-heap.size=134217728b -D taskmanager.memory.network.max=359703515b -D taskmanager.memory.framework.heap.size=134217728b -D taskmanager.memory.managed.size=1438814063b -D taskmanager.memory.task.heap.size=1530082070b -D taskmanager.numberOfTaskSlots=4 -D taskmanager.memory.jvm-overhead.max=429496736b
logs: WARNING: sun.reflect.Reflection.getCallerClass is not supported. This will impact performance.
INFO  [] - Loading configuration property: taskmanager.memory.process.size, 4096m
INFO  [] - Loading configuration property: env.java.opts.jobmanager, -Dfile.encoding=UTF-8 -Dsun.jnu.encoding=UTF-8
INFO  [] - Loading configuration property: taskmanager.bind-host, localhost
INFO  [] - Loading configuration property: env.java.opts, -Dfile.encoding=UTF-8 -Dsun.jnu.encoding=UTF-8
INFO  [] - Loading configuration property: jobmanager.rpc.address, localhost
INFO  [] - Loading configuration property: jobmanager.memory.process.size, 2048m
INFO  [] - Loading configuration property: jobmanager.rpc.port, 6123
INFO  [] - Loading configuration property: rest.bind-address, 0.0.0.0
INFO  [] - Loading configuration property: rest.port, 8081
INFO  [] - Loading configuration property: execution.checkpointing.interval, 30s
INFO  [] - Loading configuration property: jobmanager.bind-host, localhost
INFO  [] - Loading configuration property: parallelism.default, 1
INFO  [] - Loading configuration property: taskmanager.numberOfTaskSlots, 4
INFO  [] - Loading configuration property: taskmanager.memory.managed.fraction, 0.4
INFO  [] - Loading configuration property: rest.address, 0.0.0.0
INFO  [] - Loading configuration property: cluster.evenly-spread-out-slots, true
INFO  [] - Loading configuration property: state.backend, filesystem
INFO  [] - Loading configuration property: execution.checkpointing.min-pause, 5s
INFO  [] - Loading configuration property: jobmanager.memory.jvm-metaspace.size, 256m
INFO  [] - Loading configuration property: env.java.opts.taskmanager, -Dfile.encoding=UTF-8 -Dsun.jnu.encoding=UTF-8
INFO  [] - Loading configuration property: state.checkpoints.dir, file:///workspace/logs/flink-checkpoints
INFO  [] - Final TaskExecutor Memory configuration:
INFO  [] -   Total Process Memory:          4.000gb (4294967296 bytes)
INFO  [] -     Total Flink Memory:          3.350gb (3597035104 bytes)
INFO  [] -       Total JVM Heap Memory:     1.550gb (1664299798 bytes)
INFO  [] -         Framework:               128.000mb (134217728 bytes)
INFO  [] -         Task:                    1.425gb (1530082070 bytes)
INFO  [] -       Total Off-heap Memory:     1.800gb (1932735306 bytes)
INFO  [] -         Managed:                 1.340gb (1438814063 bytes)
INFO  [] -         Total JVM Direct Memory: 471.040mb (493921243 bytes)
INFO  [] -           Framework:             128.000mb (134217728 bytes)
INFO  [] -           Task:                  0 bytes
INFO  [] -           Network:               343.040mb (359703515 bytes)
INFO  [] -     JVM Metaspace:               256.000mb (268435456 bytes)
INFO  [] -     JVM Overhead:                409.600mb (429496736 bytes)

2025-08-10 13:45:33,646 INFO  org.apache.flink.runtime.taskexecutor.TaskManagerRunner      [] - --------------------------------------------------------------------------------
2025-08-10 13:45:33,646 INFO  org.apache.flink.runtime.taskexecutor.TaskManagerRunner      [] -  Starting TaskManager (Version: 1.17.0, Scala: 2.12, Rev:69ecda0, Date:2023-03-17T10:30:06+01:00)
2025-08-10 13:45:33,646 INFO  org.apache.flink.runtime.taskexecutor.TaskManagerRunner      [] -  OS current user: root
2025-08-10 13:45:33,646 INFO  org.apache.flink.runtime.taskexecutor.TaskManagerRunner      [] -  Current Hadoop/Kerberos user: <no hadoop dependency found>
2025-08-10 13:45:33,646 INFO  org.apache.flink.runtime.taskexecutor.TaskManagerRunner      [] -  JVM: OpenJDK 64-Bit Server VM - Ubuntu - 11/11.0.28+6-post-Ubuntu-1ubuntu122.04.1
2025-08-10 13:45:33,646 INFO  org.apache.flink.runtime.taskexecutor.TaskManagerRunner      [] -  Arch: amd64
2025-08-10 13:45:33,646 INFO  org.apache.flink.runtime.taskexecutor.TaskManagerRunner      [] -  Maximum heap size: 1588 MiBytes
2025-08-10 13:45:33,646 INFO  org.apache.flink.runtime.taskexecutor.TaskManagerRunner      [] -  JAVA_HOME: /usr/lib/jvm/java-11-openjdk-amd64
2025-08-10 13:45:33,646 INFO  org.apache.flink.runtime.taskexecutor.TaskManagerRunner      [] -  No Hadoop Dependency available
2025-08-10 13:45:33,646 INFO  org.apache.flink.runtime.taskexecutor.TaskManagerRunner      [] -  JVM Options:
2025-08-10 13:45:33,646 INFO  org.apache.flink.runtime.taskexecutor.TaskManagerRunner      [] -     -Xmx1664299798
2025-08-10 13:45:33,646 INFO  org.apache.flink.runtime.taskexecutor.TaskManagerRunner      [] -     -Xms1664299798
2025-08-10 13:45:33,646 INFO  org.apache.flink.runtime.taskexecutor.TaskManagerRunner      [] -     -XX:MaxDirectMemorySize=493921243
2025-08-10 13:45:33,647 INFO  org.apache.flink.runtime.taskexecutor.TaskManagerRunner      [] -     -XX:MaxMetaspaceSize=268435456
2025-08-10 13:45:33,647 INFO  org.apache.flink.runtime.taskexecutor.TaskManagerRunner      [] -     -Dfile.encoding=UTF-8
2025-08-10 13:45:33,647 INFO  org.apache.flink.runtime.taskexecutor.TaskManagerRunner      [] -     -Dsun.jnu.encoding=UTF-8
2025-08-10 13:45:33,647 INFO  org.apache.flink.runtime.taskexecutor.TaskManagerRunner      [] -     -Dfile.encoding=UTF-8
2025-08-10 13:45:33,647 INFO  org.apache.flink.runtime.taskexecutor.TaskManagerRunner      [] -     -Dsun.jnu.encoding=UTF-8
2025-08-10 13:45:33,647 INFO  org.apache.flink.runtime.taskexecutor.TaskManagerRunner      [] -     -Dlog.file=/workspace/flink-setup/flink/log/flink--taskexecutor-0-gpu02.log
2025-08-10 13:45:33,647 INFO  org.apache.flink.runtime.taskexecutor.TaskManagerRunner      [] -     -Dlog4j.configuration=file:/workspace/flink-setup/flink/conf/log4j.properties
2025-08-10 13:45:33,647 INFO  org.apache.flink.runtime.taskexecutor.TaskManagerRunner      [] -     -Dlog4j.configurationFile=file:/workspace/flink-setup/flink/conf/log4j.properties
2025-08-10 13:45:33,647 INFO  org.apache.flink.runtime.taskexecutor.TaskManagerRunner      [] -     -Dlogback.configurationFile=file:/workspace/flink-setup/flink/conf/logback.xml
2025-08-10 13:45:33,647 INFO  org.apache.flink.runtime.taskexecutor.TaskManagerRunner      [] -  Program Arguments:
2025-08-10 13:45:33,648 INFO  org.apache.flink.runtime.taskexecutor.TaskManagerRunner      [] -     --configDir
2025-08-10 13:45:33,649 INFO  org.apache.flink.runtime.taskexecutor.TaskManagerRunner      [] -     /workspace/flink-setup/flink/conf
2025-08-10 13:45:33,649 INFO  org.apache.flink.runtime.taskexecutor.TaskManagerRunner      [] -     -D
2025-08-10 13:45:33,649 INFO  org.apache.flink.runtime.taskexecutor.TaskManagerRunner      [] -     taskmanager.memory.network.min=359703515b
2025-08-10 13:45:33,649 INFO  org.apache.flink.runtime.taskexecutor.TaskManagerRunner      [] -     -D
2025-08-10 13:45:33,649 INFO  org.apache.flink.runtime.taskexecutor.TaskManagerRunner      [] -     taskmanager.cpu.cores=4.0
2025-08-10 13:45:33,649 INFO  org.apache.flink.runtime.taskexecutor.TaskManagerRunner      [] -     -D
2025-08-10 13:45:33,649 INFO  org.apache.flink.runtime.taskexecutor.TaskManagerRunner      [] -     taskmanager.memory.task.off-heap.size=0b
2025-08-10 13:45:33,649 INFO  org.apache.flink.runtime.taskexecutor.TaskManagerRunner      [] -     -D
2025-08-10 13:45:33,649 INFO  org.apache.flink.runtime.taskexecutor.TaskManagerRunner      [] -     taskmanager.memory.jvm-metaspace.size=268435456b
2025-08-10 13:45:33,649 INFO  org.apache.flink.runtime.taskexecutor.TaskManagerRunner      [] -     -D
2025-08-10 13:45:33,649 INFO  org.apache.flink.runtime.taskexecutor.TaskManagerRunner      [] -     external-resources=none
2025-08-10 13:45:33,649 INFO  org.apache.flink.runtime.taskexecutor.TaskManagerRunner      [] -     -D
2025-08-10 13:45:33,649 INFO  org.apache.flink.runtime.taskexecutor.TaskManagerRunner      [] -     taskmanager.memory.jvm-overhead.min=429496736b
2025-08-10 13:45:33,649 INFO  org.apache.flink.runtime.taskexecutor.TaskManagerRunner      [] -     -D
2025-08-10 13:45:33,649 INFO  org.apache.flink.runtime.taskexecutor.TaskManagerRunner      [] -     taskmanager.memory.framework.off-heap.size=134217728b
2025-08-10 13:45:33,649 INFO  org.apache.flink.runtime.taskexecutor.TaskManagerRunner      [] -     -D
2025-08-10 13:45:33,649 INFO  org.apache.flink.runtime.taskexecutor.TaskManagerRunner      [] -     taskmanager.memory.network.max=359703515b
2025-08-10 13:45:33,650 INFO  org.apache.flink.runtime.taskexecutor.TaskManagerRunner      [] -     -D
2025-08-10 13:45:33,650 INFO  org.apache.flink.runtime.taskexecutor.TaskManagerRunner      [] -     taskmanager.memory.framework.heap.size=134217728b
2025-08-10 13:45:33,650 INFO  org.apache.flink.runtime.taskexecutor.TaskManagerRunner      [] -     -D
2025-08-10 13:45:33,650 INFO  org.apache.flink.runtime.taskexecutor.TaskManagerRunner      [] -     taskmanager.memory.managed.size=1438814063b
2025-08-10 13:45:33,650 INFO  org.apache.flink.runtime.taskexecutor.TaskManagerRunner      [] -     -D
2025-08-10 13:45:33,650 INFO  org.apache.flink.runtime.taskexecutor.TaskManagerRunner      [] -     taskmanager.memory.task.heap.size=1530082070b
2025-08-10 13:45:33,650 INFO  org.apache.flink.runtime.taskexecutor.TaskManagerRunner      [] -     -D
2025-08-10 13:45:33,650 INFO  org.apache.flink.runtime.taskexecutor.TaskManagerRunner      [] -     taskmanager.numberOfTaskSlots=4
2025-08-10 13:45:33,651 INFO  org.apache.flink.runtime.taskexecutor.TaskManagerRunner      [] -     -D
2025-08-10 13:45:33,651 INFO  org.apache.flink.runtime.taskexecutor.TaskManagerRunner      [] -     taskmanager.memory.jvm-overhead.max=429496736b
2025-08-10 13:45:33,651 INFO  org.apache.flink.runtime.taskexecutor.TaskManagerRunner      [] -  Classpath: /workspace/flink-setup/flink/lib/flink-cep-1.17.0.jar:/workspace/flink-setup/flink/lib/flink-connector-files-1.17.0.jar:/workspace/flink-setup/flink/lib/flink-csv-1.17.0.jar:/workspace/flink-setup/flink/lib/flink-json-1.17.0.jar:/workspace/flink-setup/flink/lib/flink-scala_2.12-1.17.0.jar:/workspace/flink-setup/flink/lib/flink-table-api-java-uber-1.17.0.jar:/workspace/flink-setup/flink/lib/flink-table-planner-loader-1.17.0.jar:/workspace/flink-setup/flink/lib/flink-table-runtime-1.17.0.jar:/workspace/flink-setup/flink/lib/log4j-1.2-api-2.17.1.jar:/workspace/flink-setup/flink/lib/log4j-api-2.17.1.jar:/workspace/flink-setup/flink/lib/log4j-core-2.17.1.jar:/workspace/flink-setup/flink/lib/log4j-slf4j-impl-2.17.1.jar:/workspace/flink-setup/flink/lib/flink-dist-1.17.0.jar::::
2025-08-10 13:45:33,651 INFO  org.apache.flink.runtime.taskexecutor.TaskManagerRunner      [] - --------------------------------------------------------------------------------
2025-08-10 13:45:33,652 INFO  org.apache.flink.runtime.taskexecutor.TaskManagerRunner      [] - Registered UNIX signal handlers for [TERM, HUP, INT]
2025-08-10 13:45:33,654 INFO  org.apache.flink.runtime.taskexecutor.TaskManagerRunner      [] - Maximum number of open file descriptors is 1048576.
2025-08-10 13:45:33,662 INFO  org.apache.flink.configuration.GlobalConfiguration           [] - Loading configuration property: taskmanager.memory.process.size, 4096m
2025-08-10 13:45:33,662 INFO  org.apache.flink.configuration.GlobalConfiguration           [] - Loading configuration property: env.java.opts.jobmanager, -Dfile.encoding=UTF-8 -Dsun.jnu.encoding=UTF-8
2025-08-10 13:45:33,662 INFO  org.apache.flink.configuration.GlobalConfiguration           [] - Loading configuration property: taskmanager.bind-host, localhost
2025-08-10 13:45:33,662 INFO  org.apache.flink.configuration.GlobalConfiguration           [] - Loading configuration property: env.java.opts, -Dfile.encoding=UTF-8 -Dsun.jnu.encoding=UTF-8
2025-08-10 13:45:33,662 INFO  org.apache.flink.configuration.GlobalConfiguration           [] - Loading configuration property: jobmanager.rpc.address, localhost
2025-08-10 13:45:33,662 INFO  org.apache.flink.configuration.GlobalConfiguration           [] - Loading configuration property: jobmanager.memory.process.size, 2048m
2025-08-10 13:45:33,662 INFO  org.apache.flink.configuration.GlobalConfiguration           [] - Loading configuration property: jobmanager.rpc.port, 6123
2025-08-10 13:45:33,662 INFO  org.apache.flink.configuration.GlobalConfiguration           [] - Loading configuration property: rest.bind-address, 0.0.0.0
2025-08-10 13:45:33,662 INFO  org.apache.flink.configuration.GlobalConfiguration           [] - Loading configuration property: rest.port, 8081
2025-08-10 13:45:33,663 INFO  org.apache.flink.configuration.GlobalConfiguration           [] - Loading configuration property: execution.checkpointing.interval, 30s
2025-08-10 13:45:33,663 INFO  org.apache.flink.configuration.GlobalConfiguration           [] - Loading configuration property: jobmanager.bind-host, localhost
2025-08-10 13:45:33,663 INFO  org.apache.flink.configuration.GlobalConfiguration           [] - Loading configuration property: parallelism.default, 1
2025-08-10 13:45:33,663 INFO  org.apache.flink.configuration.GlobalConfiguration           [] - Loading configuration property: taskmanager.numberOfTaskSlots, 4
2025-08-10 13:45:33,663 INFO  org.apache.flink.configuration.GlobalConfiguration           [] - Loading configuration property: taskmanager.memory.managed.fraction, 0.4
2025-08-10 13:45:33,663 INFO  org.apache.flink.configuration.GlobalConfiguration           [] - Loading configuration property: rest.address, 0.0.0.0
2025-08-10 13:45:33,663 INFO  org.apache.flink.configuration.GlobalConfiguration           [] - Loading configuration property: cluster.evenly-spread-out-slots, true
2025-08-10 13:45:33,663 INFO  org.apache.flink.configuration.GlobalConfiguration           [] - Loading configuration property: state.backend, filesystem
2025-08-10 13:45:33,663 INFO  org.apache.flink.configuration.GlobalConfiguration           [] - Loading configuration property: execution.checkpointing.min-pause, 5s
2025-08-10 13:45:33,663 INFO  org.apache.flink.configuration.GlobalConfiguration           [] - Loading configuration property: jobmanager.memory.jvm-metaspace.size, 256m
2025-08-10 13:45:33,663 INFO  org.apache.flink.configuration.GlobalConfiguration           [] - Loading configuration property: env.java.opts.taskmanager, -Dfile.encoding=UTF-8 -Dsun.jnu.encoding=UTF-8
2025-08-10 13:45:33,663 INFO  org.apache.flink.configuration.GlobalConfiguration           [] - Loading configuration property: state.checkpoints.dir, file:///workspace/logs/flink-checkpoints
2025-08-10 13:45:33,663 INFO  org.apache.flink.configuration.GlobalConfiguration           [] - Loading dynamic configuration property: taskmanager.memory.network.min, 359703515b
2025-08-10 13:45:33,663 INFO  org.apache.flink.configuration.GlobalConfiguration           [] - Loading dynamic configuration property: taskmanager.memory.jvm-metaspace.size, 268435456b
2025-08-10 13:45:33,663 INFO  org.apache.flink.configuration.GlobalConfiguration           [] - Loading dynamic configuration property: taskmanager.memory.task.off-heap.size, 0b
2025-08-10 13:45:33,664 INFO  org.apache.flink.configuration.GlobalConfiguration           [] - Loading dynamic configuration property: taskmanager.cpu.cores, 4.0
2025-08-10 13:45:33,664 INFO  org.apache.flink.configuration.GlobalConfiguration           [] - Loading dynamic configuration property: external-resources, none
2025-08-10 13:45:33,664 INFO  org.apache.flink.configuration.GlobalConfiguration           [] - Loading dynamic configuration property: taskmanager.memory.jvm-overhead.min, 429496736b
2025-08-10 13:45:33,664 INFO  org.apache.flink.configuration.GlobalConfiguration           [] - Loading dynamic configuration property: taskmanager.memory.framework.off-heap.size, 134217728b
2025-08-10 13:45:33,664 INFO  org.apache.flink.configuration.GlobalConfiguration           [] - Loading dynamic configuration property: taskmanager.memory.network.max, 359703515b
2025-08-10 13:45:33,664 INFO  org.apache.flink.configuration.GlobalConfiguration           [] - Loading dynamic configuration property: taskmanager.memory.framework.heap.size, 134217728b
2025-08-10 13:45:33,664 INFO  org.apache.flink.configuration.GlobalConfiguration           [] - Loading dynamic configuration property: taskmanager.memory.managed.size, 1438814063b
2025-08-10 13:45:33,664 INFO  org.apache.flink.configuration.GlobalConfiguration           [] - Loading dynamic configuration property: taskmanager.memory.task.heap.size, 1530082070b
2025-08-10 13:45:33,664 INFO  org.apache.flink.configuration.GlobalConfiguration           [] - Loading dynamic configuration property: taskmanager.numberOfTaskSlots, 4
2025-08-10 13:45:33,665 INFO  org.apache.flink.configuration.GlobalConfiguration           [] - Loading dynamic configuration property: taskmanager.memory.jvm-overhead.max, 429496736b
2025-08-10 13:45:33,701 INFO  org.apache.flink.core.fs.FileSystem                          [] - Hadoop is not in the classpath/dependencies. The extended set of supported File Systems via Hadoop is not available.
2025-08-10 13:45:33,715 INFO  org.apache.flink.core.plugin.DefaultPluginManager            [] - Plugin loader with ID not found, creating it: metrics-prometheus
2025-08-10 13:45:33,720 INFO  org.apache.flink.core.plugin.DefaultPluginManager            [] - Plugin loader with ID not found, creating it: metrics-slf4j
2025-08-10 13:45:33,720 INFO  org.apache.flink.core.plugin.DefaultPluginManager            [] - Plugin loader with ID not found, creating it: metrics-influx
2025-08-10 13:45:33,720 INFO  org.apache.flink.core.plugin.DefaultPluginManager            [] - Plugin loader with ID not found, creating it: metrics-datadog
2025-08-10 13:45:33,721 INFO  org.apache.flink.core.plugin.DefaultPluginManager            [] - Plugin loader with ID not found, creating it: external-resource-gpu
2025-08-10 13:45:33,721 INFO  org.apache.flink.core.plugin.DefaultPluginManager            [] - Plugin loader with ID not found, creating it: metrics-graphite
2025-08-10 13:45:33,721 INFO  org.apache.flink.core.plugin.DefaultPluginManager            [] - Plugin loader with ID not found, creating it: metrics-statsd
2025-08-10 13:45:33,721 INFO  org.apache.flink.core.plugin.DefaultPluginManager            [] - Plugin loader with ID not found, creating it: metrics-jmx
2025-08-10 13:45:33,740 INFO  org.apache.flink.runtime.state.changelog.StateChangelogStorageLoader [] - StateChangelogStorageLoader initialized with shortcut names {memory,filesystem}.
2025-08-10 13:45:33,740 INFO  org.apache.flink.core.plugin.DefaultPluginManager            [] - Plugin loader with ID found, reusing it: metrics-prometheus
2025-08-10 13:45:33,740 INFO  org.apache.flink.core.plugin.DefaultPluginManager            [] - Plugin loader with ID found, reusing it: metrics-slf4j
2025-08-10 13:45:33,740 INFO  org.apache.flink.core.plugin.DefaultPluginManager            [] - Plugin loader with ID found, reusing it: metrics-influx
2025-08-10 13:45:33,740 INFO  org.apache.flink.core.plugin.DefaultPluginManager            [] - Plugin loader with ID found, reusing it: metrics-datadog
2025-08-10 13:45:33,740 INFO  org.apache.flink.core.plugin.DefaultPluginManager            [] - Plugin loader with ID found, reusing it: external-resource-gpu
2025-08-10 13:45:33,740 INFO  org.apache.flink.core.plugin.DefaultPluginManager            [] - Plugin loader with ID found, reusing it: metrics-graphite
2025-08-10 13:45:33,740 INFO  org.apache.flink.core.plugin.DefaultPluginManager            [] - Plugin loader with ID found, reusing it: metrics-statsd
2025-08-10 13:45:33,740 INFO  org.apache.flink.core.plugin.DefaultPluginManager            [] - Plugin loader with ID found, reusing it: metrics-jmx
2025-08-10 13:45:33,742 INFO  org.apache.flink.runtime.state.changelog.StateChangelogStorageLoader [] - StateChangelogStorageLoader initialized with shortcut names {memory,filesystem}.
2025-08-10 13:45:33,756 INFO  org.apache.flink.runtime.security.modules.HadoopModuleFactory [] - Cannot create Hadoop Security Module because Hadoop cannot be found in the Classpath.
2025-08-10 13:45:33,769 INFO  org.apache.flink.runtime.security.modules.JaasModule         [] - Jaas file will be created as /tmp/jaas-1134930229344413119.conf.
2025-08-10 13:45:33,775 INFO  org.apache.flink.runtime.security.contexts.HadoopSecurityContextFactory [] - Cannot install HadoopSecurityContext because Hadoop cannot be found in the Classpath.
2025-08-10 13:45:34,123 INFO  org.apache.flink.runtime.util.LeaderRetrievalUtils           [] - Trying to select the network interface and address to use by connecting to the leading JobManager.
2025-08-10 13:45:34,123 INFO  org.apache.flink.runtime.util.LeaderRetrievalUtils           [] - TaskManager will try to connect for PT10S before falling back to heuristics
2025-08-10 13:45:34,363 INFO  org.apache.flink.runtime.taskexecutor.TaskManagerRunner      [] - TaskManager will use hostname/address 'gpu02' (127.0.0.1) for communication.
2025-08-10 13:45:34,398 INFO  org.apache.flink.runtime.rpc.akka.AkkaRpcServiceUtils        [] - Trying to start actor system, external address 127.0.0.1:0, bind address localhost:0.
2025-08-10 13:45:34,932 INFO  akka.event.slf4j.Slf4jLogger                                 [] - Slf4jLogger started
2025-08-10 13:45:34,966 INFO  akka.remote.RemoteActorRefProvider                           [] - Akka Cluster not in use - enabling unsafe features anyway because `akka.remote.use-unsafe-remote-features-outside-cluster` has been enabled.
2025-08-10 13:45:34,968 INFO  akka.remote.Remoting                                         [] - Starting remoting
2025-08-10 13:45:35,123 INFO  akka.remote.Remoting                                         [] - Remoting started; listening on addresses :[akka.tcp://flink@127.0.0.1:2145]
2025-08-10 13:45:35,236 INFO  org.apache.flink.runtime.rpc.akka.AkkaRpcServiceUtils        [] - Actor system started at akka.tcp://flink@127.0.0.1:2145
2025-08-10 13:45:35,252 INFO  org.apache.flink.runtime.taskexecutor.TaskManagerRunner      [] - Using working directory: WorkingDirectory(/tmp/tm_127.0.0.1:2145-32cc3e)
2025-08-10 13:45:35,259 INFO  org.apache.flink.runtime.metrics.MetricRegistryImpl          [] - No metrics reporter configured, no metrics will be exposed/reported.
2025-08-10 13:45:35,262 INFO  org.apache.flink.runtime.rpc.akka.AkkaRpcServiceUtils        [] - Trying to start actor system, external address 127.0.0.1:0, bind address localhost:0.
2025-08-10 13:45:35,278 INFO  akka.event.slf4j.Slf4jLogger                                 [] - Slf4jLogger started
2025-08-10 13:45:35,282 INFO  akka.remote.RemoteActorRefProvider                           [] - Akka Cluster not in use - enabling unsafe features anyway because `akka.remote.use-unsafe-remote-features-outside-cluster` has been enabled.
2025-08-10 13:45:35,285 INFO  akka.remote.Remoting                                         [] - Starting remoting
2025-08-10 13:45:35,306 INFO  akka.remote.Remoting                                         [] - Remoting started; listening on addresses :[akka.tcp://flink-metrics@127.0.0.1:28429]
2025-08-10 13:45:35,320 INFO  org.apache.flink.runtime.rpc.akka.AkkaRpcServiceUtils        [] - Actor system started at akka.tcp://flink-metrics@127.0.0.1:28429
2025-08-10 13:45:35,334 INFO  org.apache.flink.runtime.rpc.akka.AkkaRpcService             [] - Starting RPC endpoint for org.apache.flink.runtime.metrics.dump.MetricQueryService at akka://flink-metrics/user/rpc/MetricQueryService_127.0.0.1:2145-32cc3e .
2025-08-10 13:45:35,347 INFO  org.apache.flink.runtime.blob.PermanentBlobCache             [] - Created BLOB cache storage directory /tmp/tm_127.0.0.1:2145-32cc3e/blobStorage
2025-08-10 13:45:35,352 INFO  org.apache.flink.runtime.blob.TransientBlobCache             [] - Created BLOB cache storage directory /tmp/tm_127.0.0.1:2145-32cc3e/blobStorage
2025-08-10 13:45:35,356 INFO  org.apache.flink.runtime.externalresource.ExternalResourceUtils [] - Enabled external resources: []
2025-08-10 13:45:35,356 INFO  org.apache.flink.runtime.security.token.DelegationTokenReceiverRepository [] - Loading delegation token receivers
2025-08-10 13:45:35,360 INFO  org.apache.flink.runtime.security.token.DelegationTokenReceiverRepository [] - Delegation token receiver hadoopfs loaded and initialized
2025-08-10 13:45:35,360 INFO  org.apache.flink.runtime.security.token.DelegationTokenReceiverRepository [] - Delegation token receiver hbase loaded and initialized
2025-08-10 13:45:35,361 INFO  org.apache.flink.core.plugin.DefaultPluginManager            [] - Plugin loader with ID found, reusing it: metrics-prometheus
2025-08-10 13:45:35,361 INFO  org.apache.flink.core.plugin.DefaultPluginManager            [] - Plugin loader with ID found, reusing it: metrics-slf4j
2025-08-10 13:45:35,361 INFO  org.apache.flink.core.plugin.DefaultPluginManager            [] - Plugin loader with ID found, reusing it: metrics-influx
2025-08-10 13:45:35,361 INFO  org.apache.flink.core.plugin.DefaultPluginManager            [] - Plugin loader with ID found, reusing it: metrics-datadog
2025-08-10 13:45:35,361 INFO  org.apache.flink.core.plugin.DefaultPluginManager            [] - Plugin loader with ID found, reusing it: external-resource-gpu
2025-08-10 13:45:35,361 INFO  org.apache.flink.core.plugin.DefaultPluginManager            [] - Plugin loader with ID found, reusing it: metrics-graphite
2025-08-10 13:45:35,361 INFO  org.apache.flink.core.plugin.DefaultPluginManager            [] - Plugin loader with ID found, reusing it: metrics-statsd
2025-08-10 13:45:35,361 INFO  org.apache.flink.core.plugin.DefaultPluginManager            [] - Plugin loader with ID found, reusing it: metrics-jmx
2025-08-10 13:45:35,361 INFO  org.apache.flink.runtime.security.token.DelegationTokenReceiverRepository [] - Delegation token receivers loaded successfully
2025-08-10 13:45:35,361 INFO  org.apache.flink.runtime.taskexecutor.TaskManagerRunner      [] - Starting TaskManager with ResourceID: 127.0.0.1:2145-32cc3e
2025-08-10 13:45:35,378 INFO  org.apache.flink.runtime.taskexecutor.TaskManagerServices    [] - Temporary file directory '/tmp': total 1758 GB, usable 31 GB (1.76% usable)
2025-08-10 13:45:35,380 INFO  org.apache.flink.runtime.io.disk.iomanager.IOManager         [] - Created a new FileChannelManager for spilling of task related data to disk (joins, sorting, ...). Used directories:
	/tmp/flink-io-f21fcbe4-30e7-4fa0-93a3-158245f500a6
2025-08-10 13:45:35,387 INFO  org.apache.flink.runtime.io.network.netty.NettyConfig        [] - NettyConfig [server address: localhost/127.0.0.1, server port: 0, ssl enabled: false, memory segment size (bytes): 32768, transport type: AUTO, number of server threads: 4 (manual), number of client threads: 4 (manual), server connect backlog: 0 (use Netty's default), client connect timeout (sec): 120, send/receive buffer size (bytes): 0 (use Netty's default)]
2025-08-10 13:45:35,440 INFO  org.apache.flink.runtime.io.network.NettyShuffleServiceFactory [] - Created a new FileChannelManager for storing result partitions of BLOCKING shuffles. Used directories:
	/tmp/flink-netty-shuffle-489eaaf7-b45d-4188-8cfc-3c202c737b82
2025-08-10 13:45:35,644 INFO  org.apache.flink.runtime.io.network.buffer.NetworkBufferPool [] - Allocated 343 MB for network buffer pool (number of memory segments: 10977, bytes per segment: 32768).
2025-08-10 13:45:35,657 INFO  org.apache.flink.runtime.io.network.NettyShuffleEnvironment  [] - Starting the network environment and its components.
2025-08-10 13:45:35,705 INFO  org.apache.flink.runtime.io.network.netty.NettyClient        [] - Transport type 'auto': using EPOLL.
2025-08-10 13:45:35,706 INFO  org.apache.flink.runtime.io.network.netty.NettyClient        [] - Successful initialization (took 49 ms).
2025-08-10 13:45:35,711 INFO  org.apache.flink.runtime.io.network.netty.NettyServer        [] - Transport type 'auto': using EPOLL.
2025-08-10 13:45:35,788 INFO  org.apache.flink.runtime.io.network.netty.NettyServer        [] - Successful initialization (took 80 ms). Listening on SocketAddress /127.0.0.1:22105.
2025-08-10 13:45:35,790 INFO  org.apache.flink.runtime.taskexecutor.KvStateService         [] - Starting the kvState service and its components.
2025-08-10 13:45:35,814 INFO  org.apache.flink.runtime.rpc.akka.AkkaRpcService             [] - Starting RPC endpoint for org.apache.flink.runtime.taskexecutor.TaskExecutor at akka://flink/user/rpc/taskmanager_0 .
2025-08-10 13:45:35,832 INFO  org.apache.flink.runtime.taskexecutor.DefaultJobLeaderService [] - Start job leader service.
2025-08-10 13:45:35,835 INFO  org.apache.flink.runtime.filecache.FileCache                 [] - User file cache uses directory /tmp/flink-dist-cache-c3bbe5b5-9ec8-4840-914a-0ba9b2cd0319
2025-08-10 13:45:35,839 INFO  org.apache.flink.runtime.taskexecutor.TaskExecutor           [] - Connecting to ResourceManager akka.tcp://flink@localhost:6123/user/rpc/resourcemanager_*(00000000000000000000000000000000).
2025-08-10 13:45:36,063 INFO  org.apache.flink.runtime.taskexecutor.TaskExecutor           [] - Resolved ResourceManager address, beginning registration
2025-08-10 13:45:36,172 INFO  org.apache.flink.runtime.taskexecutor.TaskExecutor           [] - Successful registration at resource manager akka.tcp://flink@localhost:6123/user/rpc/resourcemanager_* under registration id be680f4c01caaa9252948cf6dd72a222.
2025-08-10 13:45:43,962 INFO  org.apache.flink.runtime.taskexecutor.TaskExecutor           [] - Receive slot request fc3861594bc3cd577c50059ba47d6b04 for job 9d4ed37969cecd1f8a11cd473cf13345 from resource manager with leader id 00000000000000000000000000000000.
2025-08-10 13:45:43,968 INFO  org.apache.flink.runtime.taskexecutor.TaskExecutor           [] - Allocated slot for fc3861594bc3cd577c50059ba47d6b04.
2025-08-10 13:45:43,969 INFO  org.apache.flink.runtime.taskexecutor.DefaultJobLeaderService [] - Add job 9d4ed37969cecd1f8a11cd473cf13345 for job leader monitoring.
2025-08-10 13:45:43,970 INFO  org.apache.flink.runtime.taskexecutor.DefaultJobLeaderService [] - Try to register at job manager akka.tcp://flink@localhost:6123/user/rpc/jobmanager_2 with leader id 00000000-0000-0000-0000-000000000000.
2025-08-10 13:45:43,977 INFO  org.apache.flink.runtime.taskexecutor.TaskExecutor           [] - Receive slot request 4105b3ced9e4973924290a4b3518b540 for job 9d4ed37969cecd1f8a11cd473cf13345 from resource manager with leader id 00000000000000000000000000000000.
2025-08-10 13:45:43,978 INFO  org.apache.flink.runtime.taskexecutor.TaskExecutor           [] - Allocated slot for 4105b3ced9e4973924290a4b3518b540.
2025-08-10 13:45:43,978 INFO  org.apache.flink.runtime.taskexecutor.TaskExecutor           [] - Receive slot request 685cd008a499182a1f7b494f5af3a80f for job 9d4ed37969cecd1f8a11cd473cf13345 from resource manager with leader id 00000000000000000000000000000000.
2025-08-10 13:45:43,979 INFO  org.apache.flink.runtime.taskexecutor.TaskExecutor           [] - Allocated slot for 685cd008a499182a1f7b494f5af3a80f.
2025-08-10 13:45:43,979 INFO  org.apache.flink.runtime.taskexecutor.TaskExecutor           [] - Receive slot request 3647b0bfc5672a97288f66347ab48822 for job 9d4ed37969cecd1f8a11cd473cf13345 from resource manager with leader id 00000000000000000000000000000000.
2025-08-10 13:45:43,979 INFO  org.apache.flink.runtime.taskexecutor.TaskExecutor           [] - Allocated slot for 3647b0bfc5672a97288f66347ab48822.
2025-08-10 13:45:43,993 INFO  org.apache.flink.runtime.taskexecutor.DefaultJobLeaderService [] - Resolved JobManager address, beginning registration
2025-08-10 13:45:44,026 INFO  org.apache.flink.runtime.taskexecutor.DefaultJobLeaderService [] - Successful registration at job manager akka.tcp://flink@localhost:6123/user/rpc/jobmanager_2 for job 9d4ed37969cecd1f8a11cd473cf13345.
2025-08-10 13:45:44,027 INFO  org.apache.flink.runtime.taskexecutor.TaskExecutor           [] - Establish JobManager connection for job 9d4ed37969cecd1f8a11cd473cf13345.
2025-08-10 13:45:44,029 INFO  org.apache.flink.runtime.taskexecutor.TaskExecutor           [] - Offer reserved slots to the leader of job 9d4ed37969cecd1f8a11cd473cf13345.
2025-08-10 13:45:44,087 INFO  org.apache.flink.runtime.taskexecutor.slot.TaskSlotTableImpl [] - Activate slot 685cd008a499182a1f7b494f5af3a80f.
2025-08-10 13:45:44,108 INFO  org.apache.flink.runtime.state.changelog.StateChangelogStorageLoader [] - Creating a changelog storage with name 'memory'.
2025-08-10 13:45:44,116 INFO  org.apache.flink.runtime.state.TaskExecutorChannelStateExecutorFactoryManager [] - Creating the channel state executor factory for job id 9d4ed37969cecd1f8a11cd473cf13345
2025-08-10 13:45:44,126 INFO  org.apache.flink.runtime.taskexecutor.TaskExecutor           [] - Received task Source: Request Source (1/1)#0 (f9bc15afa732245c3a91f17003860d0f_bc764cd8ddf7a0cff126f51c16239658_0_0), deploy into slot with allocation id 685cd008a499182a1f7b494f5af3a80f.
2025-08-10 13:45:44,128 INFO  org.apache.flink.runtime.taskmanager.Task                    [] - Source: Request Source (1/1)#0 (f9bc15afa732245c3a91f17003860d0f_bc764cd8ddf7a0cff126f51c16239658_0_0) switched from CREATED to DEPLOYING.
2025-08-10 13:45:44,129 INFO  org.apache.flink.runtime.taskexecutor.slot.TaskSlotTableImpl [] - Activate slot 685cd008a499182a1f7b494f5af3a80f.
2025-08-10 13:45:44,135 INFO  org.apache.flink.runtime.taskmanager.Task                    [] - Loading JAR files for task Source: Request Source (1/1)#0 (f9bc15afa732245c3a91f17003860d0f_bc764cd8ddf7a0cff126f51c16239658_0_0) [DEPLOYING].
2025-08-10 13:45:44,139 INFO  org.apache.flink.runtime.blob.BlobClient                     [] - Downloading 9d4ed37969cecd1f8a11cd473cf13345/p-a8d1d816be4ccd06bf6245fa7870ac974992062a-9692313e33b028ee37c40cc2ad149a2b from localhost/127.0.0.1:21349
2025-08-10 13:45:44,148 INFO  org.apache.flink.runtime.taskexecutor.TaskExecutor           [] - Received task Multi-GPU Inference Processor -> Sink: Multi-GPU Monitor Sink (1/4)#0 (f9bc15afa732245c3a91f17003860d0f_20ba6b65f97481d5570070de90e4e791_0_0), deploy into slot with allocation id 685cd008a499182a1f7b494f5af3a80f.
2025-08-10 13:45:44,149 INFO  org.apache.flink.runtime.taskexecutor.slot.TaskSlotTableImpl [] - Activate slot fc3861594bc3cd577c50059ba47d6b04.
2025-08-10 13:45:44,149 INFO  org.apache.flink.runtime.taskmanager.Task                    [] - Multi-GPU Inference Processor -> Sink: Multi-GPU Monitor Sink (1/4)#0 (f9bc15afa732245c3a91f17003860d0f_20ba6b65f97481d5570070de90e4e791_0_0) switched from CREATED to DEPLOYING.
2025-08-10 13:45:44,151 INFO  org.apache.flink.runtime.taskmanager.Task                    [] - Loading JAR files for task Multi-GPU Inference Processor -> Sink: Multi-GPU Monitor Sink (1/4)#0 (f9bc15afa732245c3a91f17003860d0f_20ba6b65f97481d5570070de90e4e791_0_0) [DEPLOYING].
2025-08-10 13:45:44,152 INFO  org.apache.flink.runtime.taskexecutor.TaskExecutor           [] - Received task Multi-GPU Inference Processor -> Sink: Multi-GPU Monitor Sink (2/4)#0 (f9bc15afa732245c3a91f17003860d0f_20ba6b65f97481d5570070de90e4e791_1_0), deploy into slot with allocation id fc3861594bc3cd577c50059ba47d6b04.
2025-08-10 13:45:44,153 INFO  org.apache.flink.runtime.taskexecutor.slot.TaskSlotTableImpl [] - Activate slot 3647b0bfc5672a97288f66347ab48822.
2025-08-10 13:45:44,154 INFO  org.apache.flink.runtime.taskmanager.Task                    [] - Multi-GPU Inference Processor -> Sink: Multi-GPU Monitor Sink (2/4)#0 (f9bc15afa732245c3a91f17003860d0f_20ba6b65f97481d5570070de90e4e791_1_0) switched from CREATED to DEPLOYING.
2025-08-10 13:45:44,155 INFO  org.apache.flink.runtime.taskmanager.Task                    [] - Loading JAR files for task Multi-GPU Inference Processor -> Sink: Multi-GPU Monitor Sink (2/4)#0 (f9bc15afa732245c3a91f17003860d0f_20ba6b65f97481d5570070de90e4e791_1_0) [DEPLOYING].
2025-08-10 13:45:44,156 INFO  org.apache.flink.runtime.taskexecutor.TaskExecutor           [] - Received task Multi-GPU Inference Processor -> Sink: Multi-GPU Monitor Sink (3/4)#0 (f9bc15afa732245c3a91f17003860d0f_20ba6b65f97481d5570070de90e4e791_2_0), deploy into slot with allocation id 3647b0bfc5672a97288f66347ab48822.
2025-08-10 13:45:44,157 INFO  org.apache.flink.runtime.taskexecutor.slot.TaskSlotTableImpl [] - Activate slot 4105b3ced9e4973924290a4b3518b540.
2025-08-10 13:45:44,157 INFO  org.apache.flink.runtime.taskmanager.Task                    [] - Multi-GPU Inference Processor -> Sink: Multi-GPU Monitor Sink (3/4)#0 (f9bc15afa732245c3a91f17003860d0f_20ba6b65f97481d5570070de90e4e791_2_0) switched from CREATED to DEPLOYING.
2025-08-10 13:45:44,159 INFO  org.apache.flink.runtime.taskmanager.Task                    [] - Loading JAR files for task Multi-GPU Inference Processor -> Sink: Multi-GPU Monitor Sink (3/4)#0 (f9bc15afa732245c3a91f17003860d0f_20ba6b65f97481d5570070de90e4e791_2_0) [DEPLOYING].
2025-08-10 13:45:44,160 INFO  org.apache.flink.runtime.taskexecutor.TaskExecutor           [] - Received task Multi-GPU Inference Processor -> Sink: Multi-GPU Monitor Sink (4/4)#0 (f9bc15afa732245c3a91f17003860d0f_20ba6b65f97481d5570070de90e4e791_3_0), deploy into slot with allocation id 4105b3ced9e4973924290a4b3518b540.
2025-08-10 13:45:44,161 INFO  org.apache.flink.runtime.taskmanager.Task                    [] - Multi-GPU Inference Processor -> Sink: Multi-GPU Monitor Sink (4/4)#0 (f9bc15afa732245c3a91f17003860d0f_20ba6b65f97481d5570070de90e4e791_3_0) switched from CREATED to DEPLOYING.
2025-08-10 13:45:44,161 INFO  org.apache.flink.runtime.taskexecutor.slot.TaskSlotTableImpl [] - Activate slot 4105b3ced9e4973924290a4b3518b540.
2025-08-10 13:45:44,161 INFO  org.apache.flink.runtime.taskmanager.Task                    [] - Loading JAR files for task Multi-GPU Inference Processor -> Sink: Multi-GPU Monitor Sink (4/4)#0 (f9bc15afa732245c3a91f17003860d0f_20ba6b65f97481d5570070de90e4e791_3_0) [DEPLOYING].
2025-08-10 13:45:44,161 INFO  org.apache.flink.runtime.taskexecutor.slot.TaskSlotTableImpl [] - Activate slot 3647b0bfc5672a97288f66347ab48822.
2025-08-10 13:45:44,161 INFO  org.apache.flink.runtime.taskexecutor.slot.TaskSlotTableImpl [] - Activate slot fc3861594bc3cd577c50059ba47d6b04.
2025-08-10 13:45:44,161 INFO  org.apache.flink.runtime.taskexecutor.slot.TaskSlotTableImpl [] - Activate slot 685cd008a499182a1f7b494f5af3a80f.
2025-08-10 13:45:44,223 INFO  org.apache.flink.streaming.runtime.tasks.StreamTask          [] - Using job/cluster config to configure application-defined state backend: org.apache.flink.runtime.state.hashmap.HashMapStateBackend@3d8847ac
2025-08-10 13:45:44,223 INFO  org.apache.flink.streaming.runtime.tasks.StreamTask          [] - Using job/cluster config to configure application-defined state backend: org.apache.flink.runtime.state.hashmap.HashMapStateBackend@7159f2ff
2025-08-10 13:45:44,223 INFO  org.apache.flink.streaming.runtime.tasks.StreamTask          [] - Using job/cluster config to configure application-defined state backend: org.apache.flink.runtime.state.hashmap.HashMapStateBackend@1b5b0628
2025-08-10 13:45:44,223 INFO  org.apache.flink.streaming.runtime.tasks.StreamTask          [] - Using job/cluster config to configure application-defined state backend: org.apache.flink.runtime.state.hashmap.HashMapStateBackend@11762a84
2025-08-10 13:45:44,223 INFO  org.apache.flink.streaming.runtime.tasks.StreamTask          [] - Using job/cluster config to configure application-defined state backend: org.apache.flink.runtime.state.hashmap.HashMapStateBackend@4bef5951
2025-08-10 13:45:44,224 INFO  org.apache.flink.streaming.runtime.tasks.StreamTask          [] - Using application-defined state backend: org.apache.flink.runtime.state.hashmap.HashMapStateBackend@5064e8ed
2025-08-10 13:45:44,224 INFO  org.apache.flink.streaming.runtime.tasks.StreamTask          [] - Using application-defined state backend: org.apache.flink.runtime.state.hashmap.HashMapStateBackend@9b18d68
2025-08-10 13:45:44,224 INFO  org.apache.flink.streaming.runtime.tasks.StreamTask          [] - Using application-defined state backend: org.apache.flink.runtime.state.hashmap.HashMapStateBackend@44b12dfa
2025-08-10 13:45:44,224 INFO  org.apache.flink.streaming.runtime.tasks.StreamTask          [] - Using application-defined state backend: org.apache.flink.runtime.state.hashmap.HashMapStateBackend@6c061274
2025-08-10 13:45:44,224 INFO  org.apache.flink.streaming.runtime.tasks.StreamTask          [] - Using application-defined state backend: org.apache.flink.runtime.state.hashmap.HashMapStateBackend@18a7dbe
2025-08-10 13:45:44,224 INFO  org.apache.flink.runtime.state.StateBackendLoader            [] - State backend loader loads the state backend as HashMapStateBackend
2025-08-10 13:45:44,224 INFO  org.apache.flink.runtime.state.StateBackendLoader            [] - State backend loader loads the state backend as HashMapStateBackend
2025-08-10 13:45:44,224 INFO  org.apache.flink.runtime.state.StateBackendLoader            [] - State backend loader loads the state backend as HashMapStateBackend
2025-08-10 13:45:44,224 INFO  org.apache.flink.runtime.state.StateBackendLoader            [] - State backend loader loads the state backend as HashMapStateBackend
2025-08-10 13:45:44,224 INFO  org.apache.flink.runtime.state.StateBackendLoader            [] - State backend loader loads the state backend as HashMapStateBackend
2025-08-10 13:45:44,234 INFO  org.apache.flink.streaming.runtime.tasks.StreamTask          [] - Using job/cluster config to configure application-defined checkpoint storage: org.apache.flink.runtime.state.storage.FileSystemCheckpointStorage@200dd9d5
2025-08-10 13:45:44,234 INFO  org.apache.flink.streaming.runtime.tasks.StreamTask          [] - Using job/cluster config to configure application-defined checkpoint storage: org.apache.flink.runtime.state.storage.FileSystemCheckpointStorage@200dd9d5
2025-08-10 13:45:44,234 INFO  org.apache.flink.streaming.runtime.tasks.StreamTask          [] - Using job/cluster config to configure application-defined checkpoint storage: org.apache.flink.runtime.state.storage.FileSystemCheckpointStorage@200dd9d5
2025-08-10 13:45:44,234 INFO  org.apache.flink.streaming.runtime.tasks.StreamTask          [] - Using job/cluster config to configure application-defined checkpoint storage: org.apache.flink.runtime.state.storage.FileSystemCheckpointStorage@200dd9d5
2025-08-10 13:45:44,234 INFO  org.apache.flink.streaming.runtime.tasks.StreamTask          [] - Using job/cluster config to configure application-defined checkpoint storage: org.apache.flink.runtime.state.storage.FileSystemCheckpointStorage@200dd9d5
2025-08-10 13:45:44,247 INFO  org.apache.flink.runtime.taskmanager.Task                    [] - Multi-GPU Inference Processor -> Sink: Multi-GPU Monitor Sink (2/4)#0 (f9bc15afa732245c3a91f17003860d0f_20ba6b65f97481d5570070de90e4e791_1_0) switched from DEPLOYING to INITIALIZING.
2025-08-10 13:45:44,247 INFO  org.apache.flink.runtime.taskmanager.Task                    [] - Multi-GPU Inference Processor -> Sink: Multi-GPU Monitor Sink (3/4)#0 (f9bc15afa732245c3a91f17003860d0f_20ba6b65f97481d5570070de90e4e791_2_0) switched from DEPLOYING to INITIALIZING.
2025-08-10 13:45:44,247 INFO  org.apache.flink.runtime.taskmanager.Task                    [] - Multi-GPU Inference Processor -> Sink: Multi-GPU Monitor Sink (1/4)#0 (f9bc15afa732245c3a91f17003860d0f_20ba6b65f97481d5570070de90e4e791_0_0) switched from DEPLOYING to INITIALIZING.
2025-08-10 13:45:44,247 INFO  org.apache.flink.runtime.taskmanager.Task                    [] - Multi-GPU Inference Processor -> Sink: Multi-GPU Monitor Sink (4/4)#0 (f9bc15afa732245c3a91f17003860d0f_20ba6b65f97481d5570070de90e4e791_3_0) switched from DEPLOYING to INITIALIZING.
2025-08-10 13:45:44,247 INFO  org.apache.flink.runtime.taskmanager.Task                    [] - Source: Request Source (1/1)#0 (f9bc15afa732245c3a91f17003860d0f_bc764cd8ddf7a0cff126f51c16239658_0_0) switched from DEPLOYING to INITIALIZING.
2025-08-10 13:45:44,326 INFO  com.infertuner.processor.MultiGPUInferenceProcessor          [] - Task 2 启动，绑定到 GPU 2
2025-08-10 13:45:44,326 INFO  com.infertuner.processor.MultiGPUInferenceProcessor          [] - Task 0 启动，绑定到 GPU 0
2025-08-10 13:45:44,326 INFO  com.infertuner.processor.MultiGPUInferenceProcessor          [] - Task 1 启动，绑定到 GPU 1
2025-08-10 13:45:44,326 INFO  com.infertuner.processor.MultiGPUInferenceProcessor          [] - Task 3 启动，绑定到 GPU 3
2025-08-10 13:45:44,327 INFO  org.apache.flink.runtime.taskmanager.Task                    [] - Source: Request Source (1/1)#0 (f9bc15afa732245c3a91f17003860d0f_bc764cd8ddf7a0cff126f51c16239658_0_0) switched from INITIALIZING to RUNNING.
2025-08-10 13:45:44,331 INFO  com.infertuner.source.SimpleRequestSource                    [] - 开始生成 50 个测试请求，间隔 500ms
2025-08-10 13:45:44,334 INFO  com.infertuner.source.SimpleRequestSource                    [] - 生成请求 1/50: req_000
2025-08-10 13:45:44,417 INFO  com.infertuner.processor.MultiGPUInferenceProcessor          [] - 启动 GPU 2 推理服务...
2025-08-10 13:45:44,417 INFO  com.infertuner.processor.MultiGPUInferenceProcessor          [] - 启动 GPU 3 推理服务...
2025-08-10 13:45:44,417 INFO  com.infertuner.processor.MultiGPUInferenceProcessor          [] - 启动 GPU 0 推理服务...
2025-08-10 13:45:44,417 INFO  com.infertuner.processor.MultiGPUInferenceProcessor          [] - 启动 GPU 1 推理服务...
2025-08-10 13:45:44,422 INFO  com.infertuner.processor.MultiGPUInferenceProcessor          [] - 等待 GPU 2 服务初始化...
2025-08-10 13:45:44,422 INFO  com.infertuner.processor.MultiGPUInferenceProcessor          [] - 等待 GPU 1 服务初始化...
2025-08-10 13:45:44,423 INFO  com.infertuner.processor.MultiGPUInferenceProcessor          [] - 等待 GPU 3 服务初始化...
2025-08-10 13:45:44,423 INFO  com.infertuner.processor.MultiGPUInferenceProcessor          [] - 等待 GPU 0 服务初始化...
2025-08-10 13:45:44,835 INFO  com.infertuner.source.SimpleRequestSource                    [] - 生成请求 2/50: req_001
2025-08-10 13:45:45,336 INFO  com.infertuner.source.SimpleRequestSource                    [] - 生成请求 3/50: req_002
2025-08-10 13:45:45,838 INFO  com.infertuner.source.SimpleRequestSource                    [] - 生成请求 4/50: req_003
2025-08-10 13:45:46,339 INFO  com.infertuner.source.SimpleRequestSource                    [] - 生成请求 5/50: req_004
2025-08-10 13:45:46,840 INFO  com.infertuner.source.SimpleRequestSource                    [] - 生成请求 6/50: req_005
2025-08-10 13:45:47,341 INFO  com.infertuner.source.SimpleRequestSource                    [] - 生成请求 7/50: req_006
2025-08-10 13:45:47,842 INFO  com.infertuner.source.SimpleRequestSource                    [] - 生成请求 8/50: req_007
2025-08-10 13:45:48,343 INFO  com.infertuner.source.SimpleRequestSource                    [] - 生成请求 9/50: req_008
2025-08-10 13:45:48,844 INFO  com.infertuner.source.SimpleRequestSource                    [] - 生成请求 10/50: req_009
2025-08-10 13:45:49,345 INFO  com.infertuner.source.SimpleRequestSource                    [] - 生成请求 11/50: req_010
2025-08-10 13:45:49,846 INFO  com.infertuner.source.SimpleRequestSource                    [] - 生成请求 12/50: req_011
2025-08-10 13:45:50,348 INFO  com.infertuner.source.SimpleRequestSource                    [] - 生成请求 13/50: req_012
2025-08-10 13:45:50,849 INFO  com.infertuner.source.SimpleRequestSource                    [] - 生成请求 14/50: req_013
2025-08-10 13:45:51,350 INFO  com.infertuner.source.SimpleRequestSource                    [] - 生成请求 15/50: req_014
2025-08-10 13:45:51,850 INFO  com.infertuner.source.SimpleRequestSource                    [] - 生成请求 16/50: req_015
2025-08-10 13:45:52,351 INFO  com.infertuner.source.SimpleRequestSource                    [] - 生成请求 17/50: req_016
2025-08-10 13:45:52,423 INFO  com.infertuner.processor.MultiGPUInferenceProcessor          [] - ✅ GPU 2 推理服务启动成功
2025-08-10 13:45:52,423 INFO  com.infertuner.processor.MultiGPUInferenceProcessor          [] - ✅ GPU 1 推理服务启动成功
2025-08-10 13:45:52,423 INFO  com.infertuner.processor.MultiGPUInferenceProcessor          [] - GPU 1 推理服务启动完成
2025-08-10 13:45:52,423 INFO  com.infertuner.processor.MultiGPUInferenceProcessor          [] - ✅ GPU 3 推理服务启动成功
2025-08-10 13:45:52,423 INFO  com.infertuner.processor.MultiGPUInferenceProcessor          [] - GPU 2 推理服务启动完成
2025-08-10 13:45:52,424 INFO  com.infertuner.processor.MultiGPUInferenceProcessor          [] - GPU 3 推理服务启动完成
2025-08-10 13:45:52,424 INFO  com.infertuner.processor.MultiGPUInferenceProcessor          [] - ✅ GPU 0 推理服务启动成功
2025-08-10 13:45:52,424 INFO  com.infertuner.processor.MultiGPUInferenceProcessor          [] - GPU 0 推理服务启动完成
2025-08-10 13:45:52,430 INFO  org.apache.flink.runtime.taskmanager.Task                    [] - Multi-GPU Inference Processor -> Sink: Multi-GPU Monitor Sink (1/4)#0 (f9bc15afa732245c3a91f17003860d0f_20ba6b65f97481d5570070de90e4e791_0_0) switched from INITIALIZING to RUNNING.
2025-08-10 13:45:52,430 INFO  org.apache.flink.runtime.taskmanager.Task                    [] - Multi-GPU Inference Processor -> Sink: Multi-GPU Monitor Sink (3/4)#0 (f9bc15afa732245c3a91f17003860d0f_20ba6b65f97481d5570070de90e4e791_2_0) switched from INITIALIZING to RUNNING.
2025-08-10 13:45:52,430 INFO  org.apache.flink.runtime.taskmanager.Task                    [] - Multi-GPU Inference Processor -> Sink: Multi-GPU Monitor Sink (2/4)#0 (f9bc15afa732245c3a91f17003860d0f_20ba6b65f97481d5570070de90e4e791_1_0) switched from INITIALIZING to RUNNING.
2025-08-10 13:45:52,430 INFO  org.apache.flink.runtime.taskmanager.Task                    [] - Multi-GPU Inference Processor -> Sink: Multi-GPU Monitor Sink (4/4)#0 (f9bc15afa732245c3a91f17003860d0f_20ba6b65f97481d5570070de90e4e791_3_0) switched from INITIALIZING to RUNNING.
2025-08-10 13:45:52,853 INFO  com.infertuner.source.SimpleRequestSource                    [] - 生成请求 18/50: req_017
2025-08-10 13:45:53,354 INFO  com.infertuner.source.SimpleRequestSource                    [] - 生成请求 19/50: req_018
2025-08-10 13:45:53,421 INFO  com.infertuner.sink.MultiGPUMonitorSink                      [] - 结果 #1: GPU-0 | ✅ | 910.6ms | 机器学习是一种人工智能技术，它让计算机系统能够自动从数据中学习和改进，从而实现自动化的决策、预测或分类。简单来说，机器学...
2025-08-10 13:45:53,478 INFO  com.infertuner.sink.MultiGPUMonitorSink                      [] - 结果 #1: GPU-1 | ✅ | 989.2ms | 神经网络是一种模仿人脑神经元结构的计算模型，它由多层非线性变换组成，通过学习和适应输入数据来实现复杂的任务。以下是神经网...
2025-08-10 13:45:53,855 INFO  com.infertuner.source.SimpleRequestSource                    [] - 生成请求 20/50: req_019
2025-08-10 13:45:53,936 INFO  com.infertuner.sink.MultiGPUMonitorSink                      [] - 结果 #1: GPU-3 | ✅ | 1450.7ms | 为了优化模型性能，可以采取以下几种方法：

1. 数据预处理：首先，需要对原始数据进行清洗和预处理，包括去除重复值、填充...
2025-08-10 13:45:54,230 INFO  com.infertuner.sink.MultiGPUMonitorSink                      [] - 结果 #2: GPU-0 | ✅ | 807.4ms | 优化模型性能需要考虑以下几个方面：

1. 数据预处理：对数据进行清洗、归一化和标准化，以便于模型的训练。这包括去除噪声...
2025-08-10 13:45:54,355 INFO  com.infertuner.source.SimpleRequestSource                    [] - 生成请求 21/50: req_020
2025-08-10 13:45:54,518 INFO  com.infertuner.sink.MultiGPUMonitorSink                      [] - 结果 #1: GPU-2 | ✅ | 2031.2ms | 神经网络是一种模仿人类大脑工作的计算模型，它通过多层的节点和权重连接来处理数据。神经网络的工作流程如下：

1. **输...
2025-08-10 13:45:54,856 INFO  com.infertuner.source.SimpleRequestSource                    [] - 生成请求 22/50: req_021
2025-08-10 13:45:54,990 INFO  com.infertuner.sink.MultiGPUMonitorSink                      [] - 结果 #2: GPU-3 | ✅ | 1051.6ms | 深度学习是一种机器学习技术，它基于神经网络模型，使用多层非线性变换对数据进行建模和处理。其基本原理包括以下几点：

1....
2025-08-10 13:45:55,056 INFO  com.infertuner.sink.MultiGPUMonitorSink                      [] - 结果 #2: GPU-1 | ✅ | 1576.3ms | 机器学习是一种人工智能技术，它使用统计学、计算机科学和数学等领域的知识来让计算机系统自动从数据中学习，并从中提取模式和规...
2025-08-10 13:45:55,127 INFO  com.infertuner.sink.MultiGPUMonitorSink                      [] - 结果 #2: GPU-2 | ✅ | 607.3ms | 过拟合是指机器学习模型在训练数据集上表现良好，但在新的、未见过的数据集上表现不佳的现象。在机器学习中，过拟合通常发生在以...
2025-08-10 13:45:55,357 INFO  com.infertuner.source.SimpleRequestSource                    [] - 生成请求 23/50: req_022
2025-08-10 13:45:55,597 INFO  com.infertuner.sink.MultiGPUMonitorSink                      [] - 结果 #3: GPU-0 | ✅ | 1364.8ms | 神经网络是一种由大量节点（称为“神经元”）和连接它们的权重组成的学习模型。它的工作原理基于信息传递和学习，通过模拟大脑中...
2025-08-10 13:45:55,783 INFO  com.infertuner.sink.MultiGPUMonitorSink                      [] - 结果 #3: GPU-1 | ✅ | 724.3ms | 机器学习是一种人工智能技术，它使用算法和统计模型来让计算机从数据中自动学习模式，并根据这些模式做出预测或决策。它的目标是...
2025-08-10 13:45:55,857 INFO  com.infertuner.source.SimpleRequestSource                    [] - 生成请求 24/50: req_023
2025-08-10 13:45:56,332 INFO  com.infertuner.sink.MultiGPUMonitorSink                      [] - 结果 #3: GPU-3 | ✅ | 1339.2ms | 神经网络是一种模仿人脑神经元工作原理的计算模型，它通过一系列复杂的数学运算和参数调整，能够从输入数据中学习到某种模式，并...
2025-08-10 13:45:56,358 INFO  com.infertuner.source.SimpleRequestSource                    [] - 生成请求 25/50: req_024
2025-08-10 13:45:56,384 INFO  com.infertuner.sink.MultiGPUMonitorSink                      [] - 结果 #3: GPU-2 | ✅ | 1255.6ms | 过拟合（Overfitting）是指在训练机器学习模型时，它过度地拟合了训练数据集中的噪声和不相关性，而无法很好地泛化到...
2025-08-10 13:45:56,508 INFO  com.infertuner.sink.MultiGPUMonitorSink                      [] - 结果 #4: GPU-0 | ✅ | 908.3ms | 机器学习是一种人工智能技术，它使用算法和统计模型来让计算机从数据中自动提取知识，并能够根据新的、未见过的数据进行预测或决...
2025-08-10 13:45:56,859 INFO  com.infertuner.source.SimpleRequestSource                    [] - 生成请求 26/50: req_025
2025-08-10 13:45:56,878 INFO  com.infertuner.sink.MultiGPUMonitorSink                      [] - 结果 #4: GPU-1 | ✅ | 1093.9ms | 深度学习是一种机器学习技术，它利用多层神经网络来模拟人类大脑的学习过程。以下是一些深度学习的基本原理：

1. 数据预处...
2025-08-10 13:45:57,269 INFO  com.infertuner.sink.MultiGPUMonitorSink                      [] - 结果 #4: GPU-2 | ✅ | 882.6ms | 神经网络是一种模拟人脑学习过程的机器学习模型，它通过一系列的节点和权重来实现自动化的信息处理。以下是神经网络的基本工作原...
2025-08-10 13:45:57,359 INFO  com.infertuner.source.SimpleRequestSource                    [] - 生成请求 27/50: req_026
2025-08-10 13:45:57,673 INFO  com.infertuner.sink.MultiGPUMonitorSink                      [] - 结果 #5: GPU-1 | ✅ | 792.2ms | 机器学习是一种人工智能技术，它使用算法和统计模型来让计算机系统从数据中自动学习并改进性能。它的目标是使计算机能够根据经验...
2025-08-10 13:45:57,746 INFO  com.infertuner.sink.MultiGPUMonitorSink                      [] - 结果 #5: GPU-0 | ✅ | 1235.9ms | 过拟合（Overfitting）是指模型在训练集上表现良好，但在测试集或新数据上表现不佳的现象。它指的是模型在学习到训练...
2025-08-10 13:45:57,774 INFO  com.infertuner.sink.MultiGPUMonitorSink                      [] - 结果 #4: GPU-3 | ✅ | 1440.7ms | 机器学习是一种人工智能技术，它通过使用统计学、模式识别和计算机程序算法来使计算机系统能够从数据中自动学习规律，并根据这些...
2025-08-10 13:45:57,860 INFO  com.infertuner.source.SimpleRequestSource                    [] - 生成请求 28/50: req_027
2025-08-10 13:45:58,303 INFO  com.infertuner.sink.MultiGPUMonitorSink                      [] - 结果 #5: GPU-2 | ✅ | 1031.8ms | 优化模型性能可以采用多种方法，以下是一些常见的策略：

1. 数据预处理：在训练模型之前，需要对数据进行清洗、标准化和归...
2025-08-10 13:45:58,360 INFO  com.infertuner.source.SimpleRequestSource                    [] - 生成请求 29/50: req_028
2025-08-10 13:45:58,820 INFO  com.infertuner.sink.MultiGPUMonitorSink                      [] - 结果 #5: GPU-3 | ✅ | 1043.4ms | 优化模型性能的方法有很多，以下是一些常见的方法：

1. 数据增强：通过对原始数据进行随机操作（如旋转、缩放、翻转等），...
2025-08-10 13:45:58,861 INFO  com.infertuner.source.SimpleRequestSource                    [] - 生成请求 30/50: req_029
2025-08-10 13:45:59,362 INFO  com.infertuner.source.SimpleRequestSource                    [] - 生成请求 31/50: req_030
2025-08-10 13:45:59,862 INFO  com.infertuner.source.SimpleRequestSource                    [] - 生成请求 32/50: req_031
2025-08-10 13:46:00,363 INFO  com.infertuner.source.SimpleRequestSource                    [] - 生成请求 33/50: req_032
2025-08-10 13:46:00,864 INFO  com.infertuner.source.SimpleRequestSource                    [] - 生成请求 34/50: req_033
2025-08-10 13:46:01,365 INFO  com.infertuner.source.SimpleRequestSource                    [] - 生成请求 35/50: req_034
2025-08-10 13:46:01,865 INFO  com.infertuner.source.SimpleRequestSource                    [] - 生成请求 36/50: req_035
2025-08-10 13:46:02,366 INFO  com.infertuner.source.SimpleRequestSource                    [] - 生成请求 37/50: req_036
2025-08-10 13:46:02,866 INFO  com.infertuner.source.SimpleRequestSource                    [] - 生成请求 38/50: req_037
2025-08-10 13:46:03,367 INFO  com.infertuner.source.SimpleRequestSource                    [] - 生成请求 39/50: req_038
2025-08-10 13:46:03,701 INFO  com.infertuner.sink.MultiGPUMonitorSink                      [] - === 整体统计 ===
2025-08-10 13:46:03,701 INFO  com.infertuner.sink.MultiGPUMonitorSink                      [] - 总请求: 10 | 成功: 10 (100.0%) | 平均延迟: 997.8ms | 吞吐量: 0.48 req/s
2025-08-10 13:46:03,701 INFO  com.infertuner.sink.MultiGPUMonitorSink                      [] - === GPU分布统计 ===
2025-08-10 13:46:03,702 INFO  com.infertuner.sink.MultiGPUMonitorSink                      [] - GPU-0: 请求=10 | 成功率=100.0% | 平均延迟=997.8ms | 吞吐量=0.48 req/s
2025-08-10 13:46:03,702 INFO  com.infertuner.sink.MultiGPUMonitorSink                      [] - ========================
2025-08-10 13:46:03,751 INFO  com.infertuner.sink.MultiGPUMonitorSink                      [] - === 整体统计 ===
2025-08-10 13:46:03,751 INFO  com.infertuner.sink.MultiGPUMonitorSink                      [] - 总请求: 10 | 成功: 10 (100.0%) | 平均延迟: 1124.2ms | 吞吐量: 0.48 req/s
2025-08-10 13:46:03,751 INFO  com.infertuner.sink.MultiGPUMonitorSink                      [] - === GPU分布统计 ===
2025-08-10 13:46:03,752 INFO  com.infertuner.sink.MultiGPUMonitorSink                      [] - GPU-3: 请求=10 | 成功率=100.0% | 平均延迟=1124.2ms | 吞吐量=0.48 req/s
2025-08-10 13:46:03,752 INFO  com.infertuner.sink.MultiGPUMonitorSink                      [] - ========================
2025-08-10 13:46:03,868 INFO  com.infertuner.source.SimpleRequestSource                    [] - 生成请求 40/50: req_039
2025-08-10 13:46:04,368 INFO  com.infertuner.source.SimpleRequestSource                    [] - 生成请求 41/50: req_040
2025-08-10 13:46:04,613 INFO  com.infertuner.sink.MultiGPUMonitorSink                      [] - === 整体统计 ===
2025-08-10 13:46:04,613 INFO  com.infertuner.sink.MultiGPUMonitorSink                      [] - 总请求: 10 | 成功: 10 (100.0%) | 平均延迟: 1057.2ms | 吞吐量: 0.46 req/s
2025-08-10 13:46:04,613 INFO  com.infertuner.sink.MultiGPUMonitorSink                      [] - === GPU分布统计 ===
2025-08-10 13:46:04,614 INFO  com.infertuner.sink.MultiGPUMonitorSink                      [] - GPU-1: 请求=10 | 成功率=100.0% | 平均延迟=1057.2ms | 吞吐量=0.46 req/s
2025-08-10 13:46:04,614 INFO  com.infertuner.sink.MultiGPUMonitorSink                      [] - ========================
2025-08-10 13:46:04,869 INFO  com.infertuner.source.SimpleRequestSource                    [] - 生成请求 42/50: req_041
2025-08-10 13:46:04,986 INFO  com.infertuner.sink.MultiGPUMonitorSink                      [] - === 整体统计 ===
2025-08-10 13:46:04,986 INFO  com.infertuner.sink.MultiGPUMonitorSink                      [] - 总请求: 10 | 成功: 10 (100.0%) | 平均延迟: 1084.8ms | 吞吐量: 0.45 req/s
2025-08-10 13:46:04,987 INFO  com.infertuner.sink.MultiGPUMonitorSink                      [] - === GPU分布统计 ===
2025-08-10 13:46:04,987 INFO  com.infertuner.sink.MultiGPUMonitorSink                      [] - GPU-2: 请求=10 | 成功率=100.0% | 平均延迟=1084.8ms | 吞吐量=0.45 req/s
2025-08-10 13:46:04,987 INFO  com.infertuner.sink.MultiGPUMonitorSink                      [] - ========================
2025-08-10 13:46:05,369 INFO  com.infertuner.source.SimpleRequestSource                    [] - 生成请求 43/50: req_042
2025-08-10 13:46:05,870 INFO  com.infertuner.source.SimpleRequestSource                    [] - 生成请求 44/50: req_043
2025-08-10 13:46:06,370 INFO  com.infertuner.source.SimpleRequestSource                    [] - 生成请求 45/50: req_044
2025-08-10 13:46:06,871 INFO  com.infertuner.source.SimpleRequestSource                    [] - 生成请求 46/50: req_045
2025-08-10 13:46:07,372 INFO  com.infertuner.source.SimpleRequestSource                    [] - 生成请求 47/50: req_046
2025-08-10 13:46:07,872 INFO  com.infertuner.source.SimpleRequestSource                    [] - 生成请求 48/50: req_047
2025-08-10 13:46:08,373 INFO  com.infertuner.source.SimpleRequestSource                    [] - 生成请求 49/50: req_048
2025-08-10 13:46:08,873 INFO  com.infertuner.source.SimpleRequestSource                    [] - 生成请求 50/50: req_049
2025-08-10 13:46:08,874 INFO  com.infertuner.source.SimpleRequestSource                    [] - 请求生成完成，共 50 个
2025-08-10 13:46:30,846 INFO  org.apache.flink.runtime.taskmanager.Task                    [] - Source: Request Source (1/1)#0 (f9bc15afa732245c3a91f17003860d0f_bc764cd8ddf7a0cff126f51c16239658_0_0) switched from RUNNING to FINISHED.
2025-08-10 13:46:30,847 INFO  org.apache.flink.runtime.taskmanager.Task                    [] - Freeing task resources for Source: Request Source (1/1)#0 (f9bc15afa732245c3a91f17003860d0f_bc764cd8ddf7a0cff126f51c16239658_0_0).
2025-08-10 13:46:30,850 INFO  com.infertuner.processor.MultiGPUInferenceProcessor          [] - 关闭 GPU 3 推理服务...
2025-08-10 13:46:30,850 INFO  com.infertuner.processor.MultiGPUInferenceProcessor          [] - 关闭 GPU 2 推理服务...
2025-08-10 13:46:30,850 INFO  com.infertuner.processor.MultiGPUInferenceProcessor          [] - 关闭 GPU 0 推理服务...
2025-08-10 13:46:30,850 INFO  com.infertuner.processor.MultiGPUInferenceProcessor          [] - 关闭 GPU 1 推理服务...
2025-08-10 13:46:30,856 INFO  org.apache.flink.runtime.taskexecutor.TaskExecutor           [] - Un-registering task and sending final execution state FINISHED to JobManager for task Source: Request Source (1/1)#0 f9bc15afa732245c3a91f17003860d0f_bc764cd8ddf7a0cff126f51c16239658_0_0.
2025-08-10 13:46:31,769 INFO  com.infertuner.processor.MultiGPUInferenceProcessor          [] - ✅ GPU 1 推理服务已关闭
2025-08-10 13:46:31,770 INFO  org.apache.flink.runtime.taskmanager.Task                    [] - Multi-GPU Inference Processor -> Sink: Multi-GPU Monitor Sink (2/4)#0 (f9bc15afa732245c3a91f17003860d0f_20ba6b65f97481d5570070de90e4e791_1_0) switched from RUNNING to FINISHED.
2025-08-10 13:46:31,771 INFO  org.apache.flink.runtime.taskmanager.Task                    [] - Freeing task resources for Multi-GPU Inference Processor -> Sink: Multi-GPU Monitor Sink (2/4)#0 (f9bc15afa732245c3a91f17003860d0f_20ba6b65f97481d5570070de90e4e791_1_0).
2025-08-10 13:46:31,775 INFO  org.apache.flink.runtime.taskexecutor.TaskExecutor           [] - Un-registering task and sending final execution state FINISHED to JobManager for task Multi-GPU Inference Processor -> Sink: Multi-GPU Monitor Sink (2/4)#0 f9bc15afa732245c3a91f17003860d0f_20ba6b65f97481d5570070de90e4e791_1_0.
2025-08-10 13:46:31,861 INFO  com.infertuner.processor.MultiGPUInferenceProcessor          [] - ✅ GPU 0 推理服务已关闭
2025-08-10 13:46:31,863 INFO  org.apache.flink.runtime.taskmanager.Task                    [] - Multi-GPU Inference Processor -> Sink: Multi-GPU Monitor Sink (1/4)#0 (f9bc15afa732245c3a91f17003860d0f_20ba6b65f97481d5570070de90e4e791_0_0) switched from RUNNING to FINISHED.
2025-08-10 13:46:31,863 INFO  org.apache.flink.runtime.taskmanager.Task                    [] - Freeing task resources for Multi-GPU Inference Processor -> Sink: Multi-GPU Monitor Sink (1/4)#0 (f9bc15afa732245c3a91f17003860d0f_20ba6b65f97481d5570070de90e4e791_0_0).
2025-08-10 13:46:31,866 INFO  org.apache.flink.runtime.taskexecutor.TaskExecutor           [] - Un-registering task and sending final execution state FINISHED to JobManager for task Multi-GPU Inference Processor -> Sink: Multi-GPU Monitor Sink (1/4)#0 f9bc15afa732245c3a91f17003860d0f_20ba6b65f97481d5570070de90e4e791_0_0.
2025-08-10 13:46:31,902 INFO  com.infertuner.processor.MultiGPUInferenceProcessor          [] - ✅ GPU 3 推理服务已关闭
2025-08-10 13:46:31,904 INFO  org.apache.flink.runtime.taskmanager.Task                    [] - Multi-GPU Inference Processor -> Sink: Multi-GPU Monitor Sink (4/4)#0 (f9bc15afa732245c3a91f17003860d0f_20ba6b65f97481d5570070de90e4e791_3_0) switched from RUNNING to FINISHED.
2025-08-10 13:46:31,904 INFO  org.apache.flink.runtime.taskmanager.Task                    [] - Freeing task resources for Multi-GPU Inference Processor -> Sink: Multi-GPU Monitor Sink (4/4)#0 (f9bc15afa732245c3a91f17003860d0f_20ba6b65f97481d5570070de90e4e791_3_0).
2025-08-10 13:46:31,905 INFO  org.apache.flink.runtime.taskexecutor.TaskExecutor           [] - Un-registering task and sending final execution state FINISHED to JobManager for task Multi-GPU Inference Processor -> Sink: Multi-GPU Monitor Sink (4/4)#0 f9bc15afa732245c3a91f17003860d0f_20ba6b65f97481d5570070de90e4e791_3_0.
2025-08-10 13:46:32,010 INFO  com.infertuner.processor.MultiGPUInferenceProcessor          [] - ✅ GPU 2 推理服务已关闭
2025-08-10 13:46:32,012 INFO  org.apache.flink.runtime.taskmanager.Task                    [] - Multi-GPU Inference Processor -> Sink: Multi-GPU Monitor Sink (3/4)#0 (f9bc15afa732245c3a91f17003860d0f_20ba6b65f97481d5570070de90e4e791_2_0) switched from RUNNING to FINISHED.
2025-08-10 13:46:32,012 INFO  org.apache.flink.runtime.taskmanager.Task                    [] - Freeing task resources for Multi-GPU Inference Processor -> Sink: Multi-GPU Monitor Sink (3/4)#0 (f9bc15afa732245c3a91f17003860d0f_20ba6b65f97481d5570070de90e4e791_2_0).
2025-08-10 13:46:32,013 INFO  org.apache.flink.runtime.taskexecutor.TaskExecutor           [] - Un-registering task and sending final execution state FINISHED to JobManager for task Multi-GPU Inference Processor -> Sink: Multi-GPU Monitor Sink (3/4)#0 f9bc15afa732245c3a91f17003860d0f_20ba6b65f97481d5570070de90e4e791_2_0.
2025-08-10 13:46:32,067 INFO  org.apache.flink.runtime.taskexecutor.slot.TaskSlotTableImpl [] - Free slot TaskSlot(index:3, state:ACTIVE, resource profile: ResourceProfile{cpuCores=1, taskHeapMemory=364.800mb (382520517 bytes), taskOffHeapMemory=0 bytes, managedMemory=343.040mb (359703515 bytes), networkMemory=85.760mb (89925878 bytes)}, allocationId: 3647b0bfc5672a97288f66347ab48822, jobId: 9d4ed37969cecd1f8a11cd473cf13345).
2025-08-10 13:46:32,069 INFO  org.apache.flink.runtime.taskexecutor.slot.TaskSlotTableImpl [] - Free slot TaskSlot(index:0, state:ACTIVE, resource profile: ResourceProfile{cpuCores=1, taskHeapMemory=364.800mb (382520517 bytes), taskOffHeapMemory=0 bytes, managedMemory=343.040mb (359703515 bytes), networkMemory=85.760mb (89925878 bytes)}, allocationId: fc3861594bc3cd577c50059ba47d6b04, jobId: 9d4ed37969cecd1f8a11cd473cf13345).
2025-08-10 13:46:32,070 INFO  org.apache.flink.runtime.taskexecutor.slot.TaskSlotTableImpl [] - Free slot TaskSlot(index:1, state:ACTIVE, resource profile: ResourceProfile{cpuCores=1, taskHeapMemory=364.800mb (382520517 bytes), taskOffHeapMemory=0 bytes, managedMemory=343.040mb (359703515 bytes), networkMemory=85.760mb (89925878 bytes)}, allocationId: 4105b3ced9e4973924290a4b3518b540, jobId: 9d4ed37969cecd1f8a11cd473cf13345).
2025-08-10 13:46:32,071 INFO  org.apache.flink.runtime.taskexecutor.slot.TaskSlotTableImpl [] - Free slot TaskSlot(index:2, state:ACTIVE, resource profile: ResourceProfile{cpuCores=1, taskHeapMemory=364.800mb (382520517 bytes), taskOffHeapMemory=0 bytes, managedMemory=343.040mb (359703515 bytes), networkMemory=85.760mb (89925878 bytes)}, allocationId: 685cd008a499182a1f7b494f5af3a80f, jobId: 9d4ed37969cecd1f8a11cd473cf13345).
2025-08-10 13:46:32,072 INFO  org.apache.flink.runtime.taskexecutor.DefaultJobLeaderService [] - Remove job 9d4ed37969cecd1f8a11cd473cf13345 from job leader monitoring.
2025-08-10 13:46:32,072 INFO  org.apache.flink.runtime.taskexecutor.TaskExecutor           [] - Close JobManager connection for job 9d4ed37969cecd1f8a11cd473cf13345.
