2025-08-11 08:52:05,755 INFO  org.apache.flink.runtime.taskexecutor.TaskManagerRunner      [] - --------------------------------------------------------------------------------
2025-08-11 08:52:05,757 INFO  org.apache.flink.runtime.taskexecutor.TaskManagerRunner      [] -  Preconfiguration: 
2025-08-11 08:52:05,757 INFO  org.apache.flink.runtime.taskexecutor.TaskManagerRunner      [] - 


RESOURCE_PARAMS extraction logs:
jvm_params: -Xmx1664299798 -Xms1664299798 -XX:MaxDirectMemorySize=493921243 -XX:MaxMetaspaceSize=268435456
dynamic_configs: -D taskmanager.memory.network.min=359703515b -D taskmanager.cpu.cores=4.0 -D taskmanager.memory.task.off-heap.size=0b -D taskmanager.memory.jvm-metaspace.size=268435456b -D external-resources=none -D taskmanager.memory.jvm-overhead.min=429496736b -D taskmanager.memory.framework.off-heap.size=134217728b -D taskmanager.memory.network.max=359703515b -D taskmanager.memory.framework.heap.size=134217728b -D taskmanager.memory.managed.size=1438814063b -D taskmanager.memory.task.heap.size=1530082070b -D taskmanager.numberOfTaskSlots=4 -D taskmanager.memory.jvm-overhead.max=429496736b
logs: WARNING: sun.reflect.Reflection.getCallerClass is not supported. This will impact performance.
INFO  [] - Loading configuration property: taskmanager.memory.process.size, 4096m
INFO  [] - Loading configuration property: env.java.opts.jobmanager, -Dfile.encoding=UTF-8 -Dsun.jnu.encoding=UTF-8
INFO  [] - Loading configuration property: taskmanager.bind-host, localhost
INFO  [] - Loading configuration property: env.java.opts, -Dfile.encoding=UTF-8 -Dsun.jnu.encoding=UTF-8
INFO  [] - Loading configuration property: jobmanager.rpc.address, localhost
INFO  [] - Loading configuration property: jobmanager.memory.process.size, 2048m
INFO  [] - Loading configuration property: jobmanager.rpc.port, 6123
INFO  [] - Loading configuration property: rest.bind-address, 0.0.0.0
INFO  [] - Loading configuration property: rest.port, 8081
INFO  [] - Loading configuration property: execution.checkpointing.interval, 30s
INFO  [] - Loading configuration property: jobmanager.bind-host, localhost
INFO  [] - Loading configuration property: parallelism.default, 1
INFO  [] - Loading configuration property: taskmanager.numberOfTaskSlots, 4
INFO  [] - Loading configuration property: taskmanager.memory.managed.fraction, 0.4
INFO  [] - Loading configuration property: rest.address, 0.0.0.0
INFO  [] - Loading configuration property: cluster.evenly-spread-out-slots, true
INFO  [] - Loading configuration property: state.backend, filesystem
INFO  [] - Loading configuration property: execution.checkpointing.min-pause, 5s
INFO  [] - Loading configuration property: jobmanager.memory.jvm-metaspace.size, 256m
INFO  [] - Loading configuration property: env.java.opts.taskmanager, -Dfile.encoding=UTF-8 -Dsun.jnu.encoding=UTF-8
INFO  [] - Loading configuration property: state.checkpoints.dir, file:///workspace/logs/flink-checkpoints
INFO  [] - Final TaskExecutor Memory configuration:
INFO  [] -   Total Process Memory:          4.000gb (4294967296 bytes)
INFO  [] -     Total Flink Memory:          3.350gb (3597035104 bytes)
INFO  [] -       Total JVM Heap Memory:     1.550gb (1664299798 bytes)
INFO  [] -         Framework:               128.000mb (134217728 bytes)
INFO  [] -         Task:                    1.425gb (1530082070 bytes)
INFO  [] -       Total Off-heap Memory:     1.800gb (1932735306 bytes)
INFO  [] -         Managed:                 1.340gb (1438814063 bytes)
INFO  [] -         Total JVM Direct Memory: 471.040mb (493921243 bytes)
INFO  [] -           Framework:             128.000mb (134217728 bytes)
INFO  [] -           Task:                  0 bytes
INFO  [] -           Network:               343.040mb (359703515 bytes)
INFO  [] -     JVM Metaspace:               256.000mb (268435456 bytes)
INFO  [] -     JVM Overhead:                409.600mb (429496736 bytes)

2025-08-11 08:52:05,757 INFO  org.apache.flink.runtime.taskexecutor.TaskManagerRunner      [] - --------------------------------------------------------------------------------
2025-08-11 08:52:05,757 INFO  org.apache.flink.runtime.taskexecutor.TaskManagerRunner      [] -  Starting TaskManager (Version: 1.17.0, Scala: 2.12, Rev:69ecda0, Date:2023-03-17T10:30:06+01:00)
2025-08-11 08:52:05,757 INFO  org.apache.flink.runtime.taskexecutor.TaskManagerRunner      [] -  OS current user: root
2025-08-11 08:52:05,757 INFO  org.apache.flink.runtime.taskexecutor.TaskManagerRunner      [] -  Current Hadoop/Kerberos user: <no hadoop dependency found>
2025-08-11 08:52:05,758 INFO  org.apache.flink.runtime.taskexecutor.TaskManagerRunner      [] -  JVM: OpenJDK 64-Bit Server VM - Ubuntu - 11/11.0.28+6-post-Ubuntu-1ubuntu122.04.1
2025-08-11 08:52:05,758 INFO  org.apache.flink.runtime.taskexecutor.TaskManagerRunner      [] -  Arch: amd64
2025-08-11 08:52:05,758 INFO  org.apache.flink.runtime.taskexecutor.TaskManagerRunner      [] -  Maximum heap size: 1588 MiBytes
2025-08-11 08:52:05,758 INFO  org.apache.flink.runtime.taskexecutor.TaskManagerRunner      [] -  JAVA_HOME: /usr/lib/jvm/java-11-openjdk-amd64
2025-08-11 08:52:05,758 INFO  org.apache.flink.runtime.taskexecutor.TaskManagerRunner      [] -  No Hadoop Dependency available
2025-08-11 08:52:05,758 INFO  org.apache.flink.runtime.taskexecutor.TaskManagerRunner      [] -  JVM Options:
2025-08-11 08:52:05,758 INFO  org.apache.flink.runtime.taskexecutor.TaskManagerRunner      [] -     -Xmx1664299798
2025-08-11 08:52:05,758 INFO  org.apache.flink.runtime.taskexecutor.TaskManagerRunner      [] -     -Xms1664299798
2025-08-11 08:52:05,758 INFO  org.apache.flink.runtime.taskexecutor.TaskManagerRunner      [] -     -XX:MaxDirectMemorySize=493921243
2025-08-11 08:52:05,758 INFO  org.apache.flink.runtime.taskexecutor.TaskManagerRunner      [] -     -XX:MaxMetaspaceSize=268435456
2025-08-11 08:52:05,758 INFO  org.apache.flink.runtime.taskexecutor.TaskManagerRunner      [] -     -Dfile.encoding=UTF-8
2025-08-11 08:52:05,758 INFO  org.apache.flink.runtime.taskexecutor.TaskManagerRunner      [] -     -Dsun.jnu.encoding=UTF-8
2025-08-11 08:52:05,758 INFO  org.apache.flink.runtime.taskexecutor.TaskManagerRunner      [] -     -Dfile.encoding=UTF-8
2025-08-11 08:52:05,758 INFO  org.apache.flink.runtime.taskexecutor.TaskManagerRunner      [] -     -Dsun.jnu.encoding=UTF-8
2025-08-11 08:52:05,758 INFO  org.apache.flink.runtime.taskexecutor.TaskManagerRunner      [] -     -Dlog.file=/workspace/flink-setup/flink/log/flink--taskexecutor-0-gpu02.log
2025-08-11 08:52:05,758 INFO  org.apache.flink.runtime.taskexecutor.TaskManagerRunner      [] -     -Dlog4j.configuration=file:/workspace/flink-setup/flink/conf/log4j.properties
2025-08-11 08:52:05,758 INFO  org.apache.flink.runtime.taskexecutor.TaskManagerRunner      [] -     -Dlog4j.configurationFile=file:/workspace/flink-setup/flink/conf/log4j.properties
2025-08-11 08:52:05,759 INFO  org.apache.flink.runtime.taskexecutor.TaskManagerRunner      [] -     -Dlogback.configurationFile=file:/workspace/flink-setup/flink/conf/logback.xml
2025-08-11 08:52:05,759 INFO  org.apache.flink.runtime.taskexecutor.TaskManagerRunner      [] -  Program Arguments:
2025-08-11 08:52:05,760 INFO  org.apache.flink.runtime.taskexecutor.TaskManagerRunner      [] -     --configDir
2025-08-11 08:52:05,760 INFO  org.apache.flink.runtime.taskexecutor.TaskManagerRunner      [] -     /workspace/flink-setup/flink/conf
2025-08-11 08:52:05,760 INFO  org.apache.flink.runtime.taskexecutor.TaskManagerRunner      [] -     -D
2025-08-11 08:52:05,760 INFO  org.apache.flink.runtime.taskexecutor.TaskManagerRunner      [] -     taskmanager.memory.network.min=359703515b
2025-08-11 08:52:05,760 INFO  org.apache.flink.runtime.taskexecutor.TaskManagerRunner      [] -     -D
2025-08-11 08:52:05,760 INFO  org.apache.flink.runtime.taskexecutor.TaskManagerRunner      [] -     taskmanager.cpu.cores=4.0
2025-08-11 08:52:05,760 INFO  org.apache.flink.runtime.taskexecutor.TaskManagerRunner      [] -     -D
2025-08-11 08:52:05,760 INFO  org.apache.flink.runtime.taskexecutor.TaskManagerRunner      [] -     taskmanager.memory.task.off-heap.size=0b
2025-08-11 08:52:05,760 INFO  org.apache.flink.runtime.taskexecutor.TaskManagerRunner      [] -     -D
2025-08-11 08:52:05,760 INFO  org.apache.flink.runtime.taskexecutor.TaskManagerRunner      [] -     taskmanager.memory.jvm-metaspace.size=268435456b
2025-08-11 08:52:05,761 INFO  org.apache.flink.runtime.taskexecutor.TaskManagerRunner      [] -     -D
2025-08-11 08:52:05,761 INFO  org.apache.flink.runtime.taskexecutor.TaskManagerRunner      [] -     external-resources=none
2025-08-11 08:52:05,761 INFO  org.apache.flink.runtime.taskexecutor.TaskManagerRunner      [] -     -D
2025-08-11 08:52:05,761 INFO  org.apache.flink.runtime.taskexecutor.TaskManagerRunner      [] -     taskmanager.memory.jvm-overhead.min=429496736b
2025-08-11 08:52:05,761 INFO  org.apache.flink.runtime.taskexecutor.TaskManagerRunner      [] -     -D
2025-08-11 08:52:05,761 INFO  org.apache.flink.runtime.taskexecutor.TaskManagerRunner      [] -     taskmanager.memory.framework.off-heap.size=134217728b
2025-08-11 08:52:05,761 INFO  org.apache.flink.runtime.taskexecutor.TaskManagerRunner      [] -     -D
2025-08-11 08:52:05,761 INFO  org.apache.flink.runtime.taskexecutor.TaskManagerRunner      [] -     taskmanager.memory.network.max=359703515b
2025-08-11 08:52:05,761 INFO  org.apache.flink.runtime.taskexecutor.TaskManagerRunner      [] -     -D
2025-08-11 08:52:05,761 INFO  org.apache.flink.runtime.taskexecutor.TaskManagerRunner      [] -     taskmanager.memory.framework.heap.size=134217728b
2025-08-11 08:52:05,761 INFO  org.apache.flink.runtime.taskexecutor.TaskManagerRunner      [] -     -D
2025-08-11 08:52:05,761 INFO  org.apache.flink.runtime.taskexecutor.TaskManagerRunner      [] -     taskmanager.memory.managed.size=1438814063b
2025-08-11 08:52:05,761 INFO  org.apache.flink.runtime.taskexecutor.TaskManagerRunner      [] -     -D
2025-08-11 08:52:05,761 INFO  org.apache.flink.runtime.taskexecutor.TaskManagerRunner      [] -     taskmanager.memory.task.heap.size=1530082070b
2025-08-11 08:52:05,761 INFO  org.apache.flink.runtime.taskexecutor.TaskManagerRunner      [] -     -D
2025-08-11 08:52:05,761 INFO  org.apache.flink.runtime.taskexecutor.TaskManagerRunner      [] -     taskmanager.numberOfTaskSlots=4
2025-08-11 08:52:05,762 INFO  org.apache.flink.runtime.taskexecutor.TaskManagerRunner      [] -     -D
2025-08-11 08:52:05,762 INFO  org.apache.flink.runtime.taskexecutor.TaskManagerRunner      [] -     taskmanager.memory.jvm-overhead.max=429496736b
2025-08-11 08:52:05,762 INFO  org.apache.flink.runtime.taskexecutor.TaskManagerRunner      [] -  Classpath: /workspace/flink-setup/flink/lib/flink-cep-1.17.0.jar:/workspace/flink-setup/flink/lib/flink-connector-files-1.17.0.jar:/workspace/flink-setup/flink/lib/flink-csv-1.17.0.jar:/workspace/flink-setup/flink/lib/flink-json-1.17.0.jar:/workspace/flink-setup/flink/lib/flink-scala_2.12-1.17.0.jar:/workspace/flink-setup/flink/lib/flink-table-api-java-uber-1.17.0.jar:/workspace/flink-setup/flink/lib/flink-table-planner-loader-1.17.0.jar:/workspace/flink-setup/flink/lib/flink-table-runtime-1.17.0.jar:/workspace/flink-setup/flink/lib/log4j-1.2-api-2.17.1.jar:/workspace/flink-setup/flink/lib/log4j-api-2.17.1.jar:/workspace/flink-setup/flink/lib/log4j-core-2.17.1.jar:/workspace/flink-setup/flink/lib/log4j-slf4j-impl-2.17.1.jar:/workspace/flink-setup/flink/lib/flink-dist-1.17.0.jar::::
2025-08-11 08:52:05,762 INFO  org.apache.flink.runtime.taskexecutor.TaskManagerRunner      [] - --------------------------------------------------------------------------------
2025-08-11 08:52:05,763 INFO  org.apache.flink.runtime.taskexecutor.TaskManagerRunner      [] - Registered UNIX signal handlers for [TERM, HUP, INT]
2025-08-11 08:52:05,765 INFO  org.apache.flink.runtime.taskexecutor.TaskManagerRunner      [] - Maximum number of open file descriptors is 1048576.
2025-08-11 08:52:05,773 INFO  org.apache.flink.configuration.GlobalConfiguration           [] - Loading configuration property: taskmanager.memory.process.size, 4096m
2025-08-11 08:52:05,773 INFO  org.apache.flink.configuration.GlobalConfiguration           [] - Loading configuration property: env.java.opts.jobmanager, -Dfile.encoding=UTF-8 -Dsun.jnu.encoding=UTF-8
2025-08-11 08:52:05,773 INFO  org.apache.flink.configuration.GlobalConfiguration           [] - Loading configuration property: taskmanager.bind-host, localhost
2025-08-11 08:52:05,773 INFO  org.apache.flink.configuration.GlobalConfiguration           [] - Loading configuration property: env.java.opts, -Dfile.encoding=UTF-8 -Dsun.jnu.encoding=UTF-8
2025-08-11 08:52:05,773 INFO  org.apache.flink.configuration.GlobalConfiguration           [] - Loading configuration property: jobmanager.rpc.address, localhost
2025-08-11 08:52:05,773 INFO  org.apache.flink.configuration.GlobalConfiguration           [] - Loading configuration property: jobmanager.memory.process.size, 2048m
2025-08-11 08:52:05,774 INFO  org.apache.flink.configuration.GlobalConfiguration           [] - Loading configuration property: jobmanager.rpc.port, 6123
2025-08-11 08:52:05,774 INFO  org.apache.flink.configuration.GlobalConfiguration           [] - Loading configuration property: rest.bind-address, 0.0.0.0
2025-08-11 08:52:05,774 INFO  org.apache.flink.configuration.GlobalConfiguration           [] - Loading configuration property: rest.port, 8081
2025-08-11 08:52:05,774 INFO  org.apache.flink.configuration.GlobalConfiguration           [] - Loading configuration property: execution.checkpointing.interval, 30s
2025-08-11 08:52:05,774 INFO  org.apache.flink.configuration.GlobalConfiguration           [] - Loading configuration property: jobmanager.bind-host, localhost
2025-08-11 08:52:05,774 INFO  org.apache.flink.configuration.GlobalConfiguration           [] - Loading configuration property: parallelism.default, 1
2025-08-11 08:52:05,774 INFO  org.apache.flink.configuration.GlobalConfiguration           [] - Loading configuration property: taskmanager.numberOfTaskSlots, 4
2025-08-11 08:52:05,774 INFO  org.apache.flink.configuration.GlobalConfiguration           [] - Loading configuration property: taskmanager.memory.managed.fraction, 0.4
2025-08-11 08:52:05,774 INFO  org.apache.flink.configuration.GlobalConfiguration           [] - Loading configuration property: rest.address, 0.0.0.0
2025-08-11 08:52:05,774 INFO  org.apache.flink.configuration.GlobalConfiguration           [] - Loading configuration property: cluster.evenly-spread-out-slots, true
2025-08-11 08:52:05,774 INFO  org.apache.flink.configuration.GlobalConfiguration           [] - Loading configuration property: state.backend, filesystem
2025-08-11 08:52:05,774 INFO  org.apache.flink.configuration.GlobalConfiguration           [] - Loading configuration property: execution.checkpointing.min-pause, 5s
2025-08-11 08:52:05,774 INFO  org.apache.flink.configuration.GlobalConfiguration           [] - Loading configuration property: jobmanager.memory.jvm-metaspace.size, 256m
2025-08-11 08:52:05,775 INFO  org.apache.flink.configuration.GlobalConfiguration           [] - Loading configuration property: env.java.opts.taskmanager, -Dfile.encoding=UTF-8 -Dsun.jnu.encoding=UTF-8
2025-08-11 08:52:05,775 INFO  org.apache.flink.configuration.GlobalConfiguration           [] - Loading configuration property: state.checkpoints.dir, file:///workspace/logs/flink-checkpoints
2025-08-11 08:52:05,775 INFO  org.apache.flink.configuration.GlobalConfiguration           [] - Loading dynamic configuration property: taskmanager.memory.network.min, 359703515b
2025-08-11 08:52:05,775 INFO  org.apache.flink.configuration.GlobalConfiguration           [] - Loading dynamic configuration property: taskmanager.memory.jvm-metaspace.size, 268435456b
2025-08-11 08:52:05,775 INFO  org.apache.flink.configuration.GlobalConfiguration           [] - Loading dynamic configuration property: taskmanager.memory.task.off-heap.size, 0b
2025-08-11 08:52:05,775 INFO  org.apache.flink.configuration.GlobalConfiguration           [] - Loading dynamic configuration property: taskmanager.cpu.cores, 4.0
2025-08-11 08:52:05,775 INFO  org.apache.flink.configuration.GlobalConfiguration           [] - Loading dynamic configuration property: external-resources, none
2025-08-11 08:52:05,775 INFO  org.apache.flink.configuration.GlobalConfiguration           [] - Loading dynamic configuration property: taskmanager.memory.jvm-overhead.min, 429496736b
2025-08-11 08:52:05,775 INFO  org.apache.flink.configuration.GlobalConfiguration           [] - Loading dynamic configuration property: taskmanager.memory.framework.off-heap.size, 134217728b
2025-08-11 08:52:05,776 INFO  org.apache.flink.configuration.GlobalConfiguration           [] - Loading dynamic configuration property: taskmanager.memory.network.max, 359703515b
2025-08-11 08:52:05,776 INFO  org.apache.flink.configuration.GlobalConfiguration           [] - Loading dynamic configuration property: taskmanager.memory.framework.heap.size, 134217728b
2025-08-11 08:52:05,776 INFO  org.apache.flink.configuration.GlobalConfiguration           [] - Loading dynamic configuration property: taskmanager.memory.managed.size, 1438814063b
2025-08-11 08:52:05,776 INFO  org.apache.flink.configuration.GlobalConfiguration           [] - Loading dynamic configuration property: taskmanager.memory.task.heap.size, 1530082070b
2025-08-11 08:52:05,776 INFO  org.apache.flink.configuration.GlobalConfiguration           [] - Loading dynamic configuration property: taskmanager.numberOfTaskSlots, 4
2025-08-11 08:52:05,776 INFO  org.apache.flink.configuration.GlobalConfiguration           [] - Loading dynamic configuration property: taskmanager.memory.jvm-overhead.max, 429496736b
2025-08-11 08:52:05,811 INFO  org.apache.flink.core.fs.FileSystem                          [] - Hadoop is not in the classpath/dependencies. The extended set of supported File Systems via Hadoop is not available.
2025-08-11 08:52:05,825 INFO  org.apache.flink.core.plugin.DefaultPluginManager            [] - Plugin loader with ID not found, creating it: metrics-prometheus
2025-08-11 08:52:05,829 INFO  org.apache.flink.core.plugin.DefaultPluginManager            [] - Plugin loader with ID not found, creating it: metrics-slf4j
2025-08-11 08:52:05,829 INFO  org.apache.flink.core.plugin.DefaultPluginManager            [] - Plugin loader with ID not found, creating it: metrics-influx
2025-08-11 08:52:05,829 INFO  org.apache.flink.core.plugin.DefaultPluginManager            [] - Plugin loader with ID not found, creating it: metrics-datadog
2025-08-11 08:52:05,830 INFO  org.apache.flink.core.plugin.DefaultPluginManager            [] - Plugin loader with ID not found, creating it: external-resource-gpu
2025-08-11 08:52:05,830 INFO  org.apache.flink.core.plugin.DefaultPluginManager            [] - Plugin loader with ID not found, creating it: metrics-graphite
2025-08-11 08:52:05,830 INFO  org.apache.flink.core.plugin.DefaultPluginManager            [] - Plugin loader with ID not found, creating it: metrics-statsd
2025-08-11 08:52:05,830 INFO  org.apache.flink.core.plugin.DefaultPluginManager            [] - Plugin loader with ID not found, creating it: metrics-jmx
2025-08-11 08:52:05,845 INFO  org.apache.flink.runtime.state.changelog.StateChangelogStorageLoader [] - StateChangelogStorageLoader initialized with shortcut names {memory,filesystem}.
2025-08-11 08:52:05,845 INFO  org.apache.flink.core.plugin.DefaultPluginManager            [] - Plugin loader with ID found, reusing it: metrics-prometheus
2025-08-11 08:52:05,845 INFO  org.apache.flink.core.plugin.DefaultPluginManager            [] - Plugin loader with ID found, reusing it: metrics-slf4j
2025-08-11 08:52:05,845 INFO  org.apache.flink.core.plugin.DefaultPluginManager            [] - Plugin loader with ID found, reusing it: metrics-influx
2025-08-11 08:52:05,845 INFO  org.apache.flink.core.plugin.DefaultPluginManager            [] - Plugin loader with ID found, reusing it: metrics-datadog
2025-08-11 08:52:05,846 INFO  org.apache.flink.core.plugin.DefaultPluginManager            [] - Plugin loader with ID found, reusing it: external-resource-gpu
2025-08-11 08:52:05,846 INFO  org.apache.flink.core.plugin.DefaultPluginManager            [] - Plugin loader with ID found, reusing it: metrics-graphite
2025-08-11 08:52:05,846 INFO  org.apache.flink.core.plugin.DefaultPluginManager            [] - Plugin loader with ID found, reusing it: metrics-statsd
2025-08-11 08:52:05,846 INFO  org.apache.flink.core.plugin.DefaultPluginManager            [] - Plugin loader with ID found, reusing it: metrics-jmx
2025-08-11 08:52:05,847 INFO  org.apache.flink.runtime.state.changelog.StateChangelogStorageLoader [] - StateChangelogStorageLoader initialized with shortcut names {memory,filesystem}.
2025-08-11 08:52:05,860 INFO  org.apache.flink.runtime.security.modules.HadoopModuleFactory [] - Cannot create Hadoop Security Module because Hadoop cannot be found in the Classpath.
2025-08-11 08:52:05,871 INFO  org.apache.flink.runtime.security.modules.JaasModule         [] - Jaas file will be created as /tmp/jaas-17130536399118012276.conf.
2025-08-11 08:52:05,876 INFO  org.apache.flink.runtime.security.contexts.HadoopSecurityContextFactory [] - Cannot install HadoopSecurityContext because Hadoop cannot be found in the Classpath.
2025-08-11 08:52:06,198 INFO  org.apache.flink.runtime.util.LeaderRetrievalUtils           [] - Trying to select the network interface and address to use by connecting to the leading JobManager.
2025-08-11 08:52:06,198 INFO  org.apache.flink.runtime.util.LeaderRetrievalUtils           [] - TaskManager will try to connect for PT10S before falling back to heuristics
2025-08-11 08:52:06,421 INFO  org.apache.flink.runtime.taskexecutor.TaskManagerRunner      [] - TaskManager will use hostname/address 'gpu02' (127.0.0.1) for communication.
2025-08-11 08:52:06,452 INFO  org.apache.flink.runtime.rpc.akka.AkkaRpcServiceUtils        [] - Trying to start actor system, external address 127.0.0.1:0, bind address localhost:0.
2025-08-11 08:52:06,883 INFO  akka.event.slf4j.Slf4jLogger                                 [] - Slf4jLogger started
2025-08-11 08:52:06,910 INFO  akka.remote.RemoteActorRefProvider                           [] - Akka Cluster not in use - enabling unsafe features anyway because `akka.remote.use-unsafe-remote-features-outside-cluster` has been enabled.
2025-08-11 08:52:06,910 INFO  akka.remote.Remoting                                         [] - Starting remoting
2025-08-11 08:52:07,043 INFO  akka.remote.Remoting                                         [] - Remoting started; listening on addresses :[akka.tcp://flink@127.0.0.1:14857]
2025-08-11 08:52:07,156 INFO  org.apache.flink.runtime.rpc.akka.AkkaRpcServiceUtils        [] - Actor system started at akka.tcp://flink@127.0.0.1:14857
2025-08-11 08:52:07,172 INFO  org.apache.flink.runtime.taskexecutor.TaskManagerRunner      [] - Using working directory: WorkingDirectory(/tmp/tm_127.0.0.1:14857-c44f0f)
2025-08-11 08:52:07,180 INFO  org.apache.flink.runtime.metrics.MetricRegistryImpl          [] - No metrics reporter configured, no metrics will be exposed/reported.
2025-08-11 08:52:07,183 INFO  org.apache.flink.runtime.rpc.akka.AkkaRpcServiceUtils        [] - Trying to start actor system, external address 127.0.0.1:0, bind address localhost:0.
2025-08-11 08:52:07,200 INFO  akka.event.slf4j.Slf4jLogger                                 [] - Slf4jLogger started
2025-08-11 08:52:07,205 INFO  akka.remote.RemoteActorRefProvider                           [] - Akka Cluster not in use - enabling unsafe features anyway because `akka.remote.use-unsafe-remote-features-outside-cluster` has been enabled.
2025-08-11 08:52:07,206 INFO  akka.remote.Remoting                                         [] - Starting remoting
2025-08-11 08:52:07,222 INFO  akka.remote.Remoting                                         [] - Remoting started; listening on addresses :[akka.tcp://flink-metrics@127.0.0.1:17675]
2025-08-11 08:52:07,232 INFO  org.apache.flink.runtime.rpc.akka.AkkaRpcServiceUtils        [] - Actor system started at akka.tcp://flink-metrics@127.0.0.1:17675
2025-08-11 08:52:07,244 INFO  org.apache.flink.runtime.rpc.akka.AkkaRpcService             [] - Starting RPC endpoint for org.apache.flink.runtime.metrics.dump.MetricQueryService at akka://flink-metrics/user/rpc/MetricQueryService_127.0.0.1:14857-c44f0f .
2025-08-11 08:52:07,257 INFO  org.apache.flink.runtime.blob.PermanentBlobCache             [] - Created BLOB cache storage directory /tmp/tm_127.0.0.1:14857-c44f0f/blobStorage
2025-08-11 08:52:07,261 INFO  org.apache.flink.runtime.blob.TransientBlobCache             [] - Created BLOB cache storage directory /tmp/tm_127.0.0.1:14857-c44f0f/blobStorage
2025-08-11 08:52:07,264 INFO  org.apache.flink.runtime.externalresource.ExternalResourceUtils [] - Enabled external resources: []
2025-08-11 08:52:07,265 INFO  org.apache.flink.runtime.security.token.DelegationTokenReceiverRepository [] - Loading delegation token receivers
2025-08-11 08:52:07,269 INFO  org.apache.flink.runtime.security.token.DelegationTokenReceiverRepository [] - Delegation token receiver hadoopfs loaded and initialized
2025-08-11 08:52:07,269 INFO  org.apache.flink.runtime.security.token.DelegationTokenReceiverRepository [] - Delegation token receiver hbase loaded and initialized
2025-08-11 08:52:07,269 INFO  org.apache.flink.core.plugin.DefaultPluginManager            [] - Plugin loader with ID found, reusing it: metrics-prometheus
2025-08-11 08:52:07,270 INFO  org.apache.flink.core.plugin.DefaultPluginManager            [] - Plugin loader with ID found, reusing it: metrics-slf4j
2025-08-11 08:52:07,270 INFO  org.apache.flink.core.plugin.DefaultPluginManager            [] - Plugin loader with ID found, reusing it: metrics-influx
2025-08-11 08:52:07,270 INFO  org.apache.flink.core.plugin.DefaultPluginManager            [] - Plugin loader with ID found, reusing it: metrics-datadog
2025-08-11 08:52:07,270 INFO  org.apache.flink.core.plugin.DefaultPluginManager            [] - Plugin loader with ID found, reusing it: external-resource-gpu
2025-08-11 08:52:07,270 INFO  org.apache.flink.core.plugin.DefaultPluginManager            [] - Plugin loader with ID found, reusing it: metrics-graphite
2025-08-11 08:52:07,270 INFO  org.apache.flink.core.plugin.DefaultPluginManager            [] - Plugin loader with ID found, reusing it: metrics-statsd
2025-08-11 08:52:07,270 INFO  org.apache.flink.core.plugin.DefaultPluginManager            [] - Plugin loader with ID found, reusing it: metrics-jmx
2025-08-11 08:52:07,270 INFO  org.apache.flink.runtime.security.token.DelegationTokenReceiverRepository [] - Delegation token receivers loaded successfully
2025-08-11 08:52:07,270 INFO  org.apache.flink.runtime.taskexecutor.TaskManagerRunner      [] - Starting TaskManager with ResourceID: 127.0.0.1:14857-c44f0f
2025-08-11 08:52:07,288 INFO  org.apache.flink.runtime.taskexecutor.TaskManagerServices    [] - Temporary file directory '/tmp': total 1758 GB, usable 31 GB (1.76% usable)
2025-08-11 08:52:07,290 INFO  org.apache.flink.runtime.io.disk.iomanager.IOManager         [] - Created a new FileChannelManager for spilling of task related data to disk (joins, sorting, ...). Used directories:
	/tmp/flink-io-62a41b23-a537-4394-bf39-1cde28c4c72e
2025-08-11 08:52:07,297 INFO  org.apache.flink.runtime.io.network.netty.NettyConfig        [] - NettyConfig [server address: localhost/127.0.0.1, server port: 0, ssl enabled: false, memory segment size (bytes): 32768, transport type: AUTO, number of server threads: 4 (manual), number of client threads: 4 (manual), server connect backlog: 0 (use Netty's default), client connect timeout (sec): 120, send/receive buffer size (bytes): 0 (use Netty's default)]
2025-08-11 08:52:07,349 INFO  org.apache.flink.runtime.io.network.NettyShuffleServiceFactory [] - Created a new FileChannelManager for storing result partitions of BLOCKING shuffles. Used directories:
	/tmp/flink-netty-shuffle-77be4beb-da87-4c45-8b8b-eaaf3fa1d573
2025-08-11 08:52:07,522 INFO  org.apache.flink.runtime.io.network.buffer.NetworkBufferPool [] - Allocated 343 MB for network buffer pool (number of memory segments: 10977, bytes per segment: 32768).
2025-08-11 08:52:07,535 INFO  org.apache.flink.runtime.io.network.NettyShuffleEnvironment  [] - Starting the network environment and its components.
2025-08-11 08:52:07,583 INFO  org.apache.flink.runtime.io.network.netty.NettyClient        [] - Transport type 'auto': using EPOLL.
2025-08-11 08:52:07,584 INFO  org.apache.flink.runtime.io.network.netty.NettyClient        [] - Successful initialization (took 49 ms).
2025-08-11 08:52:07,588 INFO  org.apache.flink.runtime.io.network.netty.NettyServer        [] - Transport type 'auto': using EPOLL.
2025-08-11 08:52:07,649 INFO  org.apache.flink.runtime.io.network.netty.NettyServer        [] - Successful initialization (took 64 ms). Listening on SocketAddress /127.0.0.1:7467.
2025-08-11 08:52:07,651 INFO  org.apache.flink.runtime.taskexecutor.KvStateService         [] - Starting the kvState service and its components.
2025-08-11 08:52:07,672 INFO  org.apache.flink.runtime.rpc.akka.AkkaRpcService             [] - Starting RPC endpoint for org.apache.flink.runtime.taskexecutor.TaskExecutor at akka://flink/user/rpc/taskmanager_0 .
2025-08-11 08:52:07,686 INFO  org.apache.flink.runtime.taskexecutor.DefaultJobLeaderService [] - Start job leader service.
2025-08-11 08:52:07,689 INFO  org.apache.flink.runtime.filecache.FileCache                 [] - User file cache uses directory /tmp/flink-dist-cache-60c32322-b49a-4407-b86d-33eb56c11b98
2025-08-11 08:52:07,691 INFO  org.apache.flink.runtime.taskexecutor.TaskExecutor           [] - Connecting to ResourceManager akka.tcp://flink@localhost:6123/user/rpc/resourcemanager_*(00000000000000000000000000000000).
2025-08-11 08:52:07,871 INFO  org.apache.flink.runtime.taskexecutor.TaskExecutor           [] - Resolved ResourceManager address, beginning registration
2025-08-11 08:52:07,963 INFO  org.apache.flink.runtime.taskexecutor.TaskExecutor           [] - Successful registration at resource manager akka.tcp://flink@localhost:6123/user/rpc/resourcemanager_* under registration id d9aaab7b61155f9a6f22479dab456c91.
2025-08-11 08:52:13,781 INFO  org.apache.flink.runtime.taskexecutor.TaskExecutor           [] - Receive slot request cb32ccc169c28a6918ffc90360b16970 for job 6a9889325ca152b003ddbf5215742c87 from resource manager with leader id 00000000000000000000000000000000.
2025-08-11 08:52:13,786 INFO  org.apache.flink.runtime.taskexecutor.TaskExecutor           [] - Allocated slot for cb32ccc169c28a6918ffc90360b16970.
2025-08-11 08:52:13,787 INFO  org.apache.flink.runtime.taskexecutor.DefaultJobLeaderService [] - Add job 6a9889325ca152b003ddbf5215742c87 for job leader monitoring.
2025-08-11 08:52:13,789 INFO  org.apache.flink.runtime.taskexecutor.DefaultJobLeaderService [] - Try to register at job manager akka.tcp://flink@localhost:6123/user/rpc/jobmanager_2 with leader id 00000000-0000-0000-0000-000000000000.
2025-08-11 08:52:13,810 INFO  org.apache.flink.runtime.taskexecutor.DefaultJobLeaderService [] - Resolved JobManager address, beginning registration
2025-08-11 08:52:13,842 INFO  org.apache.flink.runtime.taskexecutor.DefaultJobLeaderService [] - Successful registration at job manager akka.tcp://flink@localhost:6123/user/rpc/jobmanager_2 for job 6a9889325ca152b003ddbf5215742c87.
2025-08-11 08:52:13,844 INFO  org.apache.flink.runtime.taskexecutor.TaskExecutor           [] - Establish JobManager connection for job 6a9889325ca152b003ddbf5215742c87.
2025-08-11 08:52:13,846 INFO  org.apache.flink.runtime.taskexecutor.TaskExecutor           [] - Offer reserved slots to the leader of job 6a9889325ca152b003ddbf5215742c87.
2025-08-11 08:52:13,880 INFO  org.apache.flink.runtime.taskexecutor.slot.TaskSlotTableImpl [] - Activate slot cb32ccc169c28a6918ffc90360b16970.
2025-08-11 08:52:13,905 INFO  org.apache.flink.runtime.state.changelog.StateChangelogStorageLoader [] - Creating a changelog storage with name 'memory'.
2025-08-11 08:52:13,914 INFO  org.apache.flink.runtime.state.TaskExecutorChannelStateExecutorFactoryManager [] - Creating the channel state executor factory for job id 6a9889325ca152b003ddbf5215742c87
2025-08-11 08:52:13,921 INFO  org.apache.flink.runtime.taskexecutor.TaskExecutor           [] - Received task Source: Normal Request Source -> Simple Real Batch Processor -> Sink: Batch Validation Sink (1/1)#0 (67069a6d0f9ab1ca583a9444ff2ba1bf_cbc357ccb763df2852fee8c4fc7d55f2_0_0), deploy into slot with allocation id cb32ccc169c28a6918ffc90360b16970.
2025-08-11 08:52:13,922 INFO  org.apache.flink.runtime.taskmanager.Task                    [] - Source: Normal Request Source -> Simple Real Batch Processor -> Sink: Batch Validation Sink (1/1)#0 (67069a6d0f9ab1ca583a9444ff2ba1bf_cbc357ccb763df2852fee8c4fc7d55f2_0_0) switched from CREATED to DEPLOYING.
2025-08-11 08:52:13,925 INFO  org.apache.flink.runtime.taskexecutor.slot.TaskSlotTableImpl [] - Activate slot cb32ccc169c28a6918ffc90360b16970.
2025-08-11 08:52:13,927 INFO  org.apache.flink.runtime.taskmanager.Task                    [] - Loading JAR files for task Source: Normal Request Source -> Simple Real Batch Processor -> Sink: Batch Validation Sink (1/1)#0 (67069a6d0f9ab1ca583a9444ff2ba1bf_cbc357ccb763df2852fee8c4fc7d55f2_0_0) [DEPLOYING].
2025-08-11 08:52:13,930 INFO  org.apache.flink.runtime.blob.BlobClient                     [] - Downloading 6a9889325ca152b003ddbf5215742c87/p-2cbc402c1f4a6a6f440bd2e89de173ad69a9a8f8-0e6899a2a9ee6d590d91e7a9f283e5b0 from localhost/127.0.0.1:28127
2025-08-11 08:52:13,985 INFO  org.apache.flink.streaming.runtime.tasks.StreamTask          [] - Using job/cluster config to configure application-defined state backend: org.apache.flink.runtime.state.hashmap.HashMapStateBackend@4ba1e70b
2025-08-11 08:52:13,986 INFO  org.apache.flink.streaming.runtime.tasks.StreamTask          [] - Using application-defined state backend: org.apache.flink.runtime.state.hashmap.HashMapStateBackend@22454563
2025-08-11 08:52:13,986 INFO  org.apache.flink.runtime.state.StateBackendLoader            [] - State backend loader loads the state backend as HashMapStateBackend
2025-08-11 08:52:13,991 INFO  org.apache.flink.streaming.runtime.tasks.StreamTask          [] - Using job/cluster config to configure application-defined checkpoint storage: org.apache.flink.runtime.state.storage.FileSystemCheckpointStorage@200dd9d5
2025-08-11 08:52:14,000 INFO  org.apache.flink.runtime.taskmanager.Task                    [] - Source: Normal Request Source -> Simple Real Batch Processor -> Sink: Batch Validation Sink (1/1)#0 (67069a6d0f9ab1ca583a9444ff2ba1bf_cbc357ccb763df2852fee8c4fc7d55f2_0_0) switched from DEPLOYING to INITIALIZING.
2025-08-11 08:52:14,080 INFO  com.infertuner.processors.BatchProcessor                     [] - Task 0 启动，绑定到 GPU 0，batch_size=1
2025-08-11 08:52:14,166 INFO  com.infertuner.processors.BatchProcessor                     [] - 启动 GPU 0 推理服务...
2025-08-11 08:52:14,171 INFO  com.infertuner.processors.BatchProcessor                     [] - 等待 GPU 0 服务初始化...
2025-08-11 08:52:22,172 INFO  com.infertuner.processors.BatchProcessor                     [] - ✅ GPU 0 推理服务启动成功
2025-08-11 08:52:22,172 INFO  com.infertuner.processors.BatchProcessor                     [] - GPU 0 简化攒批推理服务启动完成
2025-08-11 08:52:22,176 INFO  org.apache.flink.runtime.taskmanager.Task                    [] - Source: Normal Request Source -> Simple Real Batch Processor -> Sink: Batch Validation Sink (1/1)#0 (67069a6d0f9ab1ca583a9444ff2ba1bf_cbc357ccb763df2852fee8c4fc7d55f2_0_0) switched from INITIALIZING to RUNNING.
2025-08-11 08:52:22,182 INFO  com.infertuner.sources.BasicRequestSource                    [] - 开始生成 30 个测试请求，间隔 200ms
2025-08-11 08:52:22,184 INFO  com.infertuner.processors.BatchProcessor                     [] - GPU 0 收到请求 req_000 (第1个，批次位置1), 模拟等待0ms
2025-08-11 08:52:23,330 INFO  com.infertuner.processors.BatchProcessor                     [] - GPU 0 处理 req_000 完成: 等待=0ms, 推理=1087ms, 总延迟=1087ms
2025-08-11 08:52:23,331 INFO  com.infertuner.sinks.BatchAnalysisSink                       [] - [req_000] Batch-1 | 等待: 0ms | 处理: 1087ms | 总计: 1087ms
2025-08-11 08:52:23,331 INFO  com.infertuner.sources.BasicRequestSource                    [] - 生成请求 1/30: req_000
2025-08-11 08:52:23,532 INFO  com.infertuner.processors.BatchProcessor                     [] - GPU 0 收到请求 req_001 (第2个，批次位置1), 模拟等待0ms
2025-08-11 08:52:24,426 INFO  com.infertuner.processors.BatchProcessor                     [] - GPU 0 处理 req_001 完成: 等待=0ms, 推理=891ms, 总延迟=891ms
2025-08-11 08:52:24,427 INFO  com.infertuner.sinks.BatchAnalysisSink                       [] - [req_001] Batch-1 | 等待: 0ms | 处理: 891ms | 总计: 891ms
2025-08-11 08:52:24,427 INFO  com.infertuner.sources.BasicRequestSource                    [] - 生成请求 2/30: req_001
2025-08-11 08:52:24,628 INFO  com.infertuner.processors.BatchProcessor                     [] - GPU 0 收到请求 req_002 (第3个，批次位置1), 模拟等待0ms
2025-08-11 08:52:26,130 INFO  com.infertuner.processors.BatchProcessor                     [] - GPU 0 处理 req_002 完成: 等待=0ms, 推理=1500ms, 总延迟=1500ms
2025-08-11 08:52:26,130 INFO  com.infertuner.sinks.BatchAnalysisSink                       [] - [req_002] Batch-1 | 等待: 0ms | 处理: 1500ms | 总计: 1500ms
2025-08-11 08:52:26,131 INFO  com.infertuner.sources.BasicRequestSource                    [] - 生成请求 3/30: req_002
2025-08-11 08:52:26,331 INFO  com.infertuner.processors.BatchProcessor                     [] - GPU 0 收到请求 req_003 (第4个，批次位置1), 模拟等待0ms
2025-08-11 08:52:27,710 INFO  com.infertuner.processors.BatchProcessor                     [] - GPU 0 处理 req_003 完成: 等待=0ms, 推理=1376ms, 总延迟=1376ms
2025-08-11 08:52:27,710 INFO  com.infertuner.sinks.BatchAnalysisSink                       [] - [req_003] Batch-1 | 等待: 0ms | 处理: 1376ms | 总计: 1376ms
2025-08-11 08:52:27,710 INFO  com.infertuner.sources.BasicRequestSource                    [] - 生成请求 4/30: req_003
2025-08-11 08:52:27,911 INFO  com.infertuner.processors.BatchProcessor                     [] - GPU 0 收到请求 req_004 (第5个，批次位置1), 模拟等待0ms
2025-08-11 08:52:28,918 INFO  com.infertuner.processors.BatchProcessor                     [] - GPU 0 处理 req_004 完成: 等待=0ms, 推理=1005ms, 总延迟=1005ms
2025-08-11 08:52:28,918 INFO  com.infertuner.sinks.BatchAnalysisSink                       [] - [req_004] Batch-1 | 等待: 0ms | 处理: 1005ms | 总计: 1005ms
2025-08-11 08:52:28,921 INFO  com.infertuner.sinks.BatchAnalysisSink                       [] - === 批处理分析中期统计 ===
2025-08-11 08:52:28,921 INFO  com.infertuner.sinks.BatchAnalysisSink                       [] - 已处理: 5 请求 | 吞吐量: {:.2f} req/s
2025-08-11 08:52:28,921 INFO  com.infertuner.sinks.BatchAnalysisSink                       [] - 平均等待: {:.1f}ms | 平均处理: {:.1f}ms | 平均总延迟: {:.1f}ms
2025-08-11 08:52:28,922 INFO  com.infertuner.sinks.BatchAnalysisSink                       [] - 批大小分布:
2025-08-11 08:52:28,922 INFO  com.infertuner.sinks.BatchAnalysisSink                       [] -   Batch-1: 5 个响应
2025-08-11 08:52:28,923 INFO  com.infertuner.sinks.BatchAnalysisSink                       [] - ========================
2025-08-11 08:52:28,923 INFO  com.infertuner.sources.BasicRequestSource                    [] - 生成请求 5/30: req_004
2025-08-11 08:52:29,123 INFO  com.infertuner.processors.BatchProcessor                     [] - GPU 0 收到请求 req_005 (第6个，批次位置1), 模拟等待0ms
2025-08-11 08:52:29,700 INFO  com.infertuner.processors.BatchProcessor                     [] - GPU 0 处理 req_005 完成: 等待=0ms, 推理=574ms, 总延迟=574ms
2025-08-11 08:52:29,700 INFO  com.infertuner.sinks.BatchAnalysisSink                       [] - [req_005] Batch-1 | 等待: 0ms | 处理: 574ms | 总计: 574ms
2025-08-11 08:52:29,700 INFO  com.infertuner.sources.BasicRequestSource                    [] - 生成请求 6/30: req_005
2025-08-11 08:52:29,901 INFO  com.infertuner.processors.BatchProcessor                     [] - GPU 0 收到请求 req_006 (第7个，批次位置1), 模拟等待0ms
2025-08-11 08:52:31,134 INFO  com.infertuner.processors.BatchProcessor                     [] - GPU 0 处理 req_006 完成: 等待=0ms, 推理=1231ms, 总延迟=1231ms
2025-08-11 08:52:31,135 INFO  com.infertuner.sinks.BatchAnalysisSink                       [] - [req_006] Batch-1 | 等待: 0ms | 处理: 1231ms | 总计: 1231ms
2025-08-11 08:52:31,135 INFO  com.infertuner.sources.BasicRequestSource                    [] - 生成请求 7/30: req_006
2025-08-11 08:52:31,336 INFO  com.infertuner.processors.BatchProcessor                     [] - GPU 0 收到请求 req_007 (第8个，批次位置1), 模拟等待0ms
2025-08-11 08:52:32,329 INFO  com.infertuner.processors.BatchProcessor                     [] - GPU 0 处理 req_007 完成: 等待=0ms, 推理=991ms, 总延迟=991ms
2025-08-11 08:52:32,329 INFO  com.infertuner.sinks.BatchAnalysisSink                       [] - [req_007] Batch-1 | 等待: 0ms | 处理: 991ms | 总计: 991ms
2025-08-11 08:52:32,329 INFO  com.infertuner.sources.BasicRequestSource                    [] - 生成请求 8/30: req_007
2025-08-11 08:52:32,530 INFO  com.infertuner.processors.BatchProcessor                     [] - GPU 0 收到请求 req_008 (第9个，批次位置1), 模拟等待0ms
2025-08-11 08:52:33,982 INFO  com.infertuner.processors.BatchProcessor                     [] - GPU 0 处理 req_008 完成: 等待=0ms, 推理=1449ms, 总延迟=1449ms
2025-08-11 08:52:33,982 INFO  com.infertuner.sinks.BatchAnalysisSink                       [] - [req_008] Batch-1 | 等待: 0ms | 处理: 1449ms | 总计: 1449ms
2025-08-11 08:52:33,983 INFO  com.infertuner.sources.BasicRequestSource                    [] - 生成请求 9/30: req_008
2025-08-11 08:52:34,183 INFO  com.infertuner.processors.BatchProcessor                     [] - GPU 0 收到请求 req_009 (第10个，批次位置1), 模拟等待0ms
2025-08-11 08:52:34,900 INFO  com.infertuner.processors.BatchProcessor                     [] - GPU 0 处理 req_009 完成: 等待=0ms, 推理=715ms, 总延迟=715ms
2025-08-11 08:52:34,901 INFO  com.infertuner.sinks.BatchAnalysisSink                       [] - [req_009] Batch-1 | 等待: 0ms | 处理: 715ms | 总计: 715ms
2025-08-11 08:52:34,901 INFO  com.infertuner.sinks.BatchAnalysisSink                       [] - === 批处理分析中期统计 ===
2025-08-11 08:52:34,901 INFO  com.infertuner.sinks.BatchAnalysisSink                       [] - 已处理: 10 请求 | 吞吐量: {:.2f} req/s
2025-08-11 08:52:34,901 INFO  com.infertuner.sinks.BatchAnalysisSink                       [] - 平均等待: {:.1f}ms | 平均处理: {:.1f}ms | 平均总延迟: {:.1f}ms
2025-08-11 08:52:34,902 INFO  com.infertuner.sinks.BatchAnalysisSink                       [] - 批大小分布:
2025-08-11 08:52:34,902 INFO  com.infertuner.sinks.BatchAnalysisSink                       [] -   Batch-1: 10 个响应
2025-08-11 08:52:34,902 INFO  com.infertuner.sinks.BatchAnalysisSink                       [] - ========================
2025-08-11 08:52:34,902 INFO  com.infertuner.sources.BasicRequestSource                    [] - 生成请求 10/30: req_009
2025-08-11 08:52:35,102 INFO  com.infertuner.processors.BatchProcessor                     [] - GPU 0 收到请求 req_010 (第11个，批次位置1), 模拟等待0ms
2025-08-11 08:52:35,976 INFO  com.infertuner.processors.BatchProcessor                     [] - GPU 0 处理 req_010 完成: 等待=0ms, 推理=871ms, 总延迟=871ms
2025-08-11 08:52:35,976 INFO  com.infertuner.sinks.BatchAnalysisSink                       [] - [req_010] Batch-1 | 等待: 0ms | 处理: 871ms | 总计: 871ms
2025-08-11 08:52:35,976 INFO  com.infertuner.sources.BasicRequestSource                    [] - 生成请求 11/30: req_010
2025-08-11 08:52:36,177 INFO  com.infertuner.processors.BatchProcessor                     [] - GPU 0 收到请求 req_011 (第12个，批次位置1), 模拟等待0ms
2025-08-11 08:52:37,398 INFO  com.infertuner.processors.BatchProcessor                     [] - GPU 0 处理 req_011 完成: 等待=0ms, 推理=1219ms, 总延迟=1219ms
2025-08-11 08:52:37,399 INFO  com.infertuner.sinks.BatchAnalysisSink                       [] - [req_011] Batch-1 | 等待: 0ms | 处理: 1219ms | 总计: 1219ms
2025-08-11 08:52:37,399 INFO  com.infertuner.sources.BasicRequestSource                    [] - 生成请求 12/30: req_011
2025-08-11 08:52:37,599 INFO  com.infertuner.processors.BatchProcessor                     [] - GPU 0 收到请求 req_012 (第13个，批次位置1), 模拟等待0ms
2025-08-11 08:52:38,426 INFO  com.infertuner.processors.BatchProcessor                     [] - GPU 0 处理 req_012 完成: 等待=0ms, 推理=824ms, 总延迟=824ms
2025-08-11 08:52:38,426 INFO  com.infertuner.sinks.BatchAnalysisSink                       [] - [req_012] Batch-1 | 等待: 0ms | 处理: 824ms | 总计: 824ms
2025-08-11 08:52:38,427 INFO  com.infertuner.sources.BasicRequestSource                    [] - 生成请求 13/30: req_012
2025-08-11 08:52:38,627 INFO  com.infertuner.processors.BatchProcessor                     [] - GPU 0 收到请求 req_013 (第14个，批次位置1), 模拟等待0ms
2025-08-11 08:52:39,774 INFO  com.infertuner.processors.BatchProcessor                     [] - GPU 0 处理 req_013 完成: 等待=0ms, 推理=1144ms, 总延迟=1144ms
2025-08-11 08:52:39,774 INFO  com.infertuner.sinks.BatchAnalysisSink                       [] - [req_013] Batch-1 | 等待: 0ms | 处理: 1144ms | 总计: 1144ms
2025-08-11 08:52:39,774 INFO  com.infertuner.sources.BasicRequestSource                    [] - 生成请求 14/30: req_013
2025-08-11 08:52:39,975 INFO  com.infertuner.processors.BatchProcessor                     [] - GPU 0 收到请求 req_014 (第15个，批次位置1), 模拟等待0ms
2025-08-11 08:52:41,239 INFO  com.infertuner.processors.BatchProcessor                     [] - GPU 0 处理 req_014 完成: 等待=0ms, 推理=1262ms, 总延迟=1262ms
2025-08-11 08:52:41,240 INFO  com.infertuner.sinks.BatchAnalysisSink                       [] - [req_014] Batch-1 | 等待: 0ms | 处理: 1262ms | 总计: 1262ms
2025-08-11 08:52:41,240 INFO  com.infertuner.sinks.BatchAnalysisSink                       [] - === 批处理分析中期统计 ===
2025-08-11 08:52:41,240 INFO  com.infertuner.sinks.BatchAnalysisSink                       [] - 已处理: 15 请求 | 吞吐量: {:.2f} req/s
2025-08-11 08:52:41,240 INFO  com.infertuner.sinks.BatchAnalysisSink                       [] - 平均等待: {:.1f}ms | 平均处理: {:.1f}ms | 平均总延迟: {:.1f}ms
2025-08-11 08:52:41,240 INFO  com.infertuner.sinks.BatchAnalysisSink                       [] - 批大小分布:
2025-08-11 08:52:41,241 INFO  com.infertuner.sinks.BatchAnalysisSink                       [] -   Batch-1: 15 个响应
2025-08-11 08:52:41,241 INFO  com.infertuner.sinks.BatchAnalysisSink                       [] - ========================
2025-08-11 08:52:41,241 INFO  com.infertuner.sources.BasicRequestSource                    [] - 生成请求 15/30: req_014
2025-08-11 08:52:41,443 INFO  com.infertuner.processors.BatchProcessor                     [] - GPU 0 收到请求 req_015 (第16个，批次位置1), 模拟等待0ms
2025-08-11 08:52:42,427 INFO  com.infertuner.processors.BatchProcessor                     [] - GPU 0 处理 req_015 完成: 等待=0ms, 推理=982ms, 总延迟=982ms
2025-08-11 08:52:42,428 INFO  com.infertuner.sinks.BatchAnalysisSink                       [] - [req_015] Batch-1 | 等待: 0ms | 处理: 982ms | 总计: 982ms
2025-08-11 08:52:42,428 INFO  com.infertuner.sources.BasicRequestSource                    [] - 生成请求 16/30: req_015
2025-08-11 08:52:42,628 INFO  com.infertuner.processors.BatchProcessor                     [] - GPU 0 收到请求 req_016 (第17个，批次位置1), 模拟等待0ms
2025-08-11 08:52:44,199 INFO  com.infertuner.processors.BatchProcessor                     [] - GPU 0 处理 req_016 完成: 等待=0ms, 推理=1569ms, 总延迟=1569ms
2025-08-11 08:52:44,200 INFO  com.infertuner.sinks.BatchAnalysisSink                       [] - [req_016] Batch-1 | 等待: 0ms | 处理: 1569ms | 总计: 1569ms
2025-08-11 08:52:44,200 INFO  com.infertuner.sources.BasicRequestSource                    [] - 生成请求 17/30: req_016
2025-08-11 08:52:44,400 INFO  com.infertuner.processors.BatchProcessor                     [] - GPU 0 收到请求 req_017 (第18个，批次位置1), 模拟等待0ms
2025-08-11 08:52:45,336 INFO  com.infertuner.processors.BatchProcessor                     [] - GPU 0 处理 req_017 完成: 等待=0ms, 推理=934ms, 总延迟=934ms
2025-08-11 08:52:45,337 INFO  com.infertuner.sinks.BatchAnalysisSink                       [] - [req_017] Batch-1 | 等待: 0ms | 处理: 934ms | 总计: 934ms
2025-08-11 08:52:45,337 INFO  com.infertuner.sources.BasicRequestSource                    [] - 生成请求 18/30: req_017
2025-08-11 08:52:45,537 INFO  com.infertuner.processors.BatchProcessor                     [] - GPU 0 收到请求 req_018 (第19个，批次位置1), 模拟等待0ms
2025-08-11 08:52:46,168 INFO  com.infertuner.processors.BatchProcessor                     [] - GPU 0 处理 req_018 完成: 等待=0ms, 推理=628ms, 总延迟=628ms
2025-08-11 08:52:46,168 INFO  com.infertuner.sinks.BatchAnalysisSink                       [] - [req_018] Batch-1 | 等待: 0ms | 处理: 628ms | 总计: 628ms
2025-08-11 08:52:46,168 INFO  com.infertuner.sources.BasicRequestSource                    [] - 生成请求 19/30: req_018
2025-08-11 08:52:46,369 INFO  com.infertuner.processors.BatchProcessor                     [] - GPU 0 收到请求 req_019 (第20个，批次位置1), 模拟等待0ms
2025-08-11 08:52:47,772 INFO  com.infertuner.processors.BatchProcessor                     [] - GPU 0 处理 req_019 完成: 等待=0ms, 推理=1401ms, 总延迟=1401ms
2025-08-11 08:52:47,772 INFO  com.infertuner.sinks.BatchAnalysisSink                       [] - [req_019] Batch-1 | 等待: 0ms | 处理: 1401ms | 总计: 1401ms
2025-08-11 08:52:47,773 INFO  com.infertuner.sinks.BatchAnalysisSink                       [] - === 批处理分析中期统计 ===
2025-08-11 08:52:47,773 INFO  com.infertuner.sinks.BatchAnalysisSink                       [] - 已处理: 20 请求 | 吞吐量: {:.2f} req/s
2025-08-11 08:52:47,773 INFO  com.infertuner.sinks.BatchAnalysisSink                       [] - 平均等待: {:.1f}ms | 平均处理: {:.1f}ms | 平均总延迟: {:.1f}ms
2025-08-11 08:52:47,773 INFO  com.infertuner.sinks.BatchAnalysisSink                       [] - 批大小分布:
2025-08-11 08:52:47,773 INFO  com.infertuner.sinks.BatchAnalysisSink                       [] -   Batch-1: 20 个响应
2025-08-11 08:52:47,773 INFO  com.infertuner.sinks.BatchAnalysisSink                       [] - ========================
2025-08-11 08:52:47,773 INFO  com.infertuner.sources.BasicRequestSource                    [] - 生成请求 20/30: req_019
2025-08-11 08:52:47,974 INFO  com.infertuner.processors.BatchProcessor                     [] - GPU 0 收到请求 req_020 (第21个，批次位置1), 模拟等待0ms
2025-08-11 08:52:48,525 INFO  com.infertuner.processors.BatchProcessor                     [] - GPU 0 处理 req_020 完成: 等待=0ms, 推理=549ms, 总延迟=549ms
2025-08-11 08:52:48,525 INFO  com.infertuner.sinks.BatchAnalysisSink                       [] - [req_020] Batch-1 | 等待: 0ms | 处理: 549ms | 总计: 549ms
2025-08-11 08:52:48,526 INFO  com.infertuner.sources.BasicRequestSource                    [] - 生成请求 21/30: req_020
2025-08-11 08:52:48,726 INFO  com.infertuner.processors.BatchProcessor                     [] - GPU 0 收到请求 req_021 (第22个，批次位置1), 模拟等待0ms
2025-08-11 08:52:49,842 INFO  com.infertuner.processors.BatchProcessor                     [] - GPU 0 处理 req_021 完成: 等待=0ms, 推理=1113ms, 总延迟=1113ms
2025-08-11 08:52:49,842 INFO  com.infertuner.sinks.BatchAnalysisSink                       [] - [req_021] Batch-1 | 等待: 0ms | 处理: 1113ms | 总计: 1113ms
2025-08-11 08:52:49,842 INFO  com.infertuner.sources.BasicRequestSource                    [] - 生成请求 22/30: req_021
2025-08-11 08:52:50,042 INFO  com.infertuner.processors.BatchProcessor                     [] - GPU 0 收到请求 req_022 (第23个，批次位置1), 模拟等待0ms
2025-08-11 08:52:51,442 INFO  com.infertuner.processors.BatchProcessor                     [] - GPU 0 处理 req_022 完成: 等待=0ms, 推理=1398ms, 总延迟=1398ms
2025-08-11 08:52:51,443 INFO  com.infertuner.sinks.BatchAnalysisSink                       [] - [req_022] Batch-1 | 等待: 0ms | 处理: 1398ms | 总计: 1398ms
2025-08-11 08:52:51,443 INFO  com.infertuner.sources.BasicRequestSource                    [] - 生成请求 23/30: req_022
2025-08-11 08:52:51,643 INFO  com.infertuner.processors.BatchProcessor                     [] - GPU 0 收到请求 req_023 (第24个，批次位置1), 模拟等待0ms
2025-08-11 08:52:53,010 INFO  com.infertuner.processors.BatchProcessor                     [] - GPU 0 处理 req_023 完成: 等待=0ms, 推理=1365ms, 总延迟=1365ms
2025-08-11 08:52:53,011 INFO  com.infertuner.sinks.BatchAnalysisSink                       [] - [req_023] Batch-1 | 等待: 0ms | 处理: 1365ms | 总计: 1365ms
2025-08-11 08:52:53,011 INFO  com.infertuner.sources.BasicRequestSource                    [] - 生成请求 24/30: req_023
2025-08-11 08:52:53,211 INFO  com.infertuner.processors.BatchProcessor                     [] - GPU 0 收到请求 req_024 (第25个，批次位置1), 模拟等待0ms
2025-08-11 08:52:54,512 INFO  com.infertuner.processors.BatchProcessor                     [] - GPU 0 处理 req_024 完成: 等待=0ms, 推理=1298ms, 总延迟=1298ms
2025-08-11 08:52:54,512 INFO  com.infertuner.sinks.BatchAnalysisSink                       [] - [req_024] Batch-1 | 等待: 0ms | 处理: 1298ms | 总计: 1298ms
2025-08-11 08:52:54,512 INFO  com.infertuner.sinks.BatchAnalysisSink                       [] - === 批处理分析中期统计 ===
2025-08-11 08:52:54,513 INFO  com.infertuner.sinks.BatchAnalysisSink                       [] - 已处理: 25 请求 | 吞吐量: {:.2f} req/s
2025-08-11 08:52:54,513 INFO  com.infertuner.sinks.BatchAnalysisSink                       [] - 平均等待: {:.1f}ms | 平均处理: {:.1f}ms | 平均总延迟: {:.1f}ms
2025-08-11 08:52:54,513 INFO  com.infertuner.sinks.BatchAnalysisSink                       [] - 批大小分布:
2025-08-11 08:52:54,513 INFO  com.infertuner.sinks.BatchAnalysisSink                       [] -   Batch-1: 25 个响应
2025-08-11 08:52:54,513 INFO  com.infertuner.sinks.BatchAnalysisSink                       [] - ========================
2025-08-11 08:52:54,518 INFO  com.infertuner.sinks.BatchAnalysisSink                       [] - 批处理分析报告已保存: results/batch_analysis/batch_analysis_1754902374513.csv
2025-08-11 08:52:54,518 INFO  com.infertuner.sinks.BatchAnalysisSink                       [] - === 批处理分析最终统计 ===
2025-08-11 08:52:54,518 INFO  com.infertuner.sinks.BatchAnalysisSink                       [] - 处理请求数: 25
2025-08-11 08:52:54,518 INFO  com.infertuner.sinks.BatchAnalysisSink                       [] - 等待=0ms
2025-08-11 08:52:54,518 INFO  com.infertuner.sinks.BatchAnalysisSink                       [] - 总延迟=1095ms
2025-08-11 08:52:54,518 INFO  com.infertuner.sinks.BatchAnalysisSink                       [] - 吞吐量={:.2f}req/s
2025-08-11 08:52:54,518 INFO  com.infertuner.sinks.BatchAnalysisSink                       [] - 执行时间={:.2f}s
2025-08-11 08:52:54,518 INFO  com.infertuner.sinks.BatchAnalysisSink                       [] - ==============================
2025-08-11 08:52:54,518 INFO  com.infertuner.sources.BasicRequestSource                    [] - 生成请求 25/30: req_024
2025-08-11 08:52:54,720 INFO  com.infertuner.processors.BatchProcessor                     [] - GPU 0 收到请求 req_025 (第26个，批次位置1), 模拟等待0ms
2025-08-11 08:52:55,447 INFO  com.infertuner.processors.BatchProcessor                     [] - GPU 0 处理 req_025 完成: 等待=0ms, 推理=725ms, 总延迟=725ms
2025-08-11 08:52:55,448 INFO  com.infertuner.sinks.BatchAnalysisSink                       [] - [req_025] Batch-1 | 等待: 0ms | 处理: 725ms | 总计: 725ms
2025-08-11 08:52:55,449 INFO  com.infertuner.sinks.BatchAnalysisSink                       [] - 批处理分析报告已保存: results/batch_analysis/batch_analysis_1754902375448.csv
2025-08-11 08:52:55,449 INFO  com.infertuner.sinks.BatchAnalysisSink                       [] - === 批处理分析最终统计 ===
2025-08-11 08:52:55,450 INFO  com.infertuner.sinks.BatchAnalysisSink                       [] - 处理请求数: 26
2025-08-11 08:52:55,450 INFO  com.infertuner.sinks.BatchAnalysisSink                       [] - 等待=0ms
2025-08-11 08:52:55,450 INFO  com.infertuner.sinks.BatchAnalysisSink                       [] - 总延迟=1081ms
2025-08-11 08:52:55,450 INFO  com.infertuner.sinks.BatchAnalysisSink                       [] - 吞吐量={:.2f}req/s
2025-08-11 08:52:55,450 INFO  com.infertuner.sinks.BatchAnalysisSink                       [] - 执行时间={:.2f}s
2025-08-11 08:52:55,450 INFO  com.infertuner.sinks.BatchAnalysisSink                       [] - ==============================
2025-08-11 08:52:55,450 INFO  com.infertuner.sources.BasicRequestSource                    [] - 生成请求 26/30: req_025
2025-08-11 08:52:55,650 INFO  com.infertuner.processors.BatchProcessor                     [] - GPU 0 收到请求 req_026 (第27个，批次位置1), 模拟等待0ms
2025-08-11 08:52:57,045 INFO  com.infertuner.processors.BatchProcessor                     [] - GPU 0 处理 req_026 完成: 等待=0ms, 推理=1392ms, 总延迟=1392ms
2025-08-11 08:52:57,045 INFO  com.infertuner.sinks.BatchAnalysisSink                       [] - [req_026] Batch-1 | 等待: 0ms | 处理: 1392ms | 总计: 1392ms
2025-08-11 08:52:57,047 INFO  com.infertuner.sinks.BatchAnalysisSink                       [] - 批处理分析报告已保存: results/batch_analysis/batch_analysis_1754902377045.csv
2025-08-11 08:52:57,047 INFO  com.infertuner.sinks.BatchAnalysisSink                       [] - === 批处理分析最终统计 ===
2025-08-11 08:52:57,047 INFO  com.infertuner.sinks.BatchAnalysisSink                       [] - 处理请求数: 27
2025-08-11 08:52:57,047 INFO  com.infertuner.sinks.BatchAnalysisSink                       [] - 等待=0ms
2025-08-11 08:52:57,047 INFO  com.infertuner.sinks.BatchAnalysisSink                       [] - 总延迟=1092ms
2025-08-11 08:52:57,047 INFO  com.infertuner.sinks.BatchAnalysisSink                       [] - 吞吐量={:.2f}req/s
2025-08-11 08:52:57,047 INFO  com.infertuner.sinks.BatchAnalysisSink                       [] - 执行时间={:.2f}s
2025-08-11 08:52:57,047 INFO  com.infertuner.sinks.BatchAnalysisSink                       [] - ==============================
2025-08-11 08:52:57,047 INFO  com.infertuner.sources.BasicRequestSource                    [] - 生成请求 27/30: req_026
2025-08-11 08:52:57,248 INFO  com.infertuner.processors.BatchProcessor                     [] - GPU 0 收到请求 req_027 (第28个，批次位置1), 模拟等待0ms
2025-08-11 08:52:57,934 INFO  com.infertuner.processors.BatchProcessor                     [] - GPU 0 处理 req_027 完成: 等待=0ms, 推理=685ms, 总延迟=685ms
2025-08-11 08:52:57,935 INFO  com.infertuner.sinks.BatchAnalysisSink                       [] - [req_027] Batch-1 | 等待: 0ms | 处理: 685ms | 总计: 685ms
2025-08-11 08:52:57,937 INFO  com.infertuner.sinks.BatchAnalysisSink                       [] - 批处理分析报告已保存: results/batch_analysis/batch_analysis_1754902377935.csv
2025-08-11 08:52:57,937 INFO  com.infertuner.sinks.BatchAnalysisSink                       [] - === 批处理分析最终统计 ===
2025-08-11 08:52:57,937 INFO  com.infertuner.sinks.BatchAnalysisSink                       [] - 处理请求数: 28
2025-08-11 08:52:57,937 INFO  com.infertuner.sinks.BatchAnalysisSink                       [] - 等待=0ms
2025-08-11 08:52:57,937 INFO  com.infertuner.sinks.BatchAnalysisSink                       [] - 总延迟=1078ms
2025-08-11 08:52:57,937 INFO  com.infertuner.sinks.BatchAnalysisSink                       [] - 吞吐量={:.2f}req/s
2025-08-11 08:52:57,937 INFO  com.infertuner.sinks.BatchAnalysisSink                       [] - 执行时间={:.2f}s
2025-08-11 08:52:57,937 INFO  com.infertuner.sinks.BatchAnalysisSink                       [] - ==============================
2025-08-11 08:52:57,937 INFO  com.infertuner.sources.BasicRequestSource                    [] - 生成请求 28/30: req_027
2025-08-11 08:52:58,138 INFO  com.infertuner.processors.BatchProcessor                     [] - GPU 0 收到请求 req_028 (第29个，批次位置1), 模拟等待0ms
2025-08-11 08:52:59,054 INFO  com.infertuner.processors.BatchProcessor                     [] - GPU 0 处理 req_028 完成: 等待=0ms, 推理=915ms, 总延迟=915ms
2025-08-11 08:52:59,055 INFO  com.infertuner.sinks.BatchAnalysisSink                       [] - [req_028] Batch-1 | 等待: 0ms | 处理: 915ms | 总计: 915ms
2025-08-11 08:52:59,057 INFO  com.infertuner.sinks.BatchAnalysisSink                       [] - 批处理分析报告已保存: results/batch_analysis/batch_analysis_1754902379055.csv
2025-08-11 08:52:59,057 INFO  com.infertuner.sinks.BatchAnalysisSink                       [] - === 批处理分析最终统计 ===
2025-08-11 08:52:59,057 INFO  com.infertuner.sinks.BatchAnalysisSink                       [] - 处理请求数: 29
2025-08-11 08:52:59,057 INFO  com.infertuner.sinks.BatchAnalysisSink                       [] - 等待=0ms
2025-08-11 08:52:59,057 INFO  com.infertuner.sinks.BatchAnalysisSink                       [] - 总延迟=1072ms
2025-08-11 08:52:59,057 INFO  com.infertuner.sinks.BatchAnalysisSink                       [] - 吞吐量={:.2f}req/s
2025-08-11 08:52:59,057 INFO  com.infertuner.sinks.BatchAnalysisSink                       [] - 执行时间={:.2f}s
2025-08-11 08:52:59,057 INFO  com.infertuner.sinks.BatchAnalysisSink                       [] - ==============================
2025-08-11 08:52:59,057 INFO  com.infertuner.sources.BasicRequestSource                    [] - 生成请求 29/30: req_028
2025-08-11 08:52:59,258 INFO  com.infertuner.processors.BatchProcessor                     [] - GPU 0 收到请求 req_029 (第30个，批次位置1), 模拟等待0ms
2025-08-11 08:52:59,946 INFO  com.infertuner.processors.BatchProcessor                     [] - GPU 0 处理 req_029 完成: 等待=0ms, 推理=686ms, 总延迟=686ms
2025-08-11 08:52:59,946 INFO  com.infertuner.sinks.BatchAnalysisSink                       [] - [req_029] Batch-1 | 等待: 0ms | 处理: 686ms | 总计: 686ms
2025-08-11 08:52:59,946 INFO  com.infertuner.sinks.BatchAnalysisSink                       [] - === 批处理分析中期统计 ===
2025-08-11 08:52:59,947 INFO  com.infertuner.sinks.BatchAnalysisSink                       [] - 已处理: 30 请求 | 吞吐量: {:.2f} req/s
2025-08-11 08:52:59,947 INFO  com.infertuner.sinks.BatchAnalysisSink                       [] - 平均等待: {:.1f}ms | 平均处理: {:.1f}ms | 平均总延迟: {:.1f}ms
2025-08-11 08:52:59,947 INFO  com.infertuner.sinks.BatchAnalysisSink                       [] - 批大小分布:
2025-08-11 08:52:59,947 INFO  com.infertuner.sinks.BatchAnalysisSink                       [] -   Batch-1: 30 个响应
2025-08-11 08:52:59,947 INFO  com.infertuner.sinks.BatchAnalysisSink                       [] - ========================
2025-08-11 08:52:59,948 INFO  com.infertuner.sinks.BatchAnalysisSink                       [] - 批处理分析报告已保存: results/batch_analysis/batch_analysis_1754902379947.csv
2025-08-11 08:52:59,948 INFO  com.infertuner.sinks.BatchAnalysisSink                       [] - === 批处理分析最终统计 ===
2025-08-11 08:52:59,948 INFO  com.infertuner.sinks.BatchAnalysisSink                       [] - 处理请求数: 30
2025-08-11 08:52:59,948 INFO  com.infertuner.sinks.BatchAnalysisSink                       [] - 等待=0ms
2025-08-11 08:52:59,948 INFO  com.infertuner.sinks.BatchAnalysisSink                       [] - 总延迟=1059ms
2025-08-11 08:52:59,948 INFO  com.infertuner.sinks.BatchAnalysisSink                       [] - 吞吐量={:.2f}req/s
2025-08-11 08:52:59,948 INFO  com.infertuner.sinks.BatchAnalysisSink                       [] - 执行时间={:.2f}s
2025-08-11 08:52:59,948 INFO  com.infertuner.sinks.BatchAnalysisSink                       [] - ==============================
2025-08-11 08:52:59,948 INFO  com.infertuner.sources.BasicRequestSource                    [] - 生成请求 30/30: req_029
2025-08-11 08:52:59,948 INFO  com.infertuner.sources.BasicRequestSource                    [] - 请求生成完成，共 30 个
2025-08-11 08:53:00,059 INFO  com.infertuner.processors.BatchProcessor                     [] - 关闭 GPU 0 简化攒批推理服务...
2025-08-11 08:53:00,843 INFO  com.infertuner.processors.BatchProcessor                     [] - ✅ GPU 0 简化攒批推理服务已关闭
2025-08-11 08:53:00,846 INFO  org.apache.flink.runtime.taskmanager.Task                    [] - Source: Normal Request Source -> Simple Real Batch Processor -> Sink: Batch Validation Sink (1/1)#0 (67069a6d0f9ab1ca583a9444ff2ba1bf_cbc357ccb763df2852fee8c4fc7d55f2_0_0) switched from RUNNING to FINISHED.
2025-08-11 08:53:00,846 INFO  org.apache.flink.runtime.taskmanager.Task                    [] - Freeing task resources for Source: Normal Request Source -> Simple Real Batch Processor -> Sink: Batch Validation Sink (1/1)#0 (67069a6d0f9ab1ca583a9444ff2ba1bf_cbc357ccb763df2852fee8c4fc7d55f2_0_0).
2025-08-11 08:53:00,849 INFO  org.apache.flink.runtime.taskexecutor.TaskExecutor           [] - Un-registering task and sending final execution state FINISHED to JobManager for task Source: Normal Request Source -> Simple Real Batch Processor -> Sink: Batch Validation Sink (1/1)#0 67069a6d0f9ab1ca583a9444ff2ba1bf_cbc357ccb763df2852fee8c4fc7d55f2_0_0.
2025-08-11 08:53:00,916 INFO  org.apache.flink.runtime.taskexecutor.slot.TaskSlotTableImpl [] - Free slot TaskSlot(index:0, state:ACTIVE, resource profile: ResourceProfile{cpuCores=1, taskHeapMemory=364.800mb (382520517 bytes), taskOffHeapMemory=0 bytes, managedMemory=343.040mb (359703515 bytes), networkMemory=85.760mb (89925878 bytes)}, allocationId: cb32ccc169c28a6918ffc90360b16970, jobId: 6a9889325ca152b003ddbf5215742c87).
2025-08-11 08:53:00,918 INFO  org.apache.flink.runtime.taskexecutor.DefaultJobLeaderService [] - Remove job 6a9889325ca152b003ddbf5215742c87 from job leader monitoring.
2025-08-11 08:53:00,919 INFO  org.apache.flink.runtime.taskexecutor.TaskExecutor           [] - Close JobManager connection for job 6a9889325ca152b003ddbf5215742c87.
