2025-08-11 08:56:15,589 INFO  org.apache.flink.runtime.taskexecutor.TaskManagerRunner      [] - --------------------------------------------------------------------------------
2025-08-11 08:56:15,591 INFO  org.apache.flink.runtime.taskexecutor.TaskManagerRunner      [] -  Preconfiguration: 
2025-08-11 08:56:15,591 INFO  org.apache.flink.runtime.taskexecutor.TaskManagerRunner      [] - 


RESOURCE_PARAMS extraction logs:
jvm_params: -Xmx1664299798 -Xms1664299798 -XX:MaxDirectMemorySize=493921243 -XX:MaxMetaspaceSize=268435456
dynamic_configs: -D taskmanager.memory.network.min=359703515b -D taskmanager.cpu.cores=4.0 -D taskmanager.memory.task.off-heap.size=0b -D taskmanager.memory.jvm-metaspace.size=268435456b -D external-resources=none -D taskmanager.memory.jvm-overhead.min=429496736b -D taskmanager.memory.framework.off-heap.size=134217728b -D taskmanager.memory.network.max=359703515b -D taskmanager.memory.framework.heap.size=134217728b -D taskmanager.memory.managed.size=1438814063b -D taskmanager.memory.task.heap.size=1530082070b -D taskmanager.numberOfTaskSlots=4 -D taskmanager.memory.jvm-overhead.max=429496736b
logs: WARNING: sun.reflect.Reflection.getCallerClass is not supported. This will impact performance.
INFO  [] - Loading configuration property: taskmanager.memory.process.size, 4096m
INFO  [] - Loading configuration property: env.java.opts.jobmanager, -Dfile.encoding=UTF-8 -Dsun.jnu.encoding=UTF-8
INFO  [] - Loading configuration property: taskmanager.bind-host, localhost
INFO  [] - Loading configuration property: env.java.opts, -Dfile.encoding=UTF-8 -Dsun.jnu.encoding=UTF-8
INFO  [] - Loading configuration property: jobmanager.rpc.address, localhost
INFO  [] - Loading configuration property: jobmanager.memory.process.size, 2048m
INFO  [] - Loading configuration property: jobmanager.rpc.port, 6123
INFO  [] - Loading configuration property: rest.bind-address, 0.0.0.0
INFO  [] - Loading configuration property: rest.port, 8081
INFO  [] - Loading configuration property: execution.checkpointing.interval, 30s
INFO  [] - Loading configuration property: jobmanager.bind-host, localhost
INFO  [] - Loading configuration property: parallelism.default, 1
INFO  [] - Loading configuration property: taskmanager.numberOfTaskSlots, 4
INFO  [] - Loading configuration property: taskmanager.memory.managed.fraction, 0.4
INFO  [] - Loading configuration property: rest.address, 0.0.0.0
INFO  [] - Loading configuration property: cluster.evenly-spread-out-slots, true
INFO  [] - Loading configuration property: state.backend, filesystem
INFO  [] - Loading configuration property: execution.checkpointing.min-pause, 5s
INFO  [] - Loading configuration property: jobmanager.memory.jvm-metaspace.size, 256m
INFO  [] - Loading configuration property: env.java.opts.taskmanager, -Dfile.encoding=UTF-8 -Dsun.jnu.encoding=UTF-8
INFO  [] - Loading configuration property: state.checkpoints.dir, file:///workspace/logs/flink-checkpoints
INFO  [] - Final TaskExecutor Memory configuration:
INFO  [] -   Total Process Memory:          4.000gb (4294967296 bytes)
INFO  [] -     Total Flink Memory:          3.350gb (3597035104 bytes)
INFO  [] -       Total JVM Heap Memory:     1.550gb (1664299798 bytes)
INFO  [] -         Framework:               128.000mb (134217728 bytes)
INFO  [] -         Task:                    1.425gb (1530082070 bytes)
INFO  [] -       Total Off-heap Memory:     1.800gb (1932735306 bytes)
INFO  [] -         Managed:                 1.340gb (1438814063 bytes)
INFO  [] -         Total JVM Direct Memory: 471.040mb (493921243 bytes)
INFO  [] -           Framework:             128.000mb (134217728 bytes)
INFO  [] -           Task:                  0 bytes
INFO  [] -           Network:               343.040mb (359703515 bytes)
INFO  [] -     JVM Metaspace:               256.000mb (268435456 bytes)
INFO  [] -     JVM Overhead:                409.600mb (429496736 bytes)

2025-08-11 08:56:15,591 INFO  org.apache.flink.runtime.taskexecutor.TaskManagerRunner      [] - --------------------------------------------------------------------------------
2025-08-11 08:56:15,592 INFO  org.apache.flink.runtime.taskexecutor.TaskManagerRunner      [] -  Starting TaskManager (Version: 1.17.0, Scala: 2.12, Rev:69ecda0, Date:2023-03-17T10:30:06+01:00)
2025-08-11 08:56:15,592 INFO  org.apache.flink.runtime.taskexecutor.TaskManagerRunner      [] -  OS current user: root
2025-08-11 08:56:15,592 INFO  org.apache.flink.runtime.taskexecutor.TaskManagerRunner      [] -  Current Hadoop/Kerberos user: <no hadoop dependency found>
2025-08-11 08:56:15,592 INFO  org.apache.flink.runtime.taskexecutor.TaskManagerRunner      [] -  JVM: OpenJDK 64-Bit Server VM - Ubuntu - 11/11.0.28+6-post-Ubuntu-1ubuntu122.04.1
2025-08-11 08:56:15,592 INFO  org.apache.flink.runtime.taskexecutor.TaskManagerRunner      [] -  Arch: amd64
2025-08-11 08:56:15,592 INFO  org.apache.flink.runtime.taskexecutor.TaskManagerRunner      [] -  Maximum heap size: 1588 MiBytes
2025-08-11 08:56:15,592 INFO  org.apache.flink.runtime.taskexecutor.TaskManagerRunner      [] -  JAVA_HOME: /usr/lib/jvm/java-11-openjdk-amd64
2025-08-11 08:56:15,592 INFO  org.apache.flink.runtime.taskexecutor.TaskManagerRunner      [] -  No Hadoop Dependency available
2025-08-11 08:56:15,592 INFO  org.apache.flink.runtime.taskexecutor.TaskManagerRunner      [] -  JVM Options:
2025-08-11 08:56:15,592 INFO  org.apache.flink.runtime.taskexecutor.TaskManagerRunner      [] -     -Xmx1664299798
2025-08-11 08:56:15,592 INFO  org.apache.flink.runtime.taskexecutor.TaskManagerRunner      [] -     -Xms1664299798
2025-08-11 08:56:15,592 INFO  org.apache.flink.runtime.taskexecutor.TaskManagerRunner      [] -     -XX:MaxDirectMemorySize=493921243
2025-08-11 08:56:15,592 INFO  org.apache.flink.runtime.taskexecutor.TaskManagerRunner      [] -     -XX:MaxMetaspaceSize=268435456
2025-08-11 08:56:15,592 INFO  org.apache.flink.runtime.taskexecutor.TaskManagerRunner      [] -     -Dfile.encoding=UTF-8
2025-08-11 08:56:15,592 INFO  org.apache.flink.runtime.taskexecutor.TaskManagerRunner      [] -     -Dsun.jnu.encoding=UTF-8
2025-08-11 08:56:15,593 INFO  org.apache.flink.runtime.taskexecutor.TaskManagerRunner      [] -     -Dfile.encoding=UTF-8
2025-08-11 08:56:15,593 INFO  org.apache.flink.runtime.taskexecutor.TaskManagerRunner      [] -     -Dsun.jnu.encoding=UTF-8
2025-08-11 08:56:15,593 INFO  org.apache.flink.runtime.taskexecutor.TaskManagerRunner      [] -     -Dlog.file=/workspace/flink-setup/flink/log/flink--taskexecutor-0-gpu02.log
2025-08-11 08:56:15,593 INFO  org.apache.flink.runtime.taskexecutor.TaskManagerRunner      [] -     -Dlog4j.configuration=file:/workspace/flink-setup/flink/conf/log4j.properties
2025-08-11 08:56:15,593 INFO  org.apache.flink.runtime.taskexecutor.TaskManagerRunner      [] -     -Dlog4j.configurationFile=file:/workspace/flink-setup/flink/conf/log4j.properties
2025-08-11 08:56:15,593 INFO  org.apache.flink.runtime.taskexecutor.TaskManagerRunner      [] -     -Dlogback.configurationFile=file:/workspace/flink-setup/flink/conf/logback.xml
2025-08-11 08:56:15,593 INFO  org.apache.flink.runtime.taskexecutor.TaskManagerRunner      [] -  Program Arguments:
2025-08-11 08:56:15,594 INFO  org.apache.flink.runtime.taskexecutor.TaskManagerRunner      [] -     --configDir
2025-08-11 08:56:15,594 INFO  org.apache.flink.runtime.taskexecutor.TaskManagerRunner      [] -     /workspace/flink-setup/flink/conf
2025-08-11 08:56:15,594 INFO  org.apache.flink.runtime.taskexecutor.TaskManagerRunner      [] -     -D
2025-08-11 08:56:15,594 INFO  org.apache.flink.runtime.taskexecutor.TaskManagerRunner      [] -     taskmanager.memory.network.min=359703515b
2025-08-11 08:56:15,594 INFO  org.apache.flink.runtime.taskexecutor.TaskManagerRunner      [] -     -D
2025-08-11 08:56:15,594 INFO  org.apache.flink.runtime.taskexecutor.TaskManagerRunner      [] -     taskmanager.cpu.cores=4.0
2025-08-11 08:56:15,595 INFO  org.apache.flink.runtime.taskexecutor.TaskManagerRunner      [] -     -D
2025-08-11 08:56:15,595 INFO  org.apache.flink.runtime.taskexecutor.TaskManagerRunner      [] -     taskmanager.memory.task.off-heap.size=0b
2025-08-11 08:56:15,595 INFO  org.apache.flink.runtime.taskexecutor.TaskManagerRunner      [] -     -D
2025-08-11 08:56:15,595 INFO  org.apache.flink.runtime.taskexecutor.TaskManagerRunner      [] -     taskmanager.memory.jvm-metaspace.size=268435456b
2025-08-11 08:56:15,595 INFO  org.apache.flink.runtime.taskexecutor.TaskManagerRunner      [] -     -D
2025-08-11 08:56:15,595 INFO  org.apache.flink.runtime.taskexecutor.TaskManagerRunner      [] -     external-resources=none
2025-08-11 08:56:15,595 INFO  org.apache.flink.runtime.taskexecutor.TaskManagerRunner      [] -     -D
2025-08-11 08:56:15,595 INFO  org.apache.flink.runtime.taskexecutor.TaskManagerRunner      [] -     taskmanager.memory.jvm-overhead.min=429496736b
2025-08-11 08:56:15,595 INFO  org.apache.flink.runtime.taskexecutor.TaskManagerRunner      [] -     -D
2025-08-11 08:56:15,595 INFO  org.apache.flink.runtime.taskexecutor.TaskManagerRunner      [] -     taskmanager.memory.framework.off-heap.size=134217728b
2025-08-11 08:56:15,595 INFO  org.apache.flink.runtime.taskexecutor.TaskManagerRunner      [] -     -D
2025-08-11 08:56:15,596 INFO  org.apache.flink.runtime.taskexecutor.TaskManagerRunner      [] -     taskmanager.memory.network.max=359703515b
2025-08-11 08:56:15,596 INFO  org.apache.flink.runtime.taskexecutor.TaskManagerRunner      [] -     -D
2025-08-11 08:56:15,596 INFO  org.apache.flink.runtime.taskexecutor.TaskManagerRunner      [] -     taskmanager.memory.framework.heap.size=134217728b
2025-08-11 08:56:15,596 INFO  org.apache.flink.runtime.taskexecutor.TaskManagerRunner      [] -     -D
2025-08-11 08:56:15,596 INFO  org.apache.flink.runtime.taskexecutor.TaskManagerRunner      [] -     taskmanager.memory.managed.size=1438814063b
2025-08-11 08:56:15,596 INFO  org.apache.flink.runtime.taskexecutor.TaskManagerRunner      [] -     -D
2025-08-11 08:56:15,596 INFO  org.apache.flink.runtime.taskexecutor.TaskManagerRunner      [] -     taskmanager.memory.task.heap.size=1530082070b
2025-08-11 08:56:15,596 INFO  org.apache.flink.runtime.taskexecutor.TaskManagerRunner      [] -     -D
2025-08-11 08:56:15,596 INFO  org.apache.flink.runtime.taskexecutor.TaskManagerRunner      [] -     taskmanager.numberOfTaskSlots=4
2025-08-11 08:56:15,596 INFO  org.apache.flink.runtime.taskexecutor.TaskManagerRunner      [] -     -D
2025-08-11 08:56:15,596 INFO  org.apache.flink.runtime.taskexecutor.TaskManagerRunner      [] -     taskmanager.memory.jvm-overhead.max=429496736b
2025-08-11 08:56:15,596 INFO  org.apache.flink.runtime.taskexecutor.TaskManagerRunner      [] -  Classpath: /workspace/flink-setup/flink/lib/flink-cep-1.17.0.jar:/workspace/flink-setup/flink/lib/flink-connector-files-1.17.0.jar:/workspace/flink-setup/flink/lib/flink-csv-1.17.0.jar:/workspace/flink-setup/flink/lib/flink-json-1.17.0.jar:/workspace/flink-setup/flink/lib/flink-scala_2.12-1.17.0.jar:/workspace/flink-setup/flink/lib/flink-table-api-java-uber-1.17.0.jar:/workspace/flink-setup/flink/lib/flink-table-planner-loader-1.17.0.jar:/workspace/flink-setup/flink/lib/flink-table-runtime-1.17.0.jar:/workspace/flink-setup/flink/lib/log4j-1.2-api-2.17.1.jar:/workspace/flink-setup/flink/lib/log4j-api-2.17.1.jar:/workspace/flink-setup/flink/lib/log4j-core-2.17.1.jar:/workspace/flink-setup/flink/lib/log4j-slf4j-impl-2.17.1.jar:/workspace/flink-setup/flink/lib/flink-dist-1.17.0.jar::::
2025-08-11 08:56:15,597 INFO  org.apache.flink.runtime.taskexecutor.TaskManagerRunner      [] - --------------------------------------------------------------------------------
2025-08-11 08:56:15,597 INFO  org.apache.flink.runtime.taskexecutor.TaskManagerRunner      [] - Registered UNIX signal handlers for [TERM, HUP, INT]
2025-08-11 08:56:15,600 INFO  org.apache.flink.runtime.taskexecutor.TaskManagerRunner      [] - Maximum number of open file descriptors is 1048576.
2025-08-11 08:56:15,607 INFO  org.apache.flink.configuration.GlobalConfiguration           [] - Loading configuration property: taskmanager.memory.process.size, 4096m
2025-08-11 08:56:15,608 INFO  org.apache.flink.configuration.GlobalConfiguration           [] - Loading configuration property: env.java.opts.jobmanager, -Dfile.encoding=UTF-8 -Dsun.jnu.encoding=UTF-8
2025-08-11 08:56:15,608 INFO  org.apache.flink.configuration.GlobalConfiguration           [] - Loading configuration property: taskmanager.bind-host, localhost
2025-08-11 08:56:15,608 INFO  org.apache.flink.configuration.GlobalConfiguration           [] - Loading configuration property: env.java.opts, -Dfile.encoding=UTF-8 -Dsun.jnu.encoding=UTF-8
2025-08-11 08:56:15,608 INFO  org.apache.flink.configuration.GlobalConfiguration           [] - Loading configuration property: jobmanager.rpc.address, localhost
2025-08-11 08:56:15,608 INFO  org.apache.flink.configuration.GlobalConfiguration           [] - Loading configuration property: jobmanager.memory.process.size, 2048m
2025-08-11 08:56:15,608 INFO  org.apache.flink.configuration.GlobalConfiguration           [] - Loading configuration property: jobmanager.rpc.port, 6123
2025-08-11 08:56:15,608 INFO  org.apache.flink.configuration.GlobalConfiguration           [] - Loading configuration property: rest.bind-address, 0.0.0.0
2025-08-11 08:56:15,608 INFO  org.apache.flink.configuration.GlobalConfiguration           [] - Loading configuration property: rest.port, 8081
2025-08-11 08:56:15,608 INFO  org.apache.flink.configuration.GlobalConfiguration           [] - Loading configuration property: execution.checkpointing.interval, 30s
2025-08-11 08:56:15,608 INFO  org.apache.flink.configuration.GlobalConfiguration           [] - Loading configuration property: jobmanager.bind-host, localhost
2025-08-11 08:56:15,608 INFO  org.apache.flink.configuration.GlobalConfiguration           [] - Loading configuration property: parallelism.default, 1
2025-08-11 08:56:15,609 INFO  org.apache.flink.configuration.GlobalConfiguration           [] - Loading configuration property: taskmanager.numberOfTaskSlots, 4
2025-08-11 08:56:15,609 INFO  org.apache.flink.configuration.GlobalConfiguration           [] - Loading configuration property: taskmanager.memory.managed.fraction, 0.4
2025-08-11 08:56:15,609 INFO  org.apache.flink.configuration.GlobalConfiguration           [] - Loading configuration property: rest.address, 0.0.0.0
2025-08-11 08:56:15,609 INFO  org.apache.flink.configuration.GlobalConfiguration           [] - Loading configuration property: cluster.evenly-spread-out-slots, true
2025-08-11 08:56:15,609 INFO  org.apache.flink.configuration.GlobalConfiguration           [] - Loading configuration property: state.backend, filesystem
2025-08-11 08:56:15,609 INFO  org.apache.flink.configuration.GlobalConfiguration           [] - Loading configuration property: execution.checkpointing.min-pause, 5s
2025-08-11 08:56:15,609 INFO  org.apache.flink.configuration.GlobalConfiguration           [] - Loading configuration property: jobmanager.memory.jvm-metaspace.size, 256m
2025-08-11 08:56:15,609 INFO  org.apache.flink.configuration.GlobalConfiguration           [] - Loading configuration property: env.java.opts.taskmanager, -Dfile.encoding=UTF-8 -Dsun.jnu.encoding=UTF-8
2025-08-11 08:56:15,609 INFO  org.apache.flink.configuration.GlobalConfiguration           [] - Loading configuration property: state.checkpoints.dir, file:///workspace/logs/flink-checkpoints
2025-08-11 08:56:15,609 INFO  org.apache.flink.configuration.GlobalConfiguration           [] - Loading dynamic configuration property: taskmanager.memory.network.min, 359703515b
2025-08-11 08:56:15,609 INFO  org.apache.flink.configuration.GlobalConfiguration           [] - Loading dynamic configuration property: taskmanager.memory.jvm-metaspace.size, 268435456b
2025-08-11 08:56:15,609 INFO  org.apache.flink.configuration.GlobalConfiguration           [] - Loading dynamic configuration property: taskmanager.memory.task.off-heap.size, 0b
2025-08-11 08:56:15,609 INFO  org.apache.flink.configuration.GlobalConfiguration           [] - Loading dynamic configuration property: taskmanager.cpu.cores, 4.0
2025-08-11 08:56:15,609 INFO  org.apache.flink.configuration.GlobalConfiguration           [] - Loading dynamic configuration property: external-resources, none
2025-08-11 08:56:15,609 INFO  org.apache.flink.configuration.GlobalConfiguration           [] - Loading dynamic configuration property: taskmanager.memory.jvm-overhead.min, 429496736b
2025-08-11 08:56:15,610 INFO  org.apache.flink.configuration.GlobalConfiguration           [] - Loading dynamic configuration property: taskmanager.memory.framework.off-heap.size, 134217728b
2025-08-11 08:56:15,610 INFO  org.apache.flink.configuration.GlobalConfiguration           [] - Loading dynamic configuration property: taskmanager.memory.network.max, 359703515b
2025-08-11 08:56:15,610 INFO  org.apache.flink.configuration.GlobalConfiguration           [] - Loading dynamic configuration property: taskmanager.memory.framework.heap.size, 134217728b
2025-08-11 08:56:15,610 INFO  org.apache.flink.configuration.GlobalConfiguration           [] - Loading dynamic configuration property: taskmanager.memory.managed.size, 1438814063b
2025-08-11 08:56:15,610 INFO  org.apache.flink.configuration.GlobalConfiguration           [] - Loading dynamic configuration property: taskmanager.memory.task.heap.size, 1530082070b
2025-08-11 08:56:15,610 INFO  org.apache.flink.configuration.GlobalConfiguration           [] - Loading dynamic configuration property: taskmanager.numberOfTaskSlots, 4
2025-08-11 08:56:15,610 INFO  org.apache.flink.configuration.GlobalConfiguration           [] - Loading dynamic configuration property: taskmanager.memory.jvm-overhead.max, 429496736b
2025-08-11 08:56:15,647 INFO  org.apache.flink.core.fs.FileSystem                          [] - Hadoop is not in the classpath/dependencies. The extended set of supported File Systems via Hadoop is not available.
2025-08-11 08:56:15,662 INFO  org.apache.flink.core.plugin.DefaultPluginManager            [] - Plugin loader with ID not found, creating it: metrics-prometheus
2025-08-11 08:56:15,667 INFO  org.apache.flink.core.plugin.DefaultPluginManager            [] - Plugin loader with ID not found, creating it: metrics-slf4j
2025-08-11 08:56:15,668 INFO  org.apache.flink.core.plugin.DefaultPluginManager            [] - Plugin loader with ID not found, creating it: metrics-influx
2025-08-11 08:56:15,668 INFO  org.apache.flink.core.plugin.DefaultPluginManager            [] - Plugin loader with ID not found, creating it: metrics-datadog
2025-08-11 08:56:15,668 INFO  org.apache.flink.core.plugin.DefaultPluginManager            [] - Plugin loader with ID not found, creating it: external-resource-gpu
2025-08-11 08:56:15,668 INFO  org.apache.flink.core.plugin.DefaultPluginManager            [] - Plugin loader with ID not found, creating it: metrics-graphite
2025-08-11 08:56:15,668 INFO  org.apache.flink.core.plugin.DefaultPluginManager            [] - Plugin loader with ID not found, creating it: metrics-statsd
2025-08-11 08:56:15,668 INFO  org.apache.flink.core.plugin.DefaultPluginManager            [] - Plugin loader with ID not found, creating it: metrics-jmx
2025-08-11 08:56:15,688 INFO  org.apache.flink.runtime.state.changelog.StateChangelogStorageLoader [] - StateChangelogStorageLoader initialized with shortcut names {memory,filesystem}.
2025-08-11 08:56:15,689 INFO  org.apache.flink.core.plugin.DefaultPluginManager            [] - Plugin loader with ID found, reusing it: metrics-prometheus
2025-08-11 08:56:15,689 INFO  org.apache.flink.core.plugin.DefaultPluginManager            [] - Plugin loader with ID found, reusing it: metrics-slf4j
2025-08-11 08:56:15,689 INFO  org.apache.flink.core.plugin.DefaultPluginManager            [] - Plugin loader with ID found, reusing it: metrics-influx
2025-08-11 08:56:15,689 INFO  org.apache.flink.core.plugin.DefaultPluginManager            [] - Plugin loader with ID found, reusing it: metrics-datadog
2025-08-11 08:56:15,689 INFO  org.apache.flink.core.plugin.DefaultPluginManager            [] - Plugin loader with ID found, reusing it: external-resource-gpu
2025-08-11 08:56:15,689 INFO  org.apache.flink.core.plugin.DefaultPluginManager            [] - Plugin loader with ID found, reusing it: metrics-graphite
2025-08-11 08:56:15,689 INFO  org.apache.flink.core.plugin.DefaultPluginManager            [] - Plugin loader with ID found, reusing it: metrics-statsd
2025-08-11 08:56:15,689 INFO  org.apache.flink.core.plugin.DefaultPluginManager            [] - Plugin loader with ID found, reusing it: metrics-jmx
2025-08-11 08:56:15,692 INFO  org.apache.flink.runtime.state.changelog.StateChangelogStorageLoader [] - StateChangelogStorageLoader initialized with shortcut names {memory,filesystem}.
2025-08-11 08:56:15,708 INFO  org.apache.flink.runtime.security.modules.HadoopModuleFactory [] - Cannot create Hadoop Security Module because Hadoop cannot be found in the Classpath.
2025-08-11 08:56:15,722 INFO  org.apache.flink.runtime.security.modules.JaasModule         [] - Jaas file will be created as /tmp/jaas-1953112955178331858.conf.
2025-08-11 08:56:15,728 INFO  org.apache.flink.runtime.security.contexts.HadoopSecurityContextFactory [] - Cannot install HadoopSecurityContext because Hadoop cannot be found in the Classpath.
2025-08-11 08:56:16,079 INFO  org.apache.flink.runtime.util.LeaderRetrievalUtils           [] - Trying to select the network interface and address to use by connecting to the leading JobManager.
2025-08-11 08:56:16,079 INFO  org.apache.flink.runtime.util.LeaderRetrievalUtils           [] - TaskManager will try to connect for PT10S before falling back to heuristics
2025-08-11 08:56:16,318 INFO  org.apache.flink.runtime.taskexecutor.TaskManagerRunner      [] - TaskManager will use hostname/address 'gpu02' (127.0.0.1) for communication.
2025-08-11 08:56:16,352 INFO  org.apache.flink.runtime.rpc.akka.AkkaRpcServiceUtils        [] - Trying to start actor system, external address 127.0.0.1:0, bind address localhost:0.
2025-08-11 08:56:16,881 INFO  akka.event.slf4j.Slf4jLogger                                 [] - Slf4jLogger started
2025-08-11 08:56:16,919 INFO  akka.remote.RemoteActorRefProvider                           [] - Akka Cluster not in use - enabling unsafe features anyway because `akka.remote.use-unsafe-remote-features-outside-cluster` has been enabled.
2025-08-11 08:56:16,920 INFO  akka.remote.Remoting                                         [] - Starting remoting
2025-08-11 08:56:17,077 INFO  akka.remote.Remoting                                         [] - Remoting started; listening on addresses :[akka.tcp://flink@127.0.0.1:12311]
2025-08-11 08:56:17,204 INFO  org.apache.flink.runtime.rpc.akka.AkkaRpcServiceUtils        [] - Actor system started at akka.tcp://flink@127.0.0.1:12311
2025-08-11 08:56:17,221 INFO  org.apache.flink.runtime.taskexecutor.TaskManagerRunner      [] - Using working directory: WorkingDirectory(/tmp/tm_127.0.0.1:12311-161fc8)
2025-08-11 08:56:17,228 INFO  org.apache.flink.runtime.metrics.MetricRegistryImpl          [] - No metrics reporter configured, no metrics will be exposed/reported.
2025-08-11 08:56:17,231 INFO  org.apache.flink.runtime.rpc.akka.AkkaRpcServiceUtils        [] - Trying to start actor system, external address 127.0.0.1:0, bind address localhost:0.
2025-08-11 08:56:17,249 INFO  akka.event.slf4j.Slf4jLogger                                 [] - Slf4jLogger started
2025-08-11 08:56:17,253 INFO  akka.remote.RemoteActorRefProvider                           [] - Akka Cluster not in use - enabling unsafe features anyway because `akka.remote.use-unsafe-remote-features-outside-cluster` has been enabled.
2025-08-11 08:56:17,255 INFO  akka.remote.Remoting                                         [] - Starting remoting
2025-08-11 08:56:17,268 INFO  akka.remote.Remoting                                         [] - Remoting started; listening on addresses :[akka.tcp://flink-metrics@127.0.0.1:18283]
2025-08-11 08:56:17,279 INFO  org.apache.flink.runtime.rpc.akka.AkkaRpcServiceUtils        [] - Actor system started at akka.tcp://flink-metrics@127.0.0.1:18283
2025-08-11 08:56:17,294 INFO  org.apache.flink.runtime.rpc.akka.AkkaRpcService             [] - Starting RPC endpoint for org.apache.flink.runtime.metrics.dump.MetricQueryService at akka://flink-metrics/user/rpc/MetricQueryService_127.0.0.1:12311-161fc8 .
2025-08-11 08:56:17,306 INFO  org.apache.flink.runtime.blob.PermanentBlobCache             [] - Created BLOB cache storage directory /tmp/tm_127.0.0.1:12311-161fc8/blobStorage
2025-08-11 08:56:17,311 INFO  org.apache.flink.runtime.blob.TransientBlobCache             [] - Created BLOB cache storage directory /tmp/tm_127.0.0.1:12311-161fc8/blobStorage
2025-08-11 08:56:17,314 INFO  org.apache.flink.runtime.externalresource.ExternalResourceUtils [] - Enabled external resources: []
2025-08-11 08:56:17,315 INFO  org.apache.flink.runtime.security.token.DelegationTokenReceiverRepository [] - Loading delegation token receivers
2025-08-11 08:56:17,319 INFO  org.apache.flink.runtime.security.token.DelegationTokenReceiverRepository [] - Delegation token receiver hadoopfs loaded and initialized
2025-08-11 08:56:17,319 INFO  org.apache.flink.runtime.security.token.DelegationTokenReceiverRepository [] - Delegation token receiver hbase loaded and initialized
2025-08-11 08:56:17,319 INFO  org.apache.flink.core.plugin.DefaultPluginManager            [] - Plugin loader with ID found, reusing it: metrics-prometheus
2025-08-11 08:56:17,319 INFO  org.apache.flink.core.plugin.DefaultPluginManager            [] - Plugin loader with ID found, reusing it: metrics-slf4j
2025-08-11 08:56:17,319 INFO  org.apache.flink.core.plugin.DefaultPluginManager            [] - Plugin loader with ID found, reusing it: metrics-influx
2025-08-11 08:56:17,319 INFO  org.apache.flink.core.plugin.DefaultPluginManager            [] - Plugin loader with ID found, reusing it: metrics-datadog
2025-08-11 08:56:17,319 INFO  org.apache.flink.core.plugin.DefaultPluginManager            [] - Plugin loader with ID found, reusing it: external-resource-gpu
2025-08-11 08:56:17,320 INFO  org.apache.flink.core.plugin.DefaultPluginManager            [] - Plugin loader with ID found, reusing it: metrics-graphite
2025-08-11 08:56:17,320 INFO  org.apache.flink.core.plugin.DefaultPluginManager            [] - Plugin loader with ID found, reusing it: metrics-statsd
2025-08-11 08:56:17,320 INFO  org.apache.flink.core.plugin.DefaultPluginManager            [] - Plugin loader with ID found, reusing it: metrics-jmx
2025-08-11 08:56:17,320 INFO  org.apache.flink.runtime.security.token.DelegationTokenReceiverRepository [] - Delegation token receivers loaded successfully
2025-08-11 08:56:17,320 INFO  org.apache.flink.runtime.taskexecutor.TaskManagerRunner      [] - Starting TaskManager with ResourceID: 127.0.0.1:12311-161fc8
2025-08-11 08:56:17,337 INFO  org.apache.flink.runtime.taskexecutor.TaskManagerServices    [] - Temporary file directory '/tmp': total 1758 GB, usable 31 GB (1.76% usable)
2025-08-11 08:56:17,340 INFO  org.apache.flink.runtime.io.disk.iomanager.IOManager         [] - Created a new FileChannelManager for spilling of task related data to disk (joins, sorting, ...). Used directories:
	/tmp/flink-io-16a93828-6e09-4310-b43b-7847d18d65d4
2025-08-11 08:56:17,347 INFO  org.apache.flink.runtime.io.network.netty.NettyConfig        [] - NettyConfig [server address: localhost/127.0.0.1, server port: 0, ssl enabled: false, memory segment size (bytes): 32768, transport type: AUTO, number of server threads: 4 (manual), number of client threads: 4 (manual), server connect backlog: 0 (use Netty's default), client connect timeout (sec): 120, send/receive buffer size (bytes): 0 (use Netty's default)]
2025-08-11 08:56:17,399 INFO  org.apache.flink.runtime.io.network.NettyShuffleServiceFactory [] - Created a new FileChannelManager for storing result partitions of BLOCKING shuffles. Used directories:
	/tmp/flink-netty-shuffle-298dc3cc-4e55-41eb-af54-c1100faf10ed
2025-08-11 08:56:17,616 INFO  org.apache.flink.runtime.io.network.buffer.NetworkBufferPool [] - Allocated 343 MB for network buffer pool (number of memory segments: 10977, bytes per segment: 32768).
2025-08-11 08:56:17,630 INFO  org.apache.flink.runtime.io.network.NettyShuffleEnvironment  [] - Starting the network environment and its components.
2025-08-11 08:56:17,680 INFO  org.apache.flink.runtime.io.network.netty.NettyClient        [] - Transport type 'auto': using EPOLL.
2025-08-11 08:56:17,681 INFO  org.apache.flink.runtime.io.network.netty.NettyClient        [] - Successful initialization (took 50 ms).
2025-08-11 08:56:17,685 INFO  org.apache.flink.runtime.io.network.netty.NettyServer        [] - Transport type 'auto': using EPOLL.
2025-08-11 08:56:17,758 INFO  org.apache.flink.runtime.io.network.netty.NettyServer        [] - Successful initialization (took 75 ms). Listening on SocketAddress /127.0.0.1:30821.
2025-08-11 08:56:17,760 INFO  org.apache.flink.runtime.taskexecutor.KvStateService         [] - Starting the kvState service and its components.
2025-08-11 08:56:17,786 INFO  org.apache.flink.runtime.rpc.akka.AkkaRpcService             [] - Starting RPC endpoint for org.apache.flink.runtime.taskexecutor.TaskExecutor at akka://flink/user/rpc/taskmanager_0 .
2025-08-11 08:56:17,803 INFO  org.apache.flink.runtime.taskexecutor.DefaultJobLeaderService [] - Start job leader service.
2025-08-11 08:56:17,806 INFO  org.apache.flink.runtime.filecache.FileCache                 [] - User file cache uses directory /tmp/flink-dist-cache-b0a57660-f5b5-47be-87c0-7a180da8eed3
2025-08-11 08:56:17,809 INFO  org.apache.flink.runtime.taskexecutor.TaskExecutor           [] - Connecting to ResourceManager akka.tcp://flink@localhost:6123/user/rpc/resourcemanager_*(00000000000000000000000000000000).
2025-08-11 08:56:18,026 INFO  org.apache.flink.runtime.taskexecutor.TaskExecutor           [] - Resolved ResourceManager address, beginning registration
2025-08-11 08:56:18,133 INFO  org.apache.flink.runtime.taskexecutor.TaskExecutor           [] - Successful registration at resource manager akka.tcp://flink@localhost:6123/user/rpc/resourcemanager_* under registration id f219a41e04f6c01d8c97b578975a9610.
2025-08-11 08:56:23,043 INFO  org.apache.flink.runtime.taskexecutor.TaskExecutor           [] - Receive slot request 4658bb68fd9ba333bc505fd6aa1ebb1b for job 36edd93c00b23938fd8e8672a721ce0d from resource manager with leader id 00000000000000000000000000000000.
2025-08-11 08:56:23,048 INFO  org.apache.flink.runtime.taskexecutor.TaskExecutor           [] - Allocated slot for 4658bb68fd9ba333bc505fd6aa1ebb1b.
2025-08-11 08:56:23,049 INFO  org.apache.flink.runtime.taskexecutor.DefaultJobLeaderService [] - Add job 36edd93c00b23938fd8e8672a721ce0d for job leader monitoring.
2025-08-11 08:56:23,050 INFO  org.apache.flink.runtime.taskexecutor.DefaultJobLeaderService [] - Try to register at job manager akka.tcp://flink@localhost:6123/user/rpc/jobmanager_2 with leader id 00000000-0000-0000-0000-000000000000.
2025-08-11 08:56:23,070 INFO  org.apache.flink.runtime.taskexecutor.DefaultJobLeaderService [] - Resolved JobManager address, beginning registration
2025-08-11 08:56:23,104 INFO  org.apache.flink.runtime.taskexecutor.DefaultJobLeaderService [] - Successful registration at job manager akka.tcp://flink@localhost:6123/user/rpc/jobmanager_2 for job 36edd93c00b23938fd8e8672a721ce0d.
2025-08-11 08:56:23,105 INFO  org.apache.flink.runtime.taskexecutor.TaskExecutor           [] - Establish JobManager connection for job 36edd93c00b23938fd8e8672a721ce0d.
2025-08-11 08:56:23,107 INFO  org.apache.flink.runtime.taskexecutor.TaskExecutor           [] - Offer reserved slots to the leader of job 36edd93c00b23938fd8e8672a721ce0d.
2025-08-11 08:56:23,145 INFO  org.apache.flink.runtime.taskexecutor.slot.TaskSlotTableImpl [] - Activate slot 4658bb68fd9ba333bc505fd6aa1ebb1b.
2025-08-11 08:56:23,163 INFO  org.apache.flink.runtime.state.changelog.StateChangelogStorageLoader [] - Creating a changelog storage with name 'memory'.
2025-08-11 08:56:23,170 INFO  org.apache.flink.runtime.state.TaskExecutorChannelStateExecutorFactoryManager [] - Creating the channel state executor factory for job id 36edd93c00b23938fd8e8672a721ce0d
2025-08-11 08:56:23,175 INFO  org.apache.flink.runtime.taskexecutor.TaskExecutor           [] - Received task Source: Normal Request Source -> Simple Real Batch Processor -> Sink: Batch Validation Sink (1/1)#0 (2b449873e2bc578a411a61a9eb0f3814_cbc357ccb763df2852fee8c4fc7d55f2_0_0), deploy into slot with allocation id 4658bb68fd9ba333bc505fd6aa1ebb1b.
2025-08-11 08:56:23,176 INFO  org.apache.flink.runtime.taskmanager.Task                    [] - Source: Normal Request Source -> Simple Real Batch Processor -> Sink: Batch Validation Sink (1/1)#0 (2b449873e2bc578a411a61a9eb0f3814_cbc357ccb763df2852fee8c4fc7d55f2_0_0) switched from CREATED to DEPLOYING.
2025-08-11 08:56:23,178 INFO  org.apache.flink.runtime.taskexecutor.slot.TaskSlotTableImpl [] - Activate slot 4658bb68fd9ba333bc505fd6aa1ebb1b.
2025-08-11 08:56:23,183 INFO  org.apache.flink.runtime.taskmanager.Task                    [] - Loading JAR files for task Source: Normal Request Source -> Simple Real Batch Processor -> Sink: Batch Validation Sink (1/1)#0 (2b449873e2bc578a411a61a9eb0f3814_cbc357ccb763df2852fee8c4fc7d55f2_0_0) [DEPLOYING].
2025-08-11 08:56:23,187 INFO  org.apache.flink.runtime.blob.BlobClient                     [] - Downloading 36edd93c00b23938fd8e8672a721ce0d/p-dbb4fa55dc39d80dfea761717387493ff97ac8cd-42c65e170e64c6ac851eaec9613eecfc from localhost/127.0.0.1:29733
2025-08-11 08:56:23,244 INFO  org.apache.flink.streaming.runtime.tasks.StreamTask          [] - Using job/cluster config to configure application-defined state backend: org.apache.flink.runtime.state.hashmap.HashMapStateBackend@7f364978
2025-08-11 08:56:23,245 INFO  org.apache.flink.streaming.runtime.tasks.StreamTask          [] - Using application-defined state backend: org.apache.flink.runtime.state.hashmap.HashMapStateBackend@3a044847
2025-08-11 08:56:23,245 INFO  org.apache.flink.runtime.state.StateBackendLoader            [] - State backend loader loads the state backend as HashMapStateBackend
2025-08-11 08:56:23,250 INFO  org.apache.flink.streaming.runtime.tasks.StreamTask          [] - Using job/cluster config to configure application-defined checkpoint storage: org.apache.flink.runtime.state.storage.FileSystemCheckpointStorage@200dd9d5
2025-08-11 08:56:23,261 INFO  org.apache.flink.runtime.taskmanager.Task                    [] - Source: Normal Request Source -> Simple Real Batch Processor -> Sink: Batch Validation Sink (1/1)#0 (2b449873e2bc578a411a61a9eb0f3814_cbc357ccb763df2852fee8c4fc7d55f2_0_0) switched from DEPLOYING to INITIALIZING.
2025-08-11 08:56:23,357 INFO  com.infertuner.processors.BatchProcessor                     [] - Task 0 启动，绑定到 GPU 0，batch_size=4
2025-08-11 08:56:23,450 INFO  com.infertuner.processors.BatchProcessor                     [] - 启动 GPU 0 推理服务...
2025-08-11 08:56:23,456 INFO  com.infertuner.processors.BatchProcessor                     [] - 等待 GPU 0 服务初始化...
2025-08-11 08:56:31,457 INFO  com.infertuner.processors.BatchProcessor                     [] - ✅ GPU 0 推理服务启动成功
2025-08-11 08:56:31,457 INFO  com.infertuner.processors.BatchProcessor                     [] - GPU 0 简化攒批推理服务启动完成
2025-08-11 08:56:31,461 INFO  org.apache.flink.runtime.taskmanager.Task                    [] - Source: Normal Request Source -> Simple Real Batch Processor -> Sink: Batch Validation Sink (1/1)#0 (2b449873e2bc578a411a61a9eb0f3814_cbc357ccb763df2852fee8c4fc7d55f2_0_0) switched from INITIALIZING to RUNNING.
2025-08-11 08:56:31,468 INFO  com.infertuner.sources.BasicRequestSource                    [] - 开始生成 30 个测试请求，间隔 200ms
2025-08-11 08:56:31,469 INFO  com.infertuner.processors.BatchProcessor                     [] - GPU 0 收到请求 req_000 (第1个，批次位置1), 模拟等待600ms
2025-08-11 08:56:33,364 INFO  com.infertuner.processors.BatchProcessor                     [] - GPU 0 处理 req_000 完成: 等待=600ms, 推理=1232ms, 总延迟=1832ms
2025-08-11 08:56:33,364 INFO  com.infertuner.sinks.BatchAnalysisSink                       [] - [req_000] Batch-4 | 等待: 600ms | 处理: 1232ms | 总计: 1832ms
2025-08-11 08:56:33,365 INFO  com.infertuner.sources.BasicRequestSource                    [] - 生成请求 1/30: req_000
2025-08-11 08:56:33,565 INFO  com.infertuner.processors.BatchProcessor                     [] - GPU 0 收到请求 req_001 (第2个，批次位置2), 模拟等待400ms
2025-08-11 08:56:34,585 INFO  com.infertuner.processors.BatchProcessor                     [] - GPU 0 处理 req_001 完成: 等待=400ms, 推理=616ms, 总延迟=1016ms
2025-08-11 08:56:34,585 INFO  com.infertuner.sinks.BatchAnalysisSink                       [] - [req_001] Batch-4 | 等待: 400ms | 处理: 616ms | 总计: 1016ms
2025-08-11 08:56:34,586 INFO  com.infertuner.sources.BasicRequestSource                    [] - 生成请求 2/30: req_001
2025-08-11 08:56:34,786 INFO  com.infertuner.processors.BatchProcessor                     [] - GPU 0 收到请求 req_002 (第3个，批次位置3), 模拟等待200ms
2025-08-11 08:56:36,332 INFO  com.infertuner.processors.BatchProcessor                     [] - GPU 0 处理 req_002 完成: 等待=200ms, 推理=1343ms, 总延迟=1543ms
2025-08-11 08:56:36,332 INFO  com.infertuner.sinks.BatchAnalysisSink                       [] - [req_002] Batch-4 | 等待: 200ms | 处理: 1343ms | 总计: 1543ms
2025-08-11 08:56:36,332 INFO  com.infertuner.sources.BasicRequestSource                    [] - 生成请求 3/30: req_002
2025-08-11 08:56:36,533 INFO  com.infertuner.processors.BatchProcessor                     [] - GPU 0 收到请求 req_003 (第4个，批次位置4), 模拟等待0ms
2025-08-11 08:56:37,406 INFO  com.infertuner.processors.BatchProcessor                     [] - GPU 0 处理 req_003 完成: 等待=0ms, 推理=871ms, 总延迟=871ms
2025-08-11 08:56:37,407 INFO  com.infertuner.sinks.BatchAnalysisSink                       [] - [req_003] Batch-4 | 等待: 0ms | 处理: 871ms | 总计: 871ms
2025-08-11 08:56:37,407 INFO  com.infertuner.sources.BasicRequestSource                    [] - 生成请求 4/30: req_003
2025-08-11 08:56:37,607 INFO  com.infertuner.processors.BatchProcessor                     [] - GPU 0 收到请求 req_004 (第5个，批次位置1), 模拟等待600ms
2025-08-11 08:56:38,998 INFO  com.infertuner.processors.BatchProcessor                     [] - GPU 0 处理 req_004 完成: 等待=600ms, 推理=788ms, 总延迟=1388ms
2025-08-11 08:56:38,999 INFO  com.infertuner.sinks.BatchAnalysisSink                       [] - [req_004] Batch-4 | 等待: 600ms | 处理: 788ms | 总计: 1388ms
2025-08-11 08:56:39,002 INFO  com.infertuner.sinks.BatchAnalysisSink                       [] - === 批处理分析中期统计 ===
2025-08-11 08:56:39,002 INFO  com.infertuner.sinks.BatchAnalysisSink                       [] - 已处理: 5 请求 | 吞吐量: {:.2f} req/s
2025-08-11 08:56:39,002 INFO  com.infertuner.sinks.BatchAnalysisSink                       [] - 平均等待: {:.1f}ms | 平均处理: {:.1f}ms | 平均总延迟: {:.1f}ms
2025-08-11 08:56:39,002 INFO  com.infertuner.sinks.BatchAnalysisSink                       [] - 批大小分布:
2025-08-11 08:56:39,003 INFO  com.infertuner.sinks.BatchAnalysisSink                       [] -   Batch-4: 5 个响应
2025-08-11 08:56:39,003 INFO  com.infertuner.sinks.BatchAnalysisSink                       [] - ========================
2025-08-11 08:56:39,003 INFO  com.infertuner.sources.BasicRequestSource                    [] - 生成请求 5/30: req_004
2025-08-11 08:56:39,204 INFO  com.infertuner.processors.BatchProcessor                     [] - GPU 0 收到请求 req_005 (第6个，批次位置2), 模拟等待400ms
2025-08-11 08:56:40,228 INFO  com.infertuner.processors.BatchProcessor                     [] - GPU 0 处理 req_005 完成: 等待=400ms, 推理=621ms, 总延迟=1021ms
2025-08-11 08:56:40,228 INFO  com.infertuner.sinks.BatchAnalysisSink                       [] - [req_005] Batch-4 | 等待: 400ms | 处理: 621ms | 总计: 1021ms
2025-08-11 08:56:40,228 INFO  com.infertuner.sources.BasicRequestSource                    [] - 生成请求 6/30: req_005
2025-08-11 08:56:40,429 INFO  com.infertuner.processors.BatchProcessor                     [] - GPU 0 收到请求 req_006 (第7个，批次位置3), 模拟等待200ms
2025-08-11 08:56:42,060 INFO  com.infertuner.processors.BatchProcessor                     [] - GPU 0 处理 req_006 完成: 等待=200ms, 推理=1428ms, 总延迟=1628ms
2025-08-11 08:56:42,061 INFO  com.infertuner.sinks.BatchAnalysisSink                       [] - [req_006] Batch-4 | 等待: 200ms | 处理: 1428ms | 总计: 1628ms
2025-08-11 08:56:42,061 INFO  com.infertuner.sources.BasicRequestSource                    [] - 生成请求 7/30: req_006
2025-08-11 08:56:42,261 INFO  com.infertuner.processors.BatchProcessor                     [] - GPU 0 收到请求 req_007 (第8个，批次位置4), 模拟等待0ms
2025-08-11 08:56:42,983 INFO  com.infertuner.processors.BatchProcessor                     [] - GPU 0 处理 req_007 完成: 等待=0ms, 推理=719ms, 总延迟=719ms
2025-08-11 08:56:42,984 INFO  com.infertuner.sinks.BatchAnalysisSink                       [] - [req_007] Batch-4 | 等待: 0ms | 处理: 719ms | 总计: 719ms
2025-08-11 08:56:42,984 INFO  com.infertuner.sources.BasicRequestSource                    [] - 生成请求 8/30: req_007
2025-08-11 08:56:43,185 INFO  com.infertuner.processors.BatchProcessor                     [] - GPU 0 收到请求 req_008 (第9个，批次位置1), 模拟等待600ms
2025-08-11 08:56:44,396 INFO  com.infertuner.processors.BatchProcessor                     [] - GPU 0 处理 req_008 完成: 等待=600ms, 推理=609ms, 总延迟=1209ms
2025-08-11 08:56:44,397 INFO  com.infertuner.sinks.BatchAnalysisSink                       [] - [req_008] Batch-4 | 等待: 600ms | 处理: 609ms | 总计: 1209ms
2025-08-11 08:56:44,397 INFO  com.infertuner.sources.BasicRequestSource                    [] - 生成请求 9/30: req_008
2025-08-11 08:56:44,598 INFO  com.infertuner.processors.BatchProcessor                     [] - GPU 0 收到请求 req_009 (第10个，批次位置2), 模拟等待400ms
2025-08-11 08:56:46,480 INFO  com.infertuner.processors.BatchProcessor                     [] - GPU 0 处理 req_009 完成: 等待=400ms, 推理=1480ms, 总延迟=1880ms
2025-08-11 08:56:46,480 INFO  com.infertuner.sinks.BatchAnalysisSink                       [] - [req_009] Batch-4 | 等待: 400ms | 处理: 1480ms | 总计: 1880ms
2025-08-11 08:56:46,481 INFO  com.infertuner.sinks.BatchAnalysisSink                       [] - === 批处理分析中期统计 ===
2025-08-11 08:56:46,481 INFO  com.infertuner.sinks.BatchAnalysisSink                       [] - 已处理: 10 请求 | 吞吐量: {:.2f} req/s
2025-08-11 08:56:46,481 INFO  com.infertuner.sinks.BatchAnalysisSink                       [] - 平均等待: {:.1f}ms | 平均处理: {:.1f}ms | 平均总延迟: {:.1f}ms
2025-08-11 08:56:46,481 INFO  com.infertuner.sinks.BatchAnalysisSink                       [] - 批大小分布:
2025-08-11 08:56:46,481 INFO  com.infertuner.sinks.BatchAnalysisSink                       [] -   Batch-4: 10 个响应
2025-08-11 08:56:46,481 INFO  com.infertuner.sinks.BatchAnalysisSink                       [] - ========================
2025-08-11 08:56:46,481 INFO  com.infertuner.sources.BasicRequestSource                    [] - 生成请求 10/30: req_009
2025-08-11 08:56:46,682 INFO  com.infertuner.processors.BatchProcessor                     [] - GPU 0 收到请求 req_010 (第11个，批次位置3), 模拟等待200ms
2025-08-11 08:56:47,642 INFO  com.infertuner.processors.BatchProcessor                     [] - GPU 0 处理 req_010 完成: 等待=200ms, 推理=757ms, 总延迟=957ms
2025-08-11 08:56:47,642 INFO  com.infertuner.sinks.BatchAnalysisSink                       [] - [req_010] Batch-4 | 等待: 200ms | 处理: 757ms | 总计: 957ms
2025-08-11 08:56:47,642 INFO  com.infertuner.sources.BasicRequestSource                    [] - 生成请求 11/30: req_010
2025-08-11 08:56:47,843 INFO  com.infertuner.processors.BatchProcessor                     [] - GPU 0 收到请求 req_011 (第12个，批次位置4), 模拟等待0ms
2025-08-11 08:56:49,106 INFO  com.infertuner.processors.BatchProcessor                     [] - GPU 0 处理 req_011 完成: 等待=0ms, 推理=1260ms, 总延迟=1260ms
2025-08-11 08:56:49,106 INFO  com.infertuner.sinks.BatchAnalysisSink                       [] - [req_011] Batch-4 | 等待: 0ms | 处理: 1260ms | 总计: 1260ms
2025-08-11 08:56:49,106 INFO  com.infertuner.sources.BasicRequestSource                    [] - 生成请求 12/30: req_011
2025-08-11 08:56:49,307 INFO  com.infertuner.processors.BatchProcessor                     [] - GPU 0 收到请求 req_012 (第13个，批次位置1), 模拟等待600ms
2025-08-11 08:56:51,138 INFO  com.infertuner.processors.BatchProcessor                     [] - GPU 0 处理 req_012 完成: 等待=600ms, 推理=1229ms, 总延迟=1829ms
2025-08-11 08:56:51,139 INFO  com.infertuner.sinks.BatchAnalysisSink                       [] - [req_012] Batch-4 | 等待: 600ms | 处理: 1229ms | 总计: 1829ms
2025-08-11 08:56:51,139 INFO  com.infertuner.sources.BasicRequestSource                    [] - 生成请求 13/30: req_012
2025-08-11 08:56:51,340 INFO  com.infertuner.processors.BatchProcessor                     [] - GPU 0 收到请求 req_013 (第14个，批次位置2), 模拟等待400ms
2025-08-11 08:56:53,266 INFO  com.infertuner.processors.BatchProcessor                     [] - GPU 0 处理 req_013 完成: 等待=400ms, 推理=1524ms, 总延迟=1924ms
2025-08-11 08:56:53,267 INFO  com.infertuner.sinks.BatchAnalysisSink                       [] - [req_013] Batch-4 | 等待: 400ms | 处理: 1524ms | 总计: 1924ms
2025-08-11 08:56:53,267 INFO  com.infertuner.sources.BasicRequestSource                    [] - 生成请求 14/30: req_013
2025-08-11 08:56:53,468 INFO  com.infertuner.processors.BatchProcessor                     [] - GPU 0 收到请求 req_014 (第15个，批次位置3), 模拟等待200ms
2025-08-11 08:56:54,740 INFO  com.infertuner.processors.BatchProcessor                     [] - GPU 0 处理 req_014 完成: 等待=200ms, 推理=1070ms, 总延迟=1270ms
2025-08-11 08:56:54,741 INFO  com.infertuner.sinks.BatchAnalysisSink                       [] - [req_014] Batch-4 | 等待: 200ms | 处理: 1070ms | 总计: 1270ms
2025-08-11 08:56:54,741 INFO  com.infertuner.sinks.BatchAnalysisSink                       [] - === 批处理分析中期统计 ===
2025-08-11 08:56:54,741 INFO  com.infertuner.sinks.BatchAnalysisSink                       [] - 已处理: 15 请求 | 吞吐量: {:.2f} req/s
2025-08-11 08:56:54,741 INFO  com.infertuner.sinks.BatchAnalysisSink                       [] - 平均等待: {:.1f}ms | 平均处理: {:.1f}ms | 平均总延迟: {:.1f}ms
2025-08-11 08:56:54,742 INFO  com.infertuner.sinks.BatchAnalysisSink                       [] - 批大小分布:
2025-08-11 08:56:54,742 INFO  com.infertuner.sinks.BatchAnalysisSink                       [] -   Batch-4: 15 个响应
2025-08-11 08:56:54,742 INFO  com.infertuner.sinks.BatchAnalysisSink                       [] - ========================
2025-08-11 08:56:54,742 INFO  com.infertuner.sources.BasicRequestSource                    [] - 生成请求 15/30: req_014
2025-08-11 08:56:54,944 INFO  com.infertuner.processors.BatchProcessor                     [] - GPU 0 收到请求 req_015 (第16个，批次位置4), 模拟等待0ms
2025-08-11 08:56:55,780 INFO  com.infertuner.processors.BatchProcessor                     [] - GPU 0 处理 req_015 完成: 等待=0ms, 推理=834ms, 总延迟=834ms
2025-08-11 08:56:55,781 INFO  com.infertuner.sinks.BatchAnalysisSink                       [] - [req_015] Batch-4 | 等待: 0ms | 处理: 834ms | 总计: 834ms
2025-08-11 08:56:55,781 INFO  com.infertuner.sources.BasicRequestSource                    [] - 生成请求 16/30: req_015
2025-08-11 08:56:55,982 INFO  com.infertuner.processors.BatchProcessor                     [] - GPU 0 收到请求 req_016 (第17个，批次位置1), 模拟等待600ms
2025-08-11 08:56:57,204 INFO  com.infertuner.processors.BatchProcessor                     [] - GPU 0 处理 req_016 完成: 等待=600ms, 推理=620ms, 总延迟=1220ms
2025-08-11 08:56:57,204 INFO  com.infertuner.sinks.BatchAnalysisSink                       [] - [req_016] Batch-4 | 等待: 600ms | 处理: 620ms | 总计: 1220ms
2025-08-11 08:56:57,204 INFO  com.infertuner.sources.BasicRequestSource                    [] - 生成请求 17/30: req_016
2025-08-11 08:56:57,405 INFO  com.infertuner.processors.BatchProcessor                     [] - GPU 0 收到请求 req_017 (第18个，批次位置2), 模拟等待400ms
2025-08-11 08:56:59,186 INFO  com.infertuner.processors.BatchProcessor                     [] - GPU 0 处理 req_017 完成: 等待=400ms, 推理=1379ms, 总延迟=1779ms
2025-08-11 08:56:59,186 INFO  com.infertuner.sinks.BatchAnalysisSink                       [] - [req_017] Batch-4 | 等待: 400ms | 处理: 1379ms | 总计: 1779ms
2025-08-11 08:56:59,187 INFO  com.infertuner.sources.BasicRequestSource                    [] - 生成请求 18/30: req_017
2025-08-11 08:56:59,387 INFO  com.infertuner.processors.BatchProcessor                     [] - GPU 0 收到请求 req_018 (第19个，批次位置3), 模拟等待200ms
2025-08-11 08:57:00,839 INFO  com.infertuner.processors.BatchProcessor                     [] - GPU 0 处理 req_018 完成: 等待=200ms, 推理=1249ms, 总延迟=1449ms
2025-08-11 08:57:00,840 INFO  com.infertuner.sinks.BatchAnalysisSink                       [] - [req_018] Batch-4 | 等待: 200ms | 处理: 1249ms | 总计: 1449ms
2025-08-11 08:57:00,840 INFO  com.infertuner.sources.BasicRequestSource                    [] - 生成请求 19/30: req_018
2025-08-11 08:57:01,040 INFO  com.infertuner.processors.BatchProcessor                     [] - GPU 0 收到请求 req_019 (第20个，批次位置4), 模拟等待0ms
2025-08-11 08:57:01,616 INFO  com.infertuner.processors.BatchProcessor                     [] - GPU 0 处理 req_019 完成: 等待=0ms, 推理=574ms, 总延迟=574ms
2025-08-11 08:57:01,617 INFO  com.infertuner.sinks.BatchAnalysisSink                       [] - [req_019] Batch-4 | 等待: 0ms | 处理: 574ms | 总计: 574ms
2025-08-11 08:57:01,617 INFO  com.infertuner.sinks.BatchAnalysisSink                       [] - === 批处理分析中期统计 ===
2025-08-11 08:57:01,617 INFO  com.infertuner.sinks.BatchAnalysisSink                       [] - 已处理: 20 请求 | 吞吐量: {:.2f} req/s
2025-08-11 08:57:01,617 INFO  com.infertuner.sinks.BatchAnalysisSink                       [] - 平均等待: {:.1f}ms | 平均处理: {:.1f}ms | 平均总延迟: {:.1f}ms
2025-08-11 08:57:01,617 INFO  com.infertuner.sinks.BatchAnalysisSink                       [] - 批大小分布:
2025-08-11 08:57:01,617 INFO  com.infertuner.sinks.BatchAnalysisSink                       [] -   Batch-4: 20 个响应
2025-08-11 08:57:01,617 INFO  com.infertuner.sinks.BatchAnalysisSink                       [] - ========================
2025-08-11 08:57:01,618 INFO  com.infertuner.sources.BasicRequestSource                    [] - 生成请求 20/30: req_019
2025-08-11 08:57:01,818 INFO  com.infertuner.processors.BatchProcessor                     [] - GPU 0 收到请求 req_020 (第21个，批次位置1), 模拟等待600ms
2025-08-11 08:57:03,317 INFO  com.infertuner.processors.BatchProcessor                     [] - GPU 0 处理 req_020 完成: 等待=600ms, 推理=896ms, 总延迟=1496ms
2025-08-11 08:57:03,317 INFO  com.infertuner.sinks.BatchAnalysisSink                       [] - [req_020] Batch-4 | 等待: 600ms | 处理: 896ms | 总计: 1496ms
2025-08-11 08:57:03,317 INFO  com.infertuner.sources.BasicRequestSource                    [] - 生成请求 21/30: req_020
2025-08-11 08:57:03,518 INFO  com.infertuner.processors.BatchProcessor                     [] - GPU 0 收到请求 req_021 (第22个，批次位置2), 模拟等待400ms
2025-08-11 08:57:05,079 INFO  com.infertuner.processors.BatchProcessor                     [] - GPU 0 处理 req_021 完成: 等待=400ms, 推理=1159ms, 总延迟=1559ms
2025-08-11 08:57:05,079 INFO  com.infertuner.sinks.BatchAnalysisSink                       [] - [req_021] Batch-4 | 等待: 400ms | 处理: 1159ms | 总计: 1559ms
2025-08-11 08:57:05,080 INFO  com.infertuner.sources.BasicRequestSource                    [] - 生成请求 22/30: req_021
2025-08-11 08:57:05,280 INFO  com.infertuner.processors.BatchProcessor                     [] - GPU 0 收到请求 req_022 (第23个，批次位置3), 模拟等待200ms
2025-08-11 08:57:06,059 INFO  com.infertuner.processors.BatchProcessor                     [] - GPU 0 处理 req_022 完成: 等待=200ms, 推理=576ms, 总延迟=776ms
2025-08-11 08:57:06,060 INFO  com.infertuner.sinks.BatchAnalysisSink                       [] - [req_022] Batch-4 | 等待: 200ms | 处理: 576ms | 总计: 776ms
2025-08-11 08:57:06,060 INFO  com.infertuner.sources.BasicRequestSource                    [] - 生成请求 23/30: req_022
2025-08-11 08:57:06,260 INFO  com.infertuner.processors.BatchProcessor                     [] - GPU 0 收到请求 req_023 (第24个，批次位置4), 模拟等待0ms
2025-08-11 08:57:07,685 INFO  com.infertuner.processors.BatchProcessor                     [] - GPU 0 处理 req_023 完成: 等待=0ms, 推理=1422ms, 总延迟=1422ms
2025-08-11 08:57:07,685 INFO  com.infertuner.sinks.BatchAnalysisSink                       [] - [req_023] Batch-4 | 等待: 0ms | 处理: 1422ms | 总计: 1422ms
2025-08-11 08:57:07,685 INFO  com.infertuner.sources.BasicRequestSource                    [] - 生成请求 24/30: req_023
2025-08-11 08:57:07,886 INFO  com.infertuner.processors.BatchProcessor                     [] - GPU 0 收到请求 req_024 (第25个，批次位置1), 模拟等待600ms
2025-08-11 08:57:09,310 INFO  com.infertuner.processors.BatchProcessor                     [] - GPU 0 处理 req_024 完成: 等待=600ms, 推理=821ms, 总延迟=1421ms
2025-08-11 08:57:09,310 INFO  com.infertuner.sinks.BatchAnalysisSink                       [] - [req_024] Batch-4 | 等待: 600ms | 处理: 821ms | 总计: 1421ms
2025-08-11 08:57:09,310 INFO  com.infertuner.sinks.BatchAnalysisSink                       [] - === 批处理分析中期统计 ===
2025-08-11 08:57:09,310 INFO  com.infertuner.sinks.BatchAnalysisSink                       [] - 已处理: 25 请求 | 吞吐量: {:.2f} req/s
2025-08-11 08:57:09,310 INFO  com.infertuner.sinks.BatchAnalysisSink                       [] - 平均等待: {:.1f}ms | 平均处理: {:.1f}ms | 平均总延迟: {:.1f}ms
2025-08-11 08:57:09,310 INFO  com.infertuner.sinks.BatchAnalysisSink                       [] - 批大小分布:
2025-08-11 08:57:09,311 INFO  com.infertuner.sinks.BatchAnalysisSink                       [] -   Batch-4: 25 个响应
2025-08-11 08:57:09,311 INFO  com.infertuner.sinks.BatchAnalysisSink                       [] - ========================
2025-08-11 08:57:09,317 INFO  com.infertuner.sinks.BatchAnalysisSink                       [] - 批处理分析报告已保存: results/batch_analysis/batch_analysis_1754902629311.csv
2025-08-11 08:57:09,318 INFO  com.infertuner.sinks.BatchAnalysisSink                       [] - === 批处理分析最终统计 ===
2025-08-11 08:57:09,318 INFO  com.infertuner.sinks.BatchAnalysisSink                       [] - 处理请求数: 25
2025-08-11 08:57:09,318 INFO  com.infertuner.sinks.BatchAnalysisSink                       [] - 等待=312ms
2025-08-11 08:57:09,318 INFO  com.infertuner.sinks.BatchAnalysisSink                       [] - 总延迟=1315ms
2025-08-11 08:57:09,318 INFO  com.infertuner.sinks.BatchAnalysisSink                       [] - 吞吐量={:.2f}req/s
2025-08-11 08:57:09,318 INFO  com.infertuner.sinks.BatchAnalysisSink                       [] - 执行时间={:.2f}s
2025-08-11 08:57:09,318 INFO  com.infertuner.sinks.BatchAnalysisSink                       [] - ==============================
2025-08-11 08:57:09,318 INFO  com.infertuner.sources.BasicRequestSource                    [] - 生成请求 25/30: req_024
2025-08-11 08:57:09,520 INFO  com.infertuner.processors.BatchProcessor                     [] - GPU 0 收到请求 req_025 (第26个，批次位置2), 模拟等待400ms
2025-08-11 08:57:11,056 INFO  com.infertuner.processors.BatchProcessor                     [] - GPU 0 处理 req_025 完成: 等待=400ms, 推理=1132ms, 总延迟=1532ms
2025-08-11 08:57:11,057 INFO  com.infertuner.sinks.BatchAnalysisSink                       [] - [req_025] Batch-4 | 等待: 400ms | 处理: 1132ms | 总计: 1532ms
2025-08-11 08:57:11,059 INFO  com.infertuner.sinks.BatchAnalysisSink                       [] - 批处理分析报告已保存: results/batch_analysis/batch_analysis_1754902631057.csv
2025-08-11 08:57:11,059 INFO  com.infertuner.sinks.BatchAnalysisSink                       [] - === 批处理分析最终统计 ===
2025-08-11 08:57:11,059 INFO  com.infertuner.sinks.BatchAnalysisSink                       [] - 处理请求数: 26
2025-08-11 08:57:11,059 INFO  com.infertuner.sinks.BatchAnalysisSink                       [] - 等待=315ms
2025-08-11 08:57:11,059 INFO  com.infertuner.sinks.BatchAnalysisSink                       [] - 总延迟=1323ms
2025-08-11 08:57:11,059 INFO  com.infertuner.sinks.BatchAnalysisSink                       [] - 吞吐量={:.2f}req/s
2025-08-11 08:57:11,059 INFO  com.infertuner.sinks.BatchAnalysisSink                       [] - 执行时间={:.2f}s
2025-08-11 08:57:11,059 INFO  com.infertuner.sinks.BatchAnalysisSink                       [] - ==============================
2025-08-11 08:57:11,059 INFO  com.infertuner.sources.BasicRequestSource                    [] - 生成请求 26/30: req_025
2025-08-11 08:57:11,260 INFO  com.infertuner.processors.BatchProcessor                     [] - GPU 0 收到请求 req_026 (第27个，批次位置3), 模拟等待200ms
2025-08-11 08:57:12,658 INFO  com.infertuner.processors.BatchProcessor                     [] - GPU 0 处理 req_026 完成: 等待=200ms, 推理=1196ms, 总延迟=1396ms
2025-08-11 08:57:12,659 INFO  com.infertuner.sinks.BatchAnalysisSink                       [] - [req_026] Batch-4 | 等待: 200ms | 处理: 1196ms | 总计: 1396ms
2025-08-11 08:57:12,661 INFO  com.infertuner.sinks.BatchAnalysisSink                       [] - 批处理分析报告已保存: results/batch_analysis/batch_analysis_1754902632659.csv
2025-08-11 08:57:12,661 INFO  com.infertuner.sinks.BatchAnalysisSink                       [] - === 批处理分析最终统计 ===
2025-08-11 08:57:12,661 INFO  com.infertuner.sinks.BatchAnalysisSink                       [] - 处理请求数: 27
2025-08-11 08:57:12,661 INFO  com.infertuner.sinks.BatchAnalysisSink                       [] - 等待=311ms
2025-08-11 08:57:12,661 INFO  com.infertuner.sinks.BatchAnalysisSink                       [] - 总延迟=1326ms
2025-08-11 08:57:12,661 INFO  com.infertuner.sinks.BatchAnalysisSink                       [] - 吞吐量={:.2f}req/s
2025-08-11 08:57:12,661 INFO  com.infertuner.sinks.BatchAnalysisSink                       [] - 执行时间={:.2f}s
2025-08-11 08:57:12,661 INFO  com.infertuner.sinks.BatchAnalysisSink                       [] - ==============================
2025-08-11 08:57:12,661 INFO  com.infertuner.sources.BasicRequestSource                    [] - 生成请求 27/30: req_026
2025-08-11 08:57:12,862 INFO  com.infertuner.processors.BatchProcessor                     [] - GPU 0 收到请求 req_027 (第28个，批次位置4), 模拟等待0ms
2025-08-11 08:57:14,081 INFO  com.infertuner.processors.BatchProcessor                     [] - GPU 0 处理 req_027 完成: 等待=0ms, 推理=1217ms, 总延迟=1217ms
2025-08-11 08:57:14,081 INFO  com.infertuner.sinks.BatchAnalysisSink                       [] - [req_027] Batch-4 | 等待: 0ms | 处理: 1217ms | 总计: 1217ms
2025-08-11 08:57:14,082 INFO  com.infertuner.sinks.BatchAnalysisSink                       [] - 批处理分析报告已保存: results/batch_analysis/batch_analysis_1754902634081.csv
2025-08-11 08:57:14,082 INFO  com.infertuner.sinks.BatchAnalysisSink                       [] - === 批处理分析最终统计 ===
2025-08-11 08:57:14,082 INFO  com.infertuner.sinks.BatchAnalysisSink                       [] - 处理请求数: 28
2025-08-11 08:57:14,082 INFO  com.infertuner.sinks.BatchAnalysisSink                       [] - 等待=300ms
2025-08-11 08:57:14,082 INFO  com.infertuner.sinks.BatchAnalysisSink                       [] - 总延迟=1322ms
2025-08-11 08:57:14,082 INFO  com.infertuner.sinks.BatchAnalysisSink                       [] - 吞吐量={:.2f}req/s
2025-08-11 08:57:14,082 INFO  com.infertuner.sinks.BatchAnalysisSink                       [] - 执行时间={:.2f}s
2025-08-11 08:57:14,082 INFO  com.infertuner.sinks.BatchAnalysisSink                       [] - ==============================
2025-08-11 08:57:14,082 INFO  com.infertuner.sources.BasicRequestSource                    [] - 生成请求 28/30: req_027
2025-08-11 08:57:14,283 INFO  com.infertuner.processors.BatchProcessor                     [] - GPU 0 收到请求 req_028 (第29个，批次位置1), 模拟等待600ms
2025-08-11 08:57:16,159 INFO  com.infertuner.processors.BatchProcessor                     [] - GPU 0 处理 req_028 完成: 等待=600ms, 推理=1273ms, 总延迟=1873ms
2025-08-11 08:57:16,159 INFO  com.infertuner.sinks.BatchAnalysisSink                       [] - [req_028] Batch-4 | 等待: 600ms | 处理: 1273ms | 总计: 1873ms
2025-08-11 08:57:16,161 INFO  com.infertuner.sinks.BatchAnalysisSink                       [] - 批处理分析报告已保存: results/batch_analysis/batch_analysis_1754902636159.csv
2025-08-11 08:57:16,162 INFO  com.infertuner.sinks.BatchAnalysisSink                       [] - === 批处理分析最终统计 ===
2025-08-11 08:57:16,162 INFO  com.infertuner.sinks.BatchAnalysisSink                       [] - 处理请求数: 29
2025-08-11 08:57:16,162 INFO  com.infertuner.sinks.BatchAnalysisSink                       [] - 等待=310ms
2025-08-11 08:57:16,162 INFO  com.infertuner.sinks.BatchAnalysisSink                       [] - 总延迟=1341ms
2025-08-11 08:57:16,162 INFO  com.infertuner.sinks.BatchAnalysisSink                       [] - 吞吐量={:.2f}req/s
2025-08-11 08:57:16,162 INFO  com.infertuner.sinks.BatchAnalysisSink                       [] - 执行时间={:.2f}s
2025-08-11 08:57:16,162 INFO  com.infertuner.sinks.BatchAnalysisSink                       [] - ==============================
2025-08-11 08:57:16,162 INFO  com.infertuner.sources.BasicRequestSource                    [] - 生成请求 29/30: req_028
2025-08-11 08:57:16,362 INFO  com.infertuner.processors.BatchProcessor                     [] - GPU 0 收到请求 req_029 (第30个，批次位置2), 模拟等待400ms
2025-08-11 08:57:17,629 INFO  com.infertuner.processors.BatchProcessor                     [] - GPU 0 处理 req_029 完成: 等待=400ms, 推理=864ms, 总延迟=1264ms
2025-08-11 08:57:17,629 INFO  com.infertuner.sinks.BatchAnalysisSink                       [] - [req_029] Batch-4 | 等待: 400ms | 处理: 864ms | 总计: 1264ms
2025-08-11 08:57:17,630 INFO  com.infertuner.sinks.BatchAnalysisSink                       [] - === 批处理分析中期统计 ===
2025-08-11 08:57:17,630 INFO  com.infertuner.sinks.BatchAnalysisSink                       [] - 已处理: 30 请求 | 吞吐量: {:.2f} req/s
2025-08-11 08:57:17,630 INFO  com.infertuner.sinks.BatchAnalysisSink                       [] - 平均等待: {:.1f}ms | 平均处理: {:.1f}ms | 平均总延迟: {:.1f}ms
2025-08-11 08:57:17,630 INFO  com.infertuner.sinks.BatchAnalysisSink                       [] - 批大小分布:
2025-08-11 08:57:17,630 INFO  com.infertuner.sinks.BatchAnalysisSink                       [] -   Batch-4: 30 个响应
2025-08-11 08:57:17,630 INFO  com.infertuner.sinks.BatchAnalysisSink                       [] - ========================
2025-08-11 08:57:17,631 INFO  com.infertuner.sinks.BatchAnalysisSink                       [] - 批处理分析报告已保存: results/batch_analysis/batch_analysis_1754902637630.csv
2025-08-11 08:57:17,632 INFO  com.infertuner.sinks.BatchAnalysisSink                       [] - === 批处理分析最终统计 ===
2025-08-11 08:57:17,632 INFO  com.infertuner.sinks.BatchAnalysisSink                       [] - 处理请求数: 30
2025-08-11 08:57:17,632 INFO  com.infertuner.sinks.BatchAnalysisSink                       [] - 等待=313ms
2025-08-11 08:57:17,632 INFO  com.infertuner.sinks.BatchAnalysisSink                       [] - 总延迟=1339ms
2025-08-11 08:57:17,632 INFO  com.infertuner.sinks.BatchAnalysisSink                       [] - 吞吐量={:.2f}req/s
2025-08-11 08:57:17,632 INFO  com.infertuner.sinks.BatchAnalysisSink                       [] - 执行时间={:.2f}s
2025-08-11 08:57:17,632 INFO  com.infertuner.sinks.BatchAnalysisSink                       [] - ==============================
2025-08-11 08:57:17,632 INFO  com.infertuner.sources.BasicRequestSource                    [] - 生成请求 30/30: req_029
2025-08-11 08:57:17,632 INFO  com.infertuner.sources.BasicRequestSource                    [] - 请求生成完成，共 30 个
2025-08-11 08:57:19,347 INFO  com.infertuner.processors.BatchProcessor                     [] - 关闭 GPU 0 简化攒批推理服务...
2025-08-11 08:57:20,199 INFO  com.infertuner.processors.BatchProcessor                     [] - ✅ GPU 0 简化攒批推理服务已关闭
2025-08-11 08:57:20,202 INFO  org.apache.flink.runtime.taskmanager.Task                    [] - Source: Normal Request Source -> Simple Real Batch Processor -> Sink: Batch Validation Sink (1/1)#0 (2b449873e2bc578a411a61a9eb0f3814_cbc357ccb763df2852fee8c4fc7d55f2_0_0) switched from RUNNING to FINISHED.
2025-08-11 08:57:20,202 INFO  org.apache.flink.runtime.taskmanager.Task                    [] - Freeing task resources for Source: Normal Request Source -> Simple Real Batch Processor -> Sink: Batch Validation Sink (1/1)#0 (2b449873e2bc578a411a61a9eb0f3814_cbc357ccb763df2852fee8c4fc7d55f2_0_0).
2025-08-11 08:57:20,203 INFO  org.apache.flink.runtime.taskexecutor.TaskExecutor           [] - Un-registering task and sending final execution state FINISHED to JobManager for task Source: Normal Request Source -> Simple Real Batch Processor -> Sink: Batch Validation Sink (1/1)#0 2b449873e2bc578a411a61a9eb0f3814_cbc357ccb763df2852fee8c4fc7d55f2_0_0.
2025-08-11 08:57:20,261 INFO  org.apache.flink.runtime.taskexecutor.slot.TaskSlotTableImpl [] - Free slot TaskSlot(index:0, state:ACTIVE, resource profile: ResourceProfile{cpuCores=1, taskHeapMemory=364.800mb (382520517 bytes), taskOffHeapMemory=0 bytes, managedMemory=343.040mb (359703515 bytes), networkMemory=85.760mb (89925878 bytes)}, allocationId: 4658bb68fd9ba333bc505fd6aa1ebb1b, jobId: 36edd93c00b23938fd8e8672a721ce0d).
2025-08-11 08:57:20,264 INFO  org.apache.flink.runtime.taskexecutor.DefaultJobLeaderService [] - Remove job 36edd93c00b23938fd8e8672a721ce0d from job leader monitoring.
2025-08-11 08:57:20,264 INFO  org.apache.flink.runtime.taskexecutor.TaskExecutor           [] - Close JobManager connection for job 36edd93c00b23938fd8e8672a721ce0d.
