2025-08-11 08:54:33,435 INFO  org.apache.flink.runtime.taskexecutor.TaskManagerRunner      [] - --------------------------------------------------------------------------------
2025-08-11 08:54:33,436 INFO  org.apache.flink.runtime.taskexecutor.TaskManagerRunner      [] -  Preconfiguration: 
2025-08-11 08:54:33,437 INFO  org.apache.flink.runtime.taskexecutor.TaskManagerRunner      [] - 


RESOURCE_PARAMS extraction logs:
jvm_params: -Xmx1664299798 -Xms1664299798 -XX:MaxDirectMemorySize=493921243 -XX:MaxMetaspaceSize=268435456
dynamic_configs: -D taskmanager.memory.network.min=359703515b -D taskmanager.cpu.cores=4.0 -D taskmanager.memory.task.off-heap.size=0b -D taskmanager.memory.jvm-metaspace.size=268435456b -D external-resources=none -D taskmanager.memory.jvm-overhead.min=429496736b -D taskmanager.memory.framework.off-heap.size=134217728b -D taskmanager.memory.network.max=359703515b -D taskmanager.memory.framework.heap.size=134217728b -D taskmanager.memory.managed.size=1438814063b -D taskmanager.memory.task.heap.size=1530082070b -D taskmanager.numberOfTaskSlots=4 -D taskmanager.memory.jvm-overhead.max=429496736b
logs: WARNING: sun.reflect.Reflection.getCallerClass is not supported. This will impact performance.
INFO  [] - Loading configuration property: taskmanager.memory.process.size, 4096m
INFO  [] - Loading configuration property: env.java.opts.jobmanager, -Dfile.encoding=UTF-8 -Dsun.jnu.encoding=UTF-8
INFO  [] - Loading configuration property: taskmanager.bind-host, localhost
INFO  [] - Loading configuration property: env.java.opts, -Dfile.encoding=UTF-8 -Dsun.jnu.encoding=UTF-8
INFO  [] - Loading configuration property: jobmanager.rpc.address, localhost
INFO  [] - Loading configuration property: jobmanager.memory.process.size, 2048m
INFO  [] - Loading configuration property: jobmanager.rpc.port, 6123
INFO  [] - Loading configuration property: rest.bind-address, 0.0.0.0
INFO  [] - Loading configuration property: rest.port, 8081
INFO  [] - Loading configuration property: execution.checkpointing.interval, 30s
INFO  [] - Loading configuration property: jobmanager.bind-host, localhost
INFO  [] - Loading configuration property: parallelism.default, 1
INFO  [] - Loading configuration property: taskmanager.numberOfTaskSlots, 4
INFO  [] - Loading configuration property: taskmanager.memory.managed.fraction, 0.4
INFO  [] - Loading configuration property: rest.address, 0.0.0.0
INFO  [] - Loading configuration property: cluster.evenly-spread-out-slots, true
INFO  [] - Loading configuration property: state.backend, filesystem
INFO  [] - Loading configuration property: execution.checkpointing.min-pause, 5s
INFO  [] - Loading configuration property: jobmanager.memory.jvm-metaspace.size, 256m
INFO  [] - Loading configuration property: env.java.opts.taskmanager, -Dfile.encoding=UTF-8 -Dsun.jnu.encoding=UTF-8
INFO  [] - Loading configuration property: state.checkpoints.dir, file:///workspace/logs/flink-checkpoints
INFO  [] - Final TaskExecutor Memory configuration:
INFO  [] -   Total Process Memory:          4.000gb (4294967296 bytes)
INFO  [] -     Total Flink Memory:          3.350gb (3597035104 bytes)
INFO  [] -       Total JVM Heap Memory:     1.550gb (1664299798 bytes)
INFO  [] -         Framework:               128.000mb (134217728 bytes)
INFO  [] -         Task:                    1.425gb (1530082070 bytes)
INFO  [] -       Total Off-heap Memory:     1.800gb (1932735306 bytes)
INFO  [] -         Managed:                 1.340gb (1438814063 bytes)
INFO  [] -         Total JVM Direct Memory: 471.040mb (493921243 bytes)
INFO  [] -           Framework:             128.000mb (134217728 bytes)
INFO  [] -           Task:                  0 bytes
INFO  [] -           Network:               343.040mb (359703515 bytes)
INFO  [] -     JVM Metaspace:               256.000mb (268435456 bytes)
INFO  [] -     JVM Overhead:                409.600mb (429496736 bytes)

2025-08-11 08:54:33,437 INFO  org.apache.flink.runtime.taskexecutor.TaskManagerRunner      [] - --------------------------------------------------------------------------------
2025-08-11 08:54:33,437 INFO  org.apache.flink.runtime.taskexecutor.TaskManagerRunner      [] -  Starting TaskManager (Version: 1.17.0, Scala: 2.12, Rev:69ecda0, Date:2023-03-17T10:30:06+01:00)
2025-08-11 08:54:33,437 INFO  org.apache.flink.runtime.taskexecutor.TaskManagerRunner      [] -  OS current user: root
2025-08-11 08:54:33,437 INFO  org.apache.flink.runtime.taskexecutor.TaskManagerRunner      [] -  Current Hadoop/Kerberos user: <no hadoop dependency found>
2025-08-11 08:54:33,437 INFO  org.apache.flink.runtime.taskexecutor.TaskManagerRunner      [] -  JVM: OpenJDK 64-Bit Server VM - Ubuntu - 11/11.0.28+6-post-Ubuntu-1ubuntu122.04.1
2025-08-11 08:54:33,437 INFO  org.apache.flink.runtime.taskexecutor.TaskManagerRunner      [] -  Arch: amd64
2025-08-11 08:54:33,437 INFO  org.apache.flink.runtime.taskexecutor.TaskManagerRunner      [] -  Maximum heap size: 1588 MiBytes
2025-08-11 08:54:33,437 INFO  org.apache.flink.runtime.taskexecutor.TaskManagerRunner      [] -  JAVA_HOME: /usr/lib/jvm/java-11-openjdk-amd64
2025-08-11 08:54:33,437 INFO  org.apache.flink.runtime.taskexecutor.TaskManagerRunner      [] -  No Hadoop Dependency available
2025-08-11 08:54:33,437 INFO  org.apache.flink.runtime.taskexecutor.TaskManagerRunner      [] -  JVM Options:
2025-08-11 08:54:33,438 INFO  org.apache.flink.runtime.taskexecutor.TaskManagerRunner      [] -     -Xmx1664299798
2025-08-11 08:54:33,438 INFO  org.apache.flink.runtime.taskexecutor.TaskManagerRunner      [] -     -Xms1664299798
2025-08-11 08:54:33,438 INFO  org.apache.flink.runtime.taskexecutor.TaskManagerRunner      [] -     -XX:MaxDirectMemorySize=493921243
2025-08-11 08:54:33,438 INFO  org.apache.flink.runtime.taskexecutor.TaskManagerRunner      [] -     -XX:MaxMetaspaceSize=268435456
2025-08-11 08:54:33,438 INFO  org.apache.flink.runtime.taskexecutor.TaskManagerRunner      [] -     -Dfile.encoding=UTF-8
2025-08-11 08:54:33,438 INFO  org.apache.flink.runtime.taskexecutor.TaskManagerRunner      [] -     -Dsun.jnu.encoding=UTF-8
2025-08-11 08:54:33,438 INFO  org.apache.flink.runtime.taskexecutor.TaskManagerRunner      [] -     -Dfile.encoding=UTF-8
2025-08-11 08:54:33,438 INFO  org.apache.flink.runtime.taskexecutor.TaskManagerRunner      [] -     -Dsun.jnu.encoding=UTF-8
2025-08-11 08:54:33,438 INFO  org.apache.flink.runtime.taskexecutor.TaskManagerRunner      [] -     -Dlog.file=/workspace/flink-setup/flink/log/flink--taskexecutor-0-gpu02.log
2025-08-11 08:54:33,438 INFO  org.apache.flink.runtime.taskexecutor.TaskManagerRunner      [] -     -Dlog4j.configuration=file:/workspace/flink-setup/flink/conf/log4j.properties
2025-08-11 08:54:33,438 INFO  org.apache.flink.runtime.taskexecutor.TaskManagerRunner      [] -     -Dlog4j.configurationFile=file:/workspace/flink-setup/flink/conf/log4j.properties
2025-08-11 08:54:33,438 INFO  org.apache.flink.runtime.taskexecutor.TaskManagerRunner      [] -     -Dlogback.configurationFile=file:/workspace/flink-setup/flink/conf/logback.xml
2025-08-11 08:54:33,438 INFO  org.apache.flink.runtime.taskexecutor.TaskManagerRunner      [] -  Program Arguments:
2025-08-11 08:54:33,439 INFO  org.apache.flink.runtime.taskexecutor.TaskManagerRunner      [] -     --configDir
2025-08-11 08:54:33,439 INFO  org.apache.flink.runtime.taskexecutor.TaskManagerRunner      [] -     /workspace/flink-setup/flink/conf
2025-08-11 08:54:33,440 INFO  org.apache.flink.runtime.taskexecutor.TaskManagerRunner      [] -     -D
2025-08-11 08:54:33,440 INFO  org.apache.flink.runtime.taskexecutor.TaskManagerRunner      [] -     taskmanager.memory.network.min=359703515b
2025-08-11 08:54:33,440 INFO  org.apache.flink.runtime.taskexecutor.TaskManagerRunner      [] -     -D
2025-08-11 08:54:33,440 INFO  org.apache.flink.runtime.taskexecutor.TaskManagerRunner      [] -     taskmanager.cpu.cores=4.0
2025-08-11 08:54:33,440 INFO  org.apache.flink.runtime.taskexecutor.TaskManagerRunner      [] -     -D
2025-08-11 08:54:33,440 INFO  org.apache.flink.runtime.taskexecutor.TaskManagerRunner      [] -     taskmanager.memory.task.off-heap.size=0b
2025-08-11 08:54:33,440 INFO  org.apache.flink.runtime.taskexecutor.TaskManagerRunner      [] -     -D
2025-08-11 08:54:33,440 INFO  org.apache.flink.runtime.taskexecutor.TaskManagerRunner      [] -     taskmanager.memory.jvm-metaspace.size=268435456b
2025-08-11 08:54:33,440 INFO  org.apache.flink.runtime.taskexecutor.TaskManagerRunner      [] -     -D
2025-08-11 08:54:33,440 INFO  org.apache.flink.runtime.taskexecutor.TaskManagerRunner      [] -     external-resources=none
2025-08-11 08:54:33,440 INFO  org.apache.flink.runtime.taskexecutor.TaskManagerRunner      [] -     -D
2025-08-11 08:54:33,440 INFO  org.apache.flink.runtime.taskexecutor.TaskManagerRunner      [] -     taskmanager.memory.jvm-overhead.min=429496736b
2025-08-11 08:54:33,440 INFO  org.apache.flink.runtime.taskexecutor.TaskManagerRunner      [] -     -D
2025-08-11 08:54:33,440 INFO  org.apache.flink.runtime.taskexecutor.TaskManagerRunner      [] -     taskmanager.memory.framework.off-heap.size=134217728b
2025-08-11 08:54:33,441 INFO  org.apache.flink.runtime.taskexecutor.TaskManagerRunner      [] -     -D
2025-08-11 08:54:33,441 INFO  org.apache.flink.runtime.taskexecutor.TaskManagerRunner      [] -     taskmanager.memory.network.max=359703515b
2025-08-11 08:54:33,441 INFO  org.apache.flink.runtime.taskexecutor.TaskManagerRunner      [] -     -D
2025-08-11 08:54:33,441 INFO  org.apache.flink.runtime.taskexecutor.TaskManagerRunner      [] -     taskmanager.memory.framework.heap.size=134217728b
2025-08-11 08:54:33,441 INFO  org.apache.flink.runtime.taskexecutor.TaskManagerRunner      [] -     -D
2025-08-11 08:54:33,441 INFO  org.apache.flink.runtime.taskexecutor.TaskManagerRunner      [] -     taskmanager.memory.managed.size=1438814063b
2025-08-11 08:54:33,441 INFO  org.apache.flink.runtime.taskexecutor.TaskManagerRunner      [] -     -D
2025-08-11 08:54:33,441 INFO  org.apache.flink.runtime.taskexecutor.TaskManagerRunner      [] -     taskmanager.memory.task.heap.size=1530082070b
2025-08-11 08:54:33,441 INFO  org.apache.flink.runtime.taskexecutor.TaskManagerRunner      [] -     -D
2025-08-11 08:54:33,441 INFO  org.apache.flink.runtime.taskexecutor.TaskManagerRunner      [] -     taskmanager.numberOfTaskSlots=4
2025-08-11 08:54:33,441 INFO  org.apache.flink.runtime.taskexecutor.TaskManagerRunner      [] -     -D
2025-08-11 08:54:33,442 INFO  org.apache.flink.runtime.taskexecutor.TaskManagerRunner      [] -     taskmanager.memory.jvm-overhead.max=429496736b
2025-08-11 08:54:33,442 INFO  org.apache.flink.runtime.taskexecutor.TaskManagerRunner      [] -  Classpath: /workspace/flink-setup/flink/lib/flink-cep-1.17.0.jar:/workspace/flink-setup/flink/lib/flink-connector-files-1.17.0.jar:/workspace/flink-setup/flink/lib/flink-csv-1.17.0.jar:/workspace/flink-setup/flink/lib/flink-json-1.17.0.jar:/workspace/flink-setup/flink/lib/flink-scala_2.12-1.17.0.jar:/workspace/flink-setup/flink/lib/flink-table-api-java-uber-1.17.0.jar:/workspace/flink-setup/flink/lib/flink-table-planner-loader-1.17.0.jar:/workspace/flink-setup/flink/lib/flink-table-runtime-1.17.0.jar:/workspace/flink-setup/flink/lib/log4j-1.2-api-2.17.1.jar:/workspace/flink-setup/flink/lib/log4j-api-2.17.1.jar:/workspace/flink-setup/flink/lib/log4j-core-2.17.1.jar:/workspace/flink-setup/flink/lib/log4j-slf4j-impl-2.17.1.jar:/workspace/flink-setup/flink/lib/flink-dist-1.17.0.jar::::
2025-08-11 08:54:33,442 INFO  org.apache.flink.runtime.taskexecutor.TaskManagerRunner      [] - --------------------------------------------------------------------------------
2025-08-11 08:54:33,443 INFO  org.apache.flink.runtime.taskexecutor.TaskManagerRunner      [] - Registered UNIX signal handlers for [TERM, HUP, INT]
2025-08-11 08:54:33,446 INFO  org.apache.flink.runtime.taskexecutor.TaskManagerRunner      [] - Maximum number of open file descriptors is 1048576.
2025-08-11 08:54:33,453 INFO  org.apache.flink.configuration.GlobalConfiguration           [] - Loading configuration property: taskmanager.memory.process.size, 4096m
2025-08-11 08:54:33,453 INFO  org.apache.flink.configuration.GlobalConfiguration           [] - Loading configuration property: env.java.opts.jobmanager, -Dfile.encoding=UTF-8 -Dsun.jnu.encoding=UTF-8
2025-08-11 08:54:33,453 INFO  org.apache.flink.configuration.GlobalConfiguration           [] - Loading configuration property: taskmanager.bind-host, localhost
2025-08-11 08:54:33,453 INFO  org.apache.flink.configuration.GlobalConfiguration           [] - Loading configuration property: env.java.opts, -Dfile.encoding=UTF-8 -Dsun.jnu.encoding=UTF-8
2025-08-11 08:54:33,453 INFO  org.apache.flink.configuration.GlobalConfiguration           [] - Loading configuration property: jobmanager.rpc.address, localhost
2025-08-11 08:54:33,453 INFO  org.apache.flink.configuration.GlobalConfiguration           [] - Loading configuration property: jobmanager.memory.process.size, 2048m
2025-08-11 08:54:33,453 INFO  org.apache.flink.configuration.GlobalConfiguration           [] - Loading configuration property: jobmanager.rpc.port, 6123
2025-08-11 08:54:33,454 INFO  org.apache.flink.configuration.GlobalConfiguration           [] - Loading configuration property: rest.bind-address, 0.0.0.0
2025-08-11 08:54:33,454 INFO  org.apache.flink.configuration.GlobalConfiguration           [] - Loading configuration property: rest.port, 8081
2025-08-11 08:54:33,454 INFO  org.apache.flink.configuration.GlobalConfiguration           [] - Loading configuration property: execution.checkpointing.interval, 30s
2025-08-11 08:54:33,454 INFO  org.apache.flink.configuration.GlobalConfiguration           [] - Loading configuration property: jobmanager.bind-host, localhost
2025-08-11 08:54:33,455 INFO  org.apache.flink.configuration.GlobalConfiguration           [] - Loading configuration property: parallelism.default, 1
2025-08-11 08:54:33,455 INFO  org.apache.flink.configuration.GlobalConfiguration           [] - Loading configuration property: taskmanager.numberOfTaskSlots, 4
2025-08-11 08:54:33,455 INFO  org.apache.flink.configuration.GlobalConfiguration           [] - Loading configuration property: taskmanager.memory.managed.fraction, 0.4
2025-08-11 08:54:33,455 INFO  org.apache.flink.configuration.GlobalConfiguration           [] - Loading configuration property: rest.address, 0.0.0.0
2025-08-11 08:54:33,455 INFO  org.apache.flink.configuration.GlobalConfiguration           [] - Loading configuration property: cluster.evenly-spread-out-slots, true
2025-08-11 08:54:33,455 INFO  org.apache.flink.configuration.GlobalConfiguration           [] - Loading configuration property: state.backend, filesystem
2025-08-11 08:54:33,455 INFO  org.apache.flink.configuration.GlobalConfiguration           [] - Loading configuration property: execution.checkpointing.min-pause, 5s
2025-08-11 08:54:33,455 INFO  org.apache.flink.configuration.GlobalConfiguration           [] - Loading configuration property: jobmanager.memory.jvm-metaspace.size, 256m
2025-08-11 08:54:33,455 INFO  org.apache.flink.configuration.GlobalConfiguration           [] - Loading configuration property: env.java.opts.taskmanager, -Dfile.encoding=UTF-8 -Dsun.jnu.encoding=UTF-8
2025-08-11 08:54:33,455 INFO  org.apache.flink.configuration.GlobalConfiguration           [] - Loading configuration property: state.checkpoints.dir, file:///workspace/logs/flink-checkpoints
2025-08-11 08:54:33,456 INFO  org.apache.flink.configuration.GlobalConfiguration           [] - Loading dynamic configuration property: taskmanager.memory.network.min, 359703515b
2025-08-11 08:54:33,456 INFO  org.apache.flink.configuration.GlobalConfiguration           [] - Loading dynamic configuration property: taskmanager.memory.jvm-metaspace.size, 268435456b
2025-08-11 08:54:33,456 INFO  org.apache.flink.configuration.GlobalConfiguration           [] - Loading dynamic configuration property: taskmanager.memory.task.off-heap.size, 0b
2025-08-11 08:54:33,456 INFO  org.apache.flink.configuration.GlobalConfiguration           [] - Loading dynamic configuration property: taskmanager.cpu.cores, 4.0
2025-08-11 08:54:33,456 INFO  org.apache.flink.configuration.GlobalConfiguration           [] - Loading dynamic configuration property: external-resources, none
2025-08-11 08:54:33,456 INFO  org.apache.flink.configuration.GlobalConfiguration           [] - Loading dynamic configuration property: taskmanager.memory.jvm-overhead.min, 429496736b
2025-08-11 08:54:33,456 INFO  org.apache.flink.configuration.GlobalConfiguration           [] - Loading dynamic configuration property: taskmanager.memory.framework.off-heap.size, 134217728b
2025-08-11 08:54:33,456 INFO  org.apache.flink.configuration.GlobalConfiguration           [] - Loading dynamic configuration property: taskmanager.memory.network.max, 359703515b
2025-08-11 08:54:33,456 INFO  org.apache.flink.configuration.GlobalConfiguration           [] - Loading dynamic configuration property: taskmanager.memory.framework.heap.size, 134217728b
2025-08-11 08:54:33,456 INFO  org.apache.flink.configuration.GlobalConfiguration           [] - Loading dynamic configuration property: taskmanager.memory.managed.size, 1438814063b
2025-08-11 08:54:33,456 INFO  org.apache.flink.configuration.GlobalConfiguration           [] - Loading dynamic configuration property: taskmanager.memory.task.heap.size, 1530082070b
2025-08-11 08:54:33,456 INFO  org.apache.flink.configuration.GlobalConfiguration           [] - Loading dynamic configuration property: taskmanager.numberOfTaskSlots, 4
2025-08-11 08:54:33,456 INFO  org.apache.flink.configuration.GlobalConfiguration           [] - Loading dynamic configuration property: taskmanager.memory.jvm-overhead.max, 429496736b
2025-08-11 08:54:33,493 INFO  org.apache.flink.core.fs.FileSystem                          [] - Hadoop is not in the classpath/dependencies. The extended set of supported File Systems via Hadoop is not available.
2025-08-11 08:54:33,508 INFO  org.apache.flink.core.plugin.DefaultPluginManager            [] - Plugin loader with ID not found, creating it: metrics-prometheus
2025-08-11 08:54:33,513 INFO  org.apache.flink.core.plugin.DefaultPluginManager            [] - Plugin loader with ID not found, creating it: metrics-slf4j
2025-08-11 08:54:33,513 INFO  org.apache.flink.core.plugin.DefaultPluginManager            [] - Plugin loader with ID not found, creating it: metrics-influx
2025-08-11 08:54:33,513 INFO  org.apache.flink.core.plugin.DefaultPluginManager            [] - Plugin loader with ID not found, creating it: metrics-datadog
2025-08-11 08:54:33,514 INFO  org.apache.flink.core.plugin.DefaultPluginManager            [] - Plugin loader with ID not found, creating it: external-resource-gpu
2025-08-11 08:54:33,514 INFO  org.apache.flink.core.plugin.DefaultPluginManager            [] - Plugin loader with ID not found, creating it: metrics-graphite
2025-08-11 08:54:33,514 INFO  org.apache.flink.core.plugin.DefaultPluginManager            [] - Plugin loader with ID not found, creating it: metrics-statsd
2025-08-11 08:54:33,514 INFO  org.apache.flink.core.plugin.DefaultPluginManager            [] - Plugin loader with ID not found, creating it: metrics-jmx
2025-08-11 08:54:33,532 INFO  org.apache.flink.runtime.state.changelog.StateChangelogStorageLoader [] - StateChangelogStorageLoader initialized with shortcut names {memory,filesystem}.
2025-08-11 08:54:33,533 INFO  org.apache.flink.core.plugin.DefaultPluginManager            [] - Plugin loader with ID found, reusing it: metrics-prometheus
2025-08-11 08:54:33,533 INFO  org.apache.flink.core.plugin.DefaultPluginManager            [] - Plugin loader with ID found, reusing it: metrics-slf4j
2025-08-11 08:54:33,533 INFO  org.apache.flink.core.plugin.DefaultPluginManager            [] - Plugin loader with ID found, reusing it: metrics-influx
2025-08-11 08:54:33,533 INFO  org.apache.flink.core.plugin.DefaultPluginManager            [] - Plugin loader with ID found, reusing it: metrics-datadog
2025-08-11 08:54:33,533 INFO  org.apache.flink.core.plugin.DefaultPluginManager            [] - Plugin loader with ID found, reusing it: external-resource-gpu
2025-08-11 08:54:33,533 INFO  org.apache.flink.core.plugin.DefaultPluginManager            [] - Plugin loader with ID found, reusing it: metrics-graphite
2025-08-11 08:54:33,533 INFO  org.apache.flink.core.plugin.DefaultPluginManager            [] - Plugin loader with ID found, reusing it: metrics-statsd
2025-08-11 08:54:33,533 INFO  org.apache.flink.core.plugin.DefaultPluginManager            [] - Plugin loader with ID found, reusing it: metrics-jmx
2025-08-11 08:54:33,535 INFO  org.apache.flink.runtime.state.changelog.StateChangelogStorageLoader [] - StateChangelogStorageLoader initialized with shortcut names {memory,filesystem}.
2025-08-11 08:54:33,551 INFO  org.apache.flink.runtime.security.modules.HadoopModuleFactory [] - Cannot create Hadoop Security Module because Hadoop cannot be found in the Classpath.
2025-08-11 08:54:33,565 INFO  org.apache.flink.runtime.security.modules.JaasModule         [] - Jaas file will be created as /tmp/jaas-14124552386742279215.conf.
2025-08-11 08:54:33,571 INFO  org.apache.flink.runtime.security.contexts.HadoopSecurityContextFactory [] - Cannot install HadoopSecurityContext because Hadoop cannot be found in the Classpath.
2025-08-11 08:54:33,962 INFO  org.apache.flink.runtime.util.LeaderRetrievalUtils           [] - Trying to select the network interface and address to use by connecting to the leading JobManager.
2025-08-11 08:54:33,962 INFO  org.apache.flink.runtime.util.LeaderRetrievalUtils           [] - TaskManager will try to connect for PT10S before falling back to heuristics
2025-08-11 08:54:34,204 INFO  org.apache.flink.runtime.taskexecutor.TaskManagerRunner      [] - TaskManager will use hostname/address 'gpu02' (127.0.0.1) for communication.
2025-08-11 08:54:34,240 INFO  org.apache.flink.runtime.rpc.akka.AkkaRpcServiceUtils        [] - Trying to start actor system, external address 127.0.0.1:0, bind address localhost:0.
2025-08-11 08:54:34,787 INFO  akka.event.slf4j.Slf4jLogger                                 [] - Slf4jLogger started
2025-08-11 08:54:34,823 INFO  akka.remote.RemoteActorRefProvider                           [] - Akka Cluster not in use - enabling unsafe features anyway because `akka.remote.use-unsafe-remote-features-outside-cluster` has been enabled.
2025-08-11 08:54:34,824 INFO  akka.remote.Remoting                                         [] - Starting remoting
2025-08-11 08:54:34,971 INFO  akka.remote.Remoting                                         [] - Remoting started; listening on addresses :[akka.tcp://flink@127.0.0.1:29993]
2025-08-11 08:54:35,081 INFO  org.apache.flink.runtime.rpc.akka.AkkaRpcServiceUtils        [] - Actor system started at akka.tcp://flink@127.0.0.1:29993
2025-08-11 08:54:35,097 INFO  org.apache.flink.runtime.taskexecutor.TaskManagerRunner      [] - Using working directory: WorkingDirectory(/tmp/tm_127.0.0.1:29993-3805fe)
2025-08-11 08:54:35,105 INFO  org.apache.flink.runtime.metrics.MetricRegistryImpl          [] - No metrics reporter configured, no metrics will be exposed/reported.
2025-08-11 08:54:35,108 INFO  org.apache.flink.runtime.rpc.akka.AkkaRpcServiceUtils        [] - Trying to start actor system, external address 127.0.0.1:0, bind address localhost:0.
2025-08-11 08:54:35,128 INFO  akka.event.slf4j.Slf4jLogger                                 [] - Slf4jLogger started
2025-08-11 08:54:35,134 INFO  akka.remote.RemoteActorRefProvider                           [] - Akka Cluster not in use - enabling unsafe features anyway because `akka.remote.use-unsafe-remote-features-outside-cluster` has been enabled.
2025-08-11 08:54:35,138 INFO  akka.remote.Remoting                                         [] - Starting remoting
2025-08-11 08:54:35,154 INFO  akka.remote.Remoting                                         [] - Remoting started; listening on addresses :[akka.tcp://flink-metrics@127.0.0.1:8073]
2025-08-11 08:54:35,169 INFO  org.apache.flink.runtime.rpc.akka.AkkaRpcServiceUtils        [] - Actor system started at akka.tcp://flink-metrics@127.0.0.1:8073
2025-08-11 08:54:35,184 INFO  org.apache.flink.runtime.rpc.akka.AkkaRpcService             [] - Starting RPC endpoint for org.apache.flink.runtime.metrics.dump.MetricQueryService at akka://flink-metrics/user/rpc/MetricQueryService_127.0.0.1:29993-3805fe .
2025-08-11 08:54:35,196 INFO  org.apache.flink.runtime.blob.PermanentBlobCache             [] - Created BLOB cache storage directory /tmp/tm_127.0.0.1:29993-3805fe/blobStorage
2025-08-11 08:54:35,201 INFO  org.apache.flink.runtime.blob.TransientBlobCache             [] - Created BLOB cache storage directory /tmp/tm_127.0.0.1:29993-3805fe/blobStorage
2025-08-11 08:54:35,204 INFO  org.apache.flink.runtime.externalresource.ExternalResourceUtils [] - Enabled external resources: []
2025-08-11 08:54:35,205 INFO  org.apache.flink.runtime.security.token.DelegationTokenReceiverRepository [] - Loading delegation token receivers
2025-08-11 08:54:35,209 INFO  org.apache.flink.runtime.security.token.DelegationTokenReceiverRepository [] - Delegation token receiver hadoopfs loaded and initialized
2025-08-11 08:54:35,209 INFO  org.apache.flink.runtime.security.token.DelegationTokenReceiverRepository [] - Delegation token receiver hbase loaded and initialized
2025-08-11 08:54:35,209 INFO  org.apache.flink.core.plugin.DefaultPluginManager            [] - Plugin loader with ID found, reusing it: metrics-prometheus
2025-08-11 08:54:35,209 INFO  org.apache.flink.core.plugin.DefaultPluginManager            [] - Plugin loader with ID found, reusing it: metrics-slf4j
2025-08-11 08:54:35,209 INFO  org.apache.flink.core.plugin.DefaultPluginManager            [] - Plugin loader with ID found, reusing it: metrics-influx
2025-08-11 08:54:35,210 INFO  org.apache.flink.core.plugin.DefaultPluginManager            [] - Plugin loader with ID found, reusing it: metrics-datadog
2025-08-11 08:54:35,210 INFO  org.apache.flink.core.plugin.DefaultPluginManager            [] - Plugin loader with ID found, reusing it: external-resource-gpu
2025-08-11 08:54:35,210 INFO  org.apache.flink.core.plugin.DefaultPluginManager            [] - Plugin loader with ID found, reusing it: metrics-graphite
2025-08-11 08:54:35,210 INFO  org.apache.flink.core.plugin.DefaultPluginManager            [] - Plugin loader with ID found, reusing it: metrics-statsd
2025-08-11 08:54:35,210 INFO  org.apache.flink.core.plugin.DefaultPluginManager            [] - Plugin loader with ID found, reusing it: metrics-jmx
2025-08-11 08:54:35,210 INFO  org.apache.flink.runtime.security.token.DelegationTokenReceiverRepository [] - Delegation token receivers loaded successfully
2025-08-11 08:54:35,210 INFO  org.apache.flink.runtime.taskexecutor.TaskManagerRunner      [] - Starting TaskManager with ResourceID: 127.0.0.1:29993-3805fe
2025-08-11 08:54:35,227 INFO  org.apache.flink.runtime.taskexecutor.TaskManagerServices    [] - Temporary file directory '/tmp': total 1758 GB, usable 31 GB (1.76% usable)
2025-08-11 08:54:35,230 INFO  org.apache.flink.runtime.io.disk.iomanager.IOManager         [] - Created a new FileChannelManager for spilling of task related data to disk (joins, sorting, ...). Used directories:
	/tmp/flink-io-2911afb0-74f5-4814-b288-c25811ea43aa
2025-08-11 08:54:35,237 INFO  org.apache.flink.runtime.io.network.netty.NettyConfig        [] - NettyConfig [server address: localhost/127.0.0.1, server port: 0, ssl enabled: false, memory segment size (bytes): 32768, transport type: AUTO, number of server threads: 4 (manual), number of client threads: 4 (manual), server connect backlog: 0 (use Netty's default), client connect timeout (sec): 120, send/receive buffer size (bytes): 0 (use Netty's default)]
2025-08-11 08:54:35,291 INFO  org.apache.flink.runtime.io.network.NettyShuffleServiceFactory [] - Created a new FileChannelManager for storing result partitions of BLOCKING shuffles. Used directories:
	/tmp/flink-netty-shuffle-c60fe8e5-5444-403e-8eb0-a66d3bfc0a57
2025-08-11 08:54:35,499 INFO  org.apache.flink.runtime.io.network.buffer.NetworkBufferPool [] - Allocated 343 MB for network buffer pool (number of memory segments: 10977, bytes per segment: 32768).
2025-08-11 08:54:35,510 INFO  org.apache.flink.runtime.io.network.NettyShuffleEnvironment  [] - Starting the network environment and its components.
2025-08-11 08:54:35,559 INFO  org.apache.flink.runtime.io.network.netty.NettyClient        [] - Transport type 'auto': using EPOLL.
2025-08-11 08:54:35,560 INFO  org.apache.flink.runtime.io.network.netty.NettyClient        [] - Successful initialization (took 49 ms).
2025-08-11 08:54:35,565 INFO  org.apache.flink.runtime.io.network.netty.NettyServer        [] - Transport type 'auto': using EPOLL.
2025-08-11 08:54:35,634 INFO  org.apache.flink.runtime.io.network.netty.NettyServer        [] - Successful initialization (took 72 ms). Listening on SocketAddress /127.0.0.1:28151.
2025-08-11 08:54:35,638 INFO  org.apache.flink.runtime.taskexecutor.KvStateService         [] - Starting the kvState service and its components.
2025-08-11 08:54:35,665 INFO  org.apache.flink.runtime.rpc.akka.AkkaRpcService             [] - Starting RPC endpoint for org.apache.flink.runtime.taskexecutor.TaskExecutor at akka://flink/user/rpc/taskmanager_0 .
2025-08-11 08:54:35,683 INFO  org.apache.flink.runtime.taskexecutor.DefaultJobLeaderService [] - Start job leader service.
2025-08-11 08:54:35,687 INFO  org.apache.flink.runtime.filecache.FileCache                 [] - User file cache uses directory /tmp/flink-dist-cache-b454119d-943f-4d77-9593-621fba769749
2025-08-11 08:54:35,691 INFO  org.apache.flink.runtime.taskexecutor.TaskExecutor           [] - Connecting to ResourceManager akka.tcp://flink@localhost:6123/user/rpc/resourcemanager_*(00000000000000000000000000000000).
2025-08-11 08:54:35,909 INFO  org.apache.flink.runtime.taskexecutor.TaskExecutor           [] - Resolved ResourceManager address, beginning registration
2025-08-11 08:54:36,026 INFO  org.apache.flink.runtime.taskexecutor.TaskExecutor           [] - Successful registration at resource manager akka.tcp://flink@localhost:6123/user/rpc/resourcemanager_* under registration id 78462ad504d2407fb096c192efc59874.
2025-08-11 08:54:40,911 INFO  org.apache.flink.runtime.taskexecutor.TaskExecutor           [] - Receive slot request ddeb0eca38a785eda0ffde24306f36df for job 21e6ce85e149fcdd7c6dd0cccb208755 from resource manager with leader id 00000000000000000000000000000000.
2025-08-11 08:54:40,915 INFO  org.apache.flink.runtime.taskexecutor.TaskExecutor           [] - Allocated slot for ddeb0eca38a785eda0ffde24306f36df.
2025-08-11 08:54:40,916 INFO  org.apache.flink.runtime.taskexecutor.DefaultJobLeaderService [] - Add job 21e6ce85e149fcdd7c6dd0cccb208755 for job leader monitoring.
2025-08-11 08:54:40,917 INFO  org.apache.flink.runtime.taskexecutor.DefaultJobLeaderService [] - Try to register at job manager akka.tcp://flink@localhost:6123/user/rpc/jobmanager_2 with leader id 00000000-0000-0000-0000-000000000000.
2025-08-11 08:54:40,937 INFO  org.apache.flink.runtime.taskexecutor.DefaultJobLeaderService [] - Resolved JobManager address, beginning registration
2025-08-11 08:54:40,967 INFO  org.apache.flink.runtime.taskexecutor.DefaultJobLeaderService [] - Successful registration at job manager akka.tcp://flink@localhost:6123/user/rpc/jobmanager_2 for job 21e6ce85e149fcdd7c6dd0cccb208755.
2025-08-11 08:54:40,967 INFO  org.apache.flink.runtime.taskexecutor.TaskExecutor           [] - Establish JobManager connection for job 21e6ce85e149fcdd7c6dd0cccb208755.
2025-08-11 08:54:40,969 INFO  org.apache.flink.runtime.taskexecutor.TaskExecutor           [] - Offer reserved slots to the leader of job 21e6ce85e149fcdd7c6dd0cccb208755.
2025-08-11 08:54:41,004 INFO  org.apache.flink.runtime.taskexecutor.slot.TaskSlotTableImpl [] - Activate slot ddeb0eca38a785eda0ffde24306f36df.
2025-08-11 08:54:41,018 INFO  org.apache.flink.runtime.state.changelog.StateChangelogStorageLoader [] - Creating a changelog storage with name 'memory'.
2025-08-11 08:54:41,023 INFO  org.apache.flink.runtime.state.TaskExecutorChannelStateExecutorFactoryManager [] - Creating the channel state executor factory for job id 21e6ce85e149fcdd7c6dd0cccb208755
2025-08-11 08:54:41,031 INFO  org.apache.flink.runtime.taskexecutor.TaskExecutor           [] - Received task Source: Normal Request Source -> Simple Real Batch Processor -> Sink: Batch Validation Sink (1/1)#0 (ed758feaeeac951bd1f4cc672223f4ee_cbc357ccb763df2852fee8c4fc7d55f2_0_0), deploy into slot with allocation id ddeb0eca38a785eda0ffde24306f36df.
2025-08-11 08:54:41,032 INFO  org.apache.flink.runtime.taskmanager.Task                    [] - Source: Normal Request Source -> Simple Real Batch Processor -> Sink: Batch Validation Sink (1/1)#0 (ed758feaeeac951bd1f4cc672223f4ee_cbc357ccb763df2852fee8c4fc7d55f2_0_0) switched from CREATED to DEPLOYING.
2025-08-11 08:54:41,033 INFO  org.apache.flink.runtime.taskexecutor.slot.TaskSlotTableImpl [] - Activate slot ddeb0eca38a785eda0ffde24306f36df.
2025-08-11 08:54:41,037 INFO  org.apache.flink.runtime.taskmanager.Task                    [] - Loading JAR files for task Source: Normal Request Source -> Simple Real Batch Processor -> Sink: Batch Validation Sink (1/1)#0 (ed758feaeeac951bd1f4cc672223f4ee_cbc357ccb763df2852fee8c4fc7d55f2_0_0) [DEPLOYING].
2025-08-11 08:54:41,039 INFO  org.apache.flink.runtime.blob.BlobClient                     [] - Downloading 21e6ce85e149fcdd7c6dd0cccb208755/p-bf4e789591f2ee3174547d5954b9079ce0a49105-2eeec801630a616a5debd473160f01e1 from localhost/127.0.0.1:24295
2025-08-11 08:54:41,095 INFO  org.apache.flink.streaming.runtime.tasks.StreamTask          [] - Using job/cluster config to configure application-defined state backend: org.apache.flink.runtime.state.hashmap.HashMapStateBackend@49b7b11a
2025-08-11 08:54:41,096 INFO  org.apache.flink.streaming.runtime.tasks.StreamTask          [] - Using application-defined state backend: org.apache.flink.runtime.state.hashmap.HashMapStateBackend@d9e9ac3
2025-08-11 08:54:41,096 INFO  org.apache.flink.runtime.state.StateBackendLoader            [] - State backend loader loads the state backend as HashMapStateBackend
2025-08-11 08:54:41,101 INFO  org.apache.flink.streaming.runtime.tasks.StreamTask          [] - Using job/cluster config to configure application-defined checkpoint storage: org.apache.flink.runtime.state.storage.FileSystemCheckpointStorage@200dd9d5
2025-08-11 08:54:41,111 INFO  org.apache.flink.runtime.taskmanager.Task                    [] - Source: Normal Request Source -> Simple Real Batch Processor -> Sink: Batch Validation Sink (1/1)#0 (ed758feaeeac951bd1f4cc672223f4ee_cbc357ccb763df2852fee8c4fc7d55f2_0_0) switched from DEPLOYING to INITIALIZING.
2025-08-11 08:54:41,204 INFO  com.infertuner.processors.BatchProcessor                     [] - Task 0 启动，绑定到 GPU 0，batch_size=3
2025-08-11 08:54:41,299 INFO  com.infertuner.processors.BatchProcessor                     [] - 启动 GPU 0 推理服务...
2025-08-11 08:54:41,305 INFO  com.infertuner.processors.BatchProcessor                     [] - 等待 GPU 0 服务初始化...
2025-08-11 08:54:49,306 INFO  com.infertuner.processors.BatchProcessor                     [] - ✅ GPU 0 推理服务启动成功
2025-08-11 08:54:49,307 INFO  com.infertuner.processors.BatchProcessor                     [] - GPU 0 简化攒批推理服务启动完成
2025-08-11 08:54:49,311 INFO  org.apache.flink.runtime.taskmanager.Task                    [] - Source: Normal Request Source -> Simple Real Batch Processor -> Sink: Batch Validation Sink (1/1)#0 (ed758feaeeac951bd1f4cc672223f4ee_cbc357ccb763df2852fee8c4fc7d55f2_0_0) switched from INITIALIZING to RUNNING.
2025-08-11 08:54:49,318 INFO  com.infertuner.sources.BasicRequestSource                    [] - 开始生成 30 个测试请求，间隔 200ms
2025-08-11 08:54:49,320 INFO  com.infertuner.processors.BatchProcessor                     [] - GPU 0 收到请求 req_000 (第1个，批次位置1), 模拟等待400ms
2025-08-11 08:54:50,566 INFO  com.infertuner.processors.BatchProcessor                     [] - GPU 0 处理 req_000 完成: 等待=400ms, 推理=781ms, 总延迟=1181ms
2025-08-11 08:54:50,567 INFO  com.infertuner.sinks.BatchAnalysisSink                       [] - [req_000] Batch-3 | 等待: 400ms | 处理: 781ms | 总计: 1181ms
2025-08-11 08:54:50,567 INFO  com.infertuner.sources.BasicRequestSource                    [] - 生成请求 1/30: req_000
2025-08-11 08:54:50,767 INFO  com.infertuner.processors.BatchProcessor                     [] - GPU 0 收到请求 req_001 (第2个，批次位置2), 模拟等待200ms
2025-08-11 08:54:51,847 INFO  com.infertuner.processors.BatchProcessor                     [] - GPU 0 处理 req_001 完成: 等待=200ms, 推理=876ms, 总延迟=1076ms
2025-08-11 08:54:51,848 INFO  com.infertuner.sinks.BatchAnalysisSink                       [] - [req_001] Batch-3 | 等待: 200ms | 处理: 876ms | 总计: 1076ms
2025-08-11 08:54:51,848 INFO  com.infertuner.sources.BasicRequestSource                    [] - 生成请求 2/30: req_001
2025-08-11 08:54:52,049 INFO  com.infertuner.processors.BatchProcessor                     [] - GPU 0 收到请求 req_002 (第3个，批次位置3), 模拟等待0ms
2025-08-11 08:54:52,920 INFO  com.infertuner.processors.BatchProcessor                     [] - GPU 0 处理 req_002 完成: 等待=0ms, 推理=869ms, 总延迟=869ms
2025-08-11 08:54:52,920 INFO  com.infertuner.sinks.BatchAnalysisSink                       [] - [req_002] Batch-3 | 等待: 0ms | 处理: 869ms | 总计: 869ms
2025-08-11 08:54:52,921 INFO  com.infertuner.sources.BasicRequestSource                    [] - 生成请求 3/30: req_002
2025-08-11 08:54:53,121 INFO  com.infertuner.processors.BatchProcessor                     [] - GPU 0 收到请求 req_003 (第4个，批次位置1), 模拟等待400ms
2025-08-11 08:54:54,944 INFO  com.infertuner.processors.BatchProcessor                     [] - GPU 0 处理 req_003 完成: 等待=400ms, 推理=1420ms, 总延迟=1820ms
2025-08-11 08:54:54,944 INFO  com.infertuner.sinks.BatchAnalysisSink                       [] - [req_003] Batch-3 | 等待: 400ms | 处理: 1420ms | 总计: 1820ms
2025-08-11 08:54:54,945 INFO  com.infertuner.sources.BasicRequestSource                    [] - 生成请求 4/30: req_003
2025-08-11 08:54:55,145 INFO  com.infertuner.processors.BatchProcessor                     [] - GPU 0 收到请求 req_004 (第5个，批次位置2), 模拟等待200ms
2025-08-11 08:54:56,098 INFO  com.infertuner.processors.BatchProcessor                     [] - GPU 0 处理 req_004 完成: 等待=200ms, 推理=750ms, 总延迟=950ms
2025-08-11 08:54:56,099 INFO  com.infertuner.sinks.BatchAnalysisSink                       [] - [req_004] Batch-3 | 等待: 200ms | 处理: 750ms | 总计: 950ms
2025-08-11 08:54:56,102 INFO  com.infertuner.sinks.BatchAnalysisSink                       [] - === 批处理分析中期统计 ===
2025-08-11 08:54:56,102 INFO  com.infertuner.sinks.BatchAnalysisSink                       [] - 已处理: 5 请求 | 吞吐量: {:.2f} req/s
2025-08-11 08:54:56,102 INFO  com.infertuner.sinks.BatchAnalysisSink                       [] - 平均等待: {:.1f}ms | 平均处理: {:.1f}ms | 平均总延迟: {:.1f}ms
2025-08-11 08:54:56,102 INFO  com.infertuner.sinks.BatchAnalysisSink                       [] - 批大小分布:
2025-08-11 08:54:56,103 INFO  com.infertuner.sinks.BatchAnalysisSink                       [] -   Batch-3: 5 个响应
2025-08-11 08:54:56,103 INFO  com.infertuner.sinks.BatchAnalysisSink                       [] - ========================
2025-08-11 08:54:56,103 INFO  com.infertuner.sources.BasicRequestSource                    [] - 生成请求 5/30: req_004
2025-08-11 08:54:56,304 INFO  com.infertuner.processors.BatchProcessor                     [] - GPU 0 收到请求 req_005 (第6个，批次位置3), 模拟等待0ms
2025-08-11 08:54:57,376 INFO  com.infertuner.processors.BatchProcessor                     [] - GPU 0 处理 req_005 完成: 等待=0ms, 推理=1070ms, 总延迟=1070ms
2025-08-11 08:54:57,376 INFO  com.infertuner.sinks.BatchAnalysisSink                       [] - [req_005] Batch-3 | 等待: 0ms | 处理: 1070ms | 总计: 1070ms
2025-08-11 08:54:57,376 INFO  com.infertuner.sources.BasicRequestSource                    [] - 生成请求 6/30: req_005
2025-08-11 08:54:57,577 INFO  com.infertuner.processors.BatchProcessor                     [] - GPU 0 收到请求 req_006 (第7个，批次位置1), 模拟等待400ms
2025-08-11 08:54:58,608 INFO  com.infertuner.processors.BatchProcessor                     [] - GPU 0 处理 req_006 完成: 等待=400ms, 推理=628ms, 总延迟=1028ms
2025-08-11 08:54:58,608 INFO  com.infertuner.sinks.BatchAnalysisSink                       [] - [req_006] Batch-3 | 等待: 400ms | 处理: 628ms | 总计: 1028ms
2025-08-11 08:54:58,608 INFO  com.infertuner.sources.BasicRequestSource                    [] - 生成请求 7/30: req_006
2025-08-11 08:54:58,809 INFO  com.infertuner.processors.BatchProcessor                     [] - GPU 0 收到请求 req_007 (第8个，批次位置2), 模拟等待200ms
2025-08-11 08:55:00,450 INFO  com.infertuner.processors.BatchProcessor                     [] - GPU 0 处理 req_007 完成: 等待=200ms, 推理=1439ms, 总延迟=1639ms
2025-08-11 08:55:00,451 INFO  com.infertuner.sinks.BatchAnalysisSink                       [] - [req_007] Batch-3 | 等待: 200ms | 处理: 1439ms | 总计: 1639ms
2025-08-11 08:55:00,451 INFO  com.infertuner.sources.BasicRequestSource                    [] - 生成请求 8/30: req_007
2025-08-11 08:55:00,652 INFO  com.infertuner.processors.BatchProcessor                     [] - GPU 0 收到请求 req_008 (第9个，批次位置3), 模拟等待0ms
2025-08-11 08:55:01,244 INFO  com.infertuner.processors.BatchProcessor                     [] - GPU 0 处理 req_008 完成: 等待=0ms, 推理=590ms, 总延迟=590ms
2025-08-11 08:55:01,245 INFO  com.infertuner.sinks.BatchAnalysisSink                       [] - [req_008] Batch-3 | 等待: 0ms | 处理: 590ms | 总计: 590ms
2025-08-11 08:55:01,245 INFO  com.infertuner.sources.BasicRequestSource                    [] - 生成请求 9/30: req_008
2025-08-11 08:55:01,446 INFO  com.infertuner.processors.BatchProcessor                     [] - GPU 0 收到请求 req_009 (第10个，批次位置1), 模拟等待400ms
2025-08-11 08:55:02,631 INFO  com.infertuner.processors.BatchProcessor                     [] - GPU 0 处理 req_009 完成: 等待=400ms, 推理=782ms, 总延迟=1182ms
2025-08-11 08:55:02,631 INFO  com.infertuner.sinks.BatchAnalysisSink                       [] - [req_009] Batch-3 | 等待: 400ms | 处理: 782ms | 总计: 1182ms
2025-08-11 08:55:02,631 INFO  com.infertuner.sinks.BatchAnalysisSink                       [] - === 批处理分析中期统计 ===
2025-08-11 08:55:02,631 INFO  com.infertuner.sinks.BatchAnalysisSink                       [] - 已处理: 10 请求 | 吞吐量: {:.2f} req/s
2025-08-11 08:55:02,632 INFO  com.infertuner.sinks.BatchAnalysisSink                       [] - 平均等待: {:.1f}ms | 平均处理: {:.1f}ms | 平均总延迟: {:.1f}ms
2025-08-11 08:55:02,632 INFO  com.infertuner.sinks.BatchAnalysisSink                       [] - 批大小分布:
2025-08-11 08:55:02,632 INFO  com.infertuner.sinks.BatchAnalysisSink                       [] -   Batch-3: 10 个响应
2025-08-11 08:55:02,632 INFO  com.infertuner.sinks.BatchAnalysisSink                       [] - ========================
2025-08-11 08:55:02,632 INFO  com.infertuner.sources.BasicRequestSource                    [] - 生成请求 10/30: req_009
2025-08-11 08:55:02,833 INFO  com.infertuner.processors.BatchProcessor                     [] - GPU 0 收到请求 req_010 (第11个，批次位置2), 模拟等待200ms
2025-08-11 08:55:03,918 INFO  com.infertuner.processors.BatchProcessor                     [] - GPU 0 处理 req_010 完成: 等待=200ms, 推理=883ms, 总延迟=1083ms
2025-08-11 08:55:03,919 INFO  com.infertuner.sinks.BatchAnalysisSink                       [] - [req_010] Batch-3 | 等待: 200ms | 处理: 883ms | 总计: 1083ms
2025-08-11 08:55:03,919 INFO  com.infertuner.sources.BasicRequestSource                    [] - 生成请求 11/30: req_010
2025-08-11 08:55:04,120 INFO  com.infertuner.processors.BatchProcessor                     [] - GPU 0 收到请求 req_011 (第12个，批次位置3), 模拟等待0ms
2025-08-11 08:55:04,630 INFO  com.infertuner.processors.BatchProcessor                     [] - GPU 0 处理 req_011 完成: 等待=0ms, 推理=509ms, 总延迟=509ms
2025-08-11 08:55:04,631 INFO  com.infertuner.sinks.BatchAnalysisSink                       [] - [req_011] Batch-3 | 等待: 0ms | 处理: 509ms | 总计: 509ms
2025-08-11 08:55:04,631 INFO  com.infertuner.sources.BasicRequestSource                    [] - 生成请求 12/30: req_011
2025-08-11 08:55:04,831 INFO  com.infertuner.processors.BatchProcessor                     [] - GPU 0 收到请求 req_012 (第13个，批次位置1), 模拟等待400ms
2025-08-11 08:55:06,232 INFO  com.infertuner.processors.BatchProcessor                     [] - GPU 0 处理 req_012 完成: 等待=400ms, 推理=998ms, 总延迟=1398ms
2025-08-11 08:55:06,232 INFO  com.infertuner.sinks.BatchAnalysisSink                       [] - [req_012] Batch-3 | 等待: 400ms | 处理: 998ms | 总计: 1398ms
2025-08-11 08:55:06,232 INFO  com.infertuner.sources.BasicRequestSource                    [] - 生成请求 13/30: req_012
2025-08-11 08:55:06,433 INFO  com.infertuner.processors.BatchProcessor                     [] - GPU 0 收到请求 req_013 (第14个，批次位置2), 模拟等待200ms
2025-08-11 08:55:07,927 INFO  com.infertuner.processors.BatchProcessor                     [] - GPU 0 处理 req_013 完成: 等待=200ms, 推理=1292ms, 总延迟=1492ms
2025-08-11 08:55:07,928 INFO  com.infertuner.sinks.BatchAnalysisSink                       [] - [req_013] Batch-3 | 等待: 200ms | 处理: 1292ms | 总计: 1492ms
2025-08-11 08:55:07,928 INFO  com.infertuner.sources.BasicRequestSource                    [] - 生成请求 14/30: req_013
2025-08-11 08:55:08,128 INFO  com.infertuner.processors.BatchProcessor                     [] - GPU 0 收到请求 req_014 (第15个，批次位置3), 模拟等待0ms
2025-08-11 08:55:09,398 INFO  com.infertuner.processors.BatchProcessor                     [] - GPU 0 处理 req_014 完成: 等待=0ms, 推理=1267ms, 总延迟=1267ms
2025-08-11 08:55:09,398 INFO  com.infertuner.sinks.BatchAnalysisSink                       [] - [req_014] Batch-3 | 等待: 0ms | 处理: 1267ms | 总计: 1267ms
2025-08-11 08:55:09,398 INFO  com.infertuner.sinks.BatchAnalysisSink                       [] - === 批处理分析中期统计 ===
2025-08-11 08:55:09,398 INFO  com.infertuner.sinks.BatchAnalysisSink                       [] - 已处理: 15 请求 | 吞吐量: {:.2f} req/s
2025-08-11 08:55:09,399 INFO  com.infertuner.sinks.BatchAnalysisSink                       [] - 平均等待: {:.1f}ms | 平均处理: {:.1f}ms | 平均总延迟: {:.1f}ms
2025-08-11 08:55:09,399 INFO  com.infertuner.sinks.BatchAnalysisSink                       [] - 批大小分布:
2025-08-11 08:55:09,399 INFO  com.infertuner.sinks.BatchAnalysisSink                       [] -   Batch-3: 15 个响应
2025-08-11 08:55:09,399 INFO  com.infertuner.sinks.BatchAnalysisSink                       [] - ========================
2025-08-11 08:55:09,399 INFO  com.infertuner.sources.BasicRequestSource                    [] - 生成请求 15/30: req_014
2025-08-11 08:55:09,601 INFO  com.infertuner.processors.BatchProcessor                     [] - GPU 0 收到请求 req_015 (第16个，批次位置1), 模拟等待400ms
2025-08-11 08:55:11,126 INFO  com.infertuner.processors.BatchProcessor                     [] - GPU 0 处理 req_015 完成: 等待=400ms, 推理=1122ms, 总延迟=1522ms
2025-08-11 08:55:11,127 INFO  com.infertuner.sinks.BatchAnalysisSink                       [] - [req_015] Batch-3 | 等待: 400ms | 处理: 1122ms | 总计: 1522ms
2025-08-11 08:55:11,127 INFO  com.infertuner.sources.BasicRequestSource                    [] - 生成请求 16/30: req_015
2025-08-11 08:55:11,328 INFO  com.infertuner.processors.BatchProcessor                     [] - GPU 0 收到请求 req_016 (第17个，批次位置2), 模拟等待200ms
2025-08-11 08:55:12,527 INFO  com.infertuner.processors.BatchProcessor                     [] - GPU 0 处理 req_016 完成: 等待=200ms, 推理=997ms, 总延迟=1197ms
2025-08-11 08:55:12,527 INFO  com.infertuner.sinks.BatchAnalysisSink                       [] - [req_016] Batch-3 | 等待: 200ms | 处理: 997ms | 总计: 1197ms
2025-08-11 08:55:12,528 INFO  com.infertuner.sources.BasicRequestSource                    [] - 生成请求 17/30: req_016
2025-08-11 08:55:12,728 INFO  com.infertuner.processors.BatchProcessor                     [] - GPU 0 收到请求 req_017 (第18个，批次位置3), 模拟等待0ms
2025-08-11 08:55:13,811 INFO  com.infertuner.processors.BatchProcessor                     [] - GPU 0 处理 req_017 完成: 等待=0ms, 推理=1082ms, 总延迟=1082ms
2025-08-11 08:55:13,811 INFO  com.infertuner.sinks.BatchAnalysisSink                       [] - [req_017] Batch-3 | 等待: 0ms | 处理: 1082ms | 总计: 1082ms
2025-08-11 08:55:13,811 INFO  com.infertuner.sources.BasicRequestSource                    [] - 生成请求 18/30: req_017
2025-08-11 08:55:14,012 INFO  com.infertuner.processors.BatchProcessor                     [] - GPU 0 收到请求 req_018 (第19个，批次位置1), 模拟等待400ms
2025-08-11 08:55:15,432 INFO  com.infertuner.processors.BatchProcessor                     [] - GPU 0 处理 req_018 完成: 等待=400ms, 推理=1018ms, 总延迟=1418ms
2025-08-11 08:55:15,432 INFO  com.infertuner.sinks.BatchAnalysisSink                       [] - [req_018] Batch-3 | 等待: 400ms | 处理: 1018ms | 总计: 1418ms
2025-08-11 08:55:15,432 INFO  com.infertuner.sources.BasicRequestSource                    [] - 生成请求 19/30: req_018
2025-08-11 08:55:15,633 INFO  com.infertuner.processors.BatchProcessor                     [] - GPU 0 收到请求 req_019 (第20个，批次位置2), 模拟等待200ms
2025-08-11 08:55:16,410 INFO  com.infertuner.processors.BatchProcessor                     [] - GPU 0 处理 req_019 完成: 等待=200ms, 推理=575ms, 总延迟=775ms
2025-08-11 08:55:16,410 INFO  com.infertuner.sinks.BatchAnalysisSink                       [] - [req_019] Batch-3 | 等待: 200ms | 处理: 575ms | 总计: 775ms
2025-08-11 08:55:16,410 INFO  com.infertuner.sinks.BatchAnalysisSink                       [] - === 批处理分析中期统计 ===
2025-08-11 08:55:16,411 INFO  com.infertuner.sinks.BatchAnalysisSink                       [] - 已处理: 20 请求 | 吞吐量: {:.2f} req/s
2025-08-11 08:55:16,411 INFO  com.infertuner.sinks.BatchAnalysisSink                       [] - 平均等待: {:.1f}ms | 平均处理: {:.1f}ms | 平均总延迟: {:.1f}ms
2025-08-11 08:55:16,411 INFO  com.infertuner.sinks.BatchAnalysisSink                       [] - 批大小分布:
2025-08-11 08:55:16,411 INFO  com.infertuner.sinks.BatchAnalysisSink                       [] -   Batch-3: 20 个响应
2025-08-11 08:55:16,411 INFO  com.infertuner.sinks.BatchAnalysisSink                       [] - ========================
2025-08-11 08:55:16,411 INFO  com.infertuner.sources.BasicRequestSource                    [] - 生成请求 20/30: req_019
2025-08-11 08:55:16,612 INFO  com.infertuner.processors.BatchProcessor                     [] - GPU 0 收到请求 req_020 (第21个，批次位置3), 模拟等待0ms
2025-08-11 08:55:17,114 INFO  com.infertuner.processors.BatchProcessor                     [] - GPU 0 处理 req_020 完成: 等待=0ms, 推理=500ms, 总延迟=500ms
2025-08-11 08:55:17,114 INFO  com.infertuner.sinks.BatchAnalysisSink                       [] - [req_020] Batch-3 | 等待: 0ms | 处理: 500ms | 总计: 500ms
2025-08-11 08:55:17,114 INFO  com.infertuner.sources.BasicRequestSource                    [] - 生成请求 21/30: req_020
2025-08-11 08:55:17,315 INFO  com.infertuner.processors.BatchProcessor                     [] - GPU 0 收到请求 req_021 (第22个，批次位置1), 模拟等待400ms
2025-08-11 08:55:18,385 INFO  com.infertuner.processors.BatchProcessor                     [] - GPU 0 处理 req_021 完成: 等待=400ms, 推理=669ms, 总延迟=1069ms
2025-08-11 08:55:18,386 INFO  com.infertuner.sinks.BatchAnalysisSink                       [] - [req_021] Batch-3 | 等待: 400ms | 处理: 669ms | 总计: 1069ms
2025-08-11 08:55:18,386 INFO  com.infertuner.sources.BasicRequestSource                    [] - 生成请求 22/30: req_021
2025-08-11 08:55:18,586 INFO  com.infertuner.processors.BatchProcessor                     [] - GPU 0 收到请求 req_022 (第23个，批次位置2), 模拟等待200ms
2025-08-11 08:55:20,094 INFO  com.infertuner.processors.BatchProcessor                     [] - GPU 0 处理 req_022 完成: 等待=200ms, 推理=1305ms, 总延迟=1505ms
2025-08-11 08:55:20,094 INFO  com.infertuner.sinks.BatchAnalysisSink                       [] - [req_022] Batch-3 | 等待: 200ms | 处理: 1305ms | 总计: 1505ms
2025-08-11 08:55:20,094 INFO  com.infertuner.sources.BasicRequestSource                    [] - 生成请求 23/30: req_022
2025-08-11 08:55:20,295 INFO  com.infertuner.processors.BatchProcessor                     [] - GPU 0 收到请求 req_023 (第24个，批次位置3), 模拟等待0ms
2025-08-11 08:55:21,024 INFO  com.infertuner.processors.BatchProcessor                     [] - GPU 0 处理 req_023 完成: 等待=0ms, 推理=727ms, 总延迟=727ms
2025-08-11 08:55:21,024 INFO  com.infertuner.sinks.BatchAnalysisSink                       [] - [req_023] Batch-3 | 等待: 0ms | 处理: 727ms | 总计: 727ms
2025-08-11 08:55:21,024 INFO  com.infertuner.sources.BasicRequestSource                    [] - 生成请求 24/30: req_023
2025-08-11 08:55:21,225 INFO  com.infertuner.processors.BatchProcessor                     [] - GPU 0 收到请求 req_024 (第25个，批次位置1), 模拟等待400ms
2025-08-11 08:55:22,491 INFO  com.infertuner.processors.BatchProcessor                     [] - GPU 0 处理 req_024 完成: 等待=400ms, 推理=864ms, 总延迟=1264ms
2025-08-11 08:55:22,491 INFO  com.infertuner.sinks.BatchAnalysisSink                       [] - [req_024] Batch-3 | 等待: 400ms | 处理: 864ms | 总计: 1264ms
2025-08-11 08:55:22,492 INFO  com.infertuner.sinks.BatchAnalysisSink                       [] - === 批处理分析中期统计 ===
2025-08-11 08:55:22,492 INFO  com.infertuner.sinks.BatchAnalysisSink                       [] - 已处理: 25 请求 | 吞吐量: {:.2f} req/s
2025-08-11 08:55:22,492 INFO  com.infertuner.sinks.BatchAnalysisSink                       [] - 平均等待: {:.1f}ms | 平均处理: {:.1f}ms | 平均总延迟: {:.1f}ms
2025-08-11 08:55:22,492 INFO  com.infertuner.sinks.BatchAnalysisSink                       [] - 批大小分布:
2025-08-11 08:55:22,492 INFO  com.infertuner.sinks.BatchAnalysisSink                       [] -   Batch-3: 25 个响应
2025-08-11 08:55:22,492 INFO  com.infertuner.sinks.BatchAnalysisSink                       [] - ========================
2025-08-11 08:55:22,499 INFO  com.infertuner.sinks.BatchAnalysisSink                       [] - 批处理分析报告已保存: results/batch_analysis/batch_analysis_1754902522492.csv
2025-08-11 08:55:22,499 INFO  com.infertuner.sinks.BatchAnalysisSink                       [] - === 批处理分析最终统计 ===
2025-08-11 08:55:22,499 INFO  com.infertuner.sinks.BatchAnalysisSink                       [] - 处理请求数: 25
2025-08-11 08:55:22,499 INFO  com.infertuner.sinks.BatchAnalysisSink                       [] - 等待=208ms
2025-08-11 08:55:22,499 INFO  com.infertuner.sinks.BatchAnalysisSink                       [] - 总延迟=1129ms
2025-08-11 08:55:22,499 INFO  com.infertuner.sinks.BatchAnalysisSink                       [] - 吞吐量={:.2f}req/s
2025-08-11 08:55:22,500 INFO  com.infertuner.sinks.BatchAnalysisSink                       [] - 执行时间={:.2f}s
2025-08-11 08:55:22,500 INFO  com.infertuner.sinks.BatchAnalysisSink                       [] - ==============================
2025-08-11 08:55:22,500 INFO  com.infertuner.sources.BasicRequestSource                    [] - 生成请求 25/30: req_024
2025-08-11 08:55:22,700 INFO  com.infertuner.processors.BatchProcessor                     [] - GPU 0 收到请求 req_025 (第26个，批次位置2), 模拟等待200ms
2025-08-11 08:55:24,331 INFO  com.infertuner.processors.BatchProcessor                     [] - GPU 0 处理 req_025 完成: 等待=200ms, 推理=1428ms, 总延迟=1628ms
2025-08-11 08:55:24,331 INFO  com.infertuner.sinks.BatchAnalysisSink                       [] - [req_025] Batch-3 | 等待: 200ms | 处理: 1428ms | 总计: 1628ms
2025-08-11 08:55:24,333 INFO  com.infertuner.sinks.BatchAnalysisSink                       [] - 批处理分析报告已保存: results/batch_analysis/batch_analysis_1754902524332.csv
2025-08-11 08:55:24,333 INFO  com.infertuner.sinks.BatchAnalysisSink                       [] - === 批处理分析最终统计 ===
2025-08-11 08:55:24,333 INFO  com.infertuner.sinks.BatchAnalysisSink                       [] - 处理请求数: 26
2025-08-11 08:55:24,334 INFO  com.infertuner.sinks.BatchAnalysisSink                       [] - 等待=208ms
2025-08-11 08:55:24,334 INFO  com.infertuner.sinks.BatchAnalysisSink                       [] - 总延迟=1148ms
2025-08-11 08:55:24,334 INFO  com.infertuner.sinks.BatchAnalysisSink                       [] - 吞吐量={:.2f}req/s
2025-08-11 08:55:24,334 INFO  com.infertuner.sinks.BatchAnalysisSink                       [] - 执行时间={:.2f}s
2025-08-11 08:55:24,334 INFO  com.infertuner.sinks.BatchAnalysisSink                       [] - ==============================
2025-08-11 08:55:24,334 INFO  com.infertuner.sources.BasicRequestSource                    [] - 生成请求 26/30: req_025
2025-08-11 08:55:24,534 INFO  com.infertuner.processors.BatchProcessor                     [] - GPU 0 收到请求 req_026 (第27个，批次位置3), 模拟等待0ms
2025-08-11 08:55:25,490 INFO  com.infertuner.processors.BatchProcessor                     [] - GPU 0 处理 req_026 完成: 等待=0ms, 推理=954ms, 总延迟=954ms
2025-08-11 08:55:25,491 INFO  com.infertuner.sinks.BatchAnalysisSink                       [] - [req_026] Batch-3 | 等待: 0ms | 处理: 954ms | 总计: 954ms
2025-08-11 08:55:25,492 INFO  com.infertuner.sinks.BatchAnalysisSink                       [] - 批处理分析报告已保存: results/batch_analysis/batch_analysis_1754902525491.csv
2025-08-11 08:55:25,492 INFO  com.infertuner.sinks.BatchAnalysisSink                       [] - === 批处理分析最终统计 ===
2025-08-11 08:55:25,492 INFO  com.infertuner.sinks.BatchAnalysisSink                       [] - 处理请求数: 27
2025-08-11 08:55:25,492 INFO  com.infertuner.sinks.BatchAnalysisSink                       [] - 等待=200ms
2025-08-11 08:55:25,492 INFO  com.infertuner.sinks.BatchAnalysisSink                       [] - 总延迟=1141ms
2025-08-11 08:55:25,492 INFO  com.infertuner.sinks.BatchAnalysisSink                       [] - 吞吐量={:.2f}req/s
2025-08-11 08:55:25,492 INFO  com.infertuner.sinks.BatchAnalysisSink                       [] - 执行时间={:.2f}s
2025-08-11 08:55:25,493 INFO  com.infertuner.sinks.BatchAnalysisSink                       [] - ==============================
2025-08-11 08:55:25,493 INFO  com.infertuner.sources.BasicRequestSource                    [] - 生成请求 27/30: req_026
2025-08-11 08:55:25,693 INFO  com.infertuner.processors.BatchProcessor                     [] - GPU 0 收到请求 req_027 (第28个，批次位置1), 模拟等待400ms
2025-08-11 08:55:26,771 INFO  com.infertuner.processors.BatchProcessor                     [] - GPU 0 处理 req_027 完成: 等待=400ms, 推理=676ms, 总延迟=1076ms
2025-08-11 08:55:26,771 INFO  com.infertuner.sinks.BatchAnalysisSink                       [] - [req_027] Batch-3 | 等待: 400ms | 处理: 676ms | 总计: 1076ms
2025-08-11 08:55:26,773 INFO  com.infertuner.sinks.BatchAnalysisSink                       [] - 批处理分析报告已保存: results/batch_analysis/batch_analysis_1754902526771.csv
2025-08-11 08:55:26,773 INFO  com.infertuner.sinks.BatchAnalysisSink                       [] - === 批处理分析最终统计 ===
2025-08-11 08:55:26,773 INFO  com.infertuner.sinks.BatchAnalysisSink                       [] - 处理请求数: 28
2025-08-11 08:55:26,774 INFO  com.infertuner.sinks.BatchAnalysisSink                       [] - 等待=207ms
2025-08-11 08:55:26,774 INFO  com.infertuner.sinks.BatchAnalysisSink                       [] - 总延迟=1138ms
2025-08-11 08:55:26,774 INFO  com.infertuner.sinks.BatchAnalysisSink                       [] - 吞吐量={:.2f}req/s
2025-08-11 08:55:26,774 INFO  com.infertuner.sinks.BatchAnalysisSink                       [] - 执行时间={:.2f}s
2025-08-11 08:55:26,774 INFO  com.infertuner.sinks.BatchAnalysisSink                       [] - ==============================
2025-08-11 08:55:26,774 INFO  com.infertuner.sources.BasicRequestSource                    [] - 生成请求 28/30: req_027
2025-08-11 08:55:26,975 INFO  com.infertuner.processors.BatchProcessor                     [] - GPU 0 收到请求 req_028 (第29个，批次位置2), 模拟等待200ms
2025-08-11 08:55:28,050 INFO  com.infertuner.processors.BatchProcessor                     [] - GPU 0 处理 req_028 完成: 等待=200ms, 推理=873ms, 总延迟=1073ms
2025-08-11 08:55:28,050 INFO  com.infertuner.sinks.BatchAnalysisSink                       [] - [req_028] Batch-3 | 等待: 200ms | 处理: 873ms | 总计: 1073ms
2025-08-11 08:55:28,052 INFO  com.infertuner.sinks.BatchAnalysisSink                       [] - 批处理分析报告已保存: results/batch_analysis/batch_analysis_1754902528050.csv
2025-08-11 08:55:28,052 INFO  com.infertuner.sinks.BatchAnalysisSink                       [] - === 批处理分析最终统计 ===
2025-08-11 08:55:28,052 INFO  com.infertuner.sinks.BatchAnalysisSink                       [] - 处理请求数: 29
2025-08-11 08:55:28,052 INFO  com.infertuner.sinks.BatchAnalysisSink                       [] - 等待=207ms
2025-08-11 08:55:28,052 INFO  com.infertuner.sinks.BatchAnalysisSink                       [] - 总延迟=1136ms
2025-08-11 08:55:28,052 INFO  com.infertuner.sinks.BatchAnalysisSink                       [] - 吞吐量={:.2f}req/s
2025-08-11 08:55:28,053 INFO  com.infertuner.sinks.BatchAnalysisSink                       [] - 执行时间={:.2f}s
2025-08-11 08:55:28,053 INFO  com.infertuner.sinks.BatchAnalysisSink                       [] - ==============================
2025-08-11 08:55:28,053 INFO  com.infertuner.sources.BasicRequestSource                    [] - 生成请求 29/30: req_028
2025-08-11 08:55:28,253 INFO  com.infertuner.processors.BatchProcessor                     [] - GPU 0 收到请求 req_029 (第30个，批次位置3), 模拟等待0ms
2025-08-11 08:55:28,776 INFO  com.infertuner.processors.BatchProcessor                     [] - GPU 0 处理 req_029 完成: 等待=0ms, 推理=520ms, 总延迟=520ms
2025-08-11 08:55:28,776 INFO  com.infertuner.sinks.BatchAnalysisSink                       [] - [req_029] Batch-3 | 等待: 0ms | 处理: 520ms | 总计: 520ms
2025-08-11 08:55:28,776 INFO  com.infertuner.sinks.BatchAnalysisSink                       [] - === 批处理分析中期统计 ===
2025-08-11 08:55:28,777 INFO  com.infertuner.sinks.BatchAnalysisSink                       [] - 已处理: 30 请求 | 吞吐量: {:.2f} req/s
2025-08-11 08:55:28,777 INFO  com.infertuner.sinks.BatchAnalysisSink                       [] - 平均等待: {:.1f}ms | 平均处理: {:.1f}ms | 平均总延迟: {:.1f}ms
2025-08-11 08:55:28,777 INFO  com.infertuner.sinks.BatchAnalysisSink                       [] - 批大小分布:
2025-08-11 08:55:28,777 INFO  com.infertuner.sinks.BatchAnalysisSink                       [] -   Batch-3: 30 个响应
2025-08-11 08:55:28,777 INFO  com.infertuner.sinks.BatchAnalysisSink                       [] - ========================
2025-08-11 08:55:28,779 INFO  com.infertuner.sinks.BatchAnalysisSink                       [] - 批处理分析报告已保存: results/batch_analysis/batch_analysis_1754902528777.csv
2025-08-11 08:55:28,779 INFO  com.infertuner.sinks.BatchAnalysisSink                       [] - === 批处理分析最终统计 ===
2025-08-11 08:55:28,779 INFO  com.infertuner.sinks.BatchAnalysisSink                       [] - 处理请求数: 30
2025-08-11 08:55:28,779 INFO  com.infertuner.sinks.BatchAnalysisSink                       [] - 等待=200ms
2025-08-11 08:55:28,779 INFO  com.infertuner.sinks.BatchAnalysisSink                       [] - 总延迟=1115ms
2025-08-11 08:55:28,779 INFO  com.infertuner.sinks.BatchAnalysisSink                       [] - 吞吐量={:.2f}req/s
2025-08-11 08:55:28,779 INFO  com.infertuner.sinks.BatchAnalysisSink                       [] - 执行时间={:.2f}s
2025-08-11 08:55:28,779 INFO  com.infertuner.sinks.BatchAnalysisSink                       [] - ==============================
2025-08-11 08:55:28,779 INFO  com.infertuner.sources.BasicRequestSource                    [] - 生成请求 30/30: req_029
2025-08-11 08:55:28,779 INFO  com.infertuner.sources.BasicRequestSource                    [] - 请求生成完成，共 30 个
2025-08-11 08:55:58,190 INFO  com.infertuner.processors.BatchProcessor                     [] - 关闭 GPU 0 简化攒批推理服务...
2025-08-11 08:55:59,075 INFO  com.infertuner.processors.BatchProcessor                     [] - ✅ GPU 0 简化攒批推理服务已关闭
2025-08-11 08:55:59,077 INFO  org.apache.flink.runtime.taskmanager.Task                    [] - Source: Normal Request Source -> Simple Real Batch Processor -> Sink: Batch Validation Sink (1/1)#0 (ed758feaeeac951bd1f4cc672223f4ee_cbc357ccb763df2852fee8c4fc7d55f2_0_0) switched from RUNNING to FINISHED.
2025-08-11 08:55:59,077 INFO  org.apache.flink.runtime.taskmanager.Task                    [] - Freeing task resources for Source: Normal Request Source -> Simple Real Batch Processor -> Sink: Batch Validation Sink (1/1)#0 (ed758feaeeac951bd1f4cc672223f4ee_cbc357ccb763df2852fee8c4fc7d55f2_0_0).
2025-08-11 08:55:59,079 INFO  org.apache.flink.runtime.taskexecutor.TaskExecutor           [] - Un-registering task and sending final execution state FINISHED to JobManager for task Source: Normal Request Source -> Simple Real Batch Processor -> Sink: Batch Validation Sink (1/1)#0 ed758feaeeac951bd1f4cc672223f4ee_cbc357ccb763df2852fee8c4fc7d55f2_0_0.
2025-08-11 08:55:59,143 INFO  org.apache.flink.runtime.taskexecutor.slot.TaskSlotTableImpl [] - Free slot TaskSlot(index:0, state:ACTIVE, resource profile: ResourceProfile{cpuCores=1, taskHeapMemory=364.800mb (382520517 bytes), taskOffHeapMemory=0 bytes, managedMemory=343.040mb (359703515 bytes), networkMemory=85.760mb (89925878 bytes)}, allocationId: ddeb0eca38a785eda0ffde24306f36df, jobId: 21e6ce85e149fcdd7c6dd0cccb208755).
2025-08-11 08:55:59,145 INFO  org.apache.flink.runtime.taskexecutor.DefaultJobLeaderService [] - Remove job 21e6ce85e149fcdd7c6dd0cccb208755 from job leader monitoring.
2025-08-11 08:55:59,146 INFO  org.apache.flink.runtime.taskexecutor.TaskExecutor           [] - Close JobManager connection for job 21e6ce85e149fcdd7c6dd0cccb208755.
