2025-08-11 08:57:37,499 INFO  org.apache.flink.runtime.taskexecutor.TaskManagerRunner      [] - --------------------------------------------------------------------------------
2025-08-11 08:57:37,500 INFO  org.apache.flink.runtime.taskexecutor.TaskManagerRunner      [] -  Preconfiguration: 
2025-08-11 08:57:37,501 INFO  org.apache.flink.runtime.taskexecutor.TaskManagerRunner      [] - 


RESOURCE_PARAMS extraction logs:
jvm_params: -Xmx1664299798 -Xms1664299798 -XX:MaxDirectMemorySize=493921243 -XX:MaxMetaspaceSize=268435456
dynamic_configs: -D taskmanager.memory.network.min=359703515b -D taskmanager.cpu.cores=4.0 -D taskmanager.memory.task.off-heap.size=0b -D taskmanager.memory.jvm-metaspace.size=268435456b -D external-resources=none -D taskmanager.memory.jvm-overhead.min=429496736b -D taskmanager.memory.framework.off-heap.size=134217728b -D taskmanager.memory.network.max=359703515b -D taskmanager.memory.framework.heap.size=134217728b -D taskmanager.memory.managed.size=1438814063b -D taskmanager.memory.task.heap.size=1530082070b -D taskmanager.numberOfTaskSlots=4 -D taskmanager.memory.jvm-overhead.max=429496736b
logs: WARNING: sun.reflect.Reflection.getCallerClass is not supported. This will impact performance.
INFO  [] - Loading configuration property: taskmanager.memory.process.size, 4096m
INFO  [] - Loading configuration property: env.java.opts.jobmanager, -Dfile.encoding=UTF-8 -Dsun.jnu.encoding=UTF-8
INFO  [] - Loading configuration property: taskmanager.bind-host, localhost
INFO  [] - Loading configuration property: env.java.opts, -Dfile.encoding=UTF-8 -Dsun.jnu.encoding=UTF-8
INFO  [] - Loading configuration property: jobmanager.rpc.address, localhost
INFO  [] - Loading configuration property: jobmanager.memory.process.size, 2048m
INFO  [] - Loading configuration property: jobmanager.rpc.port, 6123
INFO  [] - Loading configuration property: rest.bind-address, 0.0.0.0
INFO  [] - Loading configuration property: rest.port, 8081
INFO  [] - Loading configuration property: execution.checkpointing.interval, 30s
INFO  [] - Loading configuration property: jobmanager.bind-host, localhost
INFO  [] - Loading configuration property: parallelism.default, 1
INFO  [] - Loading configuration property: taskmanager.numberOfTaskSlots, 4
INFO  [] - Loading configuration property: taskmanager.memory.managed.fraction, 0.4
INFO  [] - Loading configuration property: rest.address, 0.0.0.0
INFO  [] - Loading configuration property: cluster.evenly-spread-out-slots, true
INFO  [] - Loading configuration property: state.backend, filesystem
INFO  [] - Loading configuration property: execution.checkpointing.min-pause, 5s
INFO  [] - Loading configuration property: jobmanager.memory.jvm-metaspace.size, 256m
INFO  [] - Loading configuration property: env.java.opts.taskmanager, -Dfile.encoding=UTF-8 -Dsun.jnu.encoding=UTF-8
INFO  [] - Loading configuration property: state.checkpoints.dir, file:///workspace/logs/flink-checkpoints
INFO  [] - Final TaskExecutor Memory configuration:
INFO  [] -   Total Process Memory:          4.000gb (4294967296 bytes)
INFO  [] -     Total Flink Memory:          3.350gb (3597035104 bytes)
INFO  [] -       Total JVM Heap Memory:     1.550gb (1664299798 bytes)
INFO  [] -         Framework:               128.000mb (134217728 bytes)
INFO  [] -         Task:                    1.425gb (1530082070 bytes)
INFO  [] -       Total Off-heap Memory:     1.800gb (1932735306 bytes)
INFO  [] -         Managed:                 1.340gb (1438814063 bytes)
INFO  [] -         Total JVM Direct Memory: 471.040mb (493921243 bytes)
INFO  [] -           Framework:             128.000mb (134217728 bytes)
INFO  [] -           Task:                  0 bytes
INFO  [] -           Network:               343.040mb (359703515 bytes)
INFO  [] -     JVM Metaspace:               256.000mb (268435456 bytes)
INFO  [] -     JVM Overhead:                409.600mb (429496736 bytes)

2025-08-11 08:57:37,501 INFO  org.apache.flink.runtime.taskexecutor.TaskManagerRunner      [] - --------------------------------------------------------------------------------
2025-08-11 08:57:37,501 INFO  org.apache.flink.runtime.taskexecutor.TaskManagerRunner      [] -  Starting TaskManager (Version: 1.17.0, Scala: 2.12, Rev:69ecda0, Date:2023-03-17T10:30:06+01:00)
2025-08-11 08:57:37,501 INFO  org.apache.flink.runtime.taskexecutor.TaskManagerRunner      [] -  OS current user: root
2025-08-11 08:57:37,501 INFO  org.apache.flink.runtime.taskexecutor.TaskManagerRunner      [] -  Current Hadoop/Kerberos user: <no hadoop dependency found>
2025-08-11 08:57:37,501 INFO  org.apache.flink.runtime.taskexecutor.TaskManagerRunner      [] -  JVM: OpenJDK 64-Bit Server VM - Ubuntu - 11/11.0.28+6-post-Ubuntu-1ubuntu122.04.1
2025-08-11 08:57:37,501 INFO  org.apache.flink.runtime.taskexecutor.TaskManagerRunner      [] -  Arch: amd64
2025-08-11 08:57:37,501 INFO  org.apache.flink.runtime.taskexecutor.TaskManagerRunner      [] -  Maximum heap size: 1588 MiBytes
2025-08-11 08:57:37,501 INFO  org.apache.flink.runtime.taskexecutor.TaskManagerRunner      [] -  JAVA_HOME: /usr/lib/jvm/java-11-openjdk-amd64
2025-08-11 08:57:37,501 INFO  org.apache.flink.runtime.taskexecutor.TaskManagerRunner      [] -  No Hadoop Dependency available
2025-08-11 08:57:37,501 INFO  org.apache.flink.runtime.taskexecutor.TaskManagerRunner      [] -  JVM Options:
2025-08-11 08:57:37,502 INFO  org.apache.flink.runtime.taskexecutor.TaskManagerRunner      [] -     -Xmx1664299798
2025-08-11 08:57:37,502 INFO  org.apache.flink.runtime.taskexecutor.TaskManagerRunner      [] -     -Xms1664299798
2025-08-11 08:57:37,502 INFO  org.apache.flink.runtime.taskexecutor.TaskManagerRunner      [] -     -XX:MaxDirectMemorySize=493921243
2025-08-11 08:57:37,502 INFO  org.apache.flink.runtime.taskexecutor.TaskManagerRunner      [] -     -XX:MaxMetaspaceSize=268435456
2025-08-11 08:57:37,502 INFO  org.apache.flink.runtime.taskexecutor.TaskManagerRunner      [] -     -Dfile.encoding=UTF-8
2025-08-11 08:57:37,502 INFO  org.apache.flink.runtime.taskexecutor.TaskManagerRunner      [] -     -Dsun.jnu.encoding=UTF-8
2025-08-11 08:57:37,502 INFO  org.apache.flink.runtime.taskexecutor.TaskManagerRunner      [] -     -Dfile.encoding=UTF-8
2025-08-11 08:57:37,502 INFO  org.apache.flink.runtime.taskexecutor.TaskManagerRunner      [] -     -Dsun.jnu.encoding=UTF-8
2025-08-11 08:57:37,502 INFO  org.apache.flink.runtime.taskexecutor.TaskManagerRunner      [] -     -Dlog.file=/workspace/flink-setup/flink/log/flink--taskexecutor-0-gpu02.log
2025-08-11 08:57:37,502 INFO  org.apache.flink.runtime.taskexecutor.TaskManagerRunner      [] -     -Dlog4j.configuration=file:/workspace/flink-setup/flink/conf/log4j.properties
2025-08-11 08:57:37,502 INFO  org.apache.flink.runtime.taskexecutor.TaskManagerRunner      [] -     -Dlog4j.configurationFile=file:/workspace/flink-setup/flink/conf/log4j.properties
2025-08-11 08:57:37,502 INFO  org.apache.flink.runtime.taskexecutor.TaskManagerRunner      [] -     -Dlogback.configurationFile=file:/workspace/flink-setup/flink/conf/logback.xml
2025-08-11 08:57:37,502 INFO  org.apache.flink.runtime.taskexecutor.TaskManagerRunner      [] -  Program Arguments:
2025-08-11 08:57:37,503 INFO  org.apache.flink.runtime.taskexecutor.TaskManagerRunner      [] -     --configDir
2025-08-11 08:57:37,504 INFO  org.apache.flink.runtime.taskexecutor.TaskManagerRunner      [] -     /workspace/flink-setup/flink/conf
2025-08-11 08:57:37,504 INFO  org.apache.flink.runtime.taskexecutor.TaskManagerRunner      [] -     -D
2025-08-11 08:57:37,504 INFO  org.apache.flink.runtime.taskexecutor.TaskManagerRunner      [] -     taskmanager.memory.network.min=359703515b
2025-08-11 08:57:37,504 INFO  org.apache.flink.runtime.taskexecutor.TaskManagerRunner      [] -     -D
2025-08-11 08:57:37,504 INFO  org.apache.flink.runtime.taskexecutor.TaskManagerRunner      [] -     taskmanager.cpu.cores=4.0
2025-08-11 08:57:37,504 INFO  org.apache.flink.runtime.taskexecutor.TaskManagerRunner      [] -     -D
2025-08-11 08:57:37,504 INFO  org.apache.flink.runtime.taskexecutor.TaskManagerRunner      [] -     taskmanager.memory.task.off-heap.size=0b
2025-08-11 08:57:37,504 INFO  org.apache.flink.runtime.taskexecutor.TaskManagerRunner      [] -     -D
2025-08-11 08:57:37,504 INFO  org.apache.flink.runtime.taskexecutor.TaskManagerRunner      [] -     taskmanager.memory.jvm-metaspace.size=268435456b
2025-08-11 08:57:37,504 INFO  org.apache.flink.runtime.taskexecutor.TaskManagerRunner      [] -     -D
2025-08-11 08:57:37,504 INFO  org.apache.flink.runtime.taskexecutor.TaskManagerRunner      [] -     external-resources=none
2025-08-11 08:57:37,504 INFO  org.apache.flink.runtime.taskexecutor.TaskManagerRunner      [] -     -D
2025-08-11 08:57:37,504 INFO  org.apache.flink.runtime.taskexecutor.TaskManagerRunner      [] -     taskmanager.memory.jvm-overhead.min=429496736b
2025-08-11 08:57:37,504 INFO  org.apache.flink.runtime.taskexecutor.TaskManagerRunner      [] -     -D
2025-08-11 08:57:37,504 INFO  org.apache.flink.runtime.taskexecutor.TaskManagerRunner      [] -     taskmanager.memory.framework.off-heap.size=134217728b
2025-08-11 08:57:37,505 INFO  org.apache.flink.runtime.taskexecutor.TaskManagerRunner      [] -     -D
2025-08-11 08:57:37,505 INFO  org.apache.flink.runtime.taskexecutor.TaskManagerRunner      [] -     taskmanager.memory.network.max=359703515b
2025-08-11 08:57:37,505 INFO  org.apache.flink.runtime.taskexecutor.TaskManagerRunner      [] -     -D
2025-08-11 08:57:37,505 INFO  org.apache.flink.runtime.taskexecutor.TaskManagerRunner      [] -     taskmanager.memory.framework.heap.size=134217728b
2025-08-11 08:57:37,505 INFO  org.apache.flink.runtime.taskexecutor.TaskManagerRunner      [] -     -D
2025-08-11 08:57:37,505 INFO  org.apache.flink.runtime.taskexecutor.TaskManagerRunner      [] -     taskmanager.memory.managed.size=1438814063b
2025-08-11 08:57:37,505 INFO  org.apache.flink.runtime.taskexecutor.TaskManagerRunner      [] -     -D
2025-08-11 08:57:37,505 INFO  org.apache.flink.runtime.taskexecutor.TaskManagerRunner      [] -     taskmanager.memory.task.heap.size=1530082070b
2025-08-11 08:57:37,505 INFO  org.apache.flink.runtime.taskexecutor.TaskManagerRunner      [] -     -D
2025-08-11 08:57:37,505 INFO  org.apache.flink.runtime.taskexecutor.TaskManagerRunner      [] -     taskmanager.numberOfTaskSlots=4
2025-08-11 08:57:37,505 INFO  org.apache.flink.runtime.taskexecutor.TaskManagerRunner      [] -     -D
2025-08-11 08:57:37,506 INFO  org.apache.flink.runtime.taskexecutor.TaskManagerRunner      [] -     taskmanager.memory.jvm-overhead.max=429496736b
2025-08-11 08:57:37,506 INFO  org.apache.flink.runtime.taskexecutor.TaskManagerRunner      [] -  Classpath: /workspace/flink-setup/flink/lib/flink-cep-1.17.0.jar:/workspace/flink-setup/flink/lib/flink-connector-files-1.17.0.jar:/workspace/flink-setup/flink/lib/flink-csv-1.17.0.jar:/workspace/flink-setup/flink/lib/flink-json-1.17.0.jar:/workspace/flink-setup/flink/lib/flink-scala_2.12-1.17.0.jar:/workspace/flink-setup/flink/lib/flink-table-api-java-uber-1.17.0.jar:/workspace/flink-setup/flink/lib/flink-table-planner-loader-1.17.0.jar:/workspace/flink-setup/flink/lib/flink-table-runtime-1.17.0.jar:/workspace/flink-setup/flink/lib/log4j-1.2-api-2.17.1.jar:/workspace/flink-setup/flink/lib/log4j-api-2.17.1.jar:/workspace/flink-setup/flink/lib/log4j-core-2.17.1.jar:/workspace/flink-setup/flink/lib/log4j-slf4j-impl-2.17.1.jar:/workspace/flink-setup/flink/lib/flink-dist-1.17.0.jar::::
2025-08-11 08:57:37,506 INFO  org.apache.flink.runtime.taskexecutor.TaskManagerRunner      [] - --------------------------------------------------------------------------------
2025-08-11 08:57:37,507 INFO  org.apache.flink.runtime.taskexecutor.TaskManagerRunner      [] - Registered UNIX signal handlers for [TERM, HUP, INT]
2025-08-11 08:57:37,510 INFO  org.apache.flink.runtime.taskexecutor.TaskManagerRunner      [] - Maximum number of open file descriptors is 1048576.
2025-08-11 08:57:37,517 INFO  org.apache.flink.configuration.GlobalConfiguration           [] - Loading configuration property: taskmanager.memory.process.size, 4096m
2025-08-11 08:57:37,517 INFO  org.apache.flink.configuration.GlobalConfiguration           [] - Loading configuration property: env.java.opts.jobmanager, -Dfile.encoding=UTF-8 -Dsun.jnu.encoding=UTF-8
2025-08-11 08:57:37,517 INFO  org.apache.flink.configuration.GlobalConfiguration           [] - Loading configuration property: taskmanager.bind-host, localhost
2025-08-11 08:57:37,517 INFO  org.apache.flink.configuration.GlobalConfiguration           [] - Loading configuration property: env.java.opts, -Dfile.encoding=UTF-8 -Dsun.jnu.encoding=UTF-8
2025-08-11 08:57:37,518 INFO  org.apache.flink.configuration.GlobalConfiguration           [] - Loading configuration property: jobmanager.rpc.address, localhost
2025-08-11 08:57:37,518 INFO  org.apache.flink.configuration.GlobalConfiguration           [] - Loading configuration property: jobmanager.memory.process.size, 2048m
2025-08-11 08:57:37,518 INFO  org.apache.flink.configuration.GlobalConfiguration           [] - Loading configuration property: jobmanager.rpc.port, 6123
2025-08-11 08:57:37,519 INFO  org.apache.flink.configuration.GlobalConfiguration           [] - Loading configuration property: rest.bind-address, 0.0.0.0
2025-08-11 08:57:37,519 INFO  org.apache.flink.configuration.GlobalConfiguration           [] - Loading configuration property: rest.port, 8081
2025-08-11 08:57:37,519 INFO  org.apache.flink.configuration.GlobalConfiguration           [] - Loading configuration property: execution.checkpointing.interval, 30s
2025-08-11 08:57:37,519 INFO  org.apache.flink.configuration.GlobalConfiguration           [] - Loading configuration property: jobmanager.bind-host, localhost
2025-08-11 08:57:37,519 INFO  org.apache.flink.configuration.GlobalConfiguration           [] - Loading configuration property: parallelism.default, 1
2025-08-11 08:57:37,519 INFO  org.apache.flink.configuration.GlobalConfiguration           [] - Loading configuration property: taskmanager.numberOfTaskSlots, 4
2025-08-11 08:57:37,519 INFO  org.apache.flink.configuration.GlobalConfiguration           [] - Loading configuration property: taskmanager.memory.managed.fraction, 0.4
2025-08-11 08:57:37,519 INFO  org.apache.flink.configuration.GlobalConfiguration           [] - Loading configuration property: rest.address, 0.0.0.0
2025-08-11 08:57:37,519 INFO  org.apache.flink.configuration.GlobalConfiguration           [] - Loading configuration property: cluster.evenly-spread-out-slots, true
2025-08-11 08:57:37,519 INFO  org.apache.flink.configuration.GlobalConfiguration           [] - Loading configuration property: state.backend, filesystem
2025-08-11 08:57:37,519 INFO  org.apache.flink.configuration.GlobalConfiguration           [] - Loading configuration property: execution.checkpointing.min-pause, 5s
2025-08-11 08:57:37,519 INFO  org.apache.flink.configuration.GlobalConfiguration           [] - Loading configuration property: jobmanager.memory.jvm-metaspace.size, 256m
2025-08-11 08:57:37,519 INFO  org.apache.flink.configuration.GlobalConfiguration           [] - Loading configuration property: env.java.opts.taskmanager, -Dfile.encoding=UTF-8 -Dsun.jnu.encoding=UTF-8
2025-08-11 08:57:37,519 INFO  org.apache.flink.configuration.GlobalConfiguration           [] - Loading configuration property: state.checkpoints.dir, file:///workspace/logs/flink-checkpoints
2025-08-11 08:57:37,519 INFO  org.apache.flink.configuration.GlobalConfiguration           [] - Loading dynamic configuration property: taskmanager.memory.network.min, 359703515b
2025-08-11 08:57:37,519 INFO  org.apache.flink.configuration.GlobalConfiguration           [] - Loading dynamic configuration property: taskmanager.memory.jvm-metaspace.size, 268435456b
2025-08-11 08:57:37,520 INFO  org.apache.flink.configuration.GlobalConfiguration           [] - Loading dynamic configuration property: taskmanager.memory.task.off-heap.size, 0b
2025-08-11 08:57:37,520 INFO  org.apache.flink.configuration.GlobalConfiguration           [] - Loading dynamic configuration property: taskmanager.cpu.cores, 4.0
2025-08-11 08:57:37,520 INFO  org.apache.flink.configuration.GlobalConfiguration           [] - Loading dynamic configuration property: external-resources, none
2025-08-11 08:57:37,520 INFO  org.apache.flink.configuration.GlobalConfiguration           [] - Loading dynamic configuration property: taskmanager.memory.jvm-overhead.min, 429496736b
2025-08-11 08:57:37,520 INFO  org.apache.flink.configuration.GlobalConfiguration           [] - Loading dynamic configuration property: taskmanager.memory.framework.off-heap.size, 134217728b
2025-08-11 08:57:37,520 INFO  org.apache.flink.configuration.GlobalConfiguration           [] - Loading dynamic configuration property: taskmanager.memory.network.max, 359703515b
2025-08-11 08:57:37,520 INFO  org.apache.flink.configuration.GlobalConfiguration           [] - Loading dynamic configuration property: taskmanager.memory.framework.heap.size, 134217728b
2025-08-11 08:57:37,520 INFO  org.apache.flink.configuration.GlobalConfiguration           [] - Loading dynamic configuration property: taskmanager.memory.managed.size, 1438814063b
2025-08-11 08:57:37,520 INFO  org.apache.flink.configuration.GlobalConfiguration           [] - Loading dynamic configuration property: taskmanager.memory.task.heap.size, 1530082070b
2025-08-11 08:57:37,520 INFO  org.apache.flink.configuration.GlobalConfiguration           [] - Loading dynamic configuration property: taskmanager.numberOfTaskSlots, 4
2025-08-11 08:57:37,520 INFO  org.apache.flink.configuration.GlobalConfiguration           [] - Loading dynamic configuration property: taskmanager.memory.jvm-overhead.max, 429496736b
2025-08-11 08:57:37,557 INFO  org.apache.flink.core.fs.FileSystem                          [] - Hadoop is not in the classpath/dependencies. The extended set of supported File Systems via Hadoop is not available.
2025-08-11 08:57:37,571 INFO  org.apache.flink.core.plugin.DefaultPluginManager            [] - Plugin loader with ID not found, creating it: metrics-prometheus
2025-08-11 08:57:37,577 INFO  org.apache.flink.core.plugin.DefaultPluginManager            [] - Plugin loader with ID not found, creating it: metrics-slf4j
2025-08-11 08:57:37,577 INFO  org.apache.flink.core.plugin.DefaultPluginManager            [] - Plugin loader with ID not found, creating it: metrics-influx
2025-08-11 08:57:37,577 INFO  org.apache.flink.core.plugin.DefaultPluginManager            [] - Plugin loader with ID not found, creating it: metrics-datadog
2025-08-11 08:57:37,577 INFO  org.apache.flink.core.plugin.DefaultPluginManager            [] - Plugin loader with ID not found, creating it: external-resource-gpu
2025-08-11 08:57:37,577 INFO  org.apache.flink.core.plugin.DefaultPluginManager            [] - Plugin loader with ID not found, creating it: metrics-graphite
2025-08-11 08:57:37,578 INFO  org.apache.flink.core.plugin.DefaultPluginManager            [] - Plugin loader with ID not found, creating it: metrics-statsd
2025-08-11 08:57:37,578 INFO  org.apache.flink.core.plugin.DefaultPluginManager            [] - Plugin loader with ID not found, creating it: metrics-jmx
2025-08-11 08:57:37,597 INFO  org.apache.flink.runtime.state.changelog.StateChangelogStorageLoader [] - StateChangelogStorageLoader initialized with shortcut names {memory,filesystem}.
2025-08-11 08:57:37,598 INFO  org.apache.flink.core.plugin.DefaultPluginManager            [] - Plugin loader with ID found, reusing it: metrics-prometheus
2025-08-11 08:57:37,598 INFO  org.apache.flink.core.plugin.DefaultPluginManager            [] - Plugin loader with ID found, reusing it: metrics-slf4j
2025-08-11 08:57:37,598 INFO  org.apache.flink.core.plugin.DefaultPluginManager            [] - Plugin loader with ID found, reusing it: metrics-influx
2025-08-11 08:57:37,598 INFO  org.apache.flink.core.plugin.DefaultPluginManager            [] - Plugin loader with ID found, reusing it: metrics-datadog
2025-08-11 08:57:37,598 INFO  org.apache.flink.core.plugin.DefaultPluginManager            [] - Plugin loader with ID found, reusing it: external-resource-gpu
2025-08-11 08:57:37,598 INFO  org.apache.flink.core.plugin.DefaultPluginManager            [] - Plugin loader with ID found, reusing it: metrics-graphite
2025-08-11 08:57:37,598 INFO  org.apache.flink.core.plugin.DefaultPluginManager            [] - Plugin loader with ID found, reusing it: metrics-statsd
2025-08-11 08:57:37,599 INFO  org.apache.flink.core.plugin.DefaultPluginManager            [] - Plugin loader with ID found, reusing it: metrics-jmx
2025-08-11 08:57:37,601 INFO  org.apache.flink.runtime.state.changelog.StateChangelogStorageLoader [] - StateChangelogStorageLoader initialized with shortcut names {memory,filesystem}.
2025-08-11 08:57:37,615 INFO  org.apache.flink.runtime.security.modules.HadoopModuleFactory [] - Cannot create Hadoop Security Module because Hadoop cannot be found in the Classpath.
2025-08-11 08:57:37,629 INFO  org.apache.flink.runtime.security.modules.JaasModule         [] - Jaas file will be created as /tmp/jaas-2488808241742888701.conf.
2025-08-11 08:57:37,635 INFO  org.apache.flink.runtime.security.contexts.HadoopSecurityContextFactory [] - Cannot install HadoopSecurityContext because Hadoop cannot be found in the Classpath.
2025-08-11 08:57:37,996 INFO  org.apache.flink.runtime.util.LeaderRetrievalUtils           [] - Trying to select the network interface and address to use by connecting to the leading JobManager.
2025-08-11 08:57:37,996 INFO  org.apache.flink.runtime.util.LeaderRetrievalUtils           [] - TaskManager will try to connect for PT10S before falling back to heuristics
2025-08-11 08:57:38,234 INFO  org.apache.flink.runtime.taskexecutor.TaskManagerRunner      [] - TaskManager will use hostname/address 'gpu02' (127.0.0.1) for communication.
2025-08-11 08:57:38,269 INFO  org.apache.flink.runtime.rpc.akka.AkkaRpcServiceUtils        [] - Trying to start actor system, external address 127.0.0.1:0, bind address localhost:0.
2025-08-11 08:57:38,807 INFO  akka.event.slf4j.Slf4jLogger                                 [] - Slf4jLogger started
2025-08-11 08:57:38,844 INFO  akka.remote.RemoteActorRefProvider                           [] - Akka Cluster not in use - enabling unsafe features anyway because `akka.remote.use-unsafe-remote-features-outside-cluster` has been enabled.
2025-08-11 08:57:38,845 INFO  akka.remote.Remoting                                         [] - Starting remoting
2025-08-11 08:57:39,020 INFO  akka.remote.Remoting                                         [] - Remoting started; listening on addresses :[akka.tcp://flink@127.0.0.1:29325]
2025-08-11 08:57:39,139 INFO  org.apache.flink.runtime.rpc.akka.AkkaRpcServiceUtils        [] - Actor system started at akka.tcp://flink@127.0.0.1:29325
2025-08-11 08:57:39,154 INFO  org.apache.flink.runtime.taskexecutor.TaskManagerRunner      [] - Using working directory: WorkingDirectory(/tmp/tm_127.0.0.1:29325-da8a57)
2025-08-11 08:57:39,162 INFO  org.apache.flink.runtime.metrics.MetricRegistryImpl          [] - No metrics reporter configured, no metrics will be exposed/reported.
2025-08-11 08:57:39,165 INFO  org.apache.flink.runtime.rpc.akka.AkkaRpcServiceUtils        [] - Trying to start actor system, external address 127.0.0.1:0, bind address localhost:0.
2025-08-11 08:57:39,186 INFO  akka.event.slf4j.Slf4jLogger                                 [] - Slf4jLogger started
2025-08-11 08:57:39,191 INFO  akka.remote.RemoteActorRefProvider                           [] - Akka Cluster not in use - enabling unsafe features anyway because `akka.remote.use-unsafe-remote-features-outside-cluster` has been enabled.
2025-08-11 08:57:39,195 INFO  akka.remote.Remoting                                         [] - Starting remoting
2025-08-11 08:57:39,212 INFO  akka.remote.Remoting                                         [] - Remoting started; listening on addresses :[akka.tcp://flink-metrics@127.0.0.1:8619]
2025-08-11 08:57:39,226 INFO  org.apache.flink.runtime.rpc.akka.AkkaRpcServiceUtils        [] - Actor system started at akka.tcp://flink-metrics@127.0.0.1:8619
2025-08-11 08:57:39,242 INFO  org.apache.flink.runtime.rpc.akka.AkkaRpcService             [] - Starting RPC endpoint for org.apache.flink.runtime.metrics.dump.MetricQueryService at akka://flink-metrics/user/rpc/MetricQueryService_127.0.0.1:29325-da8a57 .
2025-08-11 08:57:39,256 INFO  org.apache.flink.runtime.blob.PermanentBlobCache             [] - Created BLOB cache storage directory /tmp/tm_127.0.0.1:29325-da8a57/blobStorage
2025-08-11 08:57:39,260 INFO  org.apache.flink.runtime.blob.TransientBlobCache             [] - Created BLOB cache storage directory /tmp/tm_127.0.0.1:29325-da8a57/blobStorage
2025-08-11 08:57:39,263 INFO  org.apache.flink.runtime.externalresource.ExternalResourceUtils [] - Enabled external resources: []
2025-08-11 08:57:39,264 INFO  org.apache.flink.runtime.security.token.DelegationTokenReceiverRepository [] - Loading delegation token receivers
2025-08-11 08:57:39,268 INFO  org.apache.flink.runtime.security.token.DelegationTokenReceiverRepository [] - Delegation token receiver hadoopfs loaded and initialized
2025-08-11 08:57:39,268 INFO  org.apache.flink.runtime.security.token.DelegationTokenReceiverRepository [] - Delegation token receiver hbase loaded and initialized
2025-08-11 08:57:39,268 INFO  org.apache.flink.core.plugin.DefaultPluginManager            [] - Plugin loader with ID found, reusing it: metrics-prometheus
2025-08-11 08:57:39,268 INFO  org.apache.flink.core.plugin.DefaultPluginManager            [] - Plugin loader with ID found, reusing it: metrics-slf4j
2025-08-11 08:57:39,268 INFO  org.apache.flink.core.plugin.DefaultPluginManager            [] - Plugin loader with ID found, reusing it: metrics-influx
2025-08-11 08:57:39,268 INFO  org.apache.flink.core.plugin.DefaultPluginManager            [] - Plugin loader with ID found, reusing it: metrics-datadog
2025-08-11 08:57:39,268 INFO  org.apache.flink.core.plugin.DefaultPluginManager            [] - Plugin loader with ID found, reusing it: external-resource-gpu
2025-08-11 08:57:39,269 INFO  org.apache.flink.core.plugin.DefaultPluginManager            [] - Plugin loader with ID found, reusing it: metrics-graphite
2025-08-11 08:57:39,269 INFO  org.apache.flink.core.plugin.DefaultPluginManager            [] - Plugin loader with ID found, reusing it: metrics-statsd
2025-08-11 08:57:39,269 INFO  org.apache.flink.core.plugin.DefaultPluginManager            [] - Plugin loader with ID found, reusing it: metrics-jmx
2025-08-11 08:57:39,269 INFO  org.apache.flink.runtime.security.token.DelegationTokenReceiverRepository [] - Delegation token receivers loaded successfully
2025-08-11 08:57:39,269 INFO  org.apache.flink.runtime.taskexecutor.TaskManagerRunner      [] - Starting TaskManager with ResourceID: 127.0.0.1:29325-da8a57
2025-08-11 08:57:39,285 INFO  org.apache.flink.runtime.taskexecutor.TaskManagerServices    [] - Temporary file directory '/tmp': total 1758 GB, usable 31 GB (1.76% usable)
2025-08-11 08:57:39,288 INFO  org.apache.flink.runtime.io.disk.iomanager.IOManager         [] - Created a new FileChannelManager for spilling of task related data to disk (joins, sorting, ...). Used directories:
	/tmp/flink-io-12b5f31b-1ee9-418d-af1b-30fcc299cd0c
2025-08-11 08:57:39,295 INFO  org.apache.flink.runtime.io.network.netty.NettyConfig        [] - NettyConfig [server address: localhost/127.0.0.1, server port: 0, ssl enabled: false, memory segment size (bytes): 32768, transport type: AUTO, number of server threads: 4 (manual), number of client threads: 4 (manual), server connect backlog: 0 (use Netty's default), client connect timeout (sec): 120, send/receive buffer size (bytes): 0 (use Netty's default)]
2025-08-11 08:57:39,348 INFO  org.apache.flink.runtime.io.network.NettyShuffleServiceFactory [] - Created a new FileChannelManager for storing result partitions of BLOCKING shuffles. Used directories:
	/tmp/flink-netty-shuffle-4dbfac79-d0d2-4737-aeff-460126c7d294
2025-08-11 08:57:39,552 INFO  org.apache.flink.runtime.io.network.buffer.NetworkBufferPool [] - Allocated 343 MB for network buffer pool (number of memory segments: 10977, bytes per segment: 32768).
2025-08-11 08:57:39,565 INFO  org.apache.flink.runtime.io.network.NettyShuffleEnvironment  [] - Starting the network environment and its components.
2025-08-11 08:57:39,616 INFO  org.apache.flink.runtime.io.network.netty.NettyClient        [] - Transport type 'auto': using EPOLL.
2025-08-11 08:57:39,617 INFO  org.apache.flink.runtime.io.network.netty.NettyClient        [] - Successful initialization (took 51 ms).
2025-08-11 08:57:39,621 INFO  org.apache.flink.runtime.io.network.netty.NettyServer        [] - Transport type 'auto': using EPOLL.
2025-08-11 08:57:39,688 INFO  org.apache.flink.runtime.io.network.netty.NettyServer        [] - Successful initialization (took 70 ms). Listening on SocketAddress /127.0.0.1:27203.
2025-08-11 08:57:39,693 INFO  org.apache.flink.runtime.taskexecutor.KvStateService         [] - Starting the kvState service and its components.
2025-08-11 08:57:39,718 INFO  org.apache.flink.runtime.rpc.akka.AkkaRpcService             [] - Starting RPC endpoint for org.apache.flink.runtime.taskexecutor.TaskExecutor at akka://flink/user/rpc/taskmanager_0 .
2025-08-11 08:57:39,735 INFO  org.apache.flink.runtime.taskexecutor.DefaultJobLeaderService [] - Start job leader service.
2025-08-11 08:57:39,739 INFO  org.apache.flink.runtime.filecache.FileCache                 [] - User file cache uses directory /tmp/flink-dist-cache-093536e6-07a7-45c0-b039-77f59ef84a4c
2025-08-11 08:57:39,742 INFO  org.apache.flink.runtime.taskexecutor.TaskExecutor           [] - Connecting to ResourceManager akka.tcp://flink@localhost:6123/user/rpc/resourcemanager_*(00000000000000000000000000000000).
2025-08-11 08:57:39,974 INFO  org.apache.flink.runtime.taskexecutor.TaskExecutor           [] - Resolved ResourceManager address, beginning registration
2025-08-11 08:57:40,086 INFO  org.apache.flink.runtime.taskexecutor.TaskExecutor           [] - Successful registration at resource manager akka.tcp://flink@localhost:6123/user/rpc/resourcemanager_* under registration id efe9e96d5f7888f722b6e6db7908b4ef.
2025-08-11 08:57:46,141 INFO  org.apache.flink.runtime.taskexecutor.TaskExecutor           [] - Receive slot request 8dbabd4fe698e187920a36e67514011d for job f368c540d2747352773d6e4770ef2e99 from resource manager with leader id 00000000000000000000000000000000.
2025-08-11 08:57:46,147 INFO  org.apache.flink.runtime.taskexecutor.TaskExecutor           [] - Allocated slot for 8dbabd4fe698e187920a36e67514011d.
2025-08-11 08:57:46,149 INFO  org.apache.flink.runtime.taskexecutor.DefaultJobLeaderService [] - Add job f368c540d2747352773d6e4770ef2e99 for job leader monitoring.
2025-08-11 08:57:46,150 INFO  org.apache.flink.runtime.taskexecutor.DefaultJobLeaderService [] - Try to register at job manager akka.tcp://flink@localhost:6123/user/rpc/jobmanager_2 with leader id 00000000-0000-0000-0000-000000000000.
2025-08-11 08:57:46,178 INFO  org.apache.flink.runtime.taskexecutor.DefaultJobLeaderService [] - Resolved JobManager address, beginning registration
2025-08-11 08:57:46,219 INFO  org.apache.flink.runtime.taskexecutor.DefaultJobLeaderService [] - Successful registration at job manager akka.tcp://flink@localhost:6123/user/rpc/jobmanager_2 for job f368c540d2747352773d6e4770ef2e99.
2025-08-11 08:57:46,221 INFO  org.apache.flink.runtime.taskexecutor.TaskExecutor           [] - Establish JobManager connection for job f368c540d2747352773d6e4770ef2e99.
2025-08-11 08:57:46,223 INFO  org.apache.flink.runtime.taskexecutor.TaskExecutor           [] - Offer reserved slots to the leader of job f368c540d2747352773d6e4770ef2e99.
2025-08-11 08:57:46,263 INFO  org.apache.flink.runtime.taskexecutor.slot.TaskSlotTableImpl [] - Activate slot 8dbabd4fe698e187920a36e67514011d.
2025-08-11 08:57:46,285 INFO  org.apache.flink.runtime.state.changelog.StateChangelogStorageLoader [] - Creating a changelog storage with name 'memory'.
2025-08-11 08:57:46,294 INFO  org.apache.flink.runtime.state.TaskExecutorChannelStateExecutorFactoryManager [] - Creating the channel state executor factory for job id f368c540d2747352773d6e4770ef2e99
2025-08-11 08:57:46,300 INFO  org.apache.flink.runtime.taskexecutor.TaskExecutor           [] - Received task Source: Normal Request Source -> Simple Real Batch Processor -> Sink: Batch Validation Sink (1/1)#0 (41107ab84e26ee561060e2e64c4b4b3e_cbc357ccb763df2852fee8c4fc7d55f2_0_0), deploy into slot with allocation id 8dbabd4fe698e187920a36e67514011d.
2025-08-11 08:57:46,302 INFO  org.apache.flink.runtime.taskmanager.Task                    [] - Source: Normal Request Source -> Simple Real Batch Processor -> Sink: Batch Validation Sink (1/1)#0 (41107ab84e26ee561060e2e64c4b4b3e_cbc357ccb763df2852fee8c4fc7d55f2_0_0) switched from CREATED to DEPLOYING.
2025-08-11 08:57:46,303 INFO  org.apache.flink.runtime.taskexecutor.slot.TaskSlotTableImpl [] - Activate slot 8dbabd4fe698e187920a36e67514011d.
2025-08-11 08:57:46,308 INFO  org.apache.flink.runtime.taskmanager.Task                    [] - Loading JAR files for task Source: Normal Request Source -> Simple Real Batch Processor -> Sink: Batch Validation Sink (1/1)#0 (41107ab84e26ee561060e2e64c4b4b3e_cbc357ccb763df2852fee8c4fc7d55f2_0_0) [DEPLOYING].
2025-08-11 08:57:46,311 INFO  org.apache.flink.runtime.blob.BlobClient                     [] - Downloading f368c540d2747352773d6e4770ef2e99/p-1c519411933e6310e0937b8647a2dbf222272bfd-b24981ab6dc9b52778b3ea4f507faf95 from localhost/127.0.0.1:20107
2025-08-11 08:57:46,370 INFO  org.apache.flink.streaming.runtime.tasks.StreamTask          [] - Using job/cluster config to configure application-defined state backend: org.apache.flink.runtime.state.hashmap.HashMapStateBackend@748e4623
2025-08-11 08:57:46,370 INFO  org.apache.flink.streaming.runtime.tasks.StreamTask          [] - Using application-defined state backend: org.apache.flink.runtime.state.hashmap.HashMapStateBackend@2013f7ea
2025-08-11 08:57:46,371 INFO  org.apache.flink.runtime.state.StateBackendLoader            [] - State backend loader loads the state backend as HashMapStateBackend
2025-08-11 08:57:46,376 INFO  org.apache.flink.streaming.runtime.tasks.StreamTask          [] - Using job/cluster config to configure application-defined checkpoint storage: org.apache.flink.runtime.state.storage.FileSystemCheckpointStorage@200dd9d5
2025-08-11 08:57:46,390 INFO  org.apache.flink.runtime.taskmanager.Task                    [] - Source: Normal Request Source -> Simple Real Batch Processor -> Sink: Batch Validation Sink (1/1)#0 (41107ab84e26ee561060e2e64c4b4b3e_cbc357ccb763df2852fee8c4fc7d55f2_0_0) switched from DEPLOYING to INITIALIZING.
2025-08-11 08:57:46,498 INFO  com.infertuner.processors.BatchProcessor                     [] - Task 0 启动，绑定到 GPU 0，batch_size=8
2025-08-11 08:57:46,608 INFO  com.infertuner.processors.BatchProcessor                     [] - 启动 GPU 0 推理服务...
2025-08-11 08:57:46,614 INFO  com.infertuner.processors.BatchProcessor                     [] - 等待 GPU 0 服务初始化...
2025-08-11 08:57:54,615 INFO  com.infertuner.processors.BatchProcessor                     [] - ✅ GPU 0 推理服务启动成功
2025-08-11 08:57:54,616 INFO  com.infertuner.processors.BatchProcessor                     [] - GPU 0 简化攒批推理服务启动完成
2025-08-11 08:57:54,622 INFO  org.apache.flink.runtime.taskmanager.Task                    [] - Source: Normal Request Source -> Simple Real Batch Processor -> Sink: Batch Validation Sink (1/1)#0 (41107ab84e26ee561060e2e64c4b4b3e_cbc357ccb763df2852fee8c4fc7d55f2_0_0) switched from INITIALIZING to RUNNING.
2025-08-11 08:57:54,631 INFO  com.infertuner.sources.BasicRequestSource                    [] - 开始生成 30 个测试请求，间隔 200ms
2025-08-11 08:57:54,633 INFO  com.infertuner.processors.BatchProcessor                     [] - GPU 0 收到请求 req_000 (第1个，批次位置1), 模拟等待1400ms
2025-08-11 08:57:58,248 INFO  com.infertuner.processors.BatchProcessor                     [] - GPU 0 处理 req_000 完成: 等待=1400ms, 推理=2139ms, 总延迟=3539ms
2025-08-11 08:57:58,249 INFO  com.infertuner.sinks.BatchAnalysisSink                       [] - [req_000] Batch-8 | 等待: 1400ms | 处理: 2139ms | 总计: 3539ms
2025-08-11 08:57:58,249 INFO  com.infertuner.sources.BasicRequestSource                    [] - 生成请求 1/30: req_000
2025-08-11 08:57:58,449 INFO  com.infertuner.processors.BatchProcessor                     [] - GPU 0 收到请求 req_001 (第2个，批次位置2), 模拟等待1200ms
2025-08-11 08:58:01,049 INFO  com.infertuner.processors.BatchProcessor                     [] - GPU 0 处理 req_001 完成: 等待=1200ms, 推理=1395ms, 总延迟=2595ms
2025-08-11 08:58:01,050 INFO  com.infertuner.sinks.BatchAnalysisSink                       [] - [req_001] Batch-8 | 等待: 1200ms | 处理: 1395ms | 总计: 2595ms
2025-08-11 08:58:01,050 INFO  com.infertuner.sources.BasicRequestSource                    [] - 生成请求 2/30: req_001
2025-08-11 08:58:01,251 INFO  com.infertuner.processors.BatchProcessor                     [] - GPU 0 收到请求 req_002 (第3个，批次位置3), 模拟等待1000ms
2025-08-11 08:58:03,400 INFO  com.infertuner.processors.BatchProcessor                     [] - GPU 0 处理 req_002 完成: 等待=1000ms, 推理=1147ms, 总延迟=2147ms
2025-08-11 08:58:03,401 INFO  com.infertuner.sinks.BatchAnalysisSink                       [] - [req_002] Batch-8 | 等待: 1000ms | 处理: 1147ms | 总计: 2147ms
2025-08-11 08:58:03,401 INFO  com.infertuner.sources.BasicRequestSource                    [] - 生成请求 3/30: req_002
2025-08-11 08:58:03,602 INFO  com.infertuner.processors.BatchProcessor                     [] - GPU 0 收到请求 req_003 (第4个，批次位置4), 模拟等待800ms
2025-08-11 08:58:04,951 INFO  com.infertuner.processors.BatchProcessor                     [] - GPU 0 处理 req_003 完成: 等待=800ms, 推理=547ms, 总延迟=1347ms
2025-08-11 08:58:04,952 INFO  com.infertuner.sinks.BatchAnalysisSink                       [] - [req_003] Batch-8 | 等待: 800ms | 处理: 547ms | 总计: 1347ms
2025-08-11 08:58:04,952 INFO  com.infertuner.sources.BasicRequestSource                    [] - 生成请求 4/30: req_003
2025-08-11 08:58:05,152 INFO  com.infertuner.processors.BatchProcessor                     [] - GPU 0 收到请求 req_004 (第5个，批次位置5), 模拟等待600ms
2025-08-11 08:58:06,724 INFO  com.infertuner.processors.BatchProcessor                     [] - GPU 0 处理 req_004 完成: 等待=600ms, 推理=969ms, 总延迟=1569ms
2025-08-11 08:58:06,725 INFO  com.infertuner.sinks.BatchAnalysisSink                       [] - [req_004] Batch-8 | 等待: 600ms | 处理: 969ms | 总计: 1569ms
2025-08-11 08:58:06,729 INFO  com.infertuner.sinks.BatchAnalysisSink                       [] - === 批处理分析中期统计 ===
2025-08-11 08:58:06,729 INFO  com.infertuner.sinks.BatchAnalysisSink                       [] - 已处理: 5 请求 | 吞吐量: {:.2f} req/s
2025-08-11 08:58:06,729 INFO  com.infertuner.sinks.BatchAnalysisSink                       [] - 平均等待: {:.1f}ms | 平均处理: {:.1f}ms | 平均总延迟: {:.1f}ms
2025-08-11 08:58:06,729 INFO  com.infertuner.sinks.BatchAnalysisSink                       [] - 批大小分布:
2025-08-11 08:58:06,730 INFO  com.infertuner.sinks.BatchAnalysisSink                       [] -   Batch-8: 5 个响应
2025-08-11 08:58:06,730 INFO  com.infertuner.sinks.BatchAnalysisSink                       [] - ========================
2025-08-11 08:58:06,730 INFO  com.infertuner.sources.BasicRequestSource                    [] - 生成请求 5/30: req_004
2025-08-11 08:58:06,931 INFO  com.infertuner.processors.BatchProcessor                     [] - GPU 0 收到请求 req_005 (第6个，批次位置6), 模拟等待400ms
2025-08-11 08:58:08,750 INFO  com.infertuner.processors.BatchProcessor                     [] - GPU 0 处理 req_005 完成: 等待=400ms, 推理=1417ms, 总延迟=1817ms
2025-08-11 08:58:08,751 INFO  com.infertuner.sinks.BatchAnalysisSink                       [] - [req_005] Batch-8 | 等待: 400ms | 处理: 1417ms | 总计: 1817ms
2025-08-11 08:58:08,751 INFO  com.infertuner.sources.BasicRequestSource                    [] - 生成请求 6/30: req_005
2025-08-11 08:58:08,952 INFO  com.infertuner.processors.BatchProcessor                     [] - GPU 0 收到请求 req_006 (第7个，批次位置7), 模拟等待200ms
2025-08-11 08:58:10,496 INFO  com.infertuner.processors.BatchProcessor                     [] - GPU 0 处理 req_006 完成: 等待=200ms, 推理=1342ms, 总延迟=1542ms
2025-08-11 08:58:10,497 INFO  com.infertuner.sinks.BatchAnalysisSink                       [] - [req_006] Batch-8 | 等待: 200ms | 处理: 1342ms | 总计: 1542ms
2025-08-11 08:58:10,497 INFO  com.infertuner.sources.BasicRequestSource                    [] - 生成请求 7/30: req_006
2025-08-11 08:58:10,697 INFO  com.infertuner.processors.BatchProcessor                     [] - GPU 0 收到请求 req_007 (第8个，批次位置8), 模拟等待0ms
2025-08-11 08:58:11,705 INFO  com.infertuner.processors.BatchProcessor                     [] - GPU 0 处理 req_007 完成: 等待=0ms, 推理=1005ms, 总延迟=1005ms
2025-08-11 08:58:11,706 INFO  com.infertuner.sinks.BatchAnalysisSink                       [] - [req_007] Batch-8 | 等待: 0ms | 处理: 1005ms | 总计: 1005ms
2025-08-11 08:58:11,706 INFO  com.infertuner.sources.BasicRequestSource                    [] - 生成请求 8/30: req_007
2025-08-11 08:58:11,906 INFO  com.infertuner.processors.BatchProcessor                     [] - GPU 0 收到请求 req_008 (第9个，批次位置1), 模拟等待1400ms
2025-08-11 08:58:14,183 INFO  com.infertuner.processors.BatchProcessor                     [] - GPU 0 处理 req_008 完成: 等待=1400ms, 推理=874ms, 总延迟=2274ms
2025-08-11 08:58:14,183 INFO  com.infertuner.sinks.BatchAnalysisSink                       [] - [req_008] Batch-8 | 等待: 1400ms | 处理: 874ms | 总计: 2274ms
2025-08-11 08:58:14,183 INFO  com.infertuner.sources.BasicRequestSource                    [] - 生成请求 9/30: req_008
2025-08-11 08:58:14,384 INFO  com.infertuner.processors.BatchProcessor                     [] - GPU 0 收到请求 req_009 (第10个，批次位置2), 模拟等待1200ms
2025-08-11 08:58:16,888 INFO  com.infertuner.processors.BatchProcessor                     [] - GPU 0 处理 req_009 完成: 等待=1200ms, 推理=1302ms, 总延迟=2502ms
2025-08-11 08:58:16,889 INFO  com.infertuner.sinks.BatchAnalysisSink                       [] - [req_009] Batch-8 | 等待: 1200ms | 处理: 1302ms | 总计: 2502ms
2025-08-11 08:58:16,889 INFO  com.infertuner.sinks.BatchAnalysisSink                       [] - === 批处理分析中期统计 ===
2025-08-11 08:58:16,889 INFO  com.infertuner.sinks.BatchAnalysisSink                       [] - 已处理: 10 请求 | 吞吐量: {:.2f} req/s
2025-08-11 08:58:16,890 INFO  com.infertuner.sinks.BatchAnalysisSink                       [] - 平均等待: {:.1f}ms | 平均处理: {:.1f}ms | 平均总延迟: {:.1f}ms
2025-08-11 08:58:16,890 INFO  com.infertuner.sinks.BatchAnalysisSink                       [] - 批大小分布:
2025-08-11 08:58:16,890 INFO  com.infertuner.sinks.BatchAnalysisSink                       [] -   Batch-8: 10 个响应
2025-08-11 08:58:16,890 INFO  com.infertuner.sinks.BatchAnalysisSink                       [] - ========================
2025-08-11 08:58:16,890 INFO  com.infertuner.sources.BasicRequestSource                    [] - 生成请求 10/30: req_009
2025-08-11 08:58:17,091 INFO  com.infertuner.processors.BatchProcessor                     [] - GPU 0 收到请求 req_010 (第11个，批次位置3), 模拟等待1000ms
2025-08-11 08:58:19,476 INFO  com.infertuner.processors.BatchProcessor                     [] - GPU 0 处理 req_010 完成: 等待=1000ms, 推理=1382ms, 总延迟=2382ms
2025-08-11 08:58:19,477 INFO  com.infertuner.sinks.BatchAnalysisSink                       [] - [req_010] Batch-8 | 等待: 1000ms | 处理: 1382ms | 总计: 2382ms
2025-08-11 08:58:19,477 INFO  com.infertuner.sources.BasicRequestSource                    [] - 生成请求 11/30: req_010
2025-08-11 08:58:19,678 INFO  com.infertuner.processors.BatchProcessor                     [] - GPU 0 收到请求 req_011 (第12个，批次位置4), 模拟等待800ms
2025-08-11 08:58:21,167 INFO  com.infertuner.processors.BatchProcessor                     [] - GPU 0 处理 req_011 完成: 等待=800ms, 推理=687ms, 总延迟=1487ms
2025-08-11 08:58:21,168 INFO  com.infertuner.sinks.BatchAnalysisSink                       [] - [req_011] Batch-8 | 等待: 800ms | 处理: 687ms | 总计: 1487ms
2025-08-11 08:58:21,168 INFO  com.infertuner.sources.BasicRequestSource                    [] - 生成请求 12/30: req_011
2025-08-11 08:58:21,369 INFO  com.infertuner.processors.BatchProcessor                     [] - GPU 0 收到请求 req_012 (第13个，批次位置5), 模拟等待600ms
2025-08-11 08:58:23,141 INFO  com.infertuner.processors.BatchProcessor                     [] - GPU 0 处理 req_012 完成: 等待=600ms, 推理=1170ms, 总延迟=1770ms
2025-08-11 08:58:23,141 INFO  com.infertuner.sinks.BatchAnalysisSink                       [] - [req_012] Batch-8 | 等待: 600ms | 处理: 1170ms | 总计: 1770ms
2025-08-11 08:58:23,142 INFO  com.infertuner.sources.BasicRequestSource                    [] - 生成请求 13/30: req_012
2025-08-11 08:58:23,342 INFO  com.infertuner.processors.BatchProcessor                     [] - GPU 0 收到请求 req_013 (第14个，批次位置6), 模拟等待400ms
2025-08-11 08:58:24,876 INFO  com.infertuner.processors.BatchProcessor                     [] - GPU 0 处理 req_013 完成: 等待=400ms, 推理=1131ms, 总延迟=1531ms
2025-08-11 08:58:24,876 INFO  com.infertuner.sinks.BatchAnalysisSink                       [] - [req_013] Batch-8 | 等待: 400ms | 处理: 1131ms | 总计: 1531ms
2025-08-11 08:58:24,876 INFO  com.infertuner.sources.BasicRequestSource                    [] - 生成请求 14/30: req_013
2025-08-11 08:58:25,076 INFO  com.infertuner.processors.BatchProcessor                     [] - GPU 0 收到请求 req_014 (第15个，批次位置7), 模拟等待200ms
2025-08-11 08:58:26,209 INFO  com.infertuner.processors.BatchProcessor                     [] - GPU 0 处理 req_014 完成: 等待=200ms, 推理=931ms, 总延迟=1131ms
2025-08-11 08:58:26,210 INFO  com.infertuner.sinks.BatchAnalysisSink                       [] - [req_014] Batch-8 | 等待: 200ms | 处理: 931ms | 总计: 1131ms
2025-08-11 08:58:26,210 INFO  com.infertuner.sinks.BatchAnalysisSink                       [] - === 批处理分析中期统计 ===
2025-08-11 08:58:26,210 INFO  com.infertuner.sinks.BatchAnalysisSink                       [] - 已处理: 15 请求 | 吞吐量: {:.2f} req/s
2025-08-11 08:58:26,210 INFO  com.infertuner.sinks.BatchAnalysisSink                       [] - 平均等待: {:.1f}ms | 平均处理: {:.1f}ms | 平均总延迟: {:.1f}ms
2025-08-11 08:58:26,210 INFO  com.infertuner.sinks.BatchAnalysisSink                       [] - 批大小分布:
2025-08-11 08:58:26,210 INFO  com.infertuner.sinks.BatchAnalysisSink                       [] -   Batch-8: 15 个响应
2025-08-11 08:58:26,210 INFO  com.infertuner.sinks.BatchAnalysisSink                       [] - ========================
2025-08-11 08:58:26,210 INFO  com.infertuner.sources.BasicRequestSource                    [] - 生成请求 15/30: req_014
2025-08-11 08:58:26,412 INFO  com.infertuner.processors.BatchProcessor                     [] - GPU 0 收到请求 req_015 (第16个，批次位置8), 模拟等待0ms
2025-08-11 08:58:27,289 INFO  com.infertuner.processors.BatchProcessor                     [] - GPU 0 处理 req_015 完成: 等待=0ms, 推理=874ms, 总延迟=874ms
2025-08-11 08:58:27,289 INFO  com.infertuner.sinks.BatchAnalysisSink                       [] - [req_015] Batch-8 | 等待: 0ms | 处理: 874ms | 总计: 874ms
2025-08-11 08:58:27,290 INFO  com.infertuner.sources.BasicRequestSource                    [] - 生成请求 16/30: req_015
2025-08-11 08:58:27,490 INFO  com.infertuner.processors.BatchProcessor                     [] - GPU 0 收到请求 req_016 (第17个，批次位置1), 模拟等待1400ms
2025-08-11 08:58:29,935 INFO  com.infertuner.processors.BatchProcessor                     [] - GPU 0 处理 req_016 完成: 等待=1400ms, 推理=1043ms, 总延迟=2443ms
2025-08-11 08:58:29,936 INFO  com.infertuner.sinks.BatchAnalysisSink                       [] - [req_016] Batch-8 | 等待: 1400ms | 处理: 1043ms | 总计: 2443ms
2025-08-11 08:58:29,936 INFO  com.infertuner.sources.BasicRequestSource                    [] - 生成请求 17/30: req_016
2025-08-11 08:58:30,136 INFO  com.infertuner.processors.BatchProcessor                     [] - GPU 0 收到请求 req_017 (第18个，批次位置2), 模拟等待1200ms
2025-08-11 08:58:32,068 INFO  com.infertuner.processors.BatchProcessor                     [] - GPU 0 处理 req_017 完成: 等待=1200ms, 推理=730ms, 总延迟=1930ms
2025-08-11 08:58:32,069 INFO  com.infertuner.sinks.BatchAnalysisSink                       [] - [req_017] Batch-8 | 等待: 1200ms | 处理: 730ms | 总计: 1930ms
2025-08-11 08:58:32,069 INFO  com.infertuner.sources.BasicRequestSource                    [] - 生成请求 18/30: req_017
2025-08-11 08:58:32,269 INFO  com.infertuner.processors.BatchProcessor                     [] - GPU 0 收到请求 req_018 (第19个，批次位置3), 模拟等待1000ms
2025-08-11 08:58:34,046 INFO  com.infertuner.processors.BatchProcessor                     [] - GPU 0 处理 req_018 完成: 等待=1000ms, 推理=774ms, 总延迟=1774ms
2025-08-11 08:58:34,046 INFO  com.infertuner.sinks.BatchAnalysisSink                       [] - [req_018] Batch-8 | 等待: 1000ms | 处理: 774ms | 总计: 1774ms
2025-08-11 08:58:34,046 INFO  com.infertuner.sources.BasicRequestSource                    [] - 生成请求 19/30: req_018
2025-08-11 08:58:34,247 INFO  com.infertuner.processors.BatchProcessor                     [] - GPU 0 收到请求 req_019 (第20个，批次位置4), 模拟等待800ms
2025-08-11 08:58:35,902 INFO  com.infertuner.processors.BatchProcessor                     [] - GPU 0 处理 req_019 完成: 等待=800ms, 推理=853ms, 总延迟=1653ms
2025-08-11 08:58:35,902 INFO  com.infertuner.sinks.BatchAnalysisSink                       [] - [req_019] Batch-8 | 等待: 800ms | 处理: 853ms | 总计: 1653ms
2025-08-11 08:58:35,903 INFO  com.infertuner.sinks.BatchAnalysisSink                       [] - === 批处理分析中期统计 ===
2025-08-11 08:58:35,903 INFO  com.infertuner.sinks.BatchAnalysisSink                       [] - 已处理: 20 请求 | 吞吐量: {:.2f} req/s
2025-08-11 08:58:35,903 INFO  com.infertuner.sinks.BatchAnalysisSink                       [] - 平均等待: {:.1f}ms | 平均处理: {:.1f}ms | 平均总延迟: {:.1f}ms
2025-08-11 08:58:35,903 INFO  com.infertuner.sinks.BatchAnalysisSink                       [] - 批大小分布:
2025-08-11 08:58:35,903 INFO  com.infertuner.sinks.BatchAnalysisSink                       [] -   Batch-8: 20 个响应
2025-08-11 08:58:35,903 INFO  com.infertuner.sinks.BatchAnalysisSink                       [] - ========================
2025-08-11 08:58:35,903 INFO  com.infertuner.sources.BasicRequestSource                    [] - 生成请求 20/30: req_019
2025-08-11 08:58:36,103 INFO  com.infertuner.processors.BatchProcessor                     [] - GPU 0 收到请求 req_020 (第21个，批次位置5), 模拟等待600ms
2025-08-11 08:58:37,274 INFO  com.infertuner.processors.BatchProcessor                     [] - GPU 0 处理 req_020 完成: 等待=600ms, 推理=569ms, 总延迟=1169ms
2025-08-11 08:58:37,275 INFO  com.infertuner.sinks.BatchAnalysisSink                       [] - [req_020] Batch-8 | 等待: 600ms | 处理: 569ms | 总计: 1169ms
2025-08-11 08:58:37,275 INFO  com.infertuner.sources.BasicRequestSource                    [] - 生成请求 21/30: req_020
2025-08-11 08:58:37,475 INFO  com.infertuner.processors.BatchProcessor                     [] - GPU 0 收到请求 req_021 (第22个，批次位置6), 模拟等待400ms
2025-08-11 08:58:39,144 INFO  com.infertuner.processors.BatchProcessor                     [] - GPU 0 处理 req_021 完成: 等待=400ms, 推理=1266ms, 总延迟=1666ms
2025-08-11 08:58:39,144 INFO  com.infertuner.sinks.BatchAnalysisSink                       [] - [req_021] Batch-8 | 等待: 400ms | 处理: 1266ms | 总计: 1666ms
2025-08-11 08:58:39,144 INFO  com.infertuner.sources.BasicRequestSource                    [] - 生成请求 22/30: req_021
2025-08-11 08:58:39,345 INFO  com.infertuner.processors.BatchProcessor                     [] - GPU 0 收到请求 req_022 (第23个，批次位置7), 模拟等待200ms
2025-08-11 08:58:40,496 INFO  com.infertuner.processors.BatchProcessor                     [] - GPU 0 处理 req_022 完成: 等待=200ms, 推理=948ms, 总延迟=1148ms
2025-08-11 08:58:40,496 INFO  com.infertuner.sinks.BatchAnalysisSink                       [] - [req_022] Batch-8 | 等待: 200ms | 处理: 948ms | 总计: 1148ms
2025-08-11 08:58:40,496 INFO  com.infertuner.sources.BasicRequestSource                    [] - 生成请求 23/30: req_022
2025-08-11 08:58:40,696 INFO  com.infertuner.processors.BatchProcessor                     [] - GPU 0 收到请求 req_023 (第24个，批次位置8), 模拟等待0ms
2025-08-11 08:58:41,826 INFO  com.infertuner.processors.BatchProcessor                     [] - GPU 0 处理 req_023 完成: 等待=0ms, 推理=1127ms, 总延迟=1127ms
2025-08-11 08:58:41,826 INFO  com.infertuner.sinks.BatchAnalysisSink                       [] - [req_023] Batch-8 | 等待: 0ms | 处理: 1127ms | 总计: 1127ms
2025-08-11 08:58:41,826 INFO  com.infertuner.sources.BasicRequestSource                    [] - 生成请求 24/30: req_023
2025-08-11 08:58:42,027 INFO  com.infertuner.processors.BatchProcessor                     [] - GPU 0 收到请求 req_024 (第25个，批次位置1), 模拟等待1400ms
2025-08-11 08:58:44,697 INFO  com.infertuner.processors.BatchProcessor                     [] - GPU 0 处理 req_024 完成: 等待=1400ms, 推理=1268ms, 总延迟=2668ms
2025-08-11 08:58:44,697 INFO  com.infertuner.sinks.BatchAnalysisSink                       [] - [req_024] Batch-8 | 等待: 1400ms | 处理: 1268ms | 总计: 2668ms
2025-08-11 08:58:44,698 INFO  com.infertuner.sinks.BatchAnalysisSink                       [] - === 批处理分析中期统计 ===
2025-08-11 08:58:44,698 INFO  com.infertuner.sinks.BatchAnalysisSink                       [] - 已处理: 25 请求 | 吞吐量: {:.2f} req/s
2025-08-11 08:58:44,698 INFO  com.infertuner.sinks.BatchAnalysisSink                       [] - 平均等待: {:.1f}ms | 平均处理: {:.1f}ms | 平均总延迟: {:.1f}ms
2025-08-11 08:58:44,698 INFO  com.infertuner.sinks.BatchAnalysisSink                       [] - 批大小分布:
2025-08-11 08:58:44,698 INFO  com.infertuner.sinks.BatchAnalysisSink                       [] -   Batch-8: 25 个响应
2025-08-11 08:58:44,698 INFO  com.infertuner.sinks.BatchAnalysisSink                       [] - ========================
2025-08-11 08:58:44,704 INFO  com.infertuner.sinks.BatchAnalysisSink                       [] - 批处理分析报告已保存: results/batch_analysis/batch_analysis_1754902724698.csv
2025-08-11 08:58:44,704 INFO  com.infertuner.sinks.BatchAnalysisSink                       [] - === 批处理分析最终统计 ===
2025-08-11 08:58:44,704 INFO  com.infertuner.sinks.BatchAnalysisSink                       [] - 处理请求数: 25
2025-08-11 08:58:44,704 INFO  com.infertuner.sinks.BatchAnalysisSink                       [] - 等待=728ms
2025-08-11 08:58:44,704 INFO  com.infertuner.sinks.BatchAnalysisSink                       [] - 总延迟=1804ms
2025-08-11 08:58:44,704 INFO  com.infertuner.sinks.BatchAnalysisSink                       [] - 吞吐量={:.2f}req/s
2025-08-11 08:58:44,704 INFO  com.infertuner.sinks.BatchAnalysisSink                       [] - 执行时间={:.2f}s
2025-08-11 08:58:44,704 INFO  com.infertuner.sinks.BatchAnalysisSink                       [] - ==============================
2025-08-11 08:58:44,704 INFO  com.infertuner.sources.BasicRequestSource                    [] - 生成请求 25/30: req_024
2025-08-11 08:58:44,905 INFO  com.infertuner.processors.BatchProcessor                     [] - GPU 0 收到请求 req_025 (第26个，批次位置2), 模拟等待1200ms
2025-08-11 08:58:47,210 INFO  com.infertuner.processors.BatchProcessor                     [] - GPU 0 处理 req_025 完成: 等待=1200ms, 推理=1102ms, 总延迟=2302ms
2025-08-11 08:58:47,211 INFO  com.infertuner.sinks.BatchAnalysisSink                       [] - [req_025] Batch-8 | 等待: 1200ms | 处理: 1102ms | 总计: 2302ms
2025-08-11 08:58:47,212 INFO  com.infertuner.sinks.BatchAnalysisSink                       [] - 批处理分析报告已保存: results/batch_analysis/batch_analysis_1754902727211.csv
2025-08-11 08:58:47,212 INFO  com.infertuner.sinks.BatchAnalysisSink                       [] - === 批处理分析最终统计 ===
2025-08-11 08:58:47,212 INFO  com.infertuner.sinks.BatchAnalysisSink                       [] - 处理请求数: 26
2025-08-11 08:58:47,213 INFO  com.infertuner.sinks.BatchAnalysisSink                       [] - 等待=746ms
2025-08-11 08:58:47,213 INFO  com.infertuner.sinks.BatchAnalysisSink                       [] - 总延迟=1823ms
2025-08-11 08:58:47,213 INFO  com.infertuner.sinks.BatchAnalysisSink                       [] - 吞吐量={:.2f}req/s
2025-08-11 08:58:47,213 INFO  com.infertuner.sinks.BatchAnalysisSink                       [] - 执行时间={:.2f}s
2025-08-11 08:58:47,213 INFO  com.infertuner.sinks.BatchAnalysisSink                       [] - ==============================
2025-08-11 08:58:47,213 INFO  com.infertuner.sources.BasicRequestSource                    [] - 生成请求 26/30: req_025
2025-08-11 08:58:47,413 INFO  com.infertuner.processors.BatchProcessor                     [] - GPU 0 收到请求 req_026 (第27个，批次位置3), 模拟等待1000ms
2025-08-11 08:58:49,036 INFO  com.infertuner.processors.BatchProcessor                     [] - GPU 0 处理 req_026 完成: 等待=1000ms, 推理=621ms, 总延迟=1621ms
2025-08-11 08:58:49,037 INFO  com.infertuner.sinks.BatchAnalysisSink                       [] - [req_026] Batch-8 | 等待: 1000ms | 处理: 621ms | 总计: 1621ms
2025-08-11 08:58:49,039 INFO  com.infertuner.sinks.BatchAnalysisSink                       [] - 批处理分析报告已保存: results/batch_analysis/batch_analysis_1754902729037.csv
2025-08-11 08:58:49,039 INFO  com.infertuner.sinks.BatchAnalysisSink                       [] - === 批处理分析最终统计 ===
2025-08-11 08:58:49,039 INFO  com.infertuner.sinks.BatchAnalysisSink                       [] - 处理请求数: 27
2025-08-11 08:58:49,039 INFO  com.infertuner.sinks.BatchAnalysisSink                       [] - 等待=756ms
2025-08-11 08:58:49,039 INFO  com.infertuner.sinks.BatchAnalysisSink                       [] - 总延迟=1815ms
2025-08-11 08:58:49,039 INFO  com.infertuner.sinks.BatchAnalysisSink                       [] - 吞吐量={:.2f}req/s
2025-08-11 08:58:49,039 INFO  com.infertuner.sinks.BatchAnalysisSink                       [] - 执行时间={:.2f}s
2025-08-11 08:58:49,039 INFO  com.infertuner.sinks.BatchAnalysisSink                       [] - ==============================
2025-08-11 08:58:49,039 INFO  com.infertuner.sources.BasicRequestSource                    [] - 生成请求 27/30: req_026
2025-08-11 08:58:49,241 INFO  com.infertuner.processors.BatchProcessor                     [] - GPU 0 收到请求 req_027 (第28个，批次位置4), 模拟等待800ms
2025-08-11 08:58:51,461 INFO  com.infertuner.processors.BatchProcessor                     [] - GPU 0 处理 req_027 完成: 等待=800ms, 推理=1416ms, 总延迟=2216ms
2025-08-11 08:58:51,461 INFO  com.infertuner.sinks.BatchAnalysisSink                       [] - [req_027] Batch-8 | 等待: 800ms | 处理: 1416ms | 总计: 2216ms
2025-08-11 08:58:51,463 INFO  com.infertuner.sinks.BatchAnalysisSink                       [] - 批处理分析报告已保存: results/batch_analysis/batch_analysis_1754902731461.csv
2025-08-11 08:58:51,464 INFO  com.infertuner.sinks.BatchAnalysisSink                       [] - === 批处理分析最终统计 ===
2025-08-11 08:58:51,464 INFO  com.infertuner.sinks.BatchAnalysisSink                       [] - 处理请求数: 28
2025-08-11 08:58:51,464 INFO  com.infertuner.sinks.BatchAnalysisSink                       [] - 等待=757ms
2025-08-11 08:58:51,464 INFO  com.infertuner.sinks.BatchAnalysisSink                       [] - 总延迟=1830ms
2025-08-11 08:58:51,464 INFO  com.infertuner.sinks.BatchAnalysisSink                       [] - 吞吐量={:.2f}req/s
2025-08-11 08:58:51,464 INFO  com.infertuner.sinks.BatchAnalysisSink                       [] - 执行时间={:.2f}s
2025-08-11 08:58:51,464 INFO  com.infertuner.sinks.BatchAnalysisSink                       [] - ==============================
2025-08-11 08:58:51,464 INFO  com.infertuner.sources.BasicRequestSource                    [] - 生成请求 28/30: req_027
2025-08-11 08:58:51,664 INFO  com.infertuner.processors.BatchProcessor                     [] - GPU 0 收到请求 req_028 (第29个，批次位置5), 模拟等待600ms
2025-08-11 08:58:53,574 INFO  com.infertuner.processors.BatchProcessor                     [] - GPU 0 处理 req_028 完成: 等待=600ms, 推理=1307ms, 总延迟=1907ms
2025-08-11 08:58:53,574 INFO  com.infertuner.sinks.BatchAnalysisSink                       [] - [req_028] Batch-8 | 等待: 600ms | 处理: 1307ms | 总计: 1907ms
2025-08-11 08:58:53,576 INFO  com.infertuner.sinks.BatchAnalysisSink                       [] - 批处理分析报告已保存: results/batch_analysis/batch_analysis_1754902733575.csv
2025-08-11 08:58:53,577 INFO  com.infertuner.sinks.BatchAnalysisSink                       [] - === 批处理分析最终统计 ===
2025-08-11 08:58:53,577 INFO  com.infertuner.sinks.BatchAnalysisSink                       [] - 处理请求数: 29
2025-08-11 08:58:53,577 INFO  com.infertuner.sinks.BatchAnalysisSink                       [] - 等待=752ms
2025-08-11 08:58:53,577 INFO  com.infertuner.sinks.BatchAnalysisSink                       [] - 总延迟=1832ms
2025-08-11 08:58:53,577 INFO  com.infertuner.sinks.BatchAnalysisSink                       [] - 吞吐量={:.2f}req/s
2025-08-11 08:58:53,577 INFO  com.infertuner.sinks.BatchAnalysisSink                       [] - 执行时间={:.2f}s
2025-08-11 08:58:53,577 INFO  com.infertuner.sinks.BatchAnalysisSink                       [] - ==============================
2025-08-11 08:58:53,577 INFO  com.infertuner.sources.BasicRequestSource                    [] - 生成请求 29/30: req_028
2025-08-11 08:58:53,778 INFO  com.infertuner.processors.BatchProcessor                     [] - GPU 0 收到请求 req_029 (第30个，批次位置6), 模拟等待400ms
2025-08-11 08:58:55,546 INFO  com.infertuner.processors.BatchProcessor                     [] - GPU 0 处理 req_029 完成: 等待=400ms, 推理=1366ms, 总延迟=1766ms
2025-08-11 08:58:55,547 INFO  com.infertuner.sinks.BatchAnalysisSink                       [] - [req_029] Batch-8 | 等待: 400ms | 处理: 1366ms | 总计: 1766ms
2025-08-11 08:58:55,547 INFO  com.infertuner.sinks.BatchAnalysisSink                       [] - === 批处理分析中期统计 ===
2025-08-11 08:58:55,547 INFO  com.infertuner.sinks.BatchAnalysisSink                       [] - 已处理: 30 请求 | 吞吐量: {:.2f} req/s
2025-08-11 08:58:55,548 INFO  com.infertuner.sinks.BatchAnalysisSink                       [] - 平均等待: {:.1f}ms | 平均处理: {:.1f}ms | 平均总延迟: {:.1f}ms
2025-08-11 08:58:55,548 INFO  com.infertuner.sinks.BatchAnalysisSink                       [] - 批大小分布:
2025-08-11 08:58:55,548 INFO  com.infertuner.sinks.BatchAnalysisSink                       [] -   Batch-8: 30 个响应
2025-08-11 08:58:55,548 INFO  com.infertuner.sinks.BatchAnalysisSink                       [] - ========================
2025-08-11 08:58:55,549 INFO  com.infertuner.sinks.BatchAnalysisSink                       [] - 批处理分析报告已保存: results/batch_analysis/batch_analysis_1754902735548.csv
2025-08-11 08:58:55,549 INFO  com.infertuner.sinks.BatchAnalysisSink                       [] - === 批处理分析最终统计 ===
2025-08-11 08:58:55,549 INFO  com.infertuner.sinks.BatchAnalysisSink                       [] - 处理请求数: 30
2025-08-11 08:58:55,549 INFO  com.infertuner.sinks.BatchAnalysisSink                       [] - 等待=740ms
2025-08-11 08:58:55,549 INFO  com.infertuner.sinks.BatchAnalysisSink                       [] - 总延迟=1830ms
2025-08-11 08:58:55,549 INFO  com.infertuner.sinks.BatchAnalysisSink                       [] - 吞吐量={:.2f}req/s
2025-08-11 08:58:55,549 INFO  com.infertuner.sinks.BatchAnalysisSink                       [] - 执行时间={:.2f}s
2025-08-11 08:58:55,549 INFO  com.infertuner.sinks.BatchAnalysisSink                       [] - ==============================
2025-08-11 08:58:55,549 INFO  com.infertuner.sources.BasicRequestSource                    [] - 生成请求 30/30: req_029
2025-08-11 08:58:55,549 INFO  com.infertuner.sources.BasicRequestSource                    [] - 请求生成完成，共 30 个
2025-08-11 08:59:13,572 INFO  com.infertuner.processors.BatchProcessor                     [] - 关闭 GPU 0 简化攒批推理服务...
2025-08-11 08:59:14,489 INFO  com.infertuner.processors.BatchProcessor                     [] - ✅ GPU 0 简化攒批推理服务已关闭
2025-08-11 08:59:14,492 INFO  org.apache.flink.runtime.taskmanager.Task                    [] - Source: Normal Request Source -> Simple Real Batch Processor -> Sink: Batch Validation Sink (1/1)#0 (41107ab84e26ee561060e2e64c4b4b3e_cbc357ccb763df2852fee8c4fc7d55f2_0_0) switched from RUNNING to FINISHED.
2025-08-11 08:59:14,492 INFO  org.apache.flink.runtime.taskmanager.Task                    [] - Freeing task resources for Source: Normal Request Source -> Simple Real Batch Processor -> Sink: Batch Validation Sink (1/1)#0 (41107ab84e26ee561060e2e64c4b4b3e_cbc357ccb763df2852fee8c4fc7d55f2_0_0).
2025-08-11 08:59:14,495 INFO  org.apache.flink.runtime.taskexecutor.TaskExecutor           [] - Un-registering task and sending final execution state FINISHED to JobManager for task Source: Normal Request Source -> Simple Real Batch Processor -> Sink: Batch Validation Sink (1/1)#0 41107ab84e26ee561060e2e64c4b4b3e_cbc357ccb763df2852fee8c4fc7d55f2_0_0.
2025-08-11 08:59:14,565 INFO  org.apache.flink.runtime.taskexecutor.slot.TaskSlotTableImpl [] - Free slot TaskSlot(index:0, state:ACTIVE, resource profile: ResourceProfile{cpuCores=1, taskHeapMemory=364.800mb (382520517 bytes), taskOffHeapMemory=0 bytes, managedMemory=343.040mb (359703515 bytes), networkMemory=85.760mb (89925878 bytes)}, allocationId: 8dbabd4fe698e187920a36e67514011d, jobId: f368c540d2747352773d6e4770ef2e99).
2025-08-11 08:59:14,567 INFO  org.apache.flink.runtime.taskexecutor.DefaultJobLeaderService [] - Remove job f368c540d2747352773d6e4770ef2e99 from job leader monitoring.
2025-08-11 08:59:14,567 INFO  org.apache.flink.runtime.taskexecutor.TaskExecutor           [] - Close JobManager connection for job f368c540d2747352773d6e4770ef2e99.
